[2025-07-30T13:57:43.671+0000] {local_task_job_runner.py:120} INFO - ::group::Pre task execution logs
[2025-07-30T13:57:43.881+0000] {taskinstance.py:2076} INFO - Dependencies all met for dep_context=non-requeueable deps ti=<TaskInstance: dag_hddddddddh.load_data_task scheduled__2025-06-25T00:00:00+00:00 [queued]>
[2025-07-30T13:57:43.891+0000] {taskinstance.py:2076} INFO - Dependencies all met for dep_context=requeueable deps ti=<TaskInstance: dag_hddddddddh.load_data_task scheduled__2025-06-25T00:00:00+00:00 [queued]>
[2025-07-30T13:57:43.891+0000] {taskinstance.py:2306} INFO - Starting attempt 1 of 1
[2025-07-30T13:57:43.905+0000] {taskinstance.py:2330} INFO - Executing <Task(PythonOperator): load_data_task> on 2025-06-25 00:00:00+00:00
[2025-07-30T13:57:43.916+0000] {logging_mixin.py:188} WARNING - /home/***/.local/lib/python3.12/site-packages/***/task/task_runner/standard_task_runner.py:61 DeprecationWarning: This process (pid=7080) is multi-threaded, use of fork() may lead to deadlocks in the child.
[2025-07-30T13:57:43.917+0000] {standard_task_runner.py:63} INFO - Started process 7082 to run task
[2025-07-30T13:57:43.917+0000] {standard_task_runner.py:90} INFO - Running: ['***', 'tasks', 'run', 'dag_hddddddddh', 'load_data_task', 'scheduled__2025-06-25T00:00:00+00:00', '--job-id', '83', '--raw', '--subdir', 'DAGS_FOLDER/dag_generator_python.py', '--cfg-path', '/tmp/tmp2cav143v']
[2025-07-30T13:57:43.918+0000] {standard_task_runner.py:91} INFO - Job 83: Subtask load_data_task
[2025-07-30T13:57:43.979+0000] {task_command.py:426} INFO - Running <TaskInstance: dag_hddddddddh.load_data_task scheduled__2025-06-25T00:00:00+00:00 [running]> on host 14614e29d246
[2025-07-30T13:57:44.100+0000] {taskinstance.py:2648} INFO - Exporting env vars: AIRFLOW_CTX_DAG_OWNER='***' AIRFLOW_CTX_DAG_ID='dag_hddddddddh' AIRFLOW_CTX_TASK_ID='load_data_task' AIRFLOW_CTX_EXECUTION_DATE='2025-06-25T00:00:00+00:00' AIRFLOW_CTX_TRY_NUMBER='1' AIRFLOW_CTX_DAG_RUN_ID='scheduled__2025-06-25T00:00:00+00:00'
[2025-07-30T13:57:44.101+0000] {taskinstance.py:430} INFO - ::endgroup::
[2025-07-30T13:57:44.114+0000] {__init__.py:156} INFO - 執行 load_data (資料匯入層)
[2025-07-30T13:57:44.114+0000] {__init__.py:42} INFO - _get_upstream_output_path 上游任務: {'transform_data_task'}
[2025-07-30T13:57:44.114+0000] {__init__.py:63} INFO - 任務 'load_data_task' 從單一上游 'transform_data_task' 拉取資料
[2025-07-30T13:57:44.126+0000] {__init__.py:66} INFO - 拉取到的 redis_key: ***_data:dag_hddddddddh.transform_data_task
[2025-07-30T13:57:44.127+0000] {__init__.py:171} INFO - 從 Redis 讀取資料，key=***_data:dag_hddddddddh.transform_data_task
[2025-07-30T13:57:44.130+0000] {__init__.py:183} INFO - 呼叫演算法 'test_csv' 來自模組 'processor.load.saveCSV'
[2025-07-30T13:57:44.157+0000] {logging_mixin.py:188} INFO - Saved output CSV to: /opt/***/data/output/3f2a4b93-b237-4545-bd50-5004d863567c.csv
[2025-07-30T13:57:44.158+0000] {python.py:237} INFO - Done. Returned value was: None
[2025-07-30T13:57:44.158+0000] {taskinstance.py:441} INFO - ::group::Post task execution logs
[2025-07-30T13:57:44.172+0000] {taskinstance.py:1206} INFO - Marking task as SUCCESS. dag_id=dag_hddddddddh, task_id=load_data_task, run_id=scheduled__2025-06-25T00:00:00+00:00, execution_date=20250625T000000, start_date=20250730T135743, end_date=20250730T135744
[2025-07-30T13:57:44.211+0000] {local_task_job_runner.py:240} INFO - Task exited with return code 0
[2025-07-30T13:57:44.236+0000] {taskinstance.py:3503} INFO - 0 downstream tasks scheduled from follow-on schedule check
[2025-07-30T13:57:44.239+0000] {local_task_job_runner.py:222} INFO - ::endgroup::
