[2025-07-28T14:05:39.843+0000] {local_task_job_runner.py:120} INFO - ::group::Pre task execution logs
[2025-07-28T14:05:39.956+0000] {taskinstance.py:2076} INFO - Dependencies all met for dep_context=non-requeueable deps ti=<TaskInstance: dag_cccccccccccccccc.extract_data_task scheduled__2025-06-25T00:00:00+00:00 [queued]>
[2025-07-28T14:05:39.963+0000] {taskinstance.py:2076} INFO - Dependencies all met for dep_context=requeueable deps ti=<TaskInstance: dag_cccccccccccccccc.extract_data_task scheduled__2025-06-25T00:00:00+00:00 [queued]>
[2025-07-28T14:05:39.964+0000] {taskinstance.py:2306} INFO - Starting attempt 1 of 1
[2025-07-28T14:05:39.976+0000] {taskinstance.py:2330} INFO - Executing <Task(PythonOperator): extract_data_task> on 2025-06-25 00:00:00+00:00
[2025-07-28T14:05:39.983+0000] {logging_mixin.py:188} WARNING - /home/***/.local/lib/python3.12/site-packages/***/task/task_runner/standard_task_runner.py:61 DeprecationWarning: This process (pid=8585) is multi-threaded, use of fork() may lead to deadlocks in the child.
[2025-07-28T14:05:39.984+0000] {standard_task_runner.py:63} INFO - Started process 8587 to run task
[2025-07-28T14:05:39.983+0000] {standard_task_runner.py:90} INFO - Running: ['***', 'tasks', 'run', 'dag_cccccccccccccccc', 'extract_data_task', 'scheduled__2025-06-25T00:00:00+00:00', '--job-id', '61', '--raw', '--subdir', 'DAGS_FOLDER/dag_generator_python.py', '--cfg-path', '/tmp/tmpgqk048pt']
[2025-07-28T14:05:39.984+0000] {standard_task_runner.py:91} INFO - Job 61: Subtask extract_data_task
[2025-07-28T14:05:40.030+0000] {task_command.py:426} INFO - Running <TaskInstance: dag_cccccccccccccccc.extract_data_task scheduled__2025-06-25T00:00:00+00:00 [running]> on host 1171f9d2ced8
[2025-07-28T14:05:40.095+0000] {taskinstance.py:2648} INFO - Exporting env vars: AIRFLOW_CTX_DAG_OWNER='***' AIRFLOW_CTX_DAG_ID='dag_cccccccccccccccc' AIRFLOW_CTX_TASK_ID='extract_data_task' AIRFLOW_CTX_EXECUTION_DATE='2025-06-25T00:00:00+00:00' AIRFLOW_CTX_TRY_NUMBER='1' AIRFLOW_CTX_DAG_RUN_ID='scheduled__2025-06-25T00:00:00+00:00'
[2025-07-28T14:05:40.095+0000] {taskinstance.py:430} INFO - ::endgroup::
[2025-07-28T14:05:40.108+0000] {logging_mixin.py:188} INFO - <TaskInstance: dag_cccccccccccccccc.extract_data_task scheduled__2025-06-25T00:00:00+00:00 [running]>
[2025-07-28T14:05:40.108+0000] {logging_mixin.py:188} INFO - Applying algorithm 'test_csv' from module 'processor.extract.readCSV'
[2025-07-28T14:05:40.109+0000] {logging_mixin.py:188} INFO - 3f2a4b93-b237-4545-bd50-5004d863567c.csv
[2025-07-28T14:05:40.121+0000] {logging_mixin.py:188} INFO - Data stored in Redis key: ***_data:dag_cccccccccccccccc
[2025-07-28T14:05:40.133+0000] {python.py:237} INFO - Done. Returned value was: None
[2025-07-28T14:05:40.133+0000] {taskinstance.py:441} INFO - ::group::Post task execution logs
[2025-07-28T14:05:40.144+0000] {taskinstance.py:1206} INFO - Marking task as SUCCESS. dag_id=dag_cccccccccccccccc, task_id=extract_data_task, run_id=scheduled__2025-06-25T00:00:00+00:00, execution_date=20250625T000000, start_date=20250728T140539, end_date=20250728T140540
[2025-07-28T14:05:40.197+0000] {local_task_job_runner.py:240} INFO - Task exited with return code 0
[2025-07-28T14:05:40.226+0000] {taskinstance.py:3503} INFO - 1 downstream tasks scheduled from follow-on schedule check
[2025-07-28T14:05:40.229+0000] {local_task_job_runner.py:222} INFO - ::endgroup::
