[2025-08-05T06:07:54.272+0000] {local_task_job_runner.py:120} INFO - ::group::Pre task execution logs
[2025-08-05T06:07:54.297+0000] {taskinstance.py:2076} INFO - Dependencies all met for dep_context=non-requeueable deps ti=<TaskInstance: dag_bbbbbbb.transform_data_task scheduled__2025-06-25T00:00:00+00:00 [queued]>
[2025-08-05T06:07:54.304+0000] {taskinstance.py:2076} INFO - Dependencies all met for dep_context=requeueable deps ti=<TaskInstance: dag_bbbbbbb.transform_data_task scheduled__2025-06-25T00:00:00+00:00 [queued]>
[2025-08-05T06:07:54.304+0000] {taskinstance.py:2306} INFO - Starting attempt 1 of 1
[2025-08-05T06:07:54.317+0000] {taskinstance.py:2330} INFO - Executing <Task(PythonOperator): transform_data_task> on 2025-06-25 00:00:00+00:00
[2025-08-05T06:07:54.325+0000] {logging_mixin.py:188} WARNING - /home/***/.local/lib/python3.12/site-packages/***/task/task_runner/standard_task_runner.py:61 DeprecationWarning: This process (pid=291) is multi-threaded, use of fork() may lead to deadlocks in the child.
[2025-08-05T06:07:54.325+0000] {standard_task_runner.py:63} INFO - Started process 293 to run task
[2025-08-05T06:07:54.325+0000] {standard_task_runner.py:90} INFO - Running: ['***', 'tasks', 'run', 'dag_bbbbbbb', 'transform_data_task', 'scheduled__2025-06-25T00:00:00+00:00', '--job-id', '6', '--raw', '--subdir', 'DAGS_FOLDER/dag_generator.py', '--cfg-path', '/tmp/tmp6himn5i5']
[2025-08-05T06:07:54.326+0000] {standard_task_runner.py:91} INFO - Job 6: Subtask transform_data_task
[2025-08-05T06:07:54.487+0000] {task_command.py:426} INFO - Running <TaskInstance: dag_bbbbbbb.transform_data_task scheduled__2025-06-25T00:00:00+00:00 [running]> on host 7ff11745cff6
[2025-08-05T06:07:54.555+0000] {taskinstance.py:2648} INFO - Exporting env vars: AIRFLOW_CTX_DAG_OWNER='***' AIRFLOW_CTX_DAG_ID='dag_bbbbbbb' AIRFLOW_CTX_TASK_ID='transform_data_task' AIRFLOW_CTX_EXECUTION_DATE='2025-06-25T00:00:00+00:00' AIRFLOW_CTX_TRY_NUMBER='1' AIRFLOW_CTX_DAG_RUN_ID='scheduled__2025-06-25T00:00:00+00:00'
[2025-08-05T06:07:54.556+0000] {taskinstance.py:430} INFO - ::endgroup::
[2025-08-05T06:07:54.569+0000] {__init__.py:118} INFO - 執行 transform_data (資料轉換層)
[2025-08-05T06:07:54.570+0000] {__init__.py:58} INFO - _get_upstream_output_path 上游任務: {'extract_data_task'}
[2025-08-05T06:07:54.570+0000] {__init__.py:74} INFO - 任務 'transform_data_task' 從單一上游 'extract_data_task' 拉取資料
[2025-08-05T06:07:54.582+0000] {__init__.py:76} INFO - 拉取到的 redis_key: ***_data:dag_bbbbbbb.extract_data_task
[2025-08-05T06:07:54.587+0000] {__init__.py:43} INFO - 使用資料夾結構方法: product_analysis.aggregation
[2025-08-05T06:07:54.587+0000] {__init__.py:142} INFO - 呼叫方法 'product_analysis.aggregation' 來自模組 'processor.transform'
[2025-08-05T06:07:54.628+0000] {aggregation.py:22} INFO - 產品聚合分析完成, 產品數量: 4
[2025-08-05T06:07:54.628+0000] {__init__.py:153} INFO - 資料是 pd.DataFrame
[2025-08-05T06:07:54.630+0000] {__init__.py:163} INFO - 轉換後資料已存入 Redis，key=***_data:dag_bbbbbbb.transform_data_task
[2025-08-05T06:07:54.630+0000] {__init__.py:172} INFO - 刪除上游 Redis key: ***_data:dag_bbbbbbb.extract_data_task
[2025-08-05T06:07:54.642+0000] {python.py:237} INFO - Done. Returned value was: None
[2025-08-05T06:07:54.642+0000] {taskinstance.py:441} INFO - ::group::Post task execution logs
[2025-08-05T06:07:54.650+0000] {taskinstance.py:1206} INFO - Marking task as SUCCESS. dag_id=dag_bbbbbbb, task_id=transform_data_task, run_id=scheduled__2025-06-25T00:00:00+00:00, execution_date=20250625T000000, start_date=20250805T060754, end_date=20250805T060754
[2025-08-05T06:07:54.699+0000] {local_task_job_runner.py:240} INFO - Task exited with return code 0
[2025-08-05T06:07:54.829+0000] {taskinstance.py:3503} INFO - 1 downstream tasks scheduled from follow-on schedule check
[2025-08-05T06:07:54.832+0000] {local_task_job_runner.py:222} INFO - ::endgroup::
[2025-08-05T06:25:12.527+0000] {local_task_job_runner.py:120} INFO - ::group::Pre task execution logs
[2025-08-05T06:25:12.550+0000] {taskinstance.py:2076} INFO - Dependencies all met for dep_context=non-requeueable deps ti=<TaskInstance: dag_bbbbbbb.transform_data_task scheduled__2025-06-25T00:00:00+00:00 [queued]>
[2025-08-05T06:25:12.556+0000] {taskinstance.py:2076} INFO - Dependencies all met for dep_context=requeueable deps ti=<TaskInstance: dag_bbbbbbb.transform_data_task scheduled__2025-06-25T00:00:00+00:00 [queued]>
[2025-08-05T06:25:12.556+0000] {taskinstance.py:2306} INFO - Starting attempt 1 of 1
[2025-08-05T06:25:12.564+0000] {taskinstance.py:2330} INFO - Executing <Task(PythonOperator): transform_data_task> on 2025-06-25 00:00:00+00:00
[2025-08-05T06:25:12.571+0000] {logging_mixin.py:188} WARNING - /home/***/.local/lib/python3.12/site-packages/***/task/task_runner/standard_task_runner.py:61 DeprecationWarning: This process (pid=292) is multi-threaded, use of fork() may lead to deadlocks in the child.
[2025-08-05T06:25:12.571+0000] {standard_task_runner.py:63} INFO - Started process 294 to run task
[2025-08-05T06:25:12.571+0000] {standard_task_runner.py:90} INFO - Running: ['***', 'tasks', 'run', 'dag_bbbbbbb', 'transform_data_task', 'scheduled__2025-06-25T00:00:00+00:00', '--job-id', '6', '--raw', '--subdir', 'DAGS_FOLDER/dag_generator.py', '--cfg-path', '/tmp/tmp7sxnf_gy']
[2025-08-05T06:25:12.572+0000] {standard_task_runner.py:91} INFO - Job 6: Subtask transform_data_task
[2025-08-05T06:25:12.750+0000] {task_command.py:426} INFO - Running <TaskInstance: dag_bbbbbbb.transform_data_task scheduled__2025-06-25T00:00:00+00:00 [running]> on host 6e5b85197be8
[2025-08-05T06:25:12.822+0000] {taskinstance.py:2648} INFO - Exporting env vars: AIRFLOW_CTX_DAG_OWNER='***' AIRFLOW_CTX_DAG_ID='dag_bbbbbbb' AIRFLOW_CTX_TASK_ID='transform_data_task' AIRFLOW_CTX_EXECUTION_DATE='2025-06-25T00:00:00+00:00' AIRFLOW_CTX_TRY_NUMBER='1' AIRFLOW_CTX_DAG_RUN_ID='scheduled__2025-06-25T00:00:00+00:00'
[2025-08-05T06:25:12.823+0000] {taskinstance.py:430} INFO - ::endgroup::
[2025-08-05T06:25:12.834+0000] {__init__.py:118} INFO - 執行 transform_data (資料轉換層)
[2025-08-05T06:25:12.834+0000] {__init__.py:58} INFO - _get_upstream_output_path 上游任務: {'extract_data_task'}
[2025-08-05T06:25:12.834+0000] {__init__.py:74} INFO - 任務 'transform_data_task' 從單一上游 'extract_data_task' 拉取資料
[2025-08-05T06:25:12.845+0000] {__init__.py:76} INFO - 拉取到的 redis_key: ***_data:dag_bbbbbbb.extract_data_task
[2025-08-05T06:25:12.847+0000] {__init__.py:43} INFO - 使用資料夾結構方法: product_analysis.aggregation
[2025-08-05T06:25:12.847+0000] {__init__.py:142} INFO - 呼叫方法 'product_analysis.aggregation' 來自模組 'processor.transform'
[2025-08-05T06:25:12.874+0000] {aggregation.py:22} INFO - 產品聚合分析完成, 產品數量: 4
[2025-08-05T06:25:12.875+0000] {__init__.py:153} INFO - 資料是 pd.DataFrame
[2025-08-05T06:25:12.876+0000] {__init__.py:163} INFO - 轉換後資料已存入 Redis，key=***_data:dag_bbbbbbb.transform_data_task
[2025-08-05T06:25:12.877+0000] {__init__.py:172} INFO - 刪除上游 Redis key: ***_data:dag_bbbbbbb.extract_data_task
[2025-08-05T06:25:12.886+0000] {python.py:237} INFO - Done. Returned value was: None
[2025-08-05T06:25:12.886+0000] {taskinstance.py:441} INFO - ::group::Post task execution logs
[2025-08-05T06:25:12.893+0000] {taskinstance.py:1206} INFO - Marking task as SUCCESS. dag_id=dag_bbbbbbb, task_id=transform_data_task, run_id=scheduled__2025-06-25T00:00:00+00:00, execution_date=20250625T000000, start_date=20250805T062512, end_date=20250805T062512
[2025-08-05T06:25:12.945+0000] {local_task_job_runner.py:240} INFO - Task exited with return code 0
[2025-08-05T06:25:13.106+0000] {taskinstance.py:3503} INFO - 1 downstream tasks scheduled from follow-on schedule check
[2025-08-05T06:25:13.108+0000] {local_task_job_runner.py:222} INFO - ::endgroup::
[2025-08-05T07:00:12.424+0000] {local_task_job_runner.py:120} INFO - ::group::Pre task execution logs
[2025-08-05T07:00:12.446+0000] {taskinstance.py:2076} INFO - Dependencies all met for dep_context=non-requeueable deps ti=<TaskInstance: dag_bbbbbbb.transform_data_task scheduled__2025-06-25T00:00:00+00:00 [queued]>
[2025-08-05T07:00:12.452+0000] {taskinstance.py:2076} INFO - Dependencies all met for dep_context=requeueable deps ti=<TaskInstance: dag_bbbbbbb.transform_data_task scheduled__2025-06-25T00:00:00+00:00 [queued]>
[2025-08-05T07:00:12.453+0000] {taskinstance.py:2306} INFO - Starting attempt 1 of 1
[2025-08-05T07:00:12.463+0000] {taskinstance.py:2330} INFO - Executing <Task(PythonOperator): transform_data_task> on 2025-06-25 00:00:00+00:00
[2025-08-05T07:00:12.470+0000] {logging_mixin.py:188} WARNING - /home/***/.local/lib/python3.12/site-packages/***/task/task_runner/standard_task_runner.py:61 DeprecationWarning: This process (pid=243) is multi-threaded, use of fork() may lead to deadlocks in the child.
[2025-08-05T07:00:12.470+0000] {standard_task_runner.py:63} INFO - Started process 245 to run task
[2025-08-05T07:00:12.470+0000] {standard_task_runner.py:90} INFO - Running: ['***', 'tasks', 'run', 'dag_bbbbbbb', 'transform_data_task', 'scheduled__2025-06-25T00:00:00+00:00', '--job-id', '6', '--raw', '--subdir', 'DAGS_FOLDER/dag_generator.py', '--cfg-path', '/tmp/tmp1j_v81vi']
[2025-08-05T07:00:12.472+0000] {standard_task_runner.py:91} INFO - Job 6: Subtask transform_data_task
[2025-08-05T07:00:12.643+0000] {task_command.py:426} INFO - Running <TaskInstance: dag_bbbbbbb.transform_data_task scheduled__2025-06-25T00:00:00+00:00 [running]> on host 0ff0aea0cc43
[2025-08-05T07:00:12.703+0000] {taskinstance.py:2648} INFO - Exporting env vars: AIRFLOW_CTX_DAG_OWNER='***' AIRFLOW_CTX_DAG_ID='dag_bbbbbbb' AIRFLOW_CTX_TASK_ID='transform_data_task' AIRFLOW_CTX_EXECUTION_DATE='2025-06-25T00:00:00+00:00' AIRFLOW_CTX_TRY_NUMBER='1' AIRFLOW_CTX_DAG_RUN_ID='scheduled__2025-06-25T00:00:00+00:00'
[2025-08-05T07:00:12.703+0000] {taskinstance.py:430} INFO - ::endgroup::
[2025-08-05T07:00:12.715+0000] {__init__.py:118} INFO - 執行 transform_data (資料轉換層)
[2025-08-05T07:00:12.715+0000] {__init__.py:58} INFO - _get_upstream_output_path 上游任務: {'extract_data_task'}
[2025-08-05T07:00:12.715+0000] {__init__.py:74} INFO - 任務 'transform_data_task' 從單一上游 'extract_data_task' 拉取資料
[2025-08-05T07:00:12.724+0000] {__init__.py:76} INFO - 拉取到的 redis_key: ***_data:dag_bbbbbbb.extract_data_task
[2025-08-05T07:00:12.727+0000] {__init__.py:43} INFO - 使用資料夾結構方法: product_analysis.aggregation
[2025-08-05T07:00:12.727+0000] {__init__.py:142} INFO - 呼叫方法 'product_analysis.aggregation' 來自模組 'processor.transform'
[2025-08-05T07:00:12.758+0000] {aggregation.py:22} INFO - 產品聚合分析完成, 產品數量: 4
[2025-08-05T07:00:12.759+0000] {__init__.py:153} INFO - 資料是 pd.DataFrame
[2025-08-05T07:00:12.760+0000] {__init__.py:163} INFO - 轉換後資料已存入 Redis，key=***_data:dag_bbbbbbb.transform_data_task
[2025-08-05T07:00:12.761+0000] {__init__.py:172} INFO - 刪除上游 Redis key: ***_data:dag_bbbbbbb.extract_data_task
[2025-08-05T07:00:12.772+0000] {python.py:237} INFO - Done. Returned value was: None
[2025-08-05T07:00:12.772+0000] {taskinstance.py:441} INFO - ::group::Post task execution logs
[2025-08-05T07:00:12.781+0000] {taskinstance.py:1206} INFO - Marking task as SUCCESS. dag_id=dag_bbbbbbb, task_id=transform_data_task, run_id=scheduled__2025-06-25T00:00:00+00:00, execution_date=20250625T000000, start_date=20250805T070012, end_date=20250805T070012
[2025-08-05T07:00:12.803+0000] {local_task_job_runner.py:240} INFO - Task exited with return code 0
[2025-08-05T07:00:12.961+0000] {taskinstance.py:3503} INFO - 1 downstream tasks scheduled from follow-on schedule check
[2025-08-05T07:00:12.963+0000] {local_task_job_runner.py:222} INFO - ::endgroup::
