[2025-07-29T00:45:30.622+0000] {local_task_job_runner.py:120} INFO - ::group::Pre task execution logs
[2025-07-29T00:45:30.652+0000] {taskinstance.py:2076} INFO - Dependencies all met for dep_context=non-requeueable deps ti=<TaskInstance: dag_bbbbbbb.transform_data_task manual__2025-07-29T00:45:29.129294+00:00 [queued]>
[2025-07-29T00:45:30.661+0000] {taskinstance.py:2076} INFO - Dependencies all met for dep_context=requeueable deps ti=<TaskInstance: dag_bbbbbbb.transform_data_task manual__2025-07-29T00:45:29.129294+00:00 [queued]>
[2025-07-29T00:45:30.661+0000] {taskinstance.py:2306} INFO - Starting attempt 1 of 1
[2025-07-29T00:45:30.675+0000] {taskinstance.py:2330} INFO - Executing <Task(PythonOperator): transform_data_task> on 2025-07-29 00:45:29.129294+00:00
[2025-07-29T00:45:30.685+0000] {logging_mixin.py:188} WARNING - /home/***/.local/lib/python3.12/site-packages/***/task/task_runner/standard_task_runner.py:61 DeprecationWarning: This process (pid=1171) is multi-threaded, use of fork() may lead to deadlocks in the child.
[2025-07-29T00:45:30.685+0000] {standard_task_runner.py:63} INFO - Started process 1173 to run task
[2025-07-29T00:45:30.685+0000] {standard_task_runner.py:90} INFO - Running: ['***', 'tasks', 'run', 'dag_bbbbbbb', 'transform_data_task', 'manual__2025-07-29T00:45:29.129294+00:00', '--job-id', '6', '--raw', '--subdir', 'DAGS_FOLDER/dag_generator_python.py', '--cfg-path', '/tmp/tmpb1_0zg7x']
[2025-07-29T00:45:30.687+0000] {standard_task_runner.py:91} INFO - Job 6: Subtask transform_data_task
[2025-07-29T00:45:30.834+0000] {task_command.py:426} INFO - Running <TaskInstance: dag_bbbbbbb.transform_data_task manual__2025-07-29T00:45:29.129294+00:00 [running]> on host ee0266895495
[2025-07-29T00:45:30.918+0000] {taskinstance.py:2648} INFO - Exporting env vars: AIRFLOW_CTX_DAG_OWNER='***' AIRFLOW_CTX_DAG_ID='dag_bbbbbbb' AIRFLOW_CTX_TASK_ID='transform_data_task' AIRFLOW_CTX_EXECUTION_DATE='2025-07-29T00:45:29.129294+00:00' AIRFLOW_CTX_TRY_NUMBER='1' AIRFLOW_CTX_DAG_RUN_ID='manual__2025-07-29T00:45:29.129294+00:00'
[2025-07-29T00:45:30.919+0000] {taskinstance.py:430} INFO - ::endgroup::
[2025-07-29T00:45:30.929+0000] {logging_mixin.py:188} INFO - Fetching data from Redis key: ***_data:dag_bbbbbbb
[2025-07-29T00:45:30.945+0000] {logging_mixin.py:188} INFO - Applying algorithm 'aggregate_product_data' from module 'processor.transform.algos_1'
[2025-07-29T00:45:30.951+0000] {logging_mixin.py:188} INFO - Transformed data stored back to Redis with key: ***_data:dag_bbbbbbb
[2025-07-29T00:45:30.962+0000] {python.py:237} INFO - Done. Returned value was: None
[2025-07-29T00:45:30.963+0000] {taskinstance.py:441} INFO - ::group::Post task execution logs
[2025-07-29T00:45:30.971+0000] {taskinstance.py:1206} INFO - Marking task as SUCCESS. dag_id=dag_bbbbbbb, task_id=transform_data_task, run_id=manual__2025-07-29T00:45:29.129294+00:00, execution_date=20250729T004529, start_date=20250729T004530, end_date=20250729T004530
[2025-07-29T00:45:31.020+0000] {local_task_job_runner.py:240} INFO - Task exited with return code 0
[2025-07-29T00:45:31.147+0000] {taskinstance.py:3503} INFO - 1 downstream tasks scheduled from follow-on schedule check
[2025-07-29T00:45:31.150+0000] {local_task_job_runner.py:222} INFO - ::endgroup::
