[2025-08-03T10:36:31.376+0000] {local_task_job_runner.py:120} INFO - ::group::Pre task execution logs
[2025-08-03T10:36:31.401+0000] {taskinstance.py:2076} INFO - Dependencies all met for dep_context=non-requeueable deps ti=<TaskInstance: airflow_log_cleanup.clean_old_logs scheduled__2025-08-02T00:00:00+00:00 [queued]>
[2025-08-03T10:36:31.406+0000] {taskinstance.py:2076} INFO - Dependencies all met for dep_context=requeueable deps ti=<TaskInstance: airflow_log_cleanup.clean_old_logs scheduled__2025-08-02T00:00:00+00:00 [queued]>
[2025-08-03T10:36:31.407+0000] {taskinstance.py:2306} INFO - Starting attempt 1 of 2
[2025-08-03T10:36:31.416+0000] {taskinstance.py:2330} INFO - Executing <Task(PythonOperator): clean_old_logs> on 2025-08-02 00:00:00+00:00
[2025-08-03T10:36:31.422+0000] {logging_mixin.py:188} WARNING - /home/***/.local/lib/python3.12/site-packages/***/task/task_runner/standard_task_runner.py:61 DeprecationWarning: This process (pid=934) is multi-threaded, use of fork() may lead to deadlocks in the child.
[2025-08-03T10:36:31.423+0000] {standard_task_runner.py:63} INFO - Started process 935 to run task
[2025-08-03T10:36:31.423+0000] {standard_task_runner.py:90} INFO - Running: ['***', 'tasks', 'run', '***_log_cleanup', 'clean_old_logs', 'scheduled__2025-08-02T00:00:00+00:00', '--job-id', '27', '--raw', '--subdir', 'DAGS_FOLDER/cleanup_logs.py', '--cfg-path', '/tmp/tmpmynjv6a0']
[2025-08-03T10:36:31.424+0000] {standard_task_runner.py:91} INFO - Job 27: Subtask clean_old_logs
[2025-08-03T10:36:31.469+0000] {task_command.py:426} INFO - Running <TaskInstance: airflow_log_cleanup.clean_old_logs scheduled__2025-08-02T00:00:00+00:00 [running]> on host cdda54659481
[2025-08-03T10:36:31.553+0000] {taskinstance.py:2648} INFO - Exporting env vars: AIRFLOW_CTX_DAG_OWNER='***' AIRFLOW_CTX_DAG_ID='***_log_cleanup' AIRFLOW_CTX_TASK_ID='clean_old_logs' AIRFLOW_CTX_EXECUTION_DATE='2025-08-02T00:00:00+00:00' AIRFLOW_CTX_TRY_NUMBER='1' AIRFLOW_CTX_DAG_RUN_ID='scheduled__2025-08-02T00:00:00+00:00'
[2025-08-03T10:36:31.554+0000] {taskinstance.py:430} INFO - ::endgroup::
[2025-08-03T10:36:31.573+0000] {logging_mixin.py:188} INFO - 刪除日誌資料夾: /opt/***/logs/dag_id=dag_7dc9f692-73a6-4a1a-9e44-4b53373ab0e6
[2025-08-03T10:36:31.573+0000] {logging_mixin.py:188} INFO - 刪除日誌資料夾: /opt/***/logs/dag_processor_manager
[2025-08-03T10:36:31.574+0000] {logging_mixin.py:188} INFO - 刪除日誌資料夾: /opt/***/logs/dag_id=dag_9a4c4a3b-8ca5-4e93-9e44-6b2a9de967d3
[2025-08-03T10:36:31.575+0000] {logging_mixin.py:188} INFO - 刪除日誌資料夾: /opt/***/logs/dag_id=dag_fa4eb9a3-e9ef-46c6-bde6-e267b7bee5d5
[2025-08-03T10:36:31.577+0000] {logging_mixin.py:188} INFO - 刪除日誌資料夾: /opt/***/logs/dag_id=dag_cef05445-e57c-49df-be5a-74d0c0fb96f3
[2025-08-03T10:36:31.578+0000] {logging_mixin.py:188} INFO - 刪除日誌資料夾: /opt/***/logs/dag_id=dag_3f2a4b93-b237-4545-bd50-5004d863567c456
[2025-08-03T10:36:31.579+0000] {logging_mixin.py:188} INFO - 刪除日誌資料夾: /opt/***/logs/dag_id=dag_cef05445-e57c-49df-be5a-74d0c0fb96f36666
[2025-08-03T10:36:31.580+0000] {logging_mixin.py:188} INFO - 刪除日誌資料夾: /opt/***/logs/dag_id=dag_cd53ca0f-a7ec-4b2a-b2d0-f98c2e3d8c37
[2025-08-03T10:36:31.583+0000] {logging_mixin.py:188} INFO - 刪除日誌資料夾: /opt/***/logs/dag_id=dag_3f2a4b93-b237-4545-bd50-5004d863567c
[2025-08-03T10:36:31.584+0000] {logging_mixin.py:188} INFO - 刪除日誌資料夾: /opt/***/logs/dag_id=dag_4eb51911-bd0a-4342-8fc0-6be86c4ad7d0
[2025-08-03T10:36:31.586+0000] {logging_mixin.py:188} INFO - 刪除日誌資料夾: /opt/***/logs/dag_id=dag_40487c69-711c-4298-8cc2-b15ef6f33fdc
[2025-08-03T10:36:31.593+0000] {logging_mixin.py:188} INFO - 刪除日誌資料夾: /opt/***/logs/dag_id=dag_3f2a4b93-b237-4545-bd50-5004d863567c123/run_id=scheduled__2025-06-19T00:00:00+00:00
[2025-08-03T10:36:31.612+0000] {logging_mixin.py:188} INFO - 刪除日誌資料夾: /opt/***/logs/scheduler/2025-06-21
[2025-08-03T10:36:31.613+0000] {logging_mixin.py:188} INFO - 刪除日誌資料夾: /opt/***/logs/scheduler/2025-06-20
[2025-08-03T10:36:31.614+0000] {logging_mixin.py:188} INFO - 刪除日誌資料夾: /opt/***/logs/scheduler/2025-06-19
[2025-08-03T10:36:31.637+0000] {python.py:237} INFO - Done. Returned value was: None
[2025-08-03T10:36:31.637+0000] {taskinstance.py:441} INFO - ::group::Post task execution logs
[2025-08-03T10:36:31.650+0000] {taskinstance.py:1206} INFO - Marking task as SUCCESS. dag_id=***_log_cleanup, task_id=clean_old_logs, run_id=scheduled__2025-08-02T00:00:00+00:00, execution_date=20250802T000000, start_date=20250803T103631, end_date=20250803T103631
[2025-08-03T10:36:31.676+0000] {local_task_job_runner.py:240} INFO - Task exited with return code 0
[2025-08-03T10:36:31.700+0000] {taskinstance.py:3503} INFO - 0 downstream tasks scheduled from follow-on schedule check
[2025-08-03T10:36:31.703+0000] {local_task_job_runner.py:222} INFO - ::endgroup::
