[2025-07-30T07:29:17.198+0000] {local_task_job_runner.py:120} INFO - ::group::Pre task execution logs
[2025-07-30T07:29:17.234+0000] {taskinstance.py:2076} INFO - Dependencies all met for dep_context=non-requeueable deps ti=<TaskInstance: dag_55555cccccccccccccccc.extract_data_task scheduled__2025-06-25T00:00:00+00:00 [queued]>
[2025-07-30T07:29:17.239+0000] {taskinstance.py:2076} INFO - Dependencies all met for dep_context=requeueable deps ti=<TaskInstance: dag_55555cccccccccccccccc.extract_data_task scheduled__2025-06-25T00:00:00+00:00 [queued]>
[2025-07-30T07:29:17.239+0000] {taskinstance.py:2306} INFO - Starting attempt 1 of 1
[2025-07-30T07:29:17.249+0000] {taskinstance.py:2330} INFO - Executing <Task(PythonOperator): extract_data_task> on 2025-06-25 00:00:00+00:00
[2025-07-30T07:29:17.255+0000] {logging_mixin.py:188} WARNING - /home/***/.local/lib/python3.12/site-packages/***/task/task_runner/standard_task_runner.py:61 DeprecationWarning: This process (pid=2424) is multi-threaded, use of fork() may lead to deadlocks in the child.
[2025-07-30T07:29:17.256+0000] {standard_task_runner.py:63} INFO - Started process 2426 to run task
[2025-07-30T07:29:17.256+0000] {standard_task_runner.py:90} INFO - Running: ['***', 'tasks', 'run', 'dag_55555cccccccccccccccc', 'extract_data_task', 'scheduled__2025-06-25T00:00:00+00:00', '--job-id', '19', '--raw', '--subdir', 'DAGS_FOLDER/dag_generator_python.py', '--cfg-path', '/tmp/tmpqcp5m82c']
[2025-07-30T07:29:17.258+0000] {standard_task_runner.py:91} INFO - Job 19: Subtask extract_data_task
[2025-07-30T07:29:17.508+0000] {task_command.py:426} INFO - Running <TaskInstance: dag_55555cccccccccccccccc.extract_data_task scheduled__2025-06-25T00:00:00+00:00 [running]> on host 14614e29d246
[2025-07-30T07:29:17.623+0000] {taskinstance.py:2648} INFO - Exporting env vars: AIRFLOW_CTX_DAG_OWNER='***' AIRFLOW_CTX_DAG_ID='dag_55555cccccccccccccccc' AIRFLOW_CTX_TASK_ID='extract_data_task' AIRFLOW_CTX_EXECUTION_DATE='2025-06-25T00:00:00+00:00' AIRFLOW_CTX_TRY_NUMBER='1' AIRFLOW_CTX_DAG_RUN_ID='scheduled__2025-06-25T00:00:00+00:00'
[2025-07-30T07:29:17.624+0000] {taskinstance.py:430} INFO - ::endgroup::
[2025-07-30T07:29:17.643+0000] {logging_mixin.py:188} INFO - 測試載入層
[2025-07-30T07:29:17.643+0000] {logging_mixin.py:188} INFO - 1111111111111111111111111111111
[2025-07-30T07:29:17.644+0000] {logging_mixin.py:188} INFO - Applying algorithm 'test_csv' from module 'processor.extract.readCSV'
[2025-07-30T07:29:17.644+0000] {logging_mixin.py:188} INFO - 3f2a4b93-b237-4545-bd50-5004d863567c.csv
[2025-07-30T07:29:17.659+0000] {logging_mixin.py:188} INFO - Data stored in Redis key: ***_data:dag_55555cccccccccccccccc
[2025-07-30T07:29:17.672+0000] {python.py:237} INFO - Done. Returned value was: None
[2025-07-30T07:29:17.672+0000] {taskinstance.py:441} INFO - ::group::Post task execution logs
[2025-07-30T07:29:17.681+0000] {taskinstance.py:1206} INFO - Marking task as SUCCESS. dag_id=dag_55555cccccccccccccccc, task_id=extract_data_task, run_id=scheduled__2025-06-25T00:00:00+00:00, execution_date=20250625T000000, start_date=20250730T072917, end_date=20250730T072917
[2025-07-30T07:29:17.710+0000] {local_task_job_runner.py:240} INFO - Task exited with return code 0
[2025-07-30T07:29:17.730+0000] {local_task_job_runner.py:222} INFO - ::endgroup::
