[2025-08-03T07:07:26.872+0000] {local_task_job_runner.py:120} INFO - ::group::Pre task execution logs
[2025-08-03T07:07:26.915+0000] {taskinstance.py:2076} INFO - Dependencies all met for dep_context=non-requeueable deps ti=<TaskInstance: dag_bbb.extract_data_task scheduled__2025-08-03T07:06:00+00:00 [queued]>
[2025-08-03T07:07:26.929+0000] {taskinstance.py:2076} INFO - Dependencies all met for dep_context=requeueable deps ti=<TaskInstance: dag_bbb.extract_data_task scheduled__2025-08-03T07:06:00+00:00 [queued]>
[2025-08-03T07:07:26.929+0000] {taskinstance.py:2306} INFO - Starting attempt 1 of 1
[2025-08-03T07:07:26.944+0000] {taskinstance.py:2330} INFO - Executing <Task(PythonOperator): extract_data_task> on 2025-08-03 07:06:00+00:00
[2025-08-03T07:07:26.954+0000] {logging_mixin.py:188} WARNING - /home/***/.local/lib/python3.12/site-packages/***/task/task_runner/standard_task_runner.py:61 DeprecationWarning: This process (pid=2250) is multi-threaded, use of fork() may lead to deadlocks in the child.
[2025-08-03T07:07:26.954+0000] {standard_task_runner.py:63} INFO - Started process 2252 to run task
[2025-08-03T07:07:26.954+0000] {standard_task_runner.py:90} INFO - Running: ['***', 'tasks', 'run', 'dag_bbb', 'extract_data_task', 'scheduled__2025-08-03T07:06:00+00:00', '--job-id', '62', '--raw', '--subdir', 'DAGS_FOLDER/dag_generator.py', '--cfg-path', '/tmp/tmpi0n2r6fc']
[2025-08-03T07:07:26.956+0000] {standard_task_runner.py:91} INFO - Job 62: Subtask extract_data_task
[2025-08-03T07:07:27.196+0000] {task_command.py:426} INFO - Running <TaskInstance: dag_bbb.extract_data_task scheduled__2025-08-03T07:06:00+00:00 [running]> on host 19828dfd2b76
[2025-08-03T07:07:27.317+0000] {taskinstance.py:2648} INFO - Exporting env vars: AIRFLOW_CTX_DAG_OWNER='***' AIRFLOW_CTX_DAG_ID='dag_bbb' AIRFLOW_CTX_TASK_ID='extract_data_task' AIRFLOW_CTX_EXECUTION_DATE='2025-08-03T07:06:00+00:00' AIRFLOW_CTX_TRY_NUMBER='1' AIRFLOW_CTX_DAG_RUN_ID='scheduled__2025-08-03T07:06:00+00:00'
[2025-08-03T07:07:27.319+0000] {taskinstance.py:430} INFO - ::endgroup::
[2025-08-03T07:07:27.353+0000] {__init__.py:57} INFO - 執行 extract_data (資料載入層)
[2025-08-03T07:07:27.357+0000] {__init__.py:61} INFO - 呼叫演算法 'test_csv' 來自模組 'processor.extract.readCSV'
[2025-08-03T07:07:27.364+0000] {__init__.py:71} INFO - 資料是 pd.DataFrame
[2025-08-03T07:07:27.382+0000] {__init__.py:82} INFO - 資料已存入 Redis，key=***_data:dag_bbb.extract_data_task
[2025-08-03T07:07:27.395+0000] {python.py:237} INFO - Done. Returned value was: None
[2025-08-03T07:07:27.395+0000] {taskinstance.py:441} INFO - ::group::Post task execution logs
[2025-08-03T07:07:27.407+0000] {taskinstance.py:1206} INFO - Marking task as SUCCESS. dag_id=dag_bbb, task_id=extract_data_task, run_id=scheduled__2025-08-03T07:06:00+00:00, execution_date=20250803T070600, start_date=20250803T070726, end_date=20250803T070727
[2025-08-03T07:07:27.449+0000] {local_task_job_runner.py:240} INFO - Task exited with return code 0
[2025-08-03T07:07:27.659+0000] {taskinstance.py:3503} INFO - 1 downstream tasks scheduled from follow-on schedule check
[2025-08-03T07:07:27.662+0000] {local_task_job_runner.py:222} INFO - ::endgroup::
