[2025-08-03T11:30:45.292+0000] {local_task_job_runner.py:120} INFO - ::group::Pre task execution logs
[2025-08-03T11:30:45.325+0000] {taskinstance.py:2076} INFO - Dependencies all met for dep_context=non-requeueable deps ti=<TaskInstance: dag_wwwwwwwbbbb.load_data_task scheduled__2025-06-25T00:00:00+00:00 [queued]>
[2025-08-03T11:30:45.334+0000] {taskinstance.py:2076} INFO - Dependencies all met for dep_context=requeueable deps ti=<TaskInstance: dag_wwwwwwwbbbb.load_data_task scheduled__2025-06-25T00:00:00+00:00 [queued]>
[2025-08-03T11:30:45.334+0000] {taskinstance.py:2306} INFO - Starting attempt 1 of 1
[2025-08-03T11:30:45.351+0000] {taskinstance.py:2330} INFO - Executing <Task(PythonOperator): load_data_task> on 2025-06-25 00:00:00+00:00
[2025-08-03T11:30:45.366+0000] {logging_mixin.py:188} WARNING - /home/***/.local/lib/python3.12/site-packages/***/task/task_runner/standard_task_runner.py:61 DeprecationWarning: This process (pid=377) is multi-threaded, use of fork() may lead to deadlocks in the child.
[2025-08-03T11:30:45.367+0000] {standard_task_runner.py:63} INFO - Started process 379 to run task
[2025-08-03T11:30:45.366+0000] {standard_task_runner.py:90} INFO - Running: ['***', 'tasks', 'run', 'dag_wwwwwwwbbbb', 'load_data_task', 'scheduled__2025-06-25T00:00:00+00:00', '--job-id', '95', '--raw', '--subdir', 'DAGS_FOLDER/dag_generator.py', '--cfg-path', '/tmp/tmpgo1rszjq']
[2025-08-03T11:30:45.369+0000] {standard_task_runner.py:91} INFO - Job 95: Subtask load_data_task
[2025-08-03T11:30:45.611+0000] {task_command.py:426} INFO - Running <TaskInstance: dag_wwwwwwwbbbb.load_data_task scheduled__2025-06-25T00:00:00+00:00 [running]> on host 3c99774c3c5a
[2025-08-03T11:30:45.690+0000] {taskinstance.py:2648} INFO - Exporting env vars: AIRFLOW_CTX_DAG_OWNER='***' AIRFLOW_CTX_DAG_ID='dag_wwwwwwwbbbb' AIRFLOW_CTX_TASK_ID='load_data_task' AIRFLOW_CTX_EXECUTION_DATE='2025-06-25T00:00:00+00:00' AIRFLOW_CTX_TRY_NUMBER='1' AIRFLOW_CTX_DAG_RUN_ID='scheduled__2025-06-25T00:00:00+00:00'
[2025-08-03T11:30:45.691+0000] {taskinstance.py:430} INFO - ::endgroup::
[2025-08-03T11:30:45.705+0000] {__init__.py:183} INFO - 執行 load_data (資料匯入層)
[2025-08-03T11:30:45.705+0000] {__init__.py:58} INFO - _get_upstream_output_path 上游任務: {'transform_data_task'}
[2025-08-03T11:30:45.705+0000] {__init__.py:74} INFO - 任務 'load_data_task' 從單一上游 'transform_data_task' 拉取資料
[2025-08-03T11:30:45.715+0000] {__init__.py:76} INFO - 拉取到的 redis_key: ***_data:dag_wwwwwwwbbbb.transform_data_task
[2025-08-03T11:30:45.715+0000] {__init__.py:196} INFO - 從 Redis 讀取資料，key=***_data:dag_wwwwwwwbbbb.transform_data_task
[2025-08-03T11:30:45.718+0000] {__init__.py:43} INFO - 使用資料夾結構方法: csv_writer.standard
[2025-08-03T11:30:45.718+0000] {__init__.py:205} INFO - 呼叫方法 'csv_writer.standard' 來自模組 'processor.load'
[2025-08-03T11:30:45.746+0000] {standard.py:15} INFO - 成功寫出 CSV: /opt/***/data/output/3f2a4b93-b237-4545-bd50-5004d863567c.csv, 資料筆數: 4
[2025-08-03T11:30:45.746+0000] {__init__.py:211} INFO - 刪除上游 Redis key: ***_data:dag_wwwwwwwbbbb.transform_data_task
[2025-08-03T11:30:45.747+0000] {python.py:237} INFO - Done. Returned value was: None
[2025-08-03T11:30:45.747+0000] {taskinstance.py:441} INFO - ::group::Post task execution logs
[2025-08-03T11:30:45.753+0000] {taskinstance.py:1206} INFO - Marking task as SUCCESS. dag_id=dag_wwwwwwwbbbb, task_id=load_data_task, run_id=scheduled__2025-06-25T00:00:00+00:00, execution_date=20250625T000000, start_date=20250803T113045, end_date=20250803T113045
[2025-08-03T11:30:45.782+0000] {local_task_job_runner.py:240} INFO - Task exited with return code 0
[2025-08-03T11:30:45.958+0000] {taskinstance.py:3503} INFO - 0 downstream tasks scheduled from follow-on schedule check
[2025-08-03T11:30:45.961+0000] {local_task_job_runner.py:222} INFO - ::endgroup::
