[2025-07-31T02:15:59.515+0000] {local_task_job_runner.py:120} INFO - ::group::Pre task execution logs
[2025-07-31T02:15:59.677+0000] {taskinstance.py:2076} INFO - Dependencies all met for dep_context=non-requeueable deps ti=<TaskInstance: dag_222222dddwww6ffsfsg.load_data_task scheduled__2025-06-25T00:00:00+00:00 [queued]>
[2025-07-31T02:15:59.684+0000] {taskinstance.py:2076} INFO - Dependencies all met for dep_context=requeueable deps ti=<TaskInstance: dag_222222dddwww6ffsfsg.load_data_task scheduled__2025-06-25T00:00:00+00:00 [queued]>
[2025-07-31T02:15:59.685+0000] {taskinstance.py:2306} INFO - Starting attempt 1 of 1
[2025-07-31T02:15:59.697+0000] {taskinstance.py:2330} INFO - Executing <Task(PythonOperator): load_data_task> on 2025-06-25 00:00:00+00:00
[2025-07-31T02:15:59.704+0000] {logging_mixin.py:188} WARNING - /home/***/.local/lib/python3.12/site-packages/***/task/task_runner/standard_task_runner.py:61 DeprecationWarning: This process (pid=8004) is multi-threaded, use of fork() may lead to deadlocks in the child.
[2025-07-31T02:15:59.705+0000] {standard_task_runner.py:63} INFO - Started process 8006 to run task
[2025-07-31T02:15:59.705+0000] {standard_task_runner.py:90} INFO - Running: ['***', 'tasks', 'run', 'dag_222222dddwww6ffsfsg', 'load_data_task', 'scheduled__2025-06-25T00:00:00+00:00', '--job-id', '148', '--raw', '--subdir', 'DAGS_FOLDER/dag_generator_python.py', '--cfg-path', '/tmp/tmppjy0fpel']
[2025-07-31T02:15:59.707+0000] {standard_task_runner.py:91} INFO - Job 148: Subtask load_data_task
[2025-07-31T02:15:59.741+0000] {task_command.py:426} INFO - Running <TaskInstance: dag_222222dddwww6ffsfsg.load_data_task scheduled__2025-06-25T00:00:00+00:00 [running]> on host 14614e29d246
[2025-07-31T02:15:59.837+0000] {taskinstance.py:2648} INFO - Exporting env vars: AIRFLOW_CTX_DAG_OWNER='***' AIRFLOW_CTX_DAG_ID='dag_222222dddwww6ffsfsg' AIRFLOW_CTX_TASK_ID='load_data_task' AIRFLOW_CTX_EXECUTION_DATE='2025-06-25T00:00:00+00:00' AIRFLOW_CTX_TRY_NUMBER='1' AIRFLOW_CTX_DAG_RUN_ID='scheduled__2025-06-25T00:00:00+00:00'
[2025-07-31T02:15:59.838+0000] {taskinstance.py:430} INFO - ::endgroup::
[2025-07-31T02:15:59.855+0000] {__init__.py:157} INFO - 執行 load_data (資料匯入層)
[2025-07-31T02:15:59.856+0000] {__init__.py:34} INFO - _get_upstream_output_path 上游任務: {'transform_data_task'}
[2025-07-31T02:15:59.856+0000] {__init__.py:50} INFO - 任務 'load_data_task' 從單一上游 'transform_data_task' 拉取資料
[2025-07-31T02:15:59.865+0000] {__init__.py:52} INFO - 拉取到的 redis_key: ***_data:dag_222222dddwww6ffsfsg.transform_data_task
[2025-07-31T02:15:59.865+0000] {__init__.py:170} INFO - 從 Redis 讀取資料，key=***_data:dag_222222dddwww6ffsfsg.transform_data_task
[2025-07-31T02:15:59.867+0000] {__init__.py:180} INFO - 呼叫演算法 'test_csv' 來自模組 'processor.load.saveNP'
[2025-07-31T02:15:59.868+0000] {logging_mixin.py:188} INFO - Saved output CSV to: /opt/***/data/output/d1111111111.npy
[2025-07-31T02:15:59.869+0000] {__init__.py:186} INFO - 刪除上游 Redis key: ***_data:dag_222222dddwww6ffsfsg.transform_data_task
[2025-07-31T02:15:59.869+0000] {python.py:237} INFO - Done. Returned value was: None
[2025-07-31T02:15:59.869+0000] {taskinstance.py:441} INFO - ::group::Post task execution logs
[2025-07-31T02:15:59.882+0000] {taskinstance.py:1206} INFO - Marking task as SUCCESS. dag_id=dag_222222dddwww6ffsfsg, task_id=load_data_task, run_id=scheduled__2025-06-25T00:00:00+00:00, execution_date=20250625T000000, start_date=20250731T021559, end_date=20250731T021559
[2025-07-31T02:15:59.919+0000] {local_task_job_runner.py:240} INFO - Task exited with return code 0
[2025-07-31T02:15:59.944+0000] {taskinstance.py:3503} INFO - 0 downstream tasks scheduled from follow-on schedule check
[2025-07-31T02:15:59.947+0000] {local_task_job_runner.py:222} INFO - ::endgroup::
