[2025-08-03T07:07:28.941+0000] {local_task_job_runner.py:120} INFO - ::group::Pre task execution logs
[2025-08-03T07:07:28.967+0000] {taskinstance.py:2076} INFO - Dependencies all met for dep_context=non-requeueable deps ti=<TaskInstance: dag_bbb.transform_data_task scheduled__2025-08-03T07:06:00+00:00 [queued]>
[2025-08-03T07:07:28.975+0000] {taskinstance.py:2076} INFO - Dependencies all met for dep_context=requeueable deps ti=<TaskInstance: dag_bbb.transform_data_task scheduled__2025-08-03T07:06:00+00:00 [queued]>
[2025-08-03T07:07:28.975+0000] {taskinstance.py:2306} INFO - Starting attempt 1 of 1
[2025-08-03T07:07:28.989+0000] {taskinstance.py:2330} INFO - Executing <Task(PythonOperator): transform_data_task> on 2025-08-03 07:06:00+00:00
[2025-08-03T07:07:28.997+0000] {logging_mixin.py:188} WARNING - /home/***/.local/lib/python3.12/site-packages/***/task/task_runner/standard_task_runner.py:61 DeprecationWarning: This process (pid=2260) is multi-threaded, use of fork() may lead to deadlocks in the child.
[2025-08-03T07:07:28.998+0000] {standard_task_runner.py:63} INFO - Started process 2262 to run task
[2025-08-03T07:07:28.998+0000] {standard_task_runner.py:90} INFO - Running: ['***', 'tasks', 'run', 'dag_bbb', 'transform_data_task', 'scheduled__2025-08-03T07:06:00+00:00', '--job-id', '63', '--raw', '--subdir', 'DAGS_FOLDER/dag_generator.py', '--cfg-path', '/tmp/tmp4bbwu9gz']
[2025-08-03T07:07:29.000+0000] {standard_task_runner.py:91} INFO - Job 63: Subtask transform_data_task
[2025-08-03T07:07:29.223+0000] {task_command.py:426} INFO - Running <TaskInstance: dag_bbb.transform_data_task scheduled__2025-08-03T07:06:00+00:00 [running]> on host 19828dfd2b76
[2025-08-03T07:07:29.306+0000] {taskinstance.py:2648} INFO - Exporting env vars: AIRFLOW_CTX_DAG_OWNER='***' AIRFLOW_CTX_DAG_ID='dag_bbb' AIRFLOW_CTX_TASK_ID='transform_data_task' AIRFLOW_CTX_EXECUTION_DATE='2025-08-03T07:06:00+00:00' AIRFLOW_CTX_TRY_NUMBER='1' AIRFLOW_CTX_DAG_RUN_ID='scheduled__2025-08-03T07:06:00+00:00'
[2025-08-03T07:07:29.307+0000] {taskinstance.py:430} INFO - ::endgroup::
[2025-08-03T07:07:29.316+0000] {__init__.py:92} INFO - 執行 transform_data (資料轉換層)
[2025-08-03T07:07:29.317+0000] {__init__.py:34} INFO - _get_upstream_output_path 上游任務: {'extract_data_task'}
[2025-08-03T07:07:29.317+0000] {__init__.py:50} INFO - 任務 'transform_data_task' 從單一上游 'extract_data_task' 拉取資料
[2025-08-03T07:07:29.327+0000] {__init__.py:52} INFO - 拉取到的 redis_key: ***_data:dag_bbb.extract_data_task
[2025-08-03T07:07:29.330+0000] {__init__.py:115} INFO - 呼叫演算法 'aggregate_product_data' 來自模組 'processor.transform.algos_1'
[2025-08-03T07:07:29.357+0000] {algos_1.py:29} INFO - 資料處理完成
[2025-08-03T07:07:29.357+0000] {__init__.py:127} INFO - 資料是 pd.DataFrame
[2025-08-03T07:07:29.359+0000] {__init__.py:138} INFO - 轉換後資料已存入 Redis，key=***_data:dag_bbb.transform_data_task
[2025-08-03T07:07:29.360+0000] {__init__.py:147} INFO - 刪除上游 Redis key: ***_data:dag_bbb.extract_data_task
[2025-08-03T07:07:29.373+0000] {python.py:237} INFO - Done. Returned value was: None
[2025-08-03T07:07:29.374+0000] {taskinstance.py:441} INFO - ::group::Post task execution logs
[2025-08-03T07:07:29.382+0000] {taskinstance.py:1206} INFO - Marking task as SUCCESS. dag_id=dag_bbb, task_id=transform_data_task, run_id=scheduled__2025-08-03T07:06:00+00:00, execution_date=20250803T070600, start_date=20250803T070728, end_date=20250803T070729
[2025-08-03T07:07:29.412+0000] {local_task_job_runner.py:240} INFO - Task exited with return code 0
[2025-08-03T07:07:29.564+0000] {taskinstance.py:3503} INFO - 1 downstream tasks scheduled from follow-on schedule check
[2025-08-03T07:07:29.570+0000] {local_task_job_runner.py:222} INFO - ::endgroup::
