[2025-08-05T06:06:52.681+0000] {local_task_job_runner.py:120} INFO - ::group::Pre task execution logs
[2025-08-05T06:06:52.703+0000] {taskinstance.py:2076} INFO - Dependencies all met for dep_context=non-requeueable deps ti=<TaskInstance: cleanup_dag_logs.clean_old_logs scheduled__2025-08-04T00:00:00+00:00 [queued]>
[2025-08-05T06:06:52.708+0000] {taskinstance.py:2076} INFO - Dependencies all met for dep_context=requeueable deps ti=<TaskInstance: cleanup_dag_logs.clean_old_logs scheduled__2025-08-04T00:00:00+00:00 [queued]>
[2025-08-05T06:06:52.708+0000] {taskinstance.py:2306} INFO - Starting attempt 1 of 2
[2025-08-05T06:06:52.716+0000] {taskinstance.py:2330} INFO - Executing <Task(PythonOperator): clean_old_logs> on 2025-08-04 00:00:00+00:00
[2025-08-05T06:06:52.720+0000] {logging_mixin.py:188} WARNING - /home/***/.local/lib/python3.12/site-packages/***/task/task_runner/standard_task_runner.py:61 DeprecationWarning: This process (pid=203) is multi-threaded, use of fork() may lead to deadlocks in the child.
[2025-08-05T06:06:52.720+0000] {standard_task_runner.py:63} INFO - Started process 205 to run task
[2025-08-05T06:06:52.721+0000] {standard_task_runner.py:90} INFO - Running: ['***', 'tasks', 'run', 'cleanup_dag_logs', 'clean_old_logs', 'scheduled__2025-08-04T00:00:00+00:00', '--job-id', '3', '--raw', '--subdir', 'DAGS_FOLDER/cleanup_logs.py', '--cfg-path', '/tmp/tmpuhyrkftc']
[2025-08-05T06:06:52.722+0000] {standard_task_runner.py:91} INFO - Job 3: Subtask clean_old_logs
[2025-08-05T06:06:52.758+0000] {task_command.py:426} INFO - Running <TaskInstance: cleanup_dag_logs.clean_old_logs scheduled__2025-08-04T00:00:00+00:00 [running]> on host 7ff11745cff6
[2025-08-05T06:06:52.828+0000] {taskinstance.py:2648} INFO - Exporting env vars: AIRFLOW_CTX_DAG_OWNER='***' AIRFLOW_CTX_DAG_ID='cleanup_dag_logs' AIRFLOW_CTX_TASK_ID='clean_old_logs' AIRFLOW_CTX_EXECUTION_DATE='2025-08-04T00:00:00+00:00' AIRFLOW_CTX_TRY_NUMBER='1' AIRFLOW_CTX_DAG_RUN_ID='scheduled__2025-08-04T00:00:00+00:00'
[2025-08-05T06:06:52.828+0000] {taskinstance.py:430} INFO - ::endgroup::
[2025-08-05T06:06:52.855+0000] {python.py:237} INFO - Done. Returned value was: None
[2025-08-05T06:06:52.855+0000] {taskinstance.py:441} INFO - ::group::Post task execution logs
[2025-08-05T06:06:52.863+0000] {taskinstance.py:1206} INFO - Marking task as SUCCESS. dag_id=cleanup_dag_logs, task_id=clean_old_logs, run_id=scheduled__2025-08-04T00:00:00+00:00, execution_date=20250804T000000, start_date=20250805T060652, end_date=20250805T060652
[2025-08-05T06:06:52.893+0000] {local_task_job_runner.py:240} INFO - Task exited with return code 0
[2025-08-05T06:06:52.905+0000] {taskinstance.py:3503} INFO - 0 downstream tasks scheduled from follow-on schedule check
[2025-08-05T06:06:52.907+0000] {local_task_job_runner.py:222} INFO - ::endgroup::
[2025-08-05T06:22:32.159+0000] {local_task_job_runner.py:120} INFO - ::group::Pre task execution logs
[2025-08-05T06:22:32.210+0000] {taskinstance.py:2076} INFO - Dependencies all met for dep_context=non-requeueable deps ti=<TaskInstance: cleanup_dag_logs.clean_old_logs scheduled__2025-08-04T00:00:00+00:00 [queued]>
[2025-08-05T06:22:32.221+0000] {taskinstance.py:2076} INFO - Dependencies all met for dep_context=requeueable deps ti=<TaskInstance: cleanup_dag_logs.clean_old_logs scheduled__2025-08-04T00:00:00+00:00 [queued]>
[2025-08-05T06:22:32.221+0000] {taskinstance.py:2306} INFO - Starting attempt 1 of 2
[2025-08-05T06:22:32.246+0000] {taskinstance.py:2330} INFO - Executing <Task(PythonOperator): clean_old_logs> on 2025-08-04 00:00:00+00:00
[2025-08-05T06:22:32.259+0000] {logging_mixin.py:188} WARNING - /home/***/.local/lib/python3.12/site-packages/***/task/task_runner/standard_task_runner.py:61 DeprecationWarning: This process (pid=201) is multi-threaded, use of fork() may lead to deadlocks in the child.
[2025-08-05T06:22:32.258+0000] {standard_task_runner.py:90} INFO - Running: ['***', 'tasks', 'run', 'cleanup_dag_logs', 'clean_old_logs', 'scheduled__2025-08-04T00:00:00+00:00', '--job-id', '2', '--raw', '--subdir', 'DAGS_FOLDER/cleanup_logs.py', '--cfg-path', '/tmp/tmpqoab15we']
[2025-08-05T06:22:32.260+0000] {standard_task_runner.py:63} INFO - Started process 203 to run task
[2025-08-05T06:22:32.261+0000] {standard_task_runner.py:91} INFO - Job 2: Subtask clean_old_logs
[2025-08-05T06:22:32.339+0000] {task_command.py:426} INFO - Running <TaskInstance: cleanup_dag_logs.clean_old_logs scheduled__2025-08-04T00:00:00+00:00 [running]> on host 40d469e680e3
[2025-08-05T06:22:32.447+0000] {taskinstance.py:2648} INFO - Exporting env vars: AIRFLOW_CTX_DAG_OWNER='***' AIRFLOW_CTX_DAG_ID='cleanup_dag_logs' AIRFLOW_CTX_TASK_ID='clean_old_logs' AIRFLOW_CTX_EXECUTION_DATE='2025-08-04T00:00:00+00:00' AIRFLOW_CTX_TRY_NUMBER='1' AIRFLOW_CTX_DAG_RUN_ID='scheduled__2025-08-04T00:00:00+00:00'
[2025-08-05T06:22:32.448+0000] {taskinstance.py:430} INFO - ::endgroup::
[2025-08-05T06:22:32.490+0000] {python.py:237} INFO - Done. Returned value was: None
[2025-08-05T06:22:32.491+0000] {taskinstance.py:441} INFO - ::group::Post task execution logs
[2025-08-05T06:22:32.502+0000] {taskinstance.py:1206} INFO - Marking task as SUCCESS. dag_id=cleanup_dag_logs, task_id=clean_old_logs, run_id=scheduled__2025-08-04T00:00:00+00:00, execution_date=20250804T000000, start_date=20250805T062232, end_date=20250805T062232
[2025-08-05T06:22:32.523+0000] {local_task_job_runner.py:240} INFO - Task exited with return code 0
[2025-08-05T06:22:32.540+0000] {taskinstance.py:3503} INFO - 0 downstream tasks scheduled from follow-on schedule check
[2025-08-05T06:22:32.543+0000] {local_task_job_runner.py:222} INFO - ::endgroup::
[2025-08-05T06:24:10.821+0000] {local_task_job_runner.py:120} INFO - ::group::Pre task execution logs
[2025-08-05T06:24:10.848+0000] {taskinstance.py:2076} INFO - Dependencies all met for dep_context=non-requeueable deps ti=<TaskInstance: cleanup_dag_logs.clean_old_logs scheduled__2025-08-04T00:00:00+00:00 [queued]>
[2025-08-05T06:24:10.856+0000] {taskinstance.py:2076} INFO - Dependencies all met for dep_context=requeueable deps ti=<TaskInstance: cleanup_dag_logs.clean_old_logs scheduled__2025-08-04T00:00:00+00:00 [queued]>
[2025-08-05T06:24:10.856+0000] {taskinstance.py:2306} INFO - Starting attempt 1 of 2
[2025-08-05T06:24:10.869+0000] {taskinstance.py:2330} INFO - Executing <Task(PythonOperator): clean_old_logs> on 2025-08-04 00:00:00+00:00
[2025-08-05T06:24:10.877+0000] {logging_mixin.py:188} WARNING - /home/***/.local/lib/python3.12/site-packages/***/task/task_runner/standard_task_runner.py:61 DeprecationWarning: This process (pid=203) is multi-threaded, use of fork() may lead to deadlocks in the child.
[2025-08-05T06:24:10.876+0000] {standard_task_runner.py:90} INFO - Running: ['***', 'tasks', 'run', 'cleanup_dag_logs', 'clean_old_logs', 'scheduled__2025-08-04T00:00:00+00:00', '--job-id', '3', '--raw', '--subdir', 'DAGS_FOLDER/cleanup_logs.py', '--cfg-path', '/tmp/tmpxioiwh91']
[2025-08-05T06:24:10.877+0000] {standard_task_runner.py:91} INFO - Job 3: Subtask clean_old_logs
[2025-08-05T06:24:10.877+0000] {standard_task_runner.py:63} INFO - Started process 205 to run task
[2025-08-05T06:24:10.910+0000] {task_command.py:426} INFO - Running <TaskInstance: cleanup_dag_logs.clean_old_logs scheduled__2025-08-04T00:00:00+00:00 [running]> on host 6e5b85197be8
[2025-08-05T06:24:10.971+0000] {taskinstance.py:2648} INFO - Exporting env vars: AIRFLOW_CTX_DAG_OWNER='***' AIRFLOW_CTX_DAG_ID='cleanup_dag_logs' AIRFLOW_CTX_TASK_ID='clean_old_logs' AIRFLOW_CTX_EXECUTION_DATE='2025-08-04T00:00:00+00:00' AIRFLOW_CTX_TRY_NUMBER='1' AIRFLOW_CTX_DAG_RUN_ID='scheduled__2025-08-04T00:00:00+00:00'
[2025-08-05T06:24:10.971+0000] {taskinstance.py:430} INFO - ::endgroup::
[2025-08-05T06:24:10.991+0000] {python.py:237} INFO - Done. Returned value was: None
[2025-08-05T06:24:10.991+0000] {taskinstance.py:441} INFO - ::group::Post task execution logs
[2025-08-05T06:24:10.998+0000] {taskinstance.py:1206} INFO - Marking task as SUCCESS. dag_id=cleanup_dag_logs, task_id=clean_old_logs, run_id=scheduled__2025-08-04T00:00:00+00:00, execution_date=20250804T000000, start_date=20250805T062410, end_date=20250805T062410
[2025-08-05T06:24:11.010+0000] {local_task_job_runner.py:240} INFO - Task exited with return code 0
[2025-08-05T06:24:11.020+0000] {taskinstance.py:3503} INFO - 0 downstream tasks scheduled from follow-on schedule check
[2025-08-05T06:24:11.022+0000] {local_task_job_runner.py:222} INFO - ::endgroup::
[2025-08-05T06:59:41.103+0000] {local_task_job_runner.py:120} INFO - ::group::Pre task execution logs
[2025-08-05T06:59:41.133+0000] {taskinstance.py:2076} INFO - Dependencies all met for dep_context=non-requeueable deps ti=<TaskInstance: cleanup_dag_logs.clean_old_logs scheduled__2025-08-04T00:00:00+00:00 [queued]>
[2025-08-05T06:59:41.140+0000] {taskinstance.py:2076} INFO - Dependencies all met for dep_context=requeueable deps ti=<TaskInstance: cleanup_dag_logs.clean_old_logs scheduled__2025-08-04T00:00:00+00:00 [queued]>
[2025-08-05T06:59:41.141+0000] {taskinstance.py:2306} INFO - Starting attempt 1 of 2
[2025-08-05T06:59:41.153+0000] {taskinstance.py:2330} INFO - Executing <Task(PythonOperator): clean_old_logs> on 2025-08-04 00:00:00+00:00
[2025-08-05T06:59:41.162+0000] {logging_mixin.py:188} WARNING - /home/***/.local/lib/python3.12/site-packages/***/task/task_runner/standard_task_runner.py:61 DeprecationWarning: This process (pid=202) is multi-threaded, use of fork() may lead to deadlocks in the child.
[2025-08-05T06:59:41.163+0000] {standard_task_runner.py:63} INFO - Started process 204 to run task
[2025-08-05T06:59:41.161+0000] {standard_task_runner.py:90} INFO - Running: ['***', 'tasks', 'run', 'cleanup_dag_logs', 'clean_old_logs', 'scheduled__2025-08-04T00:00:00+00:00', '--job-id', '3', '--raw', '--subdir', 'DAGS_FOLDER/cleanup_logs.py', '--cfg-path', '/tmp/tmpk56e3uup']
[2025-08-05T06:59:41.163+0000] {standard_task_runner.py:91} INFO - Job 3: Subtask clean_old_logs
[2025-08-05T06:59:41.209+0000] {task_command.py:426} INFO - Running <TaskInstance: cleanup_dag_logs.clean_old_logs scheduled__2025-08-04T00:00:00+00:00 [running]> on host 0ff0aea0cc43
[2025-08-05T06:59:41.309+0000] {taskinstance.py:2648} INFO - Exporting env vars: AIRFLOW_CTX_DAG_OWNER='***' AIRFLOW_CTX_DAG_ID='cleanup_dag_logs' AIRFLOW_CTX_TASK_ID='clean_old_logs' AIRFLOW_CTX_EXECUTION_DATE='2025-08-04T00:00:00+00:00' AIRFLOW_CTX_TRY_NUMBER='1' AIRFLOW_CTX_DAG_RUN_ID='scheduled__2025-08-04T00:00:00+00:00'
[2025-08-05T06:59:41.309+0000] {taskinstance.py:430} INFO - ::endgroup::
[2025-08-05T06:59:41.346+0000] {python.py:237} INFO - Done. Returned value was: None
[2025-08-05T06:59:41.347+0000] {taskinstance.py:441} INFO - ::group::Post task execution logs
[2025-08-05T06:59:41.357+0000] {taskinstance.py:1206} INFO - Marking task as SUCCESS. dag_id=cleanup_dag_logs, task_id=clean_old_logs, run_id=scheduled__2025-08-04T00:00:00+00:00, execution_date=20250804T000000, start_date=20250805T065941, end_date=20250805T065941
[2025-08-05T06:59:41.376+0000] {local_task_job_runner.py:240} INFO - Task exited with return code 0
[2025-08-05T06:59:41.395+0000] {taskinstance.py:3503} INFO - 0 downstream tasks scheduled from follow-on schedule check
[2025-08-05T06:59:41.398+0000] {local_task_job_runner.py:222} INFO - ::endgroup::
