[2025-07-30T14:38:56.807+0000] {local_task_job_runner.py:120} INFO - ::group::Pre task execution logs
[2025-07-30T14:38:57.022+0000] {taskinstance.py:2076} INFO - Dependencies all met for dep_context=non-requeueable deps ti=<TaskInstance: dag_bbaaaaaaaaaaaaaaaaaaaaaaaaaaaab.extract_data_task scheduled__2025-06-25T00:00:00+00:00 [queued]>
[2025-07-30T14:38:57.038+0000] {taskinstance.py:2076} INFO - Dependencies all met for dep_context=requeueable deps ti=<TaskInstance: dag_bbaaaaaaaaaaaaaaaaaaaaaaaaaaaab.extract_data_task scheduled__2025-06-25T00:00:00+00:00 [queued]>
[2025-07-30T14:38:57.039+0000] {taskinstance.py:2306} INFO - Starting attempt 1 of 1
[2025-07-30T14:38:57.056+0000] {taskinstance.py:2330} INFO - Executing <Task(PythonOperator): extract_data_task> on 2025-06-25 00:00:00+00:00
[2025-07-30T14:38:57.067+0000] {logging_mixin.py:188} WARNING - /home/***/.local/lib/python3.12/site-packages/***/task/task_runner/standard_task_runner.py:61 DeprecationWarning: This process (pid=9624) is multi-threaded, use of fork() may lead to deadlocks in the child.
[2025-07-30T14:38:57.068+0000] {standard_task_runner.py:63} INFO - Started process 9626 to run task
[2025-07-30T14:38:57.067+0000] {standard_task_runner.py:90} INFO - Running: ['***', 'tasks', 'run', 'dag_bbaaaaaaaaaaaaaaaaaaaaaaaaaaaab', 'extract_data_task', 'scheduled__2025-06-25T00:00:00+00:00', '--job-id', '99', '--raw', '--subdir', 'DAGS_FOLDER/dag_generator_python.py', '--cfg-path', '/tmp/tmp9vajk0xw']
[2025-07-30T14:38:57.071+0000] {standard_task_runner.py:91} INFO - Job 99: Subtask extract_data_task
[2025-07-30T14:38:57.154+0000] {task_command.py:426} INFO - Running <TaskInstance: dag_bbaaaaaaaaaaaaaaaaaaaaaaaaaaaab.extract_data_task scheduled__2025-06-25T00:00:00+00:00 [running]> on host 14614e29d246
[2025-07-30T14:38:57.298+0000] {taskinstance.py:2648} INFO - Exporting env vars: AIRFLOW_CTX_DAG_OWNER='***' AIRFLOW_CTX_DAG_ID='dag_bbaaaaaaaaaaaaaaaaaaaaaaaaaaaab' AIRFLOW_CTX_TASK_ID='extract_data_task' AIRFLOW_CTX_EXECUTION_DATE='2025-06-25T00:00:00+00:00' AIRFLOW_CTX_TRY_NUMBER='1' AIRFLOW_CTX_DAG_RUN_ID='scheduled__2025-06-25T00:00:00+00:00'
[2025-07-30T14:38:57.299+0000] {taskinstance.py:430} INFO - ::endgroup::
[2025-07-30T14:38:57.321+0000] {__init__.py:56} INFO - 執行 extract_data (資料載入層)
[2025-07-30T14:38:57.322+0000] {__init__.py:60} INFO - 呼叫演算法 'test_csv' 來自模組 'processor.extract.readCSV'
[2025-07-30T14:38:57.322+0000] {logging_mixin.py:188} INFO - 3f2a4b93-b237-4545-bd50-5004d863567c.csv
[2025-07-30T14:38:57.338+0000] {__init__.py:70} INFO - 資料已存入 Redis，key=***_data:dag_bbaaaaaaaaaaaaaaaaaaaaaaaaaaaab.extract_data_task
[2025-07-30T14:38:57.357+0000] {python.py:237} INFO - Done. Returned value was: None
[2025-07-30T14:38:57.358+0000] {taskinstance.py:441} INFO - ::group::Post task execution logs
[2025-07-30T14:38:57.370+0000] {taskinstance.py:1206} INFO - Marking task as SUCCESS. dag_id=dag_bbaaaaaaaaaaaaaaaaaaaaaaaaaaaab, task_id=extract_data_task, run_id=scheduled__2025-06-25T00:00:00+00:00, execution_date=20250625T000000, start_date=20250730T143857, end_date=20250730T143857
[2025-07-30T14:38:57.404+0000] {local_task_job_runner.py:240} INFO - Task exited with return code 0
[2025-07-30T14:38:57.440+0000] {taskinstance.py:3503} INFO - 1 downstream tasks scheduled from follow-on schedule check
[2025-07-30T14:38:57.443+0000] {local_task_job_runner.py:222} INFO - ::endgroup::
