[2025-07-28T07:54:42.196+0000] {local_task_job_runner.py:120} INFO - ::group::Pre task execution logs
[2025-07-28T07:54:42.220+0000] {taskinstance.py:2076} INFO - Dependencies all met for dep_context=non-requeueable deps ti=<TaskInstance: dag_aaaaaaaaaaa.load_data_task scheduled__2025-06-25T00:00:00+00:00 [queued]>
[2025-07-28T07:54:42.226+0000] {taskinstance.py:2076} INFO - Dependencies all met for dep_context=requeueable deps ti=<TaskInstance: dag_aaaaaaaaaaa.load_data_task scheduled__2025-06-25T00:00:00+00:00 [queued]>
[2025-07-28T07:54:42.227+0000] {taskinstance.py:2306} INFO - Starting attempt 1 of 1
[2025-07-28T07:54:42.323+0000] {taskinstance.py:2330} INFO - Executing <Task(PythonOperator): load_data_task> on 2025-06-25 00:00:00+00:00
[2025-07-28T07:54:42.332+0000] {logging_mixin.py:188} WARNING - /home/***/.local/lib/python3.12/site-packages/***/task/task_runner/standard_task_runner.py:61 DeprecationWarning: This process (pid=10555) is multi-threaded, use of fork() may lead to deadlocks in the child.
[2025-07-28T07:54:42.333+0000] {standard_task_runner.py:63} INFO - Started process 10557 to run task
[2025-07-28T07:54:42.331+0000] {standard_task_runner.py:90} INFO - Running: ['***', 'tasks', 'run', 'dag_aaaaaaaaaaa', 'load_data_task', 'scheduled__2025-06-25T00:00:00+00:00', '--job-id', '33', '--raw', '--subdir', 'DAGS_FOLDER/dag_generator_python.py', '--cfg-path', '/tmp/tmpp1fq4pz8']
[2025-07-28T07:54:42.333+0000] {standard_task_runner.py:91} INFO - Job 33: Subtask load_data_task
[2025-07-28T07:54:42.367+0000] {task_command.py:426} INFO - Running <TaskInstance: dag_aaaaaaaaaaa.load_data_task scheduled__2025-06-25T00:00:00+00:00 [running]> on host 1171f9d2ced8
[2025-07-28T07:54:42.419+0000] {taskinstance.py:2648} INFO - Exporting env vars: AIRFLOW_CTX_DAG_OWNER='***' AIRFLOW_CTX_DAG_ID='dag_aaaaaaaaaaa' AIRFLOW_CTX_TASK_ID='load_data_task' AIRFLOW_CTX_EXECUTION_DATE='2025-06-25T00:00:00+00:00' AIRFLOW_CTX_TRY_NUMBER='1' AIRFLOW_CTX_DAG_RUN_ID='scheduled__2025-06-25T00:00:00+00:00'
[2025-07-28T07:54:42.420+0000] {taskinstance.py:430} INFO - ::endgroup::
[2025-07-28T07:54:42.428+0000] {logging_mixin.py:188} INFO - Loading data from Redis key: ***_data:dag_aaaaaaaaaaa
[2025-07-28T07:54:42.446+0000] {logging_mixin.py:188} INFO - Saved output CSV to: /opt/***/data/output/3f2a4b93-b237-4545-bd50-5004d863567c.csv
[2025-07-28T07:54:42.447+0000] {python.py:237} INFO - Done. Returned value was: None
[2025-07-28T07:54:42.447+0000] {taskinstance.py:441} INFO - ::group::Post task execution logs
[2025-07-28T07:54:42.454+0000] {taskinstance.py:1206} INFO - Marking task as SUCCESS. dag_id=dag_aaaaaaaaaaa, task_id=load_data_task, run_id=scheduled__2025-06-25T00:00:00+00:00, execution_date=20250625T000000, start_date=20250728T075442, end_date=20250728T075442
[2025-07-28T07:54:42.506+0000] {local_task_job_runner.py:240} INFO - Task exited with return code 0
[2025-07-28T07:54:42.520+0000] {taskinstance.py:3503} INFO - 0 downstream tasks scheduled from follow-on schedule check
[2025-07-28T07:54:42.523+0000] {local_task_job_runner.py:222} INFO - ::endgroup::
[2025-07-28T11:58:23.844+0000] {local_task_job_runner.py:120} INFO - ::group::Pre task execution logs
[2025-07-28T11:58:24.025+0000] {taskinstance.py:2076} INFO - Dependencies all met for dep_context=non-requeueable deps ti=<TaskInstance: dag_aaaaaaaaaaa.load_data_task scheduled__2025-06-25T00:00:00+00:00 [queued]>
[2025-07-28T11:58:24.032+0000] {taskinstance.py:2076} INFO - Dependencies all met for dep_context=requeueable deps ti=<TaskInstance: dag_aaaaaaaaaaa.load_data_task scheduled__2025-06-25T00:00:00+00:00 [queued]>
[2025-07-28T11:58:24.032+0000] {taskinstance.py:2306} INFO - Starting attempt 1 of 1
[2025-07-28T11:58:24.045+0000] {taskinstance.py:2330} INFO - Executing <Task(PythonOperator): load_data_task> on 2025-06-25 00:00:00+00:00
[2025-07-28T11:58:24.054+0000] {logging_mixin.py:188} WARNING - /home/***/.local/lib/python3.12/site-packages/***/task/task_runner/standard_task_runner.py:61 DeprecationWarning: This process (pid=877) is multi-threaded, use of fork() may lead to deadlocks in the child.
[2025-07-28T11:58:24.053+0000] {standard_task_runner.py:90} INFO - Running: ['***', 'tasks', 'run', 'dag_aaaaaaaaaaa', 'load_data_task', 'scheduled__2025-06-25T00:00:00+00:00', '--job-id', '39', '--raw', '--subdir', 'DAGS_FOLDER/dag_generator_python.py', '--cfg-path', '/tmp/tmpau_f9rg3']
[2025-07-28T11:58:24.054+0000] {standard_task_runner.py:91} INFO - Job 39: Subtask load_data_task
[2025-07-28T11:58:24.054+0000] {standard_task_runner.py:63} INFO - Started process 879 to run task
[2025-07-28T11:58:24.094+0000] {task_command.py:426} INFO - Running <TaskInstance: dag_aaaaaaaaaaa.load_data_task scheduled__2025-06-25T00:00:00+00:00 [running]> on host 1171f9d2ced8
[2025-07-28T11:58:24.173+0000] {taskinstance.py:2648} INFO - Exporting env vars: AIRFLOW_CTX_DAG_OWNER='***' AIRFLOW_CTX_DAG_ID='dag_aaaaaaaaaaa' AIRFLOW_CTX_TASK_ID='load_data_task' AIRFLOW_CTX_EXECUTION_DATE='2025-06-25T00:00:00+00:00' AIRFLOW_CTX_TRY_NUMBER='1' AIRFLOW_CTX_DAG_RUN_ID='scheduled__2025-06-25T00:00:00+00:00'
[2025-07-28T11:58:24.174+0000] {taskinstance.py:430} INFO - ::endgroup::
[2025-07-28T11:58:24.184+0000] {logging_mixin.py:188} INFO - Loading data from Redis key: ***_data:dag_aaaaaaaaaaa
[2025-07-28T11:58:24.215+0000] {logging_mixin.py:188} INFO - Saved output CSV to: /opt/***/data/output/3f2a4b93-b237-4545-bd50-5004d863567c.csv
[2025-07-28T11:58:24.215+0000] {python.py:237} INFO - Done. Returned value was: None
[2025-07-28T11:58:24.215+0000] {taskinstance.py:441} INFO - ::group::Post task execution logs
[2025-07-28T11:58:24.225+0000] {taskinstance.py:1206} INFO - Marking task as SUCCESS. dag_id=dag_aaaaaaaaaaa, task_id=load_data_task, run_id=scheduled__2025-06-25T00:00:00+00:00, execution_date=20250625T000000, start_date=20250728T115824, end_date=20250728T115824
[2025-07-28T11:58:24.268+0000] {local_task_job_runner.py:240} INFO - Task exited with return code 0
[2025-07-28T11:58:24.283+0000] {taskinstance.py:3503} INFO - 0 downstream tasks scheduled from follow-on schedule check
[2025-07-28T11:58:24.285+0000] {local_task_job_runner.py:222} INFO - ::endgroup::
