[2025-07-30T07:24:15.256+0000] {local_task_job_runner.py:120} INFO - ::group::Pre task execution logs
[2025-07-30T07:24:15.276+0000] {taskinstance.py:2076} INFO - Dependencies all met for dep_context=non-requeueable deps ti=<TaskInstance: dag_cccccccccccccccccc.load_data_task scheduled__2025-06-25T00:00:00+00:00 [queued]>
[2025-07-30T07:24:15.282+0000] {taskinstance.py:2076} INFO - Dependencies all met for dep_context=requeueable deps ti=<TaskInstance: dag_cccccccccccccccccc.load_data_task scheduled__2025-06-25T00:00:00+00:00 [queued]>
[2025-07-30T07:24:15.282+0000] {taskinstance.py:2306} INFO - Starting attempt 1 of 1
[2025-07-30T07:24:15.292+0000] {taskinstance.py:2330} INFO - Executing <Task(PythonOperator): load_data_task> on 2025-06-25 00:00:00+00:00
[2025-07-30T07:24:15.299+0000] {logging_mixin.py:188} WARNING - /home/***/.local/lib/python3.12/site-packages/***/task/task_runner/standard_task_runner.py:61 DeprecationWarning: This process (pid=2086) is multi-threaded, use of fork() may lead to deadlocks in the child.
[2025-07-30T07:24:15.300+0000] {standard_task_runner.py:63} INFO - Started process 2088 to run task
[2025-07-30T07:24:15.300+0000] {standard_task_runner.py:90} INFO - Running: ['***', 'tasks', 'run', 'dag_cccccccccccccccccc', 'load_data_task', 'scheduled__2025-06-25T00:00:00+00:00', '--job-id', '15', '--raw', '--subdir', 'DAGS_FOLDER/dag_generator_python.py', '--cfg-path', '/tmp/tmp5voukqxy']
[2025-07-30T07:24:15.301+0000] {standard_task_runner.py:91} INFO - Job 15: Subtask load_data_task
[2025-07-30T07:24:15.445+0000] {task_command.py:426} INFO - Running <TaskInstance: dag_cccccccccccccccccc.load_data_task scheduled__2025-06-25T00:00:00+00:00 [running]> on host 14614e29d246
[2025-07-30T07:24:15.537+0000] {taskinstance.py:2648} INFO - Exporting env vars: AIRFLOW_CTX_DAG_OWNER='***' AIRFLOW_CTX_DAG_ID='dag_cccccccccccccccccc' AIRFLOW_CTX_TASK_ID='load_data_task' AIRFLOW_CTX_EXECUTION_DATE='2025-06-25T00:00:00+00:00' AIRFLOW_CTX_TRY_NUMBER='1' AIRFLOW_CTX_DAG_RUN_ID='scheduled__2025-06-25T00:00:00+00:00'
[2025-07-30T07:24:15.538+0000] {taskinstance.py:430} INFO - ::endgroup::
[2025-07-30T07:24:15.549+0000] {logging_mixin.py:188} INFO - 測試匯入層
[2025-07-30T07:24:15.549+0000] {logging_mixin.py:188} INFO - {'transform_data_task'}
[2025-07-30T07:24:15.549+0000] {logging_mixin.py:188} INFO - 333333333333333333333333
[2025-07-30T07:24:15.549+0000] {logging_mixin.py:188} INFO - Loading data from Redis key: ***_data:dag_cccccccccccccccccc
[2025-07-30T07:24:15.567+0000] {logging_mixin.py:188} INFO - Saved output CSV to: /opt/***/data/output/3f2a4b93-b237-4545-bd50-5004d863567c.csv
[2025-07-30T07:24:15.567+0000] {python.py:237} INFO - Done. Returned value was: None
[2025-07-30T07:24:15.567+0000] {taskinstance.py:441} INFO - ::group::Post task execution logs
[2025-07-30T07:24:15.574+0000] {taskinstance.py:1206} INFO - Marking task as SUCCESS. dag_id=dag_cccccccccccccccccc, task_id=load_data_task, run_id=scheduled__2025-06-25T00:00:00+00:00, execution_date=20250625T000000, start_date=20250730T072415, end_date=20250730T072415
[2025-07-30T07:24:15.593+0000] {local_task_job_runner.py:240} INFO - Task exited with return code 0
[2025-07-30T07:24:15.618+0000] {taskinstance.py:3503} INFO - 0 downstream tasks scheduled from follow-on schedule check
[2025-07-30T07:24:15.622+0000] {local_task_job_runner.py:222} INFO - ::endgroup::
