[2025-08-03T10:58:04.881+0000] {local_task_job_runner.py:120} INFO - ::group::Pre task execution logs
[2025-08-03T10:58:04.920+0000] {taskinstance.py:2076} INFO - Dependencies all met for dep_context=non-requeueable deps ti=<TaskInstance: dag_55555.transform_data_task scheduled__2025-06-25T00:00:00+00:00 [queued]>
[2025-08-03T10:58:04.929+0000] {taskinstance.py:2076} INFO - Dependencies all met for dep_context=requeueable deps ti=<TaskInstance: dag_55555.transform_data_task scheduled__2025-06-25T00:00:00+00:00 [queued]>
[2025-08-03T10:58:04.929+0000] {taskinstance.py:2306} INFO - Starting attempt 1 of 1
[2025-08-03T10:58:04.943+0000] {taskinstance.py:2330} INFO - Executing <Task(PythonOperator): transform_data_task> on 2025-06-25 00:00:00+00:00
[2025-08-03T10:58:04.954+0000] {logging_mixin.py:188} WARNING - /home/***/.local/lib/python3.12/site-packages/***/task/task_runner/standard_task_runner.py:61 DeprecationWarning: This process (pid=2689) is multi-threaded, use of fork() may lead to deadlocks in the child.
[2025-08-03T10:58:04.954+0000] {standard_task_runner.py:63} INFO - Started process 2691 to run task
[2025-08-03T10:58:04.954+0000] {standard_task_runner.py:90} INFO - Running: ['***', 'tasks', 'run', 'dag_55555', 'transform_data_task', 'scheduled__2025-06-25T00:00:00+00:00', '--job-id', '52', '--raw', '--subdir', 'DAGS_FOLDER/dag_generator.py', '--cfg-path', '/tmp/tmpjfn4tykc']
[2025-08-03T10:58:04.956+0000] {standard_task_runner.py:91} INFO - Job 52: Subtask transform_data_task
[2025-08-03T10:58:05.176+0000] {task_command.py:426} INFO - Running <TaskInstance: dag_55555.transform_data_task scheduled__2025-06-25T00:00:00+00:00 [running]> on host cdda54659481
[2025-08-03T10:58:05.318+0000] {taskinstance.py:2648} INFO - Exporting env vars: AIRFLOW_CTX_DAG_OWNER='***' AIRFLOW_CTX_DAG_ID='dag_55555' AIRFLOW_CTX_TASK_ID='transform_data_task' AIRFLOW_CTX_EXECUTION_DATE='2025-06-25T00:00:00+00:00' AIRFLOW_CTX_TRY_NUMBER='1' AIRFLOW_CTX_DAG_RUN_ID='scheduled__2025-06-25T00:00:00+00:00'
[2025-08-03T10:58:05.320+0000] {taskinstance.py:430} INFO - ::endgroup::
[2025-08-03T10:58:05.341+0000] {__init__.py:118} INFO - 執行 transform_data (資料轉換層)
[2025-08-03T10:58:05.341+0000] {__init__.py:58} INFO - _get_upstream_output_path 上游任務: {'extract_data_task'}
[2025-08-03T10:58:05.341+0000] {__init__.py:74} INFO - 任務 'transform_data_task' 從單一上游 'extract_data_task' 拉取資料
[2025-08-03T10:58:05.359+0000] {__init__.py:76} INFO - 拉取到的 redis_key: ***_data:dag_55555.extract_data_task
[2025-08-03T10:58:05.366+0000] {__init__.py:43} INFO - 使用資料夾結構方法: product_analysis.aggregation
[2025-08-03T10:58:05.366+0000] {__init__.py:142} INFO - 呼叫方法 'product_analysis.aggregation' 來自模組 'processor.transform'
[2025-08-03T10:58:05.420+0000] {aggregation.py:22} INFO - 產品聚合分析完成, 產品數量: 4
[2025-08-03T10:58:05.421+0000] {__init__.py:153} INFO - 資料是 pd.DataFrame
[2025-08-03T10:58:05.422+0000] {__init__.py:163} INFO - 轉換後資料已存入 Redis，key=***_data:dag_55555.transform_data_task
[2025-08-03T10:58:05.423+0000] {__init__.py:172} INFO - 刪除上游 Redis key: ***_data:dag_55555.extract_data_task
[2025-08-03T10:58:05.442+0000] {python.py:237} INFO - Done. Returned value was: None
[2025-08-03T10:58:05.442+0000] {taskinstance.py:441} INFO - ::group::Post task execution logs
[2025-08-03T10:58:05.461+0000] {taskinstance.py:1206} INFO - Marking task as SUCCESS. dag_id=dag_55555, task_id=transform_data_task, run_id=scheduled__2025-06-25T00:00:00+00:00, execution_date=20250625T000000, start_date=20250803T105804, end_date=20250803T105805
[2025-08-03T10:58:05.529+0000] {local_task_job_runner.py:240} INFO - Task exited with return code 0
[2025-08-03T10:58:05.740+0000] {taskinstance.py:3503} INFO - 1 downstream tasks scheduled from follow-on schedule check
[2025-08-03T10:58:05.743+0000] {local_task_job_runner.py:222} INFO - ::endgroup::
[2025-08-03T11:00:06.150+0000] {local_task_job_runner.py:120} INFO - ::group::Pre task execution logs
[2025-08-03T11:00:06.180+0000] {taskinstance.py:2076} INFO - Dependencies all met for dep_context=non-requeueable deps ti=<TaskInstance: dag_55555.transform_data_task scheduled__2025-06-25T00:00:00+00:00 [queued]>
[2025-08-03T11:00:06.188+0000] {taskinstance.py:2076} INFO - Dependencies all met for dep_context=requeueable deps ti=<TaskInstance: dag_55555.transform_data_task scheduled__2025-06-25T00:00:00+00:00 [queued]>
[2025-08-03T11:00:06.188+0000] {taskinstance.py:2306} INFO - Starting attempt 1 of 1
[2025-08-03T11:00:06.200+0000] {taskinstance.py:2330} INFO - Executing <Task(PythonOperator): transform_data_task> on 2025-06-25 00:00:00+00:00
[2025-08-03T11:00:06.209+0000] {logging_mixin.py:188} WARNING - /home/***/.local/lib/python3.12/site-packages/***/task/task_runner/standard_task_runner.py:61 DeprecationWarning: This process (pid=2875) is multi-threaded, use of fork() may lead to deadlocks in the child.
[2025-08-03T11:00:06.210+0000] {standard_task_runner.py:63} INFO - Started process 2877 to run task
[2025-08-03T11:00:06.210+0000] {standard_task_runner.py:90} INFO - Running: ['***', 'tasks', 'run', 'dag_55555', 'transform_data_task', 'scheduled__2025-06-25T00:00:00+00:00', '--job-id', '57', '--raw', '--subdir', 'DAGS_FOLDER/dag_generator.py', '--cfg-path', '/tmp/tmp5wu1ixic']
[2025-08-03T11:00:06.212+0000] {standard_task_runner.py:91} INFO - Job 57: Subtask transform_data_task
[2025-08-03T11:00:06.363+0000] {task_command.py:426} INFO - Running <TaskInstance: dag_55555.transform_data_task scheduled__2025-06-25T00:00:00+00:00 [running]> on host cdda54659481
[2025-08-03T11:00:06.433+0000] {taskinstance.py:2648} INFO - Exporting env vars: AIRFLOW_CTX_DAG_OWNER='***' AIRFLOW_CTX_DAG_ID='dag_55555' AIRFLOW_CTX_TASK_ID='transform_data_task' AIRFLOW_CTX_EXECUTION_DATE='2025-06-25T00:00:00+00:00' AIRFLOW_CTX_TRY_NUMBER='1' AIRFLOW_CTX_DAG_RUN_ID='scheduled__2025-06-25T00:00:00+00:00'
[2025-08-03T11:00:06.434+0000] {taskinstance.py:430} INFO - ::endgroup::
[2025-08-03T11:00:06.447+0000] {__init__.py:118} INFO - 執行 transform_data (資料轉換層)
[2025-08-03T11:00:06.448+0000] {__init__.py:58} INFO - _get_upstream_output_path 上游任務: {'extract_data_task'}
[2025-08-03T11:00:06.448+0000] {__init__.py:74} INFO - 任務 'transform_data_task' 從單一上游 'extract_data_task' 拉取資料
[2025-08-03T11:00:06.459+0000] {__init__.py:76} INFO - 拉取到的 redis_key: ***_data:dag_55555.extract_data_task
[2025-08-03T11:00:06.462+0000] {__init__.py:43} INFO - 使用資料夾結構方法: product_analysis.aggregation
[2025-08-03T11:00:06.463+0000] {__init__.py:142} INFO - 呼叫方法 'product_analysis.aggregation' 來自模組 'processor.transform'
[2025-08-03T11:00:06.502+0000] {aggregation.py:22} INFO - 產品聚合分析完成, 產品數量: 4
[2025-08-03T11:00:06.502+0000] {__init__.py:153} INFO - 資料是 pd.DataFrame
[2025-08-03T11:00:06.504+0000] {__init__.py:163} INFO - 轉換後資料已存入 Redis，key=***_data:dag_55555.transform_data_task
[2025-08-03T11:00:06.504+0000] {__init__.py:172} INFO - 刪除上游 Redis key: ***_data:dag_55555.extract_data_task
[2025-08-03T11:00:06.519+0000] {python.py:237} INFO - Done. Returned value was: None
[2025-08-03T11:00:06.519+0000] {taskinstance.py:441} INFO - ::group::Post task execution logs
[2025-08-03T11:00:06.529+0000] {taskinstance.py:1206} INFO - Marking task as SUCCESS. dag_id=dag_55555, task_id=transform_data_task, run_id=scheduled__2025-06-25T00:00:00+00:00, execution_date=20250625T000000, start_date=20250803T110006, end_date=20250803T110006
[2025-08-03T11:00:06.584+0000] {local_task_job_runner.py:240} INFO - Task exited with return code 0
[2025-08-03T11:00:06.703+0000] {taskinstance.py:3503} INFO - 1 downstream tasks scheduled from follow-on schedule check
[2025-08-03T11:00:06.709+0000] {local_task_job_runner.py:222} INFO - ::endgroup::
