[2025-07-31T02:01:42.633+0000] {local_task_job_runner.py:120} INFO - ::group::Pre task execution logs
[2025-07-31T02:01:42.789+0000] {taskinstance.py:2076} INFO - Dependencies all met for dep_context=non-requeueable deps ti=<TaskInstance: dag_rrtttttttttttttttttt.extract_data_task scheduled__2025-06-25T00:00:00+00:00 [queued]>
[2025-07-31T02:01:42.805+0000] {taskinstance.py:2076} INFO - Dependencies all met for dep_context=requeueable deps ti=<TaskInstance: dag_rrtttttttttttttttttt.extract_data_task scheduled__2025-06-25T00:00:00+00:00 [queued]>
[2025-07-31T02:01:42.806+0000] {taskinstance.py:2306} INFO - Starting attempt 1 of 1
[2025-07-31T02:01:42.828+0000] {taskinstance.py:2330} INFO - Executing <Task(PythonOperator): extract_data_task> on 2025-06-25 00:00:00+00:00
[2025-07-31T02:01:42.850+0000] {logging_mixin.py:188} WARNING - /home/***/.local/lib/python3.12/site-packages/***/task/task_runner/standard_task_runner.py:61 DeprecationWarning: This process (pid=7078) is multi-threaded, use of fork() may lead to deadlocks in the child.
[2025-07-31T02:01:42.849+0000] {standard_task_runner.py:90} INFO - Running: ['***', 'tasks', 'run', 'dag_rrtttttttttttttttttt', 'extract_data_task', 'scheduled__2025-06-25T00:00:00+00:00', '--job-id', '124', '--raw', '--subdir', 'DAGS_FOLDER/dag_generator_python.py', '--cfg-path', '/tmp/tmpe4bdq4ym']
[2025-07-31T02:01:42.853+0000] {standard_task_runner.py:63} INFO - Started process 7080 to run task
[2025-07-31T02:01:42.854+0000] {standard_task_runner.py:91} INFO - Job 124: Subtask extract_data_task
[2025-07-31T02:01:42.893+0000] {task_command.py:426} INFO - Running <TaskInstance: dag_rrtttttttttttttttttt.extract_data_task scheduled__2025-06-25T00:00:00+00:00 [running]> on host 14614e29d246
[2025-07-31T02:01:42.982+0000] {taskinstance.py:2648} INFO - Exporting env vars: AIRFLOW_CTX_DAG_OWNER='***' AIRFLOW_CTX_DAG_ID='dag_rrtttttttttttttttttt' AIRFLOW_CTX_TASK_ID='extract_data_task' AIRFLOW_CTX_EXECUTION_DATE='2025-06-25T00:00:00+00:00' AIRFLOW_CTX_TRY_NUMBER='1' AIRFLOW_CTX_DAG_RUN_ID='scheduled__2025-06-25T00:00:00+00:00'
[2025-07-31T02:01:42.983+0000] {taskinstance.py:430} INFO - ::endgroup::
[2025-07-31T02:01:42.997+0000] {__init__.py:57} INFO - 執行 extract_data (資料載入層)
[2025-07-31T02:01:42.997+0000] {__init__.py:61} INFO - 呼叫演算法 'test_csv' 來自模組 'processor.extract.readNP'
[2025-07-31T02:01:42.997+0000] {logging_mixin.py:188} INFO - test.npy
[2025-07-31T02:01:42.998+0000] {__init__.py:65} INFO - 資料是 numpy.ndarray
[2025-07-31T02:01:42.999+0000] {__init__.py:82} INFO - 資料已存入 Redis，key=***_data:dag_rrtttttttttttttttttt.extract_data_task
[2025-07-31T02:01:43.011+0000] {python.py:237} INFO - Done. Returned value was: None
[2025-07-31T02:01:43.012+0000] {taskinstance.py:441} INFO - ::group::Post task execution logs
[2025-07-31T02:01:43.022+0000] {taskinstance.py:1206} INFO - Marking task as SUCCESS. dag_id=dag_rrtttttttttttttttttt, task_id=extract_data_task, run_id=scheduled__2025-06-25T00:00:00+00:00, execution_date=20250625T000000, start_date=20250731T020142, end_date=20250731T020143
[2025-07-31T02:01:43.069+0000] {local_task_job_runner.py:240} INFO - Task exited with return code 0
[2025-07-31T02:01:43.100+0000] {taskinstance.py:3503} INFO - 1 downstream tasks scheduled from follow-on schedule check
[2025-07-31T02:01:43.103+0000] {local_task_job_runner.py:222} INFO - ::endgroup::
[2025-07-31T02:04:45.407+0000] {local_task_job_runner.py:120} INFO - ::group::Pre task execution logs
[2025-07-31T02:04:45.589+0000] {taskinstance.py:2076} INFO - Dependencies all met for dep_context=non-requeueable deps ti=<TaskInstance: dag_rrtttttttttttttttttt.extract_data_task scheduled__2025-06-25T00:00:00+00:00 [queued]>
[2025-07-31T02:04:45.598+0000] {taskinstance.py:2076} INFO - Dependencies all met for dep_context=requeueable deps ti=<TaskInstance: dag_rrtttttttttttttttttt.extract_data_task scheduled__2025-06-25T00:00:00+00:00 [queued]>
[2025-07-31T02:04:45.598+0000] {taskinstance.py:2306} INFO - Starting attempt 1 of 1
[2025-07-31T02:04:45.608+0000] {taskinstance.py:2330} INFO - Executing <Task(PythonOperator): extract_data_task> on 2025-06-25 00:00:00+00:00
[2025-07-31T02:04:45.615+0000] {logging_mixin.py:188} WARNING - /home/***/.local/lib/python3.12/site-packages/***/task/task_runner/standard_task_runner.py:61 DeprecationWarning: This process (pid=7263) is multi-threaded, use of fork() may lead to deadlocks in the child.
[2025-07-31T02:04:45.616+0000] {standard_task_runner.py:63} INFO - Started process 7265 to run task
[2025-07-31T02:04:45.616+0000] {standard_task_runner.py:90} INFO - Running: ['***', 'tasks', 'run', 'dag_rrtttttttttttttttttt', 'extract_data_task', 'scheduled__2025-06-25T00:00:00+00:00', '--job-id', '126', '--raw', '--subdir', 'DAGS_FOLDER/dag_generator_python.py', '--cfg-path', '/tmp/tmp34zcl_2n']
[2025-07-31T02:04:45.617+0000] {standard_task_runner.py:91} INFO - Job 126: Subtask extract_data_task
[2025-07-31T02:04:45.688+0000] {task_command.py:426} INFO - Running <TaskInstance: dag_rrtttttttttttttttttt.extract_data_task scheduled__2025-06-25T00:00:00+00:00 [running]> on host 14614e29d246
[2025-07-31T02:04:45.801+0000] {taskinstance.py:2648} INFO - Exporting env vars: AIRFLOW_CTX_DAG_OWNER='***' AIRFLOW_CTX_DAG_ID='dag_rrtttttttttttttttttt' AIRFLOW_CTX_TASK_ID='extract_data_task' AIRFLOW_CTX_EXECUTION_DATE='2025-06-25T00:00:00+00:00' AIRFLOW_CTX_TRY_NUMBER='1' AIRFLOW_CTX_DAG_RUN_ID='scheduled__2025-06-25T00:00:00+00:00'
[2025-07-31T02:04:45.801+0000] {taskinstance.py:430} INFO - ::endgroup::
[2025-07-31T02:04:45.811+0000] {__init__.py:57} INFO - 執行 extract_data (資料載入層)
[2025-07-31T02:04:45.812+0000] {__init__.py:61} INFO - 呼叫演算法 'test_csv' 來自模組 'processor.extract.readNP'
[2025-07-31T02:04:45.812+0000] {logging_mixin.py:188} INFO - test.npy
[2025-07-31T02:04:45.813+0000] {__init__.py:65} INFO - 資料是 numpy.ndarray
[2025-07-31T02:04:45.815+0000] {__init__.py:82} INFO - 資料已存入 Redis，key=***_data:dag_rrtttttttttttttttttt.extract_data_task
[2025-07-31T02:04:45.827+0000] {python.py:237} INFO - Done. Returned value was: None
[2025-07-31T02:04:45.827+0000] {taskinstance.py:441} INFO - ::group::Post task execution logs
[2025-07-31T02:04:45.835+0000] {taskinstance.py:1206} INFO - Marking task as SUCCESS. dag_id=dag_rrtttttttttttttttttt, task_id=extract_data_task, run_id=scheduled__2025-06-25T00:00:00+00:00, execution_date=20250625T000000, start_date=20250731T020445, end_date=20250731T020445
[2025-07-31T02:04:45.869+0000] {local_task_job_runner.py:240} INFO - Task exited with return code 0
[2025-07-31T02:04:45.889+0000] {local_task_job_runner.py:222} INFO - ::endgroup::
[2025-07-31T02:12:24.465+0000] {local_task_job_runner.py:120} INFO - ::group::Pre task execution logs
[2025-07-31T02:12:24.641+0000] {taskinstance.py:2076} INFO - Dependencies all met for dep_context=non-requeueable deps ti=<TaskInstance: dag_rrtttttttttttttttttt.extract_data_task scheduled__2025-06-25T00:00:00+00:00 [queued]>
[2025-07-31T02:12:24.651+0000] {taskinstance.py:2076} INFO - Dependencies all met for dep_context=requeueable deps ti=<TaskInstance: dag_rrtttttttttttttttttt.extract_data_task scheduled__2025-06-25T00:00:00+00:00 [queued]>
[2025-07-31T02:12:24.652+0000] {taskinstance.py:2306} INFO - Starting attempt 1 of 1
[2025-07-31T02:12:24.671+0000] {taskinstance.py:2330} INFO - Executing <Task(PythonOperator): extract_data_task> on 2025-06-25 00:00:00+00:00
[2025-07-31T02:12:24.688+0000] {logging_mixin.py:188} WARNING - /home/***/.local/lib/python3.12/site-packages/***/task/task_runner/standard_task_runner.py:61 DeprecationWarning: This process (pid=7743) is multi-threaded, use of fork() may lead to deadlocks in the child.
[2025-07-31T02:12:24.689+0000] {standard_task_runner.py:63} INFO - Started process 7745 to run task
[2025-07-31T02:12:24.689+0000] {standard_task_runner.py:90} INFO - Running: ['***', 'tasks', 'run', 'dag_rrtttttttttttttttttt', 'extract_data_task', 'scheduled__2025-06-25T00:00:00+00:00', '--job-id', '135', '--raw', '--subdir', 'DAGS_FOLDER/dag_generator_python.py', '--cfg-path', '/tmp/tmpvc43mpaf']
[2025-07-31T02:12:24.692+0000] {standard_task_runner.py:91} INFO - Job 135: Subtask extract_data_task
[2025-07-31T02:12:24.764+0000] {task_command.py:426} INFO - Running <TaskInstance: dag_rrtttttttttttttttttt.extract_data_task scheduled__2025-06-25T00:00:00+00:00 [running]> on host 14614e29d246
[2025-07-31T02:12:24.892+0000] {taskinstance.py:2648} INFO - Exporting env vars: AIRFLOW_CTX_DAG_OWNER='***' AIRFLOW_CTX_DAG_ID='dag_rrtttttttttttttttttt' AIRFLOW_CTX_TASK_ID='extract_data_task' AIRFLOW_CTX_EXECUTION_DATE='2025-06-25T00:00:00+00:00' AIRFLOW_CTX_TRY_NUMBER='1' AIRFLOW_CTX_DAG_RUN_ID='scheduled__2025-06-25T00:00:00+00:00'
[2025-07-31T02:12:24.894+0000] {taskinstance.py:430} INFO - ::endgroup::
[2025-07-31T02:12:24.908+0000] {__init__.py:57} INFO - 執行 extract_data (資料載入層)
[2025-07-31T02:12:24.909+0000] {__init__.py:61} INFO - 呼叫演算法 'test_csv' 來自模組 'processor.extract.readNP'
[2025-07-31T02:12:24.909+0000] {logging_mixin.py:188} INFO - test.npy
[2025-07-31T02:12:24.910+0000] {__init__.py:65} INFO - 資料是 numpy.ndarray
[2025-07-31T02:12:24.911+0000] {__init__.py:82} INFO - 資料已存入 Redis，key=***_data:dag_rrtttttttttttttttttt.extract_data_task
[2025-07-31T02:12:24.922+0000] {python.py:237} INFO - Done. Returned value was: None
[2025-07-31T02:12:24.923+0000] {taskinstance.py:441} INFO - ::group::Post task execution logs
[2025-07-31T02:12:24.935+0000] {taskinstance.py:1206} INFO - Marking task as SUCCESS. dag_id=dag_rrtttttttttttttttttt, task_id=extract_data_task, run_id=scheduled__2025-06-25T00:00:00+00:00, execution_date=20250625T000000, start_date=20250731T021224, end_date=20250731T021224
[2025-07-31T02:12:24.983+0000] {local_task_job_runner.py:240} INFO - Task exited with return code 0
[2025-07-31T02:12:25.019+0000] {taskinstance.py:3503} INFO - 0 downstream tasks scheduled from follow-on schedule check
[2025-07-31T02:12:25.020+0000] {local_task_job_runner.py:222} INFO - ::endgroup::
[2025-07-31T02:12:54.793+0000] {local_task_job_runner.py:120} INFO - ::group::Pre task execution logs
[2025-07-31T02:12:54.919+0000] {taskinstance.py:2076} INFO - Dependencies all met for dep_context=non-requeueable deps ti=<TaskInstance: dag_rrtttttttttttttttttt.extract_data_task scheduled__2025-06-25T00:00:00+00:00 [queued]>
[2025-07-31T02:12:54.924+0000] {taskinstance.py:2076} INFO - Dependencies all met for dep_context=requeueable deps ti=<TaskInstance: dag_rrtttttttttttttttttt.extract_data_task scheduled__2025-06-25T00:00:00+00:00 [queued]>
[2025-07-31T02:12:54.924+0000] {taskinstance.py:2306} INFO - Starting attempt 1 of 1
[2025-07-31T02:12:54.933+0000] {taskinstance.py:2330} INFO - Executing <Task(PythonOperator): extract_data_task> on 2025-06-25 00:00:00+00:00
[2025-07-31T02:12:54.940+0000] {standard_task_runner.py:90} INFO - Running: ['***', 'tasks', 'run', 'dag_rrtttttttttttttttttt', 'extract_data_task', 'scheduled__2025-06-25T00:00:00+00:00', '--job-id', '139', '--raw', '--subdir', 'DAGS_FOLDER/dag_generator_python.py', '--cfg-path', '/tmp/tmp2oxucjfg']
[2025-07-31T02:12:54.941+0000] {logging_mixin.py:188} WARNING - /home/***/.local/lib/python3.12/site-packages/***/task/task_runner/standard_task_runner.py:61 DeprecationWarning: This process (pid=7783) is multi-threaded, use of fork() may lead to deadlocks in the child.
[2025-07-31T02:12:54.941+0000] {standard_task_runner.py:91} INFO - Job 139: Subtask extract_data_task
[2025-07-31T02:12:54.941+0000] {standard_task_runner.py:63} INFO - Started process 7790 to run task
[2025-07-31T02:12:54.975+0000] {task_command.py:426} INFO - Running <TaskInstance: dag_rrtttttttttttttttttt.extract_data_task scheduled__2025-06-25T00:00:00+00:00 [running]> on host 14614e29d246
[2025-07-31T02:12:55.041+0000] {taskinstance.py:2648} INFO - Exporting env vars: AIRFLOW_CTX_DAG_OWNER='***' AIRFLOW_CTX_DAG_ID='dag_rrtttttttttttttttttt' AIRFLOW_CTX_TASK_ID='extract_data_task' AIRFLOW_CTX_EXECUTION_DATE='2025-06-25T00:00:00+00:00' AIRFLOW_CTX_TRY_NUMBER='1' AIRFLOW_CTX_DAG_RUN_ID='scheduled__2025-06-25T00:00:00+00:00'
[2025-07-31T02:12:55.042+0000] {taskinstance.py:430} INFO - ::endgroup::
[2025-07-31T02:12:55.050+0000] {__init__.py:57} INFO - 執行 extract_data (資料載入層)
[2025-07-31T02:12:55.051+0000] {__init__.py:61} INFO - 呼叫演算法 'test_csv' 來自模組 'processor.extract.readNP'
[2025-07-31T02:12:55.051+0000] {logging_mixin.py:188} INFO - test.npy
[2025-07-31T02:12:55.051+0000] {__init__.py:65} INFO - 資料是 numpy.ndarray
[2025-07-31T02:12:55.052+0000] {__init__.py:82} INFO - 資料已存入 Redis，key=***_data:dag_rrtttttttttttttttttt.extract_data_task
[2025-07-31T02:12:55.060+0000] {python.py:237} INFO - Done. Returned value was: None
[2025-07-31T02:12:55.061+0000] {taskinstance.py:441} INFO - ::group::Post task execution logs
[2025-07-31T02:12:55.066+0000] {taskinstance.py:1206} INFO - Marking task as SUCCESS. dag_id=dag_rrtttttttttttttttttt, task_id=extract_data_task, run_id=scheduled__2025-06-25T00:00:00+00:00, execution_date=20250625T000000, start_date=20250731T021254, end_date=20250731T021255
[2025-07-31T02:12:55.114+0000] {local_task_job_runner.py:240} INFO - Task exited with return code 0
[2025-07-31T02:12:55.139+0000] {taskinstance.py:3503} INFO - 1 downstream tasks scheduled from follow-on schedule check
[2025-07-31T02:12:55.141+0000] {local_task_job_runner.py:222} INFO - ::endgroup::
