[2025-07-28T14:01:34.642+0000] {local_task_job_runner.py:120} INFO - ::group::Pre task execution logs
[2025-07-28T14:01:34.824+0000] {taskinstance.py:2076} INFO - Dependencies all met for dep_context=non-requeueable deps ti=<TaskInstance: dag_qeeeeeeeeeqq.extract_data_task scheduled__2025-06-25T00:00:00+00:00 [queued]>
[2025-07-28T14:01:34.830+0000] {taskinstance.py:2076} INFO - Dependencies all met for dep_context=requeueable deps ti=<TaskInstance: dag_qeeeeeeeeeqq.extract_data_task scheduled__2025-06-25T00:00:00+00:00 [queued]>
[2025-07-28T14:01:34.831+0000] {taskinstance.py:2306} INFO - Starting attempt 1 of 1
[2025-07-28T14:01:34.843+0000] {taskinstance.py:2330} INFO - Executing <Task(PythonOperator): extract_data_task> on 2025-06-25 00:00:00+00:00
[2025-07-28T14:01:34.850+0000] {logging_mixin.py:188} WARNING - /home/***/.local/lib/python3.12/site-packages/***/task/task_runner/standard_task_runner.py:61 DeprecationWarning: This process (pid=8287) is multi-threaded, use of fork() may lead to deadlocks in the child.
[2025-07-28T14:01:34.849+0000] {standard_task_runner.py:90} INFO - Running: ['***', 'tasks', 'run', 'dag_qeeeeeeeeeqq', 'extract_data_task', 'scheduled__2025-06-25T00:00:00+00:00', '--job-id', '53', '--raw', '--subdir', 'DAGS_FOLDER/dag_generator_python.py', '--cfg-path', '/tmp/tmplsg_n83o']
[2025-07-28T14:01:34.851+0000] {standard_task_runner.py:91} INFO - Job 53: Subtask extract_data_task
[2025-07-28T14:01:34.851+0000] {standard_task_runner.py:63} INFO - Started process 8289 to run task
[2025-07-28T14:01:34.896+0000] {task_command.py:426} INFO - Running <TaskInstance: dag_qeeeeeeeeeqq.extract_data_task scheduled__2025-06-25T00:00:00+00:00 [running]> on host 1171f9d2ced8
[2025-07-28T14:01:34.961+0000] {taskinstance.py:2648} INFO - Exporting env vars: AIRFLOW_CTX_DAG_OWNER='***' AIRFLOW_CTX_DAG_ID='dag_qeeeeeeeeeqq' AIRFLOW_CTX_TASK_ID='extract_data_task' AIRFLOW_CTX_EXECUTION_DATE='2025-06-25T00:00:00+00:00' AIRFLOW_CTX_TRY_NUMBER='1' AIRFLOW_CTX_DAG_RUN_ID='scheduled__2025-06-25T00:00:00+00:00'
[2025-07-28T14:01:34.962+0000] {taskinstance.py:430} INFO - ::endgroup::
[2025-07-28T14:01:34.971+0000] {logging_mixin.py:188} INFO - <TaskInstance: dag_qeeeeeeeeeqq.extract_data_task scheduled__2025-06-25T00:00:00+00:00 [running]>
[2025-07-28T14:01:34.972+0000] {logging_mixin.py:188} INFO - Applying algorithm 'test_csv' from module 'processor.extract.readCSV'
[2025-07-28T14:01:34.973+0000] {logging_mixin.py:188} INFO - 3f2a4b93-b237-4545-bd50-5004d863567c.csv
[2025-07-28T14:01:34.992+0000] {logging_mixin.py:188} INFO - Data stored in Redis key: ***_data:dag_qeeeeeeeeeqq
[2025-07-28T14:01:35.005+0000] {python.py:237} INFO - Done. Returned value was: None
[2025-07-28T14:01:35.005+0000] {taskinstance.py:441} INFO - ::group::Post task execution logs
[2025-07-28T14:01:35.015+0000] {taskinstance.py:1206} INFO - Marking task as SUCCESS. dag_id=dag_qeeeeeeeeeqq, task_id=extract_data_task, run_id=scheduled__2025-06-25T00:00:00+00:00, execution_date=20250625T000000, start_date=20250728T140134, end_date=20250728T140135
[2025-07-28T14:01:35.064+0000] {local_task_job_runner.py:240} INFO - Task exited with return code 0
[2025-07-28T14:01:35.085+0000] {taskinstance.py:3503} INFO - 1 downstream tasks scheduled from follow-on schedule check
[2025-07-28T14:01:35.088+0000] {local_task_job_runner.py:222} INFO - ::endgroup::
