[2025-08-01T01:02:02.412+0000] {local_task_job_runner.py:120} INFO - ::group::Pre task execution logs
[2025-08-01T01:02:02.557+0000] {taskinstance.py:2076} INFO - Dependencies all met for dep_context=non-requeueable deps ti=<TaskInstance: dag_aaaaaa.extract_data_task scheduled__2025-06-25T00:00:00+00:00 [queued]>
[2025-08-01T01:02:02.568+0000] {taskinstance.py:2076} INFO - Dependencies all met for dep_context=requeueable deps ti=<TaskInstance: dag_aaaaaa.extract_data_task scheduled__2025-06-25T00:00:00+00:00 [queued]>
[2025-08-01T01:02:02.569+0000] {taskinstance.py:2306} INFO - Starting attempt 1 of 1
[2025-08-01T01:02:02.587+0000] {taskinstance.py:2330} INFO - Executing <Task(PythonOperator): extract_data_task> on 2025-06-25 00:00:00+00:00
[2025-08-01T01:02:02.595+0000] {logging_mixin.py:188} WARNING - /home/***/.local/lib/python3.12/site-packages/***/task/task_runner/standard_task_runner.py:61 DeprecationWarning: This process (pid=4386) is multi-threaded, use of fork() may lead to deadlocks in the child.
[2025-08-01T01:02:02.596+0000] {standard_task_runner.py:63} INFO - Started process 4388 to run task
[2025-08-01T01:02:02.596+0000] {standard_task_runner.py:90} INFO - Running: ['***', 'tasks', 'run', 'dag_aaaaaa', 'extract_data_task', 'scheduled__2025-06-25T00:00:00+00:00', '--job-id', '165', '--raw', '--subdir', 'DAGS_FOLDER/dag_generator.py', '--cfg-path', '/tmp/tmpz9xxixg1']
[2025-08-01T01:02:02.598+0000] {standard_task_runner.py:91} INFO - Job 165: Subtask extract_data_task
[2025-08-01T01:02:02.656+0000] {task_command.py:426} INFO - Running <TaskInstance: dag_aaaaaa.extract_data_task scheduled__2025-06-25T00:00:00+00:00 [running]> on host 14614e29d246
[2025-08-01T01:02:02.765+0000] {taskinstance.py:2648} INFO - Exporting env vars: AIRFLOW_CTX_DAG_OWNER='***' AIRFLOW_CTX_DAG_ID='dag_aaaaaa' AIRFLOW_CTX_TASK_ID='extract_data_task' AIRFLOW_CTX_EXECUTION_DATE='2025-06-25T00:00:00+00:00' AIRFLOW_CTX_TRY_NUMBER='1' AIRFLOW_CTX_DAG_RUN_ID='scheduled__2025-06-25T00:00:00+00:00'
[2025-08-01T01:02:02.766+0000] {taskinstance.py:430} INFO - ::endgroup::
[2025-08-01T01:02:02.779+0000] {__init__.py:60} INFO - 執行 extract_data (資料載入層)
[2025-08-01T01:02:02.780+0000] {__init__.py:64} INFO - 呼叫演算法 'test_csv' 來自模組 'processor.extract.readCSV'
[2025-08-01T01:02:02.780+0000] {logging_mixin.py:188} INFO - 3f2a4b93-b237-4545-bd50-5004d863567c.csv
[2025-08-01T01:02:02.783+0000] {__init__.py:74} INFO - 資料是 pd.DataFrame
[2025-08-01T01:02:02.796+0000] {__init__.py:85} INFO - 資料已存入 Redis，key=***_data:dag_aaaaaa.extract_data_task
[2025-08-01T01:02:02.810+0000] {python.py:237} INFO - Done. Returned value was: None
[2025-08-01T01:02:02.811+0000] {taskinstance.py:441} INFO - ::group::Post task execution logs
[2025-08-01T01:02:02.823+0000] {taskinstance.py:1206} INFO - Marking task as SUCCESS. dag_id=dag_aaaaaa, task_id=extract_data_task, run_id=scheduled__2025-06-25T00:00:00+00:00, execution_date=20250625T000000, start_date=20250801T010202, end_date=20250801T010202
[2025-08-01T01:02:02.850+0000] {local_task_job_runner.py:240} INFO - Task exited with return code 0
[2025-08-01T01:02:02.889+0000] {taskinstance.py:3503} INFO - 1 downstream tasks scheduled from follow-on schedule check
[2025-08-01T01:02:02.890+0000] {local_task_job_runner.py:222} INFO - ::endgroup::
