[2025-07-30T12:58:01.885+0000] {local_task_job_runner.py:120} INFO - ::group::Pre task execution logs
[2025-07-30T12:58:02.009+0000] {taskinstance.py:2076} INFO - Dependencies all met for dep_context=non-requeueable deps ti=<TaskInstance: dag_ggggggggggggggggg.transform_data_task scheduled__2025-06-25T00:00:00+00:00 [queued]>
[2025-07-30T12:58:02.017+0000] {taskinstance.py:2076} INFO - Dependencies all met for dep_context=requeueable deps ti=<TaskInstance: dag_ggggggggggggggggg.transform_data_task scheduled__2025-06-25T00:00:00+00:00 [queued]>
[2025-07-30T12:58:02.017+0000] {taskinstance.py:2306} INFO - Starting attempt 1 of 1
[2025-07-30T12:58:02.029+0000] {taskinstance.py:2330} INFO - Executing <Task(PythonOperator): transform_data_task> on 2025-06-25 00:00:00+00:00
[2025-07-30T12:58:02.036+0000] {logging_mixin.py:188} WARNING - /home/***/.local/lib/python3.12/site-packages/***/task/task_runner/standard_task_runner.py:61 DeprecationWarning: This process (pid=3374) is multi-threaded, use of fork() may lead to deadlocks in the child.
[2025-07-30T12:58:02.036+0000] {standard_task_runner.py:63} INFO - Started process 3376 to run task
[2025-07-30T12:58:02.036+0000] {standard_task_runner.py:90} INFO - Running: ['***', 'tasks', 'run', 'dag_ggggggggggggggggg', 'transform_data_task', 'scheduled__2025-06-25T00:00:00+00:00', '--job-id', '47', '--raw', '--subdir', 'DAGS_FOLDER/dag_generator_python.py', '--cfg-path', '/tmp/tmp48kpwqnm']
[2025-07-30T12:58:02.038+0000] {standard_task_runner.py:91} INFO - Job 47: Subtask transform_data_task
[2025-07-30T12:58:02.076+0000] {task_command.py:426} INFO - Running <TaskInstance: dag_ggggggggggggggggg.transform_data_task scheduled__2025-06-25T00:00:00+00:00 [running]> on host 14614e29d246
[2025-07-30T12:58:02.157+0000] {taskinstance.py:2648} INFO - Exporting env vars: AIRFLOW_CTX_DAG_OWNER='***' AIRFLOW_CTX_DAG_ID='dag_ggggggggggggggggg' AIRFLOW_CTX_TASK_ID='transform_data_task' AIRFLOW_CTX_EXECUTION_DATE='2025-06-25T00:00:00+00:00' AIRFLOW_CTX_TRY_NUMBER='1' AIRFLOW_CTX_DAG_RUN_ID='scheduled__2025-06-25T00:00:00+00:00'
[2025-07-30T12:58:02.158+0000] {taskinstance.py:430} INFO - ::endgroup::
[2025-07-30T12:58:02.171+0000] {__init__.py:103} INFO - 執行 transform_data (資料轉換層)
[2025-07-30T12:58:02.171+0000] {__init__.py:42} INFO - _get_upstream_output_path 上游任務: {'extract_data_task'}
[2025-07-30T12:58:02.171+0000] {__init__.py:62} INFO - 任務 'transform_data_task' 從單一上游 'extract_data_task' 拉取資料
[2025-07-30T12:58:02.184+0000] {__init__.py:65} INFO - 拉取到的 redis_key: ***_data:dag_ggggggggggggggggg.extract_data_task
[2025-07-30T12:58:02.185+0000] {__init__.py:121} INFO - 從 Redis key 讀取資料: ***_data:dag_ggggggggggggggggg.extract_data_task
[2025-07-30T12:58:02.189+0000] {__init__.py:133} INFO - 呼叫演算法 'aggregate_product_data' 來自模組 'processor.transform.algos_1'
[2025-07-30T12:58:02.234+0000] {__init__.py:148} INFO - 轉換後資料已存入 Redis，key=***_data:dag_ggggggggggggggggg.transform_data_task
[2025-07-30T12:58:02.254+0000] {python.py:237} INFO - Done. Returned value was: None
[2025-07-30T12:58:02.254+0000] {taskinstance.py:441} INFO - ::group::Post task execution logs
[2025-07-30T12:58:02.274+0000] {taskinstance.py:1206} INFO - Marking task as SUCCESS. dag_id=dag_ggggggggggggggggg, task_id=transform_data_task, run_id=scheduled__2025-06-25T00:00:00+00:00, execution_date=20250625T000000, start_date=20250730T125802, end_date=20250730T125802
[2025-07-30T12:58:02.330+0000] {local_task_job_runner.py:240} INFO - Task exited with return code 0
[2025-07-30T12:58:02.361+0000] {taskinstance.py:3503} INFO - 1 downstream tasks scheduled from follow-on schedule check
[2025-07-30T12:58:02.364+0000] {local_task_job_runner.py:222} INFO - ::endgroup::
