[2025-08-01T05:30:38.840+0000] {local_task_job_runner.py:120} INFO - ::group::Pre task execution logs
[2025-08-01T05:30:38.939+0000] {taskinstance.py:2076} INFO - Dependencies all met for dep_context=non-requeueable deps ti=<TaskInstance: dag_bbbbbbb.load_data_task manual__2025-08-01T05:30:36.106060+00:00 [queued]>
[2025-08-01T05:30:38.944+0000] {taskinstance.py:2076} INFO - Dependencies all met for dep_context=requeueable deps ti=<TaskInstance: dag_bbbbbbb.load_data_task manual__2025-08-01T05:30:36.106060+00:00 [queued]>
[2025-08-01T05:30:38.944+0000] {taskinstance.py:2306} INFO - Starting attempt 1 of 1
[2025-08-01T05:30:38.955+0000] {taskinstance.py:2330} INFO - Executing <Task(PythonOperator): load_data_task> on 2025-08-01 05:30:36.106060+00:00
[2025-08-01T05:30:38.961+0000] {logging_mixin.py:188} WARNING - /home/***/.local/lib/python3.12/site-packages/***/task/task_runner/standard_task_runner.py:61 DeprecationWarning: This process (pid=15360) is multi-threaded, use of fork() may lead to deadlocks in the child.
[2025-08-01T05:30:38.961+0000] {standard_task_runner.py:63} INFO - Started process 15369 to run task
[2025-08-01T05:30:38.962+0000] {standard_task_runner.py:90} INFO - Running: ['***', 'tasks', 'run', 'dag_bbbbbbb', 'load_data_task', 'manual__2025-08-01T05:30:36.106060+00:00', '--job-id', '204', '--raw', '--subdir', 'DAGS_FOLDER/dag_generator.py', '--cfg-path', '/tmp/tmpgnhf5j2z']
[2025-08-01T05:30:38.963+0000] {standard_task_runner.py:91} INFO - Job 204: Subtask load_data_task
[2025-08-01T05:30:38.995+0000] {task_command.py:426} INFO - Running <TaskInstance: dag_bbbbbbb.load_data_task manual__2025-08-01T05:30:36.106060+00:00 [running]> on host 14614e29d246
[2025-08-01T05:30:39.053+0000] {taskinstance.py:2648} INFO - Exporting env vars: AIRFLOW_CTX_DAG_OWNER='***' AIRFLOW_CTX_DAG_ID='dag_bbbbbbb' AIRFLOW_CTX_TASK_ID='load_data_task' AIRFLOW_CTX_EXECUTION_DATE='2025-08-01T05:30:36.106060+00:00' AIRFLOW_CTX_TRY_NUMBER='1' AIRFLOW_CTX_DAG_RUN_ID='manual__2025-08-01T05:30:36.106060+00:00'
[2025-08-01T05:30:39.054+0000] {taskinstance.py:430} INFO - ::endgroup::
[2025-08-01T05:30:39.063+0000] {__init__.py:157} INFO - 執行 load_data (資料匯入層)
[2025-08-01T05:30:39.063+0000] {__init__.py:34} INFO - _get_upstream_output_path 上游任務: {'transform_data_task'}
[2025-08-01T05:30:39.063+0000] {__init__.py:50} INFO - 任務 'load_data_task' 從單一上游 'transform_data_task' 拉取資料
[2025-08-01T05:30:39.070+0000] {__init__.py:52} INFO - 拉取到的 redis_key: ***_data:dag_bbbbbbb.transform_data_task
[2025-08-01T05:30:39.070+0000] {__init__.py:170} INFO - 從 Redis 讀取資料，key=***_data:dag_bbbbbbb.transform_data_task
[2025-08-01T05:30:39.072+0000] {__init__.py:180} INFO - 呼叫演算法 'test_csv' 來自模組 'processor.load.saveCSV'
[2025-08-01T05:30:39.091+0000] {logging_mixin.py:188} INFO - Saved output CSV to: /opt/***/data/output/3f2a4b93-b237-4545-bd50-5004d863567c.csv
[2025-08-01T05:30:39.092+0000] {__init__.py:186} INFO - 刪除上游 Redis key: ***_data:dag_bbbbbbb.transform_data_task
[2025-08-01T05:30:39.092+0000] {python.py:237} INFO - Done. Returned value was: None
[2025-08-01T05:30:39.092+0000] {taskinstance.py:441} INFO - ::group::Post task execution logs
[2025-08-01T05:30:39.098+0000] {taskinstance.py:1206} INFO - Marking task as SUCCESS. dag_id=dag_bbbbbbb, task_id=load_data_task, run_id=manual__2025-08-01T05:30:36.106060+00:00, execution_date=20250801T053036, start_date=20250801T053038, end_date=20250801T053039
[2025-08-01T05:30:39.134+0000] {local_task_job_runner.py:240} INFO - Task exited with return code 0
[2025-08-01T05:30:39.145+0000] {taskinstance.py:3503} INFO - 0 downstream tasks scheduled from follow-on schedule check
[2025-08-01T05:30:39.148+0000] {local_task_job_runner.py:222} INFO - ::endgroup::
