[2025-07-29T00:45:29.530+0000] {local_task_job_runner.py:120} INFO - ::group::Pre task execution logs
[2025-07-29T00:45:29.550+0000] {taskinstance.py:2076} INFO - Dependencies all met for dep_context=non-requeueable deps ti=<TaskInstance: dag_bbbbbbb.extract_data_task manual__2025-07-29T00:45:29.129294+00:00 [queued]>
[2025-07-29T00:45:29.557+0000] {taskinstance.py:2076} INFO - Dependencies all met for dep_context=requeueable deps ti=<TaskInstance: dag_bbbbbbb.extract_data_task manual__2025-07-29T00:45:29.129294+00:00 [queued]>
[2025-07-29T00:45:29.558+0000] {taskinstance.py:2306} INFO - Starting attempt 1 of 1
[2025-07-29T00:45:29.572+0000] {taskinstance.py:2330} INFO - Executing <Task(PythonOperator): extract_data_task> on 2025-07-29 00:45:29.129294+00:00
[2025-07-29T00:45:29.581+0000] {logging_mixin.py:188} WARNING - /home/***/.local/lib/python3.12/site-packages/***/task/task_runner/standard_task_runner.py:61 DeprecationWarning: This process (pid=1168) is multi-threaded, use of fork() may lead to deadlocks in the child.
[2025-07-29T00:45:29.581+0000] {standard_task_runner.py:63} INFO - Started process 1170 to run task
[2025-07-29T00:45:29.581+0000] {standard_task_runner.py:90} INFO - Running: ['***', 'tasks', 'run', 'dag_bbbbbbb', 'extract_data_task', 'manual__2025-07-29T00:45:29.129294+00:00', '--job-id', '5', '--raw', '--subdir', 'DAGS_FOLDER/dag_generator_python.py', '--cfg-path', '/tmp/tmpg2iyeg5w']
[2025-07-29T00:45:29.583+0000] {standard_task_runner.py:91} INFO - Job 5: Subtask extract_data_task
[2025-07-29T00:45:29.732+0000] {task_command.py:426} INFO - Running <TaskInstance: dag_bbbbbbb.extract_data_task manual__2025-07-29T00:45:29.129294+00:00 [running]> on host ee0266895495
[2025-07-29T00:45:29.811+0000] {taskinstance.py:2648} INFO - Exporting env vars: AIRFLOW_CTX_DAG_OWNER='***' AIRFLOW_CTX_DAG_ID='dag_bbbbbbb' AIRFLOW_CTX_TASK_ID='extract_data_task' AIRFLOW_CTX_EXECUTION_DATE='2025-07-29T00:45:29.129294+00:00' AIRFLOW_CTX_TRY_NUMBER='1' AIRFLOW_CTX_DAG_RUN_ID='manual__2025-07-29T00:45:29.129294+00:00'
[2025-07-29T00:45:29.811+0000] {taskinstance.py:430} INFO - ::endgroup::
[2025-07-29T00:45:29.826+0000] {logging_mixin.py:188} INFO - <TaskInstance: dag_bbbbbbb.extract_data_task manual__2025-07-29T00:45:29.129294+00:00 [running]>
[2025-07-29T00:45:29.827+0000] {logging_mixin.py:188} INFO - Applying algorithm 'test_csv' from module 'processor.extract.readCSV'
[2025-07-29T00:45:29.828+0000] {logging_mixin.py:188} INFO - 3f2a4b93-b237-4545-bd50-5004d863567c.csv
[2025-07-29T00:45:29.844+0000] {logging_mixin.py:188} INFO - Data stored in Redis key: ***_data:dag_bbbbbbb
[2025-07-29T00:45:29.856+0000] {python.py:237} INFO - Done. Returned value was: None
[2025-07-29T00:45:29.856+0000] {taskinstance.py:441} INFO - ::group::Post task execution logs
[2025-07-29T00:45:29.866+0000] {taskinstance.py:1206} INFO - Marking task as SUCCESS. dag_id=dag_bbbbbbb, task_id=extract_data_task, run_id=manual__2025-07-29T00:45:29.129294+00:00, execution_date=20250729T004529, start_date=20250729T004529, end_date=20250729T004529
[2025-07-29T00:45:29.915+0000] {local_task_job_runner.py:240} INFO - Task exited with return code 0
[2025-07-29T00:45:30.039+0000] {taskinstance.py:3503} INFO - 1 downstream tasks scheduled from follow-on schedule check
[2025-07-29T00:45:30.044+0000] {local_task_job_runner.py:222} INFO - ::endgroup::
