[2025-08-03T10:28:00.847+0000] {local_task_job_runner.py:120} INFO - ::group::Pre task execution logs
[2025-08-03T10:28:00.876+0000] {taskinstance.py:2076} INFO - Dependencies all met for dep_context=non-requeueable deps ti=<TaskInstance: cleanup_paused_dags.delete_paused_dags scheduled__2025-08-03T10:27:00+00:00 [queued]>
[2025-08-03T10:28:00.886+0000] {taskinstance.py:2076} INFO - Dependencies all met for dep_context=requeueable deps ti=<TaskInstance: cleanup_paused_dags.delete_paused_dags scheduled__2025-08-03T10:27:00+00:00 [queued]>
[2025-08-03T10:28:00.886+0000] {taskinstance.py:2306} INFO - Starting attempt 1 of 2
[2025-08-03T10:28:00.903+0000] {taskinstance.py:2330} INFO - Executing <Task(PythonOperator): delete_paused_dags> on 2025-08-03 10:27:00+00:00
[2025-08-03T10:28:00.911+0000] {logging_mixin.py:188} WARNING - /home/***/.local/lib/python3.12/site-packages/***/task/task_runner/standard_task_runner.py:61 DeprecationWarning: This process (pid=286) is multi-threaded, use of fork() may lead to deadlocks in the child.
[2025-08-03T10:28:00.911+0000] {standard_task_runner.py:63} INFO - Started process 287 to run task
[2025-08-03T10:28:00.911+0000] {standard_task_runner.py:90} INFO - Running: ['***', 'tasks', 'run', 'cleanup_paused_dags', 'delete_paused_dags', 'scheduled__2025-08-03T10:27:00+00:00', '--job-id', '13', '--raw', '--subdir', 'DAGS_FOLDER/cleanup_paused_dags.py', '--cfg-path', '/tmp/tmp96rn0eeh']
[2025-08-03T10:28:00.913+0000] {standard_task_runner.py:91} INFO - Job 13: Subtask delete_paused_dags
[2025-08-03T10:28:00.951+0000] {task_command.py:426} INFO - Running <TaskInstance: cleanup_paused_dags.delete_paused_dags scheduled__2025-08-03T10:27:00+00:00 [running]> on host cdda54659481
[2025-08-03T10:28:01.042+0000] {taskinstance.py:2648} INFO - Exporting env vars: AIRFLOW_CTX_DAG_OWNER='admin' AIRFLOW_CTX_DAG_ID='cleanup_paused_dags' AIRFLOW_CTX_TASK_ID='delete_paused_dags' AIRFLOW_CTX_EXECUTION_DATE='2025-08-03T10:27:00+00:00' AIRFLOW_CTX_TRY_NUMBER='1' AIRFLOW_CTX_DAG_RUN_ID='scheduled__2025-08-03T10:27:00+00:00'
[2025-08-03T10:28:01.043+0000] {taskinstance.py:430} INFO - ::endgroup::
[2025-08-03T10:28:01.070+0000] {cleanup_paused_dags.py:48} INFO - 找到 0 個暫停的 DAG
[2025-08-03T10:28:01.070+0000] {cleanup_paused_dags.py:74} INFO - 完成！成功刪除 0 個暫停的 DAG
[2025-08-03T10:28:01.071+0000] {python.py:237} INFO - Done. Returned value was: 完成！成功刪除 0 個暫停的 DAG
[2025-08-03T10:28:01.071+0000] {taskinstance.py:441} INFO - ::group::Post task execution logs
[2025-08-03T10:28:01.098+0000] {taskinstance.py:1206} INFO - Marking task as SUCCESS. dag_id=cleanup_paused_dags, task_id=delete_paused_dags, run_id=scheduled__2025-08-03T10:27:00+00:00, execution_date=20250803T102700, start_date=20250803T102800, end_date=20250803T102801
[2025-08-03T10:28:01.125+0000] {local_task_job_runner.py:240} INFO - Task exited with return code 0
[2025-08-03T10:28:01.146+0000] {taskinstance.py:3503} INFO - 0 downstream tasks scheduled from follow-on schedule check
[2025-08-03T10:28:01.149+0000] {local_task_job_runner.py:222} INFO - ::endgroup::
