[2025-08-03T10:14:28.973+0000] {local_task_job_runner.py:120} INFO - ::group::Pre task execution logs
[2025-08-03T10:14:29.000+0000] {taskinstance.py:2076} INFO - Dependencies all met for dep_context=non-requeueable deps ti=<TaskInstance: example_pipeline.extract_data scheduled__2025-08-02T00:00:00+00:00 [queued]>
[2025-08-03T10:14:29.013+0000] {taskinstance.py:2076} INFO - Dependencies all met for dep_context=requeueable deps ti=<TaskInstance: example_pipeline.extract_data scheduled__2025-08-02T00:00:00+00:00 [queued]>
[2025-08-03T10:14:29.013+0000] {taskinstance.py:2306} INFO - Starting attempt 1 of 1
[2025-08-03T10:14:29.035+0000] {taskinstance.py:2330} INFO - Executing <Task(PythonOperator): extract_data> on 2025-08-02 00:00:00+00:00
[2025-08-03T10:14:29.052+0000] {logging_mixin.py:188} WARNING - /home/***/.local/lib/python3.12/site-packages/***/task/task_runner/standard_task_runner.py:61 DeprecationWarning: This process (pid=271) is multi-threaded, use of fork() may lead to deadlocks in the child.
[2025-08-03T10:14:29.053+0000] {standard_task_runner.py:63} INFO - Started process 279 to run task
[2025-08-03T10:14:29.052+0000] {standard_task_runner.py:90} INFO - Running: ['***', 'tasks', 'run', 'example_pipeline', 'extract_data', 'scheduled__2025-08-02T00:00:00+00:00', '--job-id', '2', '--raw', '--subdir', 'DAGS_FOLDER/dag_generator.py', '--cfg-path', '/tmp/tmptax8l_ct']
[2025-08-03T10:14:29.054+0000] {standard_task_runner.py:91} INFO - Job 2: Subtask extract_data
[2025-08-03T10:14:29.233+0000] {task_command.py:426} INFO - Running <TaskInstance: example_pipeline.extract_data scheduled__2025-08-02T00:00:00+00:00 [running]> on host e703672a2137
[2025-08-03T10:14:29.319+0000] {taskinstance.py:2648} INFO - Exporting env vars: AIRFLOW_CTX_DAG_OWNER='***' AIRFLOW_CTX_DAG_ID='example_pipeline' AIRFLOW_CTX_TASK_ID='extract_data' AIRFLOW_CTX_EXECUTION_DATE='2025-08-02T00:00:00+00:00' AIRFLOW_CTX_TRY_NUMBER='1' AIRFLOW_CTX_DAG_RUN_ID='scheduled__2025-08-02T00:00:00+00:00'
[2025-08-03T10:14:29.320+0000] {taskinstance.py:430} INFO - ::endgroup::
[2025-08-03T10:14:29.344+0000] {__init__.py:82} INFO - 執行 extract_data (資料載入層)
[2025-08-03T10:14:29.344+0000] {__init__.py:43} INFO - 使用資料夾結構方法: csv_reader.standard
[2025-08-03T10:14:29.345+0000] {__init__.py:86} INFO - 呼叫方法 'csv_reader.standard' 來自模組 'processor.extract'
[2025-08-03T10:14:29.345+0000] {standard.py:16} ERROR - CSV 讀取失敗: [Errno 2] No such file or directory: '/opt/***/data/input/data.csv'
[2025-08-03T10:14:29.345+0000] {__init__.py:112} ERROR - extract_data 發生例外: [Errno 2] No such file or directory: '/opt/***/data/input/data.csv'
[2025-08-03T10:14:29.345+0000] {taskinstance.py:441} INFO - ::group::Post task execution logs
[2025-08-03T10:14:29.345+0000] {taskinstance.py:2905} ERROR - Task failed with exception
Traceback (most recent call last):
  File "/home/airflow/.local/lib/python3.12/site-packages/airflow/models/taskinstance.py", line 465, in _execute_task
    result = _execute_callable(context=context, **execute_callable_kwargs)
             ^^^^^^^^^^^^^^^^^^^^^^^^^^^^^^^^^^^^^^^^^^^^^^^^^^^^^^^^^^^^^
  File "/home/airflow/.local/lib/python3.12/site-packages/airflow/models/taskinstance.py", line 432, in _execute_callable
    return execute_callable(context=context, **execute_callable_kwargs)
           ^^^^^^^^^^^^^^^^^^^^^^^^^^^^^^^^^^^^^^^^^^^^^^^^^^^^^^^^^^^^
  File "/home/airflow/.local/lib/python3.12/site-packages/airflow/models/baseoperator.py", line 401, in wrapper
    return func(self, *args, **kwargs)
           ^^^^^^^^^^^^^^^^^^^^^^^^^^^
  File "/home/airflow/.local/lib/python3.12/site-packages/airflow/operators/python.py", line 235, in execute
    return_value = self.execute_callable()
                   ^^^^^^^^^^^^^^^^^^^^^^^
  File "/home/airflow/.local/lib/python3.12/site-packages/airflow/operators/python.py", line 252, in execute_callable
    return self.python_callable(*self.op_args, **self.op_kwargs)
           ^^^^^^^^^^^^^^^^^^^^^^^^^^^^^^^^^^^^^^^^^^^^^^^^^^^^^
  File "/opt/airflow/dags/processor/__init__.py", line 88, in extract_data
    data = func(**algo_kwargs)
           ^^^^^^^^^^^^^^^^^^^
  File "/opt/airflow/dags/processor/extract/csv_reader/standard.py", line 12, in execute
    df = pd.read_csv(input_path)
         ^^^^^^^^^^^^^^^^^^^^^^^
  File "/home/airflow/.local/lib/python3.12/site-packages/pandas/io/parsers/readers.py", line 948, in read_csv
    return _read(filepath_or_buffer, kwds)
           ^^^^^^^^^^^^^^^^^^^^^^^^^^^^^^^
  File "/home/airflow/.local/lib/python3.12/site-packages/pandas/io/parsers/readers.py", line 611, in _read
    parser = TextFileReader(filepath_or_buffer, **kwds)
             ^^^^^^^^^^^^^^^^^^^^^^^^^^^^^^^^^^^^^^^^^^
  File "/home/airflow/.local/lib/python3.12/site-packages/pandas/io/parsers/readers.py", line 1448, in __init__
    self._engine = self._make_engine(f, self.engine)
                   ^^^^^^^^^^^^^^^^^^^^^^^^^^^^^^^^^
  File "/home/airflow/.local/lib/python3.12/site-packages/pandas/io/parsers/readers.py", line 1705, in _make_engine
    self.handles = get_handle(
                   ^^^^^^^^^^^
  File "/home/airflow/.local/lib/python3.12/site-packages/pandas/io/common.py", line 863, in get_handle
    handle = open(
             ^^^^^
FileNotFoundError: [Errno 2] No such file or directory: '/opt/airflow/data/input/data.csv'
[2025-08-03T10:14:29.353+0000] {taskinstance.py:1206} INFO - Marking task as FAILED. dag_id=example_pipeline, task_id=extract_data, run_id=scheduled__2025-08-02T00:00:00+00:00, execution_date=20250802T000000, start_date=20250803T101429, end_date=20250803T101429
[2025-08-03T10:14:29.360+0000] {standard_task_runner.py:110} ERROR - Failed to execute job 2 for task extract_data ([Errno 2] No such file or directory: '/opt/airflow/data/input/data.csv'; 279)
[2025-08-03T10:14:29.387+0000] {local_task_job_runner.py:240} INFO - Task exited with return code 1
[2025-08-03T10:14:29.505+0000] {taskinstance.py:3503} INFO - 0 downstream tasks scheduled from follow-on schedule check
[2025-08-03T10:14:29.511+0000] {local_task_job_runner.py:222} INFO - ::endgroup::
