[2025-07-29T00:50:04.792+0000] {local_task_job_runner.py:120} INFO - ::group::Pre task execution logs
[2025-07-29T00:50:04.812+0000] {taskinstance.py:2076} INFO - Dependencies all met for dep_context=non-requeueable deps ti=<TaskInstance: dag_bbbbbbb.transform_data_task manual__2025-07-29T00:50:03.063602+00:00 [queued]>
[2025-07-29T00:50:04.818+0000] {taskinstance.py:2076} INFO - Dependencies all met for dep_context=requeueable deps ti=<TaskInstance: dag_bbbbbbb.transform_data_task manual__2025-07-29T00:50:03.063602+00:00 [queued]>
[2025-07-29T00:50:04.818+0000] {taskinstance.py:2306} INFO - Starting attempt 1 of 1
[2025-07-29T00:50:04.832+0000] {taskinstance.py:2330} INFO - Executing <Task(PythonOperator): transform_data_task> on 2025-07-29 00:50:03.063602+00:00
[2025-07-29T00:50:04.841+0000] {logging_mixin.py:188} WARNING - /home/***/.local/lib/python3.12/site-packages/***/task/task_runner/standard_task_runner.py:61 DeprecationWarning: This process (pid=1462) is multi-threaded, use of fork() may lead to deadlocks in the child.
[2025-07-29T00:50:04.841+0000] {standard_task_runner.py:63} INFO - Started process 1464 to run task
[2025-07-29T00:50:04.841+0000] {standard_task_runner.py:90} INFO - Running: ['***', 'tasks', 'run', 'dag_bbbbbbb', 'transform_data_task', 'manual__2025-07-29T00:50:03.063602+00:00', '--job-id', '9', '--raw', '--subdir', 'DAGS_FOLDER/dag_generator_python.py', '--cfg-path', '/tmp/tmp42kkotue']
[2025-07-29T00:50:04.842+0000] {standard_task_runner.py:91} INFO - Job 9: Subtask transform_data_task
[2025-07-29T00:50:04.987+0000] {task_command.py:426} INFO - Running <TaskInstance: dag_bbbbbbb.transform_data_task manual__2025-07-29T00:50:03.063602+00:00 [running]> on host ee0266895495
[2025-07-29T00:50:05.070+0000] {taskinstance.py:2648} INFO - Exporting env vars: AIRFLOW_CTX_DAG_OWNER='***' AIRFLOW_CTX_DAG_ID='dag_bbbbbbb' AIRFLOW_CTX_TASK_ID='transform_data_task' AIRFLOW_CTX_EXECUTION_DATE='2025-07-29T00:50:03.063602+00:00' AIRFLOW_CTX_TRY_NUMBER='1' AIRFLOW_CTX_DAG_RUN_ID='manual__2025-07-29T00:50:03.063602+00:00'
[2025-07-29T00:50:05.070+0000] {taskinstance.py:430} INFO - ::endgroup::
[2025-07-29T00:50:05.080+0000] {logging_mixin.py:188} INFO - Fetching data from Redis key: ***_data:dag_bbbbbbb
[2025-07-29T00:50:05.095+0000] {logging_mixin.py:188} INFO - Applying algorithm 'aggregate_product_data' from module 'processor.transform.algos_1'
[2025-07-29T00:50:05.102+0000] {logging_mixin.py:188} INFO - Transformed data stored back to Redis with key: ***_data:dag_bbbbbbb
[2025-07-29T00:50:05.111+0000] {python.py:237} INFO - Done. Returned value was: None
[2025-07-29T00:50:05.112+0000] {taskinstance.py:441} INFO - ::group::Post task execution logs
[2025-07-29T00:50:05.117+0000] {taskinstance.py:1206} INFO - Marking task as SUCCESS. dag_id=dag_bbbbbbb, task_id=transform_data_task, run_id=manual__2025-07-29T00:50:03.063602+00:00, execution_date=20250729T005003, start_date=20250729T005004, end_date=20250729T005005
[2025-07-29T00:50:05.175+0000] {local_task_job_runner.py:240} INFO - Task exited with return code 0
[2025-07-29T00:50:05.298+0000] {taskinstance.py:3503} INFO - 1 downstream tasks scheduled from follow-on schedule check
[2025-07-29T00:50:05.304+0000] {local_task_job_runner.py:222} INFO - ::endgroup::
