[2025-08-03T10:22:12.030+0000] {local_task_job_runner.py:120} INFO - ::group::Pre task execution logs
[2025-08-03T10:22:12.053+0000] {taskinstance.py:2076} INFO - Dependencies all met for dep_context=non-requeueable deps ti=<TaskInstance: dag_bbcccc.load_data_task scheduled__2025-06-25T00:00:00+00:00 [queued]>
[2025-08-03T10:22:12.060+0000] {taskinstance.py:2076} INFO - Dependencies all met for dep_context=requeueable deps ti=<TaskInstance: dag_bbcccc.load_data_task scheduled__2025-06-25T00:00:00+00:00 [queued]>
[2025-08-03T10:22:12.060+0000] {taskinstance.py:2306} INFO - Starting attempt 1 of 1
[2025-08-03T10:22:12.070+0000] {taskinstance.py:2330} INFO - Executing <Task(PythonOperator): load_data_task> on 2025-06-25 00:00:00+00:00
[2025-08-03T10:22:12.083+0000] {logging_mixin.py:188} WARNING - /home/***/.local/lib/python3.12/site-packages/***/task/task_runner/standard_task_runner.py:61 DeprecationWarning: This process (pid=772) is multi-threaded, use of fork() may lead to deadlocks in the child.
[2025-08-03T10:22:12.084+0000] {standard_task_runner.py:63} INFO - Started process 780 to run task
[2025-08-03T10:22:12.083+0000] {standard_task_runner.py:90} INFO - Running: ['***', 'tasks', 'run', 'dag_bbcccc', 'load_data_task', 'scheduled__2025-06-25T00:00:00+00:00', '--job-id', '9', '--raw', '--subdir', 'DAGS_FOLDER/dag_generator.py', '--cfg-path', '/tmp/tmpf322wcaa']
[2025-08-03T10:22:12.085+0000] {standard_task_runner.py:91} INFO - Job 9: Subtask load_data_task
[2025-08-03T10:22:12.297+0000] {task_command.py:426} INFO - Running <TaskInstance: dag_bbcccc.load_data_task scheduled__2025-06-25T00:00:00+00:00 [running]> on host e703672a2137
[2025-08-03T10:22:12.366+0000] {taskinstance.py:2648} INFO - Exporting env vars: AIRFLOW_CTX_DAG_OWNER='***' AIRFLOW_CTX_DAG_ID='dag_bbcccc' AIRFLOW_CTX_TASK_ID='load_data_task' AIRFLOW_CTX_EXECUTION_DATE='2025-06-25T00:00:00+00:00' AIRFLOW_CTX_TRY_NUMBER='1' AIRFLOW_CTX_DAG_RUN_ID='scheduled__2025-06-25T00:00:00+00:00'
[2025-08-03T10:22:12.366+0000] {taskinstance.py:430} INFO - ::endgroup::
[2025-08-03T10:22:12.374+0000] {__init__.py:183} INFO - 執行 load_data (資料匯入層)
[2025-08-03T10:22:12.375+0000] {__init__.py:58} INFO - _get_upstream_output_path 上游任務: {'transform_data_task'}
[2025-08-03T10:22:12.375+0000] {__init__.py:74} INFO - 任務 'load_data_task' 從單一上游 'transform_data_task' 拉取資料
[2025-08-03T10:22:12.383+0000] {__init__.py:76} INFO - 拉取到的 redis_key: ***_data:dag_bbcccc.transform_data_task
[2025-08-03T10:22:12.384+0000] {__init__.py:196} INFO - 從 Redis 讀取資料，key=***_data:dag_bbcccc.transform_data_task
[2025-08-03T10:22:12.385+0000] {__init__.py:43} INFO - 使用資料夾結構方法: csv_writer.standard
[2025-08-03T10:22:12.385+0000] {__init__.py:205} INFO - 呼叫方法 'csv_writer.standard' 來自模組 'processor.load'
[2025-08-03T10:22:12.409+0000] {standard.py:15} INFO - 成功寫出 CSV: /opt/***/data/output/3f2a4b93-b237-4545-bd50-5004d863567c.csv, 資料筆數: 4
[2025-08-03T10:22:12.410+0000] {__init__.py:211} INFO - 刪除上游 Redis key: ***_data:dag_bbcccc.transform_data_task
[2025-08-03T10:22:12.410+0000] {python.py:237} INFO - Done. Returned value was: None
[2025-08-03T10:22:12.411+0000] {taskinstance.py:441} INFO - ::group::Post task execution logs
[2025-08-03T10:22:12.419+0000] {taskinstance.py:1206} INFO - Marking task as SUCCESS. dag_id=dag_bbcccc, task_id=load_data_task, run_id=scheduled__2025-06-25T00:00:00+00:00, execution_date=20250625T000000, start_date=20250803T102212, end_date=20250803T102212
[2025-08-03T10:22:12.458+0000] {local_task_job_runner.py:240} INFO - Task exited with return code 0
[2025-08-03T10:22:12.474+0000] {taskinstance.py:3503} INFO - 0 downstream tasks scheduled from follow-on schedule check
[2025-08-03T10:22:12.476+0000] {local_task_job_runner.py:222} INFO - ::endgroup::
