[2025-07-29T03:11:48.050+0000] {local_task_job_runner.py:120} INFO - ::group::Pre task execution logs
[2025-07-29T03:11:48.070+0000] {taskinstance.py:2076} INFO - Dependencies all met for dep_context=non-requeueable deps ti=<TaskInstance: dag_aaaaaaaaaaaaaaaaa.load_data_task scheduled__2025-06-25T00:00:00+00:00 [queued]>
[2025-07-29T03:11:48.077+0000] {taskinstance.py:2076} INFO - Dependencies all met for dep_context=requeueable deps ti=<TaskInstance: dag_aaaaaaaaaaaaaaaaa.load_data_task scheduled__2025-06-25T00:00:00+00:00 [queued]>
[2025-07-29T03:11:48.077+0000] {taskinstance.py:2306} INFO - Starting attempt 1 of 1
[2025-07-29T03:11:48.087+0000] {taskinstance.py:2330} INFO - Executing <Task(PythonOperator): load_data_task> on 2025-06-25 00:00:00+00:00
[2025-07-29T03:11:48.094+0000] {logging_mixin.py:188} WARNING - /home/***/.local/lib/python3.12/site-packages/***/task/task_runner/standard_task_runner.py:61 DeprecationWarning: This process (pid=7509) is multi-threaded, use of fork() may lead to deadlocks in the child.
[2025-07-29T03:11:48.094+0000] {standard_task_runner.py:63} INFO - Started process 7511 to run task
[2025-07-29T03:11:48.094+0000] {standard_task_runner.py:90} INFO - Running: ['***', 'tasks', 'run', 'dag_aaaaaaaaaaaaaaaaa', 'load_data_task', 'scheduled__2025-06-25T00:00:00+00:00', '--job-id', '19', '--raw', '--subdir', 'DAGS_FOLDER/dag_generator_python.py', '--cfg-path', '/tmp/tmp1vg9ea5f']
[2025-07-29T03:11:48.096+0000] {standard_task_runner.py:91} INFO - Job 19: Subtask load_data_task
[2025-07-29T03:11:48.230+0000] {task_command.py:426} INFO - Running <TaskInstance: dag_aaaaaaaaaaaaaaaaa.load_data_task scheduled__2025-06-25T00:00:00+00:00 [running]> on host ee0266895495
[2025-07-29T03:11:48.304+0000] {taskinstance.py:2648} INFO - Exporting env vars: AIRFLOW_CTX_DAG_OWNER='***' AIRFLOW_CTX_DAG_ID='dag_aaaaaaaaaaaaaaaaa' AIRFLOW_CTX_TASK_ID='load_data_task' AIRFLOW_CTX_EXECUTION_DATE='2025-06-25T00:00:00+00:00' AIRFLOW_CTX_TRY_NUMBER='1' AIRFLOW_CTX_DAG_RUN_ID='scheduled__2025-06-25T00:00:00+00:00'
[2025-07-29T03:11:48.304+0000] {taskinstance.py:430} INFO - ::endgroup::
[2025-07-29T03:11:48.317+0000] {logging_mixin.py:188} INFO - 測試匯入層
[2025-07-29T03:11:48.318+0000] {logging_mixin.py:188} INFO - Loading data from Redis key: ***_data:dag_aaaaaaaaaaaaaaaaa
[2025-07-29T03:11:48.337+0000] {logging_mixin.py:188} INFO - Saved output CSV to: /opt/***/data/output/3f2a4b93-b237-4545-bd50-5004d863567c.csv
[2025-07-29T03:11:48.337+0000] {python.py:237} INFO - Done. Returned value was: None
[2025-07-29T03:11:48.337+0000] {taskinstance.py:441} INFO - ::group::Post task execution logs
[2025-07-29T03:11:48.344+0000] {taskinstance.py:1206} INFO - Marking task as SUCCESS. dag_id=dag_aaaaaaaaaaaaaaaaa, task_id=load_data_task, run_id=scheduled__2025-06-25T00:00:00+00:00, execution_date=20250625T000000, start_date=20250729T031148, end_date=20250729T031148
[2025-07-29T03:11:48.388+0000] {local_task_job_runner.py:240} INFO - Task exited with return code 0
[2025-07-29T03:11:48.414+0000] {taskinstance.py:3503} INFO - 0 downstream tasks scheduled from follow-on schedule check
[2025-07-29T03:11:48.417+0000] {local_task_job_runner.py:222} INFO - ::endgroup::
