[2025-07-28T12:40:43.916+0000] {local_task_job_runner.py:120} INFO - ::group::Pre task execution logs
[2025-07-28T12:40:44.124+0000] {taskinstance.py:2076} INFO - Dependencies all met for dep_context=non-requeueable deps ti=<TaskInstance: dag_bbbbbbb.load_data_task scheduled__2025-06-25T00:00:00+00:00 [queued]>
[2025-07-28T12:40:44.140+0000] {taskinstance.py:2076} INFO - Dependencies all met for dep_context=requeueable deps ti=<TaskInstance: dag_bbbbbbb.load_data_task scheduled__2025-06-25T00:00:00+00:00 [queued]>
[2025-07-28T12:40:44.141+0000] {taskinstance.py:2306} INFO - Starting attempt 1 of 1
[2025-07-28T12:40:44.155+0000] {taskinstance.py:2330} INFO - Executing <Task(PythonOperator): load_data_task> on 2025-06-25 00:00:00+00:00
[2025-07-28T12:40:44.165+0000] {standard_task_runner.py:90} INFO - Running: ['***', 'tasks', 'run', 'dag_bbbbbbb', 'load_data_task', 'scheduled__2025-06-25T00:00:00+00:00', '--job-id', '45', '--raw', '--subdir', 'DAGS_FOLDER/dag_generator_python.py', '--cfg-path', '/tmp/tmpbv69yzvn']
[2025-07-28T12:40:44.168+0000] {standard_task_runner.py:91} INFO - Job 45: Subtask load_data_task
[2025-07-28T12:40:44.168+0000] {logging_mixin.py:188} WARNING - /home/***/.local/lib/python3.12/site-packages/***/task/task_runner/standard_task_runner.py:61 DeprecationWarning: This process (pid=3422) is multi-threaded, use of fork() may lead to deadlocks in the child.
[2025-07-28T12:40:44.169+0000] {standard_task_runner.py:63} INFO - Started process 3424 to run task
[2025-07-28T12:40:44.214+0000] {task_command.py:426} INFO - Running <TaskInstance: dag_bbbbbbb.load_data_task scheduled__2025-06-25T00:00:00+00:00 [running]> on host 1171f9d2ced8
[2025-07-28T12:40:44.333+0000] {taskinstance.py:2648} INFO - Exporting env vars: AIRFLOW_CTX_DAG_OWNER='***' AIRFLOW_CTX_DAG_ID='dag_bbbbbbb' AIRFLOW_CTX_TASK_ID='load_data_task' AIRFLOW_CTX_EXECUTION_DATE='2025-06-25T00:00:00+00:00' AIRFLOW_CTX_TRY_NUMBER='1' AIRFLOW_CTX_DAG_RUN_ID='scheduled__2025-06-25T00:00:00+00:00'
[2025-07-28T12:40:44.335+0000] {taskinstance.py:430} INFO - ::endgroup::
[2025-07-28T12:40:44.369+0000] {logging_mixin.py:188} INFO - Loading data from Redis key: ***_data:dag_bbbbbbb
[2025-07-28T12:40:44.403+0000] {logging_mixin.py:188} INFO - 3f2a4b93-b237-4545-bd50-5004d863567c.csv
[2025-07-28T12:40:44.403+0000] {logging_mixin.py:188} INFO - 666666666666666666666666666666666
[2025-07-28T12:40:44.407+0000] {logging_mixin.py:188} INFO - Saved output CSV to: /opt/***/data/output/3f2a4b93-b237-4545-bd50-5004d863567c.csv
[2025-07-28T12:40:44.408+0000] {python.py:237} INFO - Done. Returned value was: None
[2025-07-28T12:40:44.408+0000] {taskinstance.py:441} INFO - ::group::Post task execution logs
[2025-07-28T12:40:44.423+0000] {taskinstance.py:1206} INFO - Marking task as SUCCESS. dag_id=dag_bbbbbbb, task_id=load_data_task, run_id=scheduled__2025-06-25T00:00:00+00:00, execution_date=20250625T000000, start_date=20250728T124044, end_date=20250728T124044
[2025-07-28T12:40:44.464+0000] {local_task_job_runner.py:240} INFO - Task exited with return code 0
[2025-07-28T12:40:44.503+0000] {taskinstance.py:3503} INFO - 0 downstream tasks scheduled from follow-on schedule check
[2025-07-28T12:40:44.507+0000] {local_task_job_runner.py:222} INFO - ::endgroup::
[2025-07-29T00:35:43.616+0000] {local_task_job_runner.py:120} INFO - ::group::Pre task execution logs
[2025-07-29T00:35:43.648+0000] {taskinstance.py:2076} INFO - Dependencies all met for dep_context=non-requeueable deps ti=<TaskInstance: dag_bbbbbbb.load_data_task scheduled__2025-06-25T00:00:00+00:00 [queued]>
[2025-07-29T00:35:43.660+0000] {taskinstance.py:2076} INFO - Dependencies all met for dep_context=requeueable deps ti=<TaskInstance: dag_bbbbbbb.load_data_task scheduled__2025-06-25T00:00:00+00:00 [queued]>
[2025-07-29T00:35:43.661+0000] {taskinstance.py:2306} INFO - Starting attempt 1 of 1
[2025-07-29T00:35:43.675+0000] {taskinstance.py:2330} INFO - Executing <Task(PythonOperator): load_data_task> on 2025-06-25 00:00:00+00:00
[2025-07-29T00:35:43.683+0000] {logging_mixin.py:188} WARNING - /home/***/.local/lib/python3.12/site-packages/***/task/task_runner/standard_task_runner.py:61 DeprecationWarning: This process (pid=575) is multi-threaded, use of fork() may lead to deadlocks in the child.
[2025-07-29T00:35:43.684+0000] {standard_task_runner.py:63} INFO - Started process 577 to run task
[2025-07-29T00:35:43.683+0000] {standard_task_runner.py:90} INFO - Running: ['***', 'tasks', 'run', 'dag_bbbbbbb', 'load_data_task', 'scheduled__2025-06-25T00:00:00+00:00', '--job-id', '4', '--raw', '--subdir', 'DAGS_FOLDER/dag_generator_python.py', '--cfg-path', '/tmp/tmp_r7pni6b']
[2025-07-29T00:35:43.685+0000] {standard_task_runner.py:91} INFO - Job 4: Subtask load_data_task
[2025-07-29T00:35:43.859+0000] {task_command.py:426} INFO - Running <TaskInstance: dag_bbbbbbb.load_data_task scheduled__2025-06-25T00:00:00+00:00 [running]> on host ee0266895495
[2025-07-29T00:35:43.941+0000] {taskinstance.py:2648} INFO - Exporting env vars: AIRFLOW_CTX_DAG_OWNER='***' AIRFLOW_CTX_DAG_ID='dag_bbbbbbb' AIRFLOW_CTX_TASK_ID='load_data_task' AIRFLOW_CTX_EXECUTION_DATE='2025-06-25T00:00:00+00:00' AIRFLOW_CTX_TRY_NUMBER='1' AIRFLOW_CTX_DAG_RUN_ID='scheduled__2025-06-25T00:00:00+00:00'
[2025-07-29T00:35:43.943+0000] {taskinstance.py:430} INFO - ::endgroup::
[2025-07-29T00:35:43.961+0000] {logging_mixin.py:188} INFO - Loading data from Redis key: ***_data:dag_bbbbbbb
[2025-07-29T00:35:43.998+0000] {logging_mixin.py:188} INFO - 666666666666666666666666666666666
[2025-07-29T00:35:44.004+0000] {logging_mixin.py:188} INFO - Saved output CSV to: /opt/***/data/output/3f2a4b93-b237-4545-bd50-5004d863567c.csv
[2025-07-29T00:35:44.005+0000] {python.py:237} INFO - Done. Returned value was: None
[2025-07-29T00:35:44.005+0000] {taskinstance.py:441} INFO - ::group::Post task execution logs
[2025-07-29T00:35:44.013+0000] {taskinstance.py:1206} INFO - Marking task as SUCCESS. dag_id=dag_bbbbbbb, task_id=load_data_task, run_id=scheduled__2025-06-25T00:00:00+00:00, execution_date=20250625T000000, start_date=20250729T003543, end_date=20250729T003544
[2025-07-29T00:35:44.058+0000] {local_task_job_runner.py:240} INFO - Task exited with return code 0
[2025-07-29T00:35:44.099+0000] {taskinstance.py:3503} INFO - 0 downstream tasks scheduled from follow-on schedule check
[2025-07-29T00:35:44.103+0000] {local_task_job_runner.py:222} INFO - ::endgroup::
[2025-07-29T06:01:55.431+0000] {local_task_job_runner.py:120} INFO - ::group::Pre task execution logs
[2025-07-29T06:01:55.456+0000] {taskinstance.py:2076} INFO - Dependencies all met for dep_context=non-requeueable deps ti=<TaskInstance: dag_bbbbbbb.load_data_task scheduled__2025-06-25T00:00:00+00:00 [queued]>
[2025-07-29T06:01:55.460+0000] {taskinstance.py:2076} INFO - Dependencies all met for dep_context=requeueable deps ti=<TaskInstance: dag_bbbbbbb.load_data_task scheduled__2025-06-25T00:00:00+00:00 [queued]>
[2025-07-29T06:01:55.460+0000] {taskinstance.py:2306} INFO - Starting attempt 1 of 1
[2025-07-29T06:01:55.468+0000] {taskinstance.py:2330} INFO - Executing <Task(PythonOperator): load_data_task> on 2025-06-25 00:00:00+00:00
[2025-07-29T06:01:55.476+0000] {logging_mixin.py:188} WARNING - /home/***/.local/lib/python3.12/site-packages/***/task/task_runner/standard_task_runner.py:61 DeprecationWarning: This process (pid=9386) is multi-threaded, use of fork() may lead to deadlocks in the child.
[2025-07-29T06:01:55.477+0000] {standard_task_runner.py:63} INFO - Started process 9388 to run task
[2025-07-29T06:01:55.476+0000] {standard_task_runner.py:90} INFO - Running: ['***', 'tasks', 'run', 'dag_bbbbbbb', 'load_data_task', 'scheduled__2025-06-25T00:00:00+00:00', '--job-id', '22', '--raw', '--subdir', 'DAGS_FOLDER/dag_generator_python.py', '--cfg-path', '/tmp/tmpo9odziv9']
[2025-07-29T06:01:55.478+0000] {standard_task_runner.py:91} INFO - Job 22: Subtask load_data_task
[2025-07-29T06:01:55.628+0000] {task_command.py:426} INFO - Running <TaskInstance: dag_bbbbbbb.load_data_task scheduled__2025-06-25T00:00:00+00:00 [running]> on host ee0266895495
[2025-07-29T06:01:55.702+0000] {taskinstance.py:2648} INFO - Exporting env vars: AIRFLOW_CTX_DAG_OWNER='***' AIRFLOW_CTX_DAG_ID='dag_bbbbbbb' AIRFLOW_CTX_TASK_ID='load_data_task' AIRFLOW_CTX_EXECUTION_DATE='2025-06-25T00:00:00+00:00' AIRFLOW_CTX_TRY_NUMBER='1' AIRFLOW_CTX_DAG_RUN_ID='scheduled__2025-06-25T00:00:00+00:00'
[2025-07-29T06:01:55.703+0000] {taskinstance.py:430} INFO - ::endgroup::
[2025-07-29T06:01:55.714+0000] {logging_mixin.py:188} INFO - 測試匯入層
[2025-07-29T06:01:55.714+0000] {logging_mixin.py:188} INFO - Loading data from Redis key: ***_data:dag_bbbbbbb
[2025-07-29T06:01:55.732+0000] {logging_mixin.py:188} INFO - Saved output CSV to: /opt/***/data/output/3f2a4b93-b237-4545-bd50-5004d863567c.csv
[2025-07-29T06:01:55.732+0000] {python.py:237} INFO - Done. Returned value was: None
[2025-07-29T06:01:55.732+0000] {taskinstance.py:441} INFO - ::group::Post task execution logs
[2025-07-29T06:01:55.738+0000] {taskinstance.py:1206} INFO - Marking task as SUCCESS. dag_id=dag_bbbbbbb, task_id=load_data_task, run_id=scheduled__2025-06-25T00:00:00+00:00, execution_date=20250625T000000, start_date=20250729T060155, end_date=20250729T060155
[2025-07-29T06:01:55.770+0000] {local_task_job_runner.py:240} INFO - Task exited with return code 0
[2025-07-29T06:01:55.793+0000] {taskinstance.py:3503} INFO - 0 downstream tasks scheduled from follow-on schedule check
[2025-07-29T06:01:55.796+0000] {local_task_job_runner.py:222} INFO - ::endgroup::
[2025-07-29T06:02:25.751+0000] {local_task_job_runner.py:120} INFO - ::group::Pre task execution logs
[2025-07-29T06:02:25.783+0000] {taskinstance.py:2076} INFO - Dependencies all met for dep_context=non-requeueable deps ti=<TaskInstance: dag_bbbbbbb.load_data_task scheduled__2025-06-25T00:00:00+00:00 [queued]>
[2025-07-29T06:02:25.791+0000] {taskinstance.py:2076} INFO - Dependencies all met for dep_context=requeueable deps ti=<TaskInstance: dag_bbbbbbb.load_data_task scheduled__2025-06-25T00:00:00+00:00 [queued]>
[2025-07-29T06:02:25.792+0000] {taskinstance.py:2306} INFO - Starting attempt 1 of 1
[2025-07-29T06:02:25.802+0000] {taskinstance.py:2330} INFO - Executing <Task(PythonOperator): load_data_task> on 2025-06-25 00:00:00+00:00
[2025-07-29T06:02:25.809+0000] {logging_mixin.py:188} WARNING - /home/***/.local/lib/python3.12/site-packages/***/task/task_runner/standard_task_runner.py:61 DeprecationWarning: This process (pid=9440) is multi-threaded, use of fork() may lead to deadlocks in the child.
[2025-07-29T06:02:25.809+0000] {standard_task_runner.py:63} INFO - Started process 9442 to run task
[2025-07-29T06:02:25.809+0000] {standard_task_runner.py:90} INFO - Running: ['***', 'tasks', 'run', 'dag_bbbbbbb', 'load_data_task', 'scheduled__2025-06-25T00:00:00+00:00', '--job-id', '25', '--raw', '--subdir', 'DAGS_FOLDER/dag_generator_python.py', '--cfg-path', '/tmp/tmp_m9qho64']
[2025-07-29T06:02:25.811+0000] {standard_task_runner.py:91} INFO - Job 25: Subtask load_data_task
[2025-07-29T06:02:25.951+0000] {task_command.py:426} INFO - Running <TaskInstance: dag_bbbbbbb.load_data_task scheduled__2025-06-25T00:00:00+00:00 [running]> on host ee0266895495
[2025-07-29T06:02:26.028+0000] {taskinstance.py:2648} INFO - Exporting env vars: AIRFLOW_CTX_DAG_OWNER='***' AIRFLOW_CTX_DAG_ID='dag_bbbbbbb' AIRFLOW_CTX_TASK_ID='load_data_task' AIRFLOW_CTX_EXECUTION_DATE='2025-06-25T00:00:00+00:00' AIRFLOW_CTX_TRY_NUMBER='1' AIRFLOW_CTX_DAG_RUN_ID='scheduled__2025-06-25T00:00:00+00:00'
[2025-07-29T06:02:26.029+0000] {taskinstance.py:430} INFO - ::endgroup::
[2025-07-29T06:02:26.039+0000] {logging_mixin.py:188} INFO - 測試匯入層
[2025-07-29T06:02:26.039+0000] {logging_mixin.py:188} INFO - Loading data from Redis key: ***_data:dag_bbbbbbb
[2025-07-29T06:02:26.056+0000] {logging_mixin.py:188} INFO - Saved output CSV to: /opt/***/data/output/3f2a4b93-b237-4545-bd50-5004d863567c.csv
[2025-07-29T06:02:26.056+0000] {python.py:237} INFO - Done. Returned value was: None
[2025-07-29T06:02:26.056+0000] {taskinstance.py:441} INFO - ::group::Post task execution logs
[2025-07-29T06:02:26.064+0000] {taskinstance.py:1206} INFO - Marking task as SUCCESS. dag_id=dag_bbbbbbb, task_id=load_data_task, run_id=scheduled__2025-06-25T00:00:00+00:00, execution_date=20250625T000000, start_date=20250729T060225, end_date=20250729T060226
[2025-07-29T06:02:26.103+0000] {local_task_job_runner.py:240} INFO - Task exited with return code 0
[2025-07-29T06:02:26.125+0000] {taskinstance.py:3503} INFO - 0 downstream tasks scheduled from follow-on schedule check
[2025-07-29T06:02:26.128+0000] {local_task_job_runner.py:222} INFO - ::endgroup::
[2025-07-30T05:46:30.133+0000] {local_task_job_runner.py:120} INFO - ::group::Pre task execution logs
[2025-07-30T05:46:30.178+0000] {taskinstance.py:2076} INFO - Dependencies all met for dep_context=non-requeueable deps ti=<TaskInstance: dag_bbbbbbb.load_data_task scheduled__2025-06-25T00:00:00+00:00 [queued]>
[2025-07-30T05:46:30.187+0000] {taskinstance.py:2076} INFO - Dependencies all met for dep_context=requeueable deps ti=<TaskInstance: dag_bbbbbbb.load_data_task scheduled__2025-06-25T00:00:00+00:00 [queued]>
[2025-07-30T05:46:30.188+0000] {taskinstance.py:2306} INFO - Starting attempt 1 of 1
[2025-07-30T05:46:30.197+0000] {taskinstance.py:2330} INFO - Executing <Task(PythonOperator): load_data_task> on 2025-06-25 00:00:00+00:00
[2025-07-30T05:46:30.204+0000] {logging_mixin.py:188} WARNING - /home/***/.local/lib/python3.12/site-packages/***/task/task_runner/standard_task_runner.py:61 DeprecationWarning: This process (pid=319) is multi-threaded, use of fork() may lead to deadlocks in the child.
[2025-07-30T05:46:30.204+0000] {standard_task_runner.py:63} INFO - Started process 321 to run task
[2025-07-30T05:46:30.204+0000] {standard_task_runner.py:90} INFO - Running: ['***', 'tasks', 'run', 'dag_bbbbbbb', 'load_data_task', 'scheduled__2025-06-25T00:00:00+00:00', '--job-id', '4', '--raw', '--subdir', 'DAGS_FOLDER/dag_generator_python.py', '--cfg-path', '/tmp/tmpqh82qqvb']
[2025-07-30T05:46:30.206+0000] {standard_task_runner.py:91} INFO - Job 4: Subtask load_data_task
[2025-07-30T05:46:30.430+0000] {task_command.py:426} INFO - Running <TaskInstance: dag_bbbbbbb.load_data_task scheduled__2025-06-25T00:00:00+00:00 [running]> on host 14614e29d246
[2025-07-30T05:46:30.562+0000] {taskinstance.py:2648} INFO - Exporting env vars: AIRFLOW_CTX_DAG_OWNER='***' AIRFLOW_CTX_DAG_ID='dag_bbbbbbb' AIRFLOW_CTX_TASK_ID='load_data_task' AIRFLOW_CTX_EXECUTION_DATE='2025-06-25T00:00:00+00:00' AIRFLOW_CTX_TRY_NUMBER='1' AIRFLOW_CTX_DAG_RUN_ID='scheduled__2025-06-25T00:00:00+00:00'
[2025-07-30T05:46:30.563+0000] {taskinstance.py:430} INFO - ::endgroup::
[2025-07-30T05:46:30.571+0000] {logging_mixin.py:188} INFO - 測試匯入層
[2025-07-30T05:46:30.571+0000] {logging_mixin.py:188} INFO - load_data_task
[2025-07-30T05:46:30.571+0000] {logging_mixin.py:188} INFO - ['_AssociationProxy_dag_run_128923708805664_inst', '__abstract__', '__annotations__', '__class__', '__delattr__', '__dict__', '__dir__', '__doc__', '__eq__', '__format__', '__ge__', '__getattribute__', '__getstate__', '__gt__', '__hash__', '__init__', '__init_subclass__', '__le__', '__lt__', '__mapper__', '__module__', '__ne__', '__new__', '__reduce__', '__reduce_ex__', '__repr__', '__setattr__', '__sizeof__', '__str__', '__subclasshook__', '__table__', '__table_args__', '__tablename__', '__weakref__', '_check_and_change_state_before_execution', '_clear_xcom_data', '_command_as_list', '_create_logger_name', '_execute_task', '_execute_task_with_callbacks', '_get_dagrun', '_get_log', '_handle_reschedule', '_log', '_log_config_logger_name', '_logger_name', '_register_dataset_changes', '_run_execute_callback', '_run_raw_task', '_sa_class_manager', '_sa_instance_state', '_sa_registry', '_schedule_downstream_tasks', '_set_context', '_set_state', '_task_display_property_value', '_try_number', 'are_dependencies_met', 'are_dependents_done', 'check_and_change_state_before_execution', 'clear_db_references', 'clear_next_method_args', 'clear_xcom_data', 'command_as_list', 'current_state', 'custom_operator_name', 'dag_id', 'dag_model', 'dag_run', 'defer_task', 'dry_run', 'duration', 'email_alert', 'emit_state_change_metric', 'end_date', 'error', 'execution_date', 'executor_config', 'external_executor_id', 'fetch_handle_failure_context', 'filter_for_tis', 'generate_command', 'get_dagrun', 'get_email_subject_content', 'get_failed_dep_statuses', 'get_num_running_task_instances', 'get_previous_dagrun', 'get_previous_execution_date', 'get_previous_start_date', 'get_previous_ti', 'get_relevant_upstream_map_indexes', 'get_rendered_k8s_spec', 'get_rendered_template_fields', 'get_task_instance', 'get_template_context', 'get_truncated_error_traceback', 'handle_failure', 'hostname', 'init_on_load', 'init_run_context', 'insert_mapping', 'is_eligible_to_retry', 'is_premature', 'is_trigger_log_context', 'job_id', 'key', 'log', 'log_url', 'logger', 'map_index', 'mark_success_url', 'max_tries', 'metadata', 'next_kwargs', 'next_method', 'next_retry_datetime', 'next_try_number', 'note', 'operator', 'operator_name', 'overwrite_params_with_dag_run_conf', 'pid', 'pool', 'pool_slots', 'prev_attempted_tries', 'previous_start_date_success', 'previous_ti', 'previous_ti_success', 'priority_weight', 'queue', 'queued_by_job', 'queued_by_job_id', 'queued_dttm', 'raw', 'ready_for_retry', 'refresh_from_db', 'refresh_from_task', 'registry', 'render_k8s_pod_yaml', 'render_templates', 'rendered_map_index', 'rendered_task_instance_fields', 'run', 'run_as_user', 'run_id', 'save_to_db', 'schedule_downstream_tasks', 'set_duration', 'set_state', 'start_date', 'state', 'stats_tags', 'task', 'task_display_name', 'task_id', 'task_instance_note', 'test_mode', 'ti_selector_condition', 'trigger', 'trigger_id', 'trigger_timeout', 'triggerer_job', 'try_number', 'unixname', 'updated_at', 'xcom_pull', 'xcom_push']
[2025-07-30T05:46:30.571+0000] {logging_mixin.py:188} INFO - 333333333333333333333333
[2025-07-30T05:46:30.571+0000] {logging_mixin.py:188} INFO - Loading data from Redis key: ***_data:dag_bbbbbbb
[2025-07-30T05:46:30.597+0000] {logging_mixin.py:188} INFO - Saved output CSV to: /opt/***/data/output/3f2a4b93-b237-4545-bd50-5004d863567c.csv
[2025-07-30T05:46:30.598+0000] {python.py:237} INFO - Done. Returned value was: None
[2025-07-30T05:46:30.598+0000] {taskinstance.py:441} INFO - ::group::Post task execution logs
[2025-07-30T05:46:30.605+0000] {taskinstance.py:1206} INFO - Marking task as SUCCESS. dag_id=dag_bbbbbbb, task_id=load_data_task, run_id=scheduled__2025-06-25T00:00:00+00:00, execution_date=20250625T000000, start_date=20250730T054630, end_date=20250730T054630
[2025-07-30T05:46:30.659+0000] {local_task_job_runner.py:240} INFO - Task exited with return code 0
[2025-07-30T05:46:30.698+0000] {taskinstance.py:3503} INFO - 0 downstream tasks scheduled from follow-on schedule check
[2025-07-30T05:46:30.702+0000] {local_task_job_runner.py:222} INFO - ::endgroup::
[2025-07-31T02:12:56.691+0000] {local_task_job_runner.py:120} INFO - ::group::Pre task execution logs
[2025-07-31T02:12:56.806+0000] {taskinstance.py:2076} INFO - Dependencies all met for dep_context=non-requeueable deps ti=<TaskInstance: dag_bbbbbbb.load_data_task scheduled__2025-06-25T00:00:00+00:00 [queued]>
[2025-07-31T02:12:56.812+0000] {taskinstance.py:2076} INFO - Dependencies all met for dep_context=requeueable deps ti=<TaskInstance: dag_bbbbbbb.load_data_task scheduled__2025-06-25T00:00:00+00:00 [queued]>
[2025-07-31T02:12:56.812+0000] {taskinstance.py:2306} INFO - Starting attempt 1 of 1
[2025-07-31T02:12:56.826+0000] {taskinstance.py:2330} INFO - Executing <Task(PythonOperator): load_data_task> on 2025-06-25 00:00:00+00:00
[2025-07-31T02:12:56.833+0000] {logging_mixin.py:188} WARNING - /home/***/.local/lib/python3.12/site-packages/***/task/task_runner/standard_task_runner.py:61 DeprecationWarning: This process (pid=7806) is multi-threaded, use of fork() may lead to deadlocks in the child.
[2025-07-31T02:12:56.833+0000] {standard_task_runner.py:63} INFO - Started process 7808 to run task
[2025-07-31T02:12:56.834+0000] {standard_task_runner.py:90} INFO - Running: ['***', 'tasks', 'run', 'dag_bbbbbbb', 'load_data_task', 'scheduled__2025-06-25T00:00:00+00:00', '--job-id', '143', '--raw', '--subdir', 'DAGS_FOLDER/dag_generator_python.py', '--cfg-path', '/tmp/tmpaff_nhu4']
[2025-07-31T02:12:56.835+0000] {standard_task_runner.py:91} INFO - Job 143: Subtask load_data_task
[2025-07-31T02:12:56.883+0000] {task_command.py:426} INFO - Running <TaskInstance: dag_bbbbbbb.load_data_task scheduled__2025-06-25T00:00:00+00:00 [running]> on host 14614e29d246
[2025-07-31T02:12:56.962+0000] {taskinstance.py:2648} INFO - Exporting env vars: AIRFLOW_CTX_DAG_OWNER='***' AIRFLOW_CTX_DAG_ID='dag_bbbbbbb' AIRFLOW_CTX_TASK_ID='load_data_task' AIRFLOW_CTX_EXECUTION_DATE='2025-06-25T00:00:00+00:00' AIRFLOW_CTX_TRY_NUMBER='1' AIRFLOW_CTX_DAG_RUN_ID='scheduled__2025-06-25T00:00:00+00:00'
[2025-07-31T02:12:56.963+0000] {taskinstance.py:430} INFO - ::endgroup::
[2025-07-31T02:12:56.975+0000] {__init__.py:157} INFO - 執行 load_data (資料匯入層)
[2025-07-31T02:12:56.975+0000] {__init__.py:34} INFO - _get_upstream_output_path 上游任務: {'transform_data_task'}
[2025-07-31T02:12:56.975+0000] {__init__.py:50} INFO - 任務 'load_data_task' 從單一上游 'transform_data_task' 拉取資料
[2025-07-31T02:12:56.985+0000] {__init__.py:52} INFO - 拉取到的 redis_key: ***_data:dag_bbbbbbb.transform_data_task
[2025-07-31T02:12:56.985+0000] {__init__.py:170} INFO - 從 Redis 讀取資料，key=***_data:dag_bbbbbbb.transform_data_task
[2025-07-31T02:12:56.988+0000] {__init__.py:180} INFO - 呼叫演算法 'test_csv' 來自模組 'processor.load.saveCSV'
[2025-07-31T02:12:57.017+0000] {logging_mixin.py:188} INFO - Saved output CSV to: /opt/***/data/output/3f2a4b93-b237-4545-bd50-5004d863567c.csv
[2025-07-31T02:12:57.017+0000] {__init__.py:186} INFO - 刪除上游 Redis key: ***_data:dag_bbbbbbb.transform_data_task
[2025-07-31T02:12:57.017+0000] {python.py:237} INFO - Done. Returned value was: None
[2025-07-31T02:12:57.018+0000] {taskinstance.py:441} INFO - ::group::Post task execution logs
[2025-07-31T02:12:57.026+0000] {taskinstance.py:1206} INFO - Marking task as SUCCESS. dag_id=dag_bbbbbbb, task_id=load_data_task, run_id=scheduled__2025-06-25T00:00:00+00:00, execution_date=20250625T000000, start_date=20250731T021256, end_date=20250731T021257
[2025-07-31T02:12:57.047+0000] {local_task_job_runner.py:240} INFO - Task exited with return code 0
[2025-07-31T02:12:57.064+0000] {taskinstance.py:3503} INFO - 0 downstream tasks scheduled from follow-on schedule check
[2025-07-31T02:12:57.067+0000] {local_task_job_runner.py:222} INFO - ::endgroup::
[2025-08-01T05:19:10.383+0000] {local_task_job_runner.py:120} INFO - ::group::Pre task execution logs
[2025-08-01T05:19:10.560+0000] {taskinstance.py:2076} INFO - Dependencies all met for dep_context=non-requeueable deps ti=<TaskInstance: dag_bbbbbbb.load_data_task scheduled__2025-06-25T00:00:00+00:00 [queued]>
[2025-08-01T05:19:10.575+0000] {taskinstance.py:2076} INFO - Dependencies all met for dep_context=requeueable deps ti=<TaskInstance: dag_bbbbbbb.load_data_task scheduled__2025-06-25T00:00:00+00:00 [queued]>
[2025-08-01T05:19:10.575+0000] {taskinstance.py:2306} INFO - Starting attempt 1 of 1
[2025-08-01T05:19:10.589+0000] {taskinstance.py:2330} INFO - Executing <Task(PythonOperator): load_data_task> on 2025-06-25 00:00:00+00:00
[2025-08-01T05:19:10.597+0000] {logging_mixin.py:188} WARNING - /home/***/.local/lib/python3.12/site-packages/***/task/task_runner/standard_task_runner.py:61 DeprecationWarning: This process (pid=14664) is multi-threaded, use of fork() may lead to deadlocks in the child.
[2025-08-01T05:19:10.597+0000] {standard_task_runner.py:63} INFO - Started process 14666 to run task
[2025-08-01T05:19:10.597+0000] {standard_task_runner.py:90} INFO - Running: ['***', 'tasks', 'run', 'dag_bbbbbbb', 'load_data_task', 'scheduled__2025-06-25T00:00:00+00:00', '--job-id', '199', '--raw', '--subdir', 'DAGS_FOLDER/dag_generator.py', '--cfg-path', '/tmp/tmp308rgzpu']
[2025-08-01T05:19:10.598+0000] {standard_task_runner.py:91} INFO - Job 199: Subtask load_data_task
[2025-08-01T05:19:10.675+0000] {task_command.py:426} INFO - Running <TaskInstance: dag_bbbbbbb.load_data_task scheduled__2025-06-25T00:00:00+00:00 [running]> on host 14614e29d246
[2025-08-01T05:19:10.787+0000] {taskinstance.py:2648} INFO - Exporting env vars: AIRFLOW_CTX_DAG_OWNER='***' AIRFLOW_CTX_DAG_ID='dag_bbbbbbb' AIRFLOW_CTX_TASK_ID='load_data_task' AIRFLOW_CTX_EXECUTION_DATE='2025-06-25T00:00:00+00:00' AIRFLOW_CTX_TRY_NUMBER='1' AIRFLOW_CTX_DAG_RUN_ID='scheduled__2025-06-25T00:00:00+00:00'
[2025-08-01T05:19:10.789+0000] {taskinstance.py:430} INFO - ::endgroup::
[2025-08-01T05:19:10.803+0000] {__init__.py:157} INFO - 執行 load_data (資料匯入層)
[2025-08-01T05:19:10.803+0000] {__init__.py:34} INFO - _get_upstream_output_path 上游任務: {'transform_data_task'}
[2025-08-01T05:19:10.803+0000] {__init__.py:50} INFO - 任務 'load_data_task' 從單一上游 'transform_data_task' 拉取資料
[2025-08-01T05:19:10.812+0000] {__init__.py:52} INFO - 拉取到的 redis_key: ***_data:dag_bbbbbbb.transform_data_task
[2025-08-01T05:19:10.812+0000] {__init__.py:170} INFO - 從 Redis 讀取資料，key=***_data:dag_bbbbbbb.transform_data_task
[2025-08-01T05:19:10.814+0000] {__init__.py:180} INFO - 呼叫演算法 'test_csv' 來自模組 'processor.load.saveCSV'
[2025-08-01T05:19:10.835+0000] {logging_mixin.py:188} INFO - Saved output CSV to: /opt/***/data/output/3f2a4b93-b237-4545-bd50-5004d863567c.csv
[2025-08-01T05:19:10.836+0000] {__init__.py:186} INFO - 刪除上游 Redis key: ***_data:dag_bbbbbbb.transform_data_task
[2025-08-01T05:19:10.836+0000] {python.py:237} INFO - Done. Returned value was: None
[2025-08-01T05:19:10.836+0000] {taskinstance.py:441} INFO - ::group::Post task execution logs
[2025-08-01T05:19:10.843+0000] {taskinstance.py:1206} INFO - Marking task as SUCCESS. dag_id=dag_bbbbbbb, task_id=load_data_task, run_id=scheduled__2025-06-25T00:00:00+00:00, execution_date=20250625T000000, start_date=20250801T051910, end_date=20250801T051910
[2025-08-01T05:19:10.891+0000] {local_task_job_runner.py:240} INFO - Task exited with return code 0
[2025-08-01T05:19:10.903+0000] {taskinstance.py:3503} INFO - 0 downstream tasks scheduled from follow-on schedule check
[2025-08-01T05:19:10.906+0000] {local_task_job_runner.py:222} INFO - ::endgroup::
[2025-08-03T06:45:06.170+0000] {local_task_job_runner.py:120} INFO - ::group::Pre task execution logs
[2025-08-03T06:45:06.205+0000] {taskinstance.py:2076} INFO - Dependencies all met for dep_context=non-requeueable deps ti=<TaskInstance: dag_bbbbbbb.load_data_task scheduled__2025-06-25T00:00:00+00:00 [queued]>
[2025-08-03T06:45:06.213+0000] {taskinstance.py:2076} INFO - Dependencies all met for dep_context=requeueable deps ti=<TaskInstance: dag_bbbbbbb.load_data_task scheduled__2025-06-25T00:00:00+00:00 [queued]>
[2025-08-03T06:45:06.213+0000] {taskinstance.py:2306} INFO - Starting attempt 1 of 1
[2025-08-03T06:45:06.226+0000] {taskinstance.py:2330} INFO - Executing <Task(PythonOperator): load_data_task> on 2025-06-25 00:00:00+00:00
[2025-08-03T06:45:06.235+0000] {logging_mixin.py:188} WARNING - /home/***/.local/lib/python3.12/site-packages/***/task/task_runner/standard_task_runner.py:61 DeprecationWarning: This process (pid=430) is multi-threaded, use of fork() may lead to deadlocks in the child.
[2025-08-03T06:45:06.236+0000] {standard_task_runner.py:63} INFO - Started process 432 to run task
[2025-08-03T06:45:06.236+0000] {standard_task_runner.py:90} INFO - Running: ['***', 'tasks', 'run', 'dag_bbbbbbb', 'load_data_task', 'scheduled__2025-06-25T00:00:00+00:00', '--job-id', '6', '--raw', '--subdir', 'DAGS_FOLDER/dag_generator.py', '--cfg-path', '/tmp/tmpgcv4gvsp']
[2025-08-03T06:45:06.238+0000] {standard_task_runner.py:91} INFO - Job 6: Subtask load_data_task
[2025-08-03T06:45:06.386+0000] {task_command.py:426} INFO - Running <TaskInstance: dag_bbbbbbb.load_data_task scheduled__2025-06-25T00:00:00+00:00 [running]> on host 19828dfd2b76
[2025-08-03T06:45:06.471+0000] {taskinstance.py:2648} INFO - Exporting env vars: AIRFLOW_CTX_DAG_OWNER='***' AIRFLOW_CTX_DAG_ID='dag_bbbbbbb' AIRFLOW_CTX_TASK_ID='load_data_task' AIRFLOW_CTX_EXECUTION_DATE='2025-06-25T00:00:00+00:00' AIRFLOW_CTX_TRY_NUMBER='1' AIRFLOW_CTX_DAG_RUN_ID='scheduled__2025-06-25T00:00:00+00:00'
[2025-08-03T06:45:06.472+0000] {taskinstance.py:430} INFO - ::endgroup::
[2025-08-03T06:45:06.479+0000] {__init__.py:157} INFO - 執行 load_data (資料匯入層)
[2025-08-03T06:45:06.479+0000] {__init__.py:34} INFO - _get_upstream_output_path 上游任務: {'transform_data_task'}
[2025-08-03T06:45:06.479+0000] {__init__.py:50} INFO - 任務 'load_data_task' 從單一上游 'transform_data_task' 拉取資料
[2025-08-03T06:45:06.485+0000] {__init__.py:52} INFO - 拉取到的 redis_key: ***_data:dag_bbbbbbb.transform_data_task
[2025-08-03T06:45:06.486+0000] {__init__.py:170} INFO - 從 Redis 讀取資料，key=***_data:dag_bbbbbbb.transform_data_task
[2025-08-03T06:45:06.487+0000] {__init__.py:180} INFO - 呼叫演算法 'test_csv' 來自模組 'processor.load.saveCSV'
[2025-08-03T06:45:06.516+0000] {logging_mixin.py:188} INFO - Saved output CSV to: /opt/***/data/output/3f2a4b93-b237-4545-bd50-5004d863567c.csv
[2025-08-03T06:45:06.517+0000] {__init__.py:186} INFO - 刪除上游 Redis key: ***_data:dag_bbbbbbb.transform_data_task
[2025-08-03T06:45:06.517+0000] {python.py:237} INFO - Done. Returned value was: None
[2025-08-03T06:45:06.517+0000] {taskinstance.py:441} INFO - ::group::Post task execution logs
[2025-08-03T06:45:06.524+0000] {taskinstance.py:1206} INFO - Marking task as SUCCESS. dag_id=dag_bbbbbbb, task_id=load_data_task, run_id=scheduled__2025-06-25T00:00:00+00:00, execution_date=20250625T000000, start_date=20250803T064506, end_date=20250803T064506
[2025-08-03T06:45:06.570+0000] {local_task_job_runner.py:240} INFO - Task exited with return code 0
[2025-08-03T06:45:06.593+0000] {taskinstance.py:3503} INFO - 0 downstream tasks scheduled from follow-on schedule check
[2025-08-03T06:45:06.596+0000] {local_task_job_runner.py:222} INFO - ::endgroup::
[2025-08-03T06:45:35.870+0000] {local_task_job_runner.py:120} INFO - ::group::Pre task execution logs
[2025-08-03T06:45:35.892+0000] {taskinstance.py:2076} INFO - Dependencies all met for dep_context=non-requeueable deps ti=<TaskInstance: dag_bbbbbbb.load_data_task scheduled__2025-06-25T00:00:00+00:00 [queued]>
[2025-08-03T06:45:35.898+0000] {taskinstance.py:2076} INFO - Dependencies all met for dep_context=requeueable deps ti=<TaskInstance: dag_bbbbbbb.load_data_task scheduled__2025-06-25T00:00:00+00:00 [queued]>
[2025-08-03T06:45:35.898+0000] {taskinstance.py:2306} INFO - Starting attempt 1 of 1
[2025-08-03T06:45:35.907+0000] {taskinstance.py:2330} INFO - Executing <Task(PythonOperator): load_data_task> on 2025-06-25 00:00:00+00:00
[2025-08-03T06:45:35.913+0000] {logging_mixin.py:188} WARNING - /home/***/.local/lib/python3.12/site-packages/***/task/task_runner/standard_task_runner.py:61 DeprecationWarning: This process (pid=494) is multi-threaded, use of fork() may lead to deadlocks in the child.
[2025-08-03T06:45:35.914+0000] {standard_task_runner.py:63} INFO - Started process 498 to run task
[2025-08-03T06:45:35.914+0000] {standard_task_runner.py:90} INFO - Running: ['***', 'tasks', 'run', 'dag_bbbbbbb', 'load_data_task', 'scheduled__2025-06-25T00:00:00+00:00', '--job-id', '12', '--raw', '--subdir', 'DAGS_FOLDER/dag_generator.py', '--cfg-path', '/tmp/tmpp2pix501']
[2025-08-03T06:45:35.916+0000] {standard_task_runner.py:91} INFO - Job 12: Subtask load_data_task
[2025-08-03T06:45:36.084+0000] {task_command.py:426} INFO - Running <TaskInstance: dag_bbbbbbb.load_data_task scheduled__2025-06-25T00:00:00+00:00 [running]> on host 19828dfd2b76
[2025-08-03T06:45:36.134+0000] {taskinstance.py:2648} INFO - Exporting env vars: AIRFLOW_CTX_DAG_OWNER='***' AIRFLOW_CTX_DAG_ID='dag_bbbbbbb' AIRFLOW_CTX_TASK_ID='load_data_task' AIRFLOW_CTX_EXECUTION_DATE='2025-06-25T00:00:00+00:00' AIRFLOW_CTX_TRY_NUMBER='1' AIRFLOW_CTX_DAG_RUN_ID='scheduled__2025-06-25T00:00:00+00:00'
[2025-08-03T06:45:36.134+0000] {taskinstance.py:430} INFO - ::endgroup::
[2025-08-03T06:45:36.141+0000] {__init__.py:157} INFO - 執行 load_data (資料匯入層)
[2025-08-03T06:45:36.141+0000] {__init__.py:34} INFO - _get_upstream_output_path 上游任務: {'transform_data_task'}
[2025-08-03T06:45:36.141+0000] {__init__.py:50} INFO - 任務 'load_data_task' 從單一上游 'transform_data_task' 拉取資料
[2025-08-03T06:45:36.149+0000] {__init__.py:52} INFO - 拉取到的 redis_key: ***_data:dag_bbbbbbb.transform_data_task
[2025-08-03T06:45:36.150+0000] {__init__.py:170} INFO - 從 Redis 讀取資料，key=***_data:dag_bbbbbbb.transform_data_task
[2025-08-03T06:45:36.151+0000] {__init__.py:180} INFO - 呼叫演算法 'test_csv' 來自模組 'processor.load.saveCSV'
[2025-08-03T06:45:36.168+0000] {logging_mixin.py:188} INFO - Saved output CSV to: /opt/***/data/output/3f2a4b93-b237-4545-bd50-5004d863567c.csv
[2025-08-03T06:45:36.169+0000] {__init__.py:186} INFO - 刪除上游 Redis key: ***_data:dag_bbbbbbb.transform_data_task
[2025-08-03T06:45:36.169+0000] {python.py:237} INFO - Done. Returned value was: None
[2025-08-03T06:45:36.169+0000] {taskinstance.py:441} INFO - ::group::Post task execution logs
[2025-08-03T06:45:36.177+0000] {taskinstance.py:1206} INFO - Marking task as SUCCESS. dag_id=dag_bbbbbbb, task_id=load_data_task, run_id=scheduled__2025-06-25T00:00:00+00:00, execution_date=20250625T000000, start_date=20250803T064535, end_date=20250803T064536
[2025-08-03T06:45:36.207+0000] {local_task_job_runner.py:240} INFO - Task exited with return code 0
[2025-08-03T06:45:36.331+0000] {taskinstance.py:3503} INFO - 0 downstream tasks scheduled from follow-on schedule check
[2025-08-03T06:45:36.334+0000] {local_task_job_runner.py:222} INFO - ::endgroup::
[2025-08-03T06:51:41.841+0000] {local_task_job_runner.py:120} INFO - ::group::Pre task execution logs
[2025-08-03T06:51:41.869+0000] {taskinstance.py:2076} INFO - Dependencies all met for dep_context=non-requeueable deps ti=<TaskInstance: dag_bbbbbbb.load_data_task scheduled__2025-06-25T00:00:00+00:00 [queued]>
[2025-08-03T06:51:41.875+0000] {taskinstance.py:2076} INFO - Dependencies all met for dep_context=requeueable deps ti=<TaskInstance: dag_bbbbbbb.load_data_task scheduled__2025-06-25T00:00:00+00:00 [queued]>
[2025-08-03T06:51:41.875+0000] {taskinstance.py:2306} INFO - Starting attempt 1 of 1
[2025-08-03T06:51:41.886+0000] {taskinstance.py:2330} INFO - Executing <Task(PythonOperator): load_data_task> on 2025-06-25 00:00:00+00:00
[2025-08-03T06:51:41.893+0000] {logging_mixin.py:188} WARNING - /home/***/.local/lib/python3.12/site-packages/***/task/task_runner/standard_task_runner.py:61 DeprecationWarning: This process (pid=933) is multi-threaded, use of fork() may lead to deadlocks in the child.
[2025-08-03T06:51:41.894+0000] {standard_task_runner.py:63} INFO - Started process 935 to run task
[2025-08-03T06:51:41.894+0000] {standard_task_runner.py:90} INFO - Running: ['***', 'tasks', 'run', 'dag_bbbbbbb', 'load_data_task', 'scheduled__2025-06-25T00:00:00+00:00', '--job-id', '18', '--raw', '--subdir', 'DAGS_FOLDER/dag_generator.py', '--cfg-path', '/tmp/tmp07bc3aap']
[2025-08-03T06:51:41.896+0000] {standard_task_runner.py:91} INFO - Job 18: Subtask load_data_task
[2025-08-03T06:51:42.145+0000] {task_command.py:426} INFO - Running <TaskInstance: dag_bbbbbbb.load_data_task scheduled__2025-06-25T00:00:00+00:00 [running]> on host 19828dfd2b76
[2025-08-03T06:51:42.215+0000] {taskinstance.py:2648} INFO - Exporting env vars: AIRFLOW_CTX_DAG_OWNER='***' AIRFLOW_CTX_DAG_ID='dag_bbbbbbb' AIRFLOW_CTX_TASK_ID='load_data_task' AIRFLOW_CTX_EXECUTION_DATE='2025-06-25T00:00:00+00:00' AIRFLOW_CTX_TRY_NUMBER='1' AIRFLOW_CTX_DAG_RUN_ID='scheduled__2025-06-25T00:00:00+00:00'
[2025-08-03T06:51:42.216+0000] {taskinstance.py:430} INFO - ::endgroup::
[2025-08-03T06:51:42.225+0000] {__init__.py:157} INFO - 執行 load_data (資料匯入層)
[2025-08-03T06:51:42.225+0000] {__init__.py:34} INFO - _get_upstream_output_path 上游任務: {'transform_data_task'}
[2025-08-03T06:51:42.225+0000] {__init__.py:50} INFO - 任務 'load_data_task' 從單一上游 'transform_data_task' 拉取資料
[2025-08-03T06:51:42.234+0000] {__init__.py:52} INFO - 拉取到的 redis_key: ***_data:dag_bbbbbbb.transform_data_task
[2025-08-03T06:51:42.234+0000] {__init__.py:170} INFO - 從 Redis 讀取資料，key=***_data:dag_bbbbbbb.transform_data_task
[2025-08-03T06:51:42.236+0000] {__init__.py:180} INFO - 呼叫演算法 'test_csv' 來自模組 'processor.load.saveCSV'
[2025-08-03T06:51:42.254+0000] {logging_mixin.py:188} INFO - Saved output CSV to: /opt/***/data/output/3f2a4b93-b237-4545-bd50-5004d863567c.csv
[2025-08-03T06:51:42.254+0000] {__init__.py:186} INFO - 刪除上游 Redis key: ***_data:dag_bbbbbbb.transform_data_task
[2025-08-03T06:51:42.255+0000] {python.py:237} INFO - Done. Returned value was: None
[2025-08-03T06:51:42.255+0000] {taskinstance.py:441} INFO - ::group::Post task execution logs
[2025-08-03T06:51:42.261+0000] {taskinstance.py:1206} INFO - Marking task as SUCCESS. dag_id=dag_bbbbbbb, task_id=load_data_task, run_id=scheduled__2025-06-25T00:00:00+00:00, execution_date=20250625T000000, start_date=20250803T065141, end_date=20250803T065142
[2025-08-03T06:51:42.308+0000] {local_task_job_runner.py:240} INFO - Task exited with return code 0
[2025-08-03T06:51:42.330+0000] {taskinstance.py:3503} INFO - 0 downstream tasks scheduled from follow-on schedule check
[2025-08-03T06:51:42.333+0000] {local_task_job_runner.py:222} INFO - ::endgroup::
[2025-08-03T06:53:13.342+0000] {local_task_job_runner.py:120} INFO - ::group::Pre task execution logs
[2025-08-03T06:53:13.376+0000] {taskinstance.py:2076} INFO - Dependencies all met for dep_context=non-requeueable deps ti=<TaskInstance: dag_bbbbbbb.load_data_task scheduled__2025-06-25T00:00:00+00:00 [queued]>
[2025-08-03T06:53:13.383+0000] {taskinstance.py:2076} INFO - Dependencies all met for dep_context=requeueable deps ti=<TaskInstance: dag_bbbbbbb.load_data_task scheduled__2025-06-25T00:00:00+00:00 [queued]>
[2025-08-03T06:53:13.384+0000] {taskinstance.py:2306} INFO - Starting attempt 1 of 1
[2025-08-03T06:53:13.392+0000] {taskinstance.py:2330} INFO - Executing <Task(PythonOperator): load_data_task> on 2025-06-25 00:00:00+00:00
[2025-08-03T06:53:13.398+0000] {logging_mixin.py:188} WARNING - /home/***/.local/lib/python3.12/site-packages/***/task/task_runner/standard_task_runner.py:61 DeprecationWarning: This process (pid=1066) is multi-threaded, use of fork() may lead to deadlocks in the child.
[2025-08-03T06:53:13.398+0000] {standard_task_runner.py:63} INFO - Started process 1068 to run task
[2025-08-03T06:53:13.398+0000] {standard_task_runner.py:90} INFO - Running: ['***', 'tasks', 'run', 'dag_bbbbbbb', 'load_data_task', 'scheduled__2025-06-25T00:00:00+00:00', '--job-id', '23', '--raw', '--subdir', 'DAGS_FOLDER/dag_generator.py', '--cfg-path', '/tmp/tmpl9fbo6yw']
[2025-08-03T06:53:13.400+0000] {standard_task_runner.py:91} INFO - Job 23: Subtask load_data_task
[2025-08-03T06:53:13.570+0000] {task_command.py:426} INFO - Running <TaskInstance: dag_bbbbbbb.load_data_task scheduled__2025-06-25T00:00:00+00:00 [running]> on host 19828dfd2b76
[2025-08-03T06:53:13.638+0000] {taskinstance.py:2648} INFO - Exporting env vars: AIRFLOW_CTX_DAG_OWNER='***' AIRFLOW_CTX_DAG_ID='dag_bbbbbbb' AIRFLOW_CTX_TASK_ID='load_data_task' AIRFLOW_CTX_EXECUTION_DATE='2025-06-25T00:00:00+00:00' AIRFLOW_CTX_TRY_NUMBER='1' AIRFLOW_CTX_DAG_RUN_ID='scheduled__2025-06-25T00:00:00+00:00'
[2025-08-03T06:53:13.639+0000] {taskinstance.py:430} INFO - ::endgroup::
[2025-08-03T06:53:13.650+0000] {__init__.py:157} INFO - 執行 load_data (資料匯入層)
[2025-08-03T06:53:13.650+0000] {__init__.py:34} INFO - _get_upstream_output_path 上游任務: {'transform_data_task'}
[2025-08-03T06:53:13.650+0000] {__init__.py:50} INFO - 任務 'load_data_task' 從單一上游 'transform_data_task' 拉取資料
[2025-08-03T06:53:13.656+0000] {__init__.py:52} INFO - 拉取到的 redis_key: ***_data:dag_bbbbbbb.transform_data_task
[2025-08-03T06:53:13.656+0000] {__init__.py:170} INFO - 從 Redis 讀取資料，key=***_data:dag_bbbbbbb.transform_data_task
[2025-08-03T06:53:13.657+0000] {__init__.py:180} INFO - 呼叫演算法 'test_csv' 來自模組 'processor.load.saveCSV'
[2025-08-03T06:53:13.676+0000] {logging_mixin.py:188} INFO - Saved output CSV to: /opt/***/data/output/3f2a4b93-b237-4545-bd50-5004d863567c.csv
[2025-08-03T06:53:13.676+0000] {__init__.py:186} INFO - 刪除上游 Redis key: ***_data:dag_bbbbbbb.transform_data_task
[2025-08-03T06:53:13.676+0000] {python.py:237} INFO - Done. Returned value was: None
[2025-08-03T06:53:13.677+0000] {taskinstance.py:441} INFO - ::group::Post task execution logs
[2025-08-03T06:53:13.683+0000] {taskinstance.py:1206} INFO - Marking task as SUCCESS. dag_id=dag_bbbbbbb, task_id=load_data_task, run_id=scheduled__2025-06-25T00:00:00+00:00, execution_date=20250625T000000, start_date=20250803T065313, end_date=20250803T065313
[2025-08-03T06:53:13.732+0000] {local_task_job_runner.py:240} INFO - Task exited with return code 0
[2025-08-03T06:53:13.759+0000] {taskinstance.py:3503} INFO - 0 downstream tasks scheduled from follow-on schedule check
[2025-08-03T06:53:13.761+0000] {local_task_job_runner.py:222} INFO - ::endgroup::
[2025-08-03T06:56:17.297+0000] {local_task_job_runner.py:120} INFO - ::group::Pre task execution logs
[2025-08-03T06:56:17.324+0000] {taskinstance.py:2076} INFO - Dependencies all met for dep_context=non-requeueable deps ti=<TaskInstance: dag_bbbbbbb.load_data_task scheduled__2025-06-25T00:00:00+00:00 [queued]>
[2025-08-03T06:56:17.330+0000] {taskinstance.py:2076} INFO - Dependencies all met for dep_context=requeueable deps ti=<TaskInstance: dag_bbbbbbb.load_data_task scheduled__2025-06-25T00:00:00+00:00 [queued]>
[2025-08-03T06:56:17.330+0000] {taskinstance.py:2306} INFO - Starting attempt 1 of 1
[2025-08-03T06:56:17.341+0000] {taskinstance.py:2330} INFO - Executing <Task(PythonOperator): load_data_task> on 2025-06-25 00:00:00+00:00
[2025-08-03T06:56:17.351+0000] {logging_mixin.py:188} WARNING - /home/***/.local/lib/python3.12/site-packages/***/task/task_runner/standard_task_runner.py:61 DeprecationWarning: This process (pid=1369) is multi-threaded, use of fork() may lead to deadlocks in the child.
[2025-08-03T06:56:17.352+0000] {standard_task_runner.py:63} INFO - Started process 1371 to run task
[2025-08-03T06:56:17.352+0000] {standard_task_runner.py:90} INFO - Running: ['***', 'tasks', 'run', 'dag_bbbbbbb', 'load_data_task', 'scheduled__2025-06-25T00:00:00+00:00', '--job-id', '38', '--raw', '--subdir', 'DAGS_FOLDER/dag_generator.py', '--cfg-path', '/tmp/tmpcuy6dl69']
[2025-08-03T06:56:17.353+0000] {standard_task_runner.py:91} INFO - Job 38: Subtask load_data_task
[2025-08-03T06:56:17.589+0000] {task_command.py:426} INFO - Running <TaskInstance: dag_bbbbbbb.load_data_task scheduled__2025-06-25T00:00:00+00:00 [running]> on host 19828dfd2b76
[2025-08-03T06:56:17.730+0000] {taskinstance.py:2648} INFO - Exporting env vars: AIRFLOW_CTX_DAG_OWNER='***' AIRFLOW_CTX_DAG_ID='dag_bbbbbbb' AIRFLOW_CTX_TASK_ID='load_data_task' AIRFLOW_CTX_EXECUTION_DATE='2025-06-25T00:00:00+00:00' AIRFLOW_CTX_TRY_NUMBER='1' AIRFLOW_CTX_DAG_RUN_ID='scheduled__2025-06-25T00:00:00+00:00'
[2025-08-03T06:56:17.731+0000] {taskinstance.py:430} INFO - ::endgroup::
[2025-08-03T06:56:17.747+0000] {__init__.py:157} INFO - 執行 load_data (資料匯入層)
[2025-08-03T06:56:17.748+0000] {__init__.py:34} INFO - _get_upstream_output_path 上游任務: {'transform_data_task'}
[2025-08-03T06:56:17.748+0000] {__init__.py:50} INFO - 任務 'load_data_task' 從單一上游 'transform_data_task' 拉取資料
[2025-08-03T06:56:17.759+0000] {__init__.py:52} INFO - 拉取到的 redis_key: ***_data:dag_bbbbbbb.transform_data_task
[2025-08-03T06:56:17.759+0000] {__init__.py:170} INFO - 從 Redis 讀取資料，key=***_data:dag_bbbbbbb.transform_data_task
[2025-08-03T06:56:17.763+0000] {__init__.py:180} INFO - 呼叫演算法 'test_csv' 來自模組 'processor.load.saveCSV'
[2025-08-03T06:56:17.803+0000] {logging_mixin.py:188} INFO - Saved output CSV to: /opt/***/data/output/3f2a4b93-b237-4545-bd50-5004d863567c.csv
[2025-08-03T06:56:17.803+0000] {__init__.py:186} INFO - 刪除上游 Redis key: ***_data:dag_bbbbbbb.transform_data_task
[2025-08-03T06:56:17.804+0000] {python.py:237} INFO - Done. Returned value was: None
[2025-08-03T06:56:17.804+0000] {taskinstance.py:441} INFO - ::group::Post task execution logs
[2025-08-03T06:56:17.818+0000] {taskinstance.py:1206} INFO - Marking task as SUCCESS. dag_id=dag_bbbbbbb, task_id=load_data_task, run_id=scheduled__2025-06-25T00:00:00+00:00, execution_date=20250625T000000, start_date=20250803T065617, end_date=20250803T065617
[2025-08-03T06:56:17.886+0000] {local_task_job_runner.py:240} INFO - Task exited with return code 0
[2025-08-03T06:56:17.904+0000] {taskinstance.py:3503} INFO - 0 downstream tasks scheduled from follow-on schedule check
[2025-08-03T06:56:17.907+0000] {local_task_job_runner.py:222} INFO - ::endgroup::
[2025-08-03T10:17:35.617+0000] {local_task_job_runner.py:120} INFO - ::group::Pre task execution logs
[2025-08-03T10:17:35.649+0000] {taskinstance.py:2076} INFO - Dependencies all met for dep_context=non-requeueable deps ti=<TaskInstance: dag_bbbbbbb.load_data_task scheduled__2025-06-25T00:00:00+00:00 [queued]>
[2025-08-03T10:17:35.656+0000] {taskinstance.py:2076} INFO - Dependencies all met for dep_context=requeueable deps ti=<TaskInstance: dag_bbbbbbb.load_data_task scheduled__2025-06-25T00:00:00+00:00 [queued]>
[2025-08-03T10:17:35.656+0000] {taskinstance.py:2306} INFO - Starting attempt 1 of 1
[2025-08-03T10:17:35.667+0000] {taskinstance.py:2330} INFO - Executing <Task(PythonOperator): load_data_task> on 2025-06-25 00:00:00+00:00
[2025-08-03T10:17:35.676+0000] {logging_mixin.py:188} WARNING - /home/***/.local/lib/python3.12/site-packages/***/task/task_runner/standard_task_runner.py:61 DeprecationWarning: This process (pid=477) is multi-threaded, use of fork() may lead to deadlocks in the child.
[2025-08-03T10:17:35.677+0000] {standard_task_runner.py:63} INFO - Started process 479 to run task
[2025-08-03T10:17:35.677+0000] {standard_task_runner.py:90} INFO - Running: ['***', 'tasks', 'run', 'dag_bbbbbbb', 'load_data_task', 'scheduled__2025-06-25T00:00:00+00:00', '--job-id', '5', '--raw', '--subdir', 'DAGS_FOLDER/dag_generator.py', '--cfg-path', '/tmp/tmp0xthuhhx']
[2025-08-03T10:17:35.680+0000] {standard_task_runner.py:91} INFO - Job 5: Subtask load_data_task
[2025-08-03T10:17:35.916+0000] {task_command.py:426} INFO - Running <TaskInstance: dag_bbbbbbb.load_data_task scheduled__2025-06-25T00:00:00+00:00 [running]> on host e703672a2137
[2025-08-03T10:17:36.052+0000] {taskinstance.py:2648} INFO - Exporting env vars: AIRFLOW_CTX_DAG_OWNER='***' AIRFLOW_CTX_DAG_ID='dag_bbbbbbb' AIRFLOW_CTX_TASK_ID='load_data_task' AIRFLOW_CTX_EXECUTION_DATE='2025-06-25T00:00:00+00:00' AIRFLOW_CTX_TRY_NUMBER='1' AIRFLOW_CTX_DAG_RUN_ID='scheduled__2025-06-25T00:00:00+00:00'
[2025-08-03T10:17:36.054+0000] {taskinstance.py:430} INFO - ::endgroup::
[2025-08-03T10:17:36.072+0000] {__init__.py:183} INFO - 執行 load_data (資料匯入層)
[2025-08-03T10:17:36.072+0000] {__init__.py:58} INFO - _get_upstream_output_path 上游任務: {'transform_data_task'}
[2025-08-03T10:17:36.072+0000] {__init__.py:74} INFO - 任務 'load_data_task' 從單一上游 'transform_data_task' 拉取資料
[2025-08-03T10:17:36.082+0000] {__init__.py:76} INFO - 拉取到的 redis_key: ***_data:dag_bbbbbbb.transform_data_task
[2025-08-03T10:17:36.082+0000] {__init__.py:196} INFO - 從 Redis 讀取資料，key=***_data:dag_bbbbbbb.transform_data_task
[2025-08-03T10:17:36.084+0000] {__init__.py:43} INFO - 使用資料夾結構方法: csv_writer.standard
[2025-08-03T10:17:36.084+0000] {__init__.py:205} INFO - 呼叫方法 'csv_writer.standard' 來自模組 'processor.load'
[2025-08-03T10:17:36.144+0000] {standard.py:15} INFO - 成功寫出 CSV: /opt/***/data/output/3f2a4b93-b237-4545-bd50-5004d863567c.csv, 資料筆數: 4
[2025-08-03T10:17:36.146+0000] {__init__.py:211} INFO - 刪除上游 Redis key: ***_data:dag_bbbbbbb.transform_data_task
[2025-08-03T10:17:36.147+0000] {python.py:237} INFO - Done. Returned value was: None
[2025-08-03T10:17:36.148+0000] {taskinstance.py:441} INFO - ::group::Post task execution logs
[2025-08-03T10:17:36.160+0000] {taskinstance.py:1206} INFO - Marking task as SUCCESS. dag_id=dag_bbbbbbb, task_id=load_data_task, run_id=scheduled__2025-06-25T00:00:00+00:00, execution_date=20250625T000000, start_date=20250803T101735, end_date=20250803T101736
[2025-08-03T10:17:36.212+0000] {local_task_job_runner.py:240} INFO - Task exited with return code 0
[2025-08-03T10:17:36.243+0000] {taskinstance.py:3503} INFO - 0 downstream tasks scheduled from follow-on schedule check
[2025-08-03T10:17:36.246+0000] {local_task_job_runner.py:222} INFO - ::endgroup::
