[2025-07-31T02:05:15.670+0000] {local_task_job_runner.py:120} INFO - ::group::Pre task execution logs
[2025-07-31T02:05:15.843+0000] {taskinstance.py:2076} INFO - Dependencies all met for dep_context=non-requeueable deps ti=<TaskInstance: dag_54435435345345tt.extract_data_task scheduled__2025-06-25T00:00:00+00:00 [queued]>
[2025-07-31T02:05:15.855+0000] {taskinstance.py:2076} INFO - Dependencies all met for dep_context=requeueable deps ti=<TaskInstance: dag_54435435345345tt.extract_data_task scheduled__2025-06-25T00:00:00+00:00 [queued]>
[2025-07-31T02:05:15.855+0000] {taskinstance.py:2306} INFO - Starting attempt 1 of 1
[2025-07-31T02:05:15.871+0000] {taskinstance.py:2330} INFO - Executing <Task(PythonOperator): extract_data_task> on 2025-06-25 00:00:00+00:00
[2025-07-31T02:05:15.878+0000] {logging_mixin.py:188} WARNING - /home/***/.local/lib/python3.12/site-packages/***/task/task_runner/standard_task_runner.py:61 DeprecationWarning: This process (pid=7302) is multi-threaded, use of fork() may lead to deadlocks in the child.
[2025-07-31T02:05:15.879+0000] {standard_task_runner.py:63} INFO - Started process 7304 to run task
[2025-07-31T02:05:15.879+0000] {standard_task_runner.py:90} INFO - Running: ['***', 'tasks', 'run', 'dag_54435435345345tt', 'extract_data_task', 'scheduled__2025-06-25T00:00:00+00:00', '--job-id', '128', '--raw', '--subdir', 'DAGS_FOLDER/dag_generator_python.py', '--cfg-path', '/tmp/tmpd4b64tcq']
[2025-07-31T02:05:15.880+0000] {standard_task_runner.py:91} INFO - Job 128: Subtask extract_data_task
[2025-07-31T02:05:15.931+0000] {task_command.py:426} INFO - Running <TaskInstance: dag_54435435345345tt.extract_data_task scheduled__2025-06-25T00:00:00+00:00 [running]> on host 14614e29d246
[2025-07-31T02:05:16.055+0000] {taskinstance.py:2648} INFO - Exporting env vars: AIRFLOW_CTX_DAG_OWNER='***' AIRFLOW_CTX_DAG_ID='dag_54435435345345tt' AIRFLOW_CTX_TASK_ID='extract_data_task' AIRFLOW_CTX_EXECUTION_DATE='2025-06-25T00:00:00+00:00' AIRFLOW_CTX_TRY_NUMBER='1' AIRFLOW_CTX_DAG_RUN_ID='scheduled__2025-06-25T00:00:00+00:00'
[2025-07-31T02:05:16.056+0000] {taskinstance.py:430} INFO - ::endgroup::
[2025-07-31T02:05:16.075+0000] {__init__.py:57} INFO - 執行 extract_data (資料載入層)
[2025-07-31T02:05:16.076+0000] {__init__.py:61} INFO - 呼叫演算法 'test_csv' 來自模組 'processor.extract.readNP'
[2025-07-31T02:05:16.076+0000] {logging_mixin.py:188} INFO - test.npy
[2025-07-31T02:05:16.077+0000] {__init__.py:65} INFO - 資料是 numpy.ndarray
[2025-07-31T02:05:16.079+0000] {__init__.py:82} INFO - 資料已存入 Redis，key=***_data:dag_54435435345345tt.extract_data_task
[2025-07-31T02:05:16.090+0000] {python.py:237} INFO - Done. Returned value was: None
[2025-07-31T02:05:16.091+0000] {taskinstance.py:441} INFO - ::group::Post task execution logs
[2025-07-31T02:05:16.099+0000] {taskinstance.py:1206} INFO - Marking task as SUCCESS. dag_id=dag_54435435345345tt, task_id=extract_data_task, run_id=scheduled__2025-06-25T00:00:00+00:00, execution_date=20250625T000000, start_date=20250731T020515, end_date=20250731T020516
[2025-07-31T02:05:16.132+0000] {local_task_job_runner.py:240} INFO - Task exited with return code 0
[2025-07-31T02:05:16.160+0000] {taskinstance.py:3503} INFO - 1 downstream tasks scheduled from follow-on schedule check
[2025-07-31T02:05:16.163+0000] {local_task_job_runner.py:222} INFO - ::endgroup::
