[2025-07-28T07:54:39.728+0000] {local_task_job_runner.py:120} INFO - ::group::Pre task execution logs
[2025-07-28T07:54:39.750+0000] {taskinstance.py:2076} INFO - Dependencies all met for dep_context=non-requeueable deps ti=<TaskInstance: dag_aaaaaaaaaaa.extract_data_task scheduled__2025-06-25T00:00:00+00:00 [queued]>
[2025-07-28T07:54:39.757+0000] {taskinstance.py:2076} INFO - Dependencies all met for dep_context=requeueable deps ti=<TaskInstance: dag_aaaaaaaaaaa.extract_data_task scheduled__2025-06-25T00:00:00+00:00 [queued]>
[2025-07-28T07:54:39.757+0000] {taskinstance.py:2306} INFO - Starting attempt 1 of 1
[2025-07-28T07:54:39.854+0000] {taskinstance.py:2330} INFO - Executing <Task(PythonOperator): extract_data_task> on 2025-06-25 00:00:00+00:00
[2025-07-28T07:54:39.865+0000] {logging_mixin.py:188} WARNING - /home/***/.local/lib/python3.12/site-packages/***/task/task_runner/standard_task_runner.py:61 DeprecationWarning: This process (pid=10530) is multi-threaded, use of fork() may lead to deadlocks in the child.
[2025-07-28T07:54:39.863+0000] {standard_task_runner.py:90} INFO - Running: ['***', 'tasks', 'run', 'dag_aaaaaaaaaaa', 'extract_data_task', 'scheduled__2025-06-25T00:00:00+00:00', '--job-id', '31', '--raw', '--subdir', 'DAGS_FOLDER/dag_generator_python.py', '--cfg-path', '/tmp/tmpwq97g5sp']
[2025-07-28T07:54:39.866+0000] {standard_task_runner.py:63} INFO - Started process 10532 to run task
[2025-07-28T07:54:39.866+0000] {standard_task_runner.py:91} INFO - Job 31: Subtask extract_data_task
[2025-07-28T07:54:39.914+0000] {task_command.py:426} INFO - Running <TaskInstance: dag_aaaaaaaaaaa.extract_data_task scheduled__2025-06-25T00:00:00+00:00 [running]> on host 1171f9d2ced8
[2025-07-28T07:54:39.991+0000] {taskinstance.py:2648} INFO - Exporting env vars: AIRFLOW_CTX_DAG_OWNER='***' AIRFLOW_CTX_DAG_ID='dag_aaaaaaaaaaa' AIRFLOW_CTX_TASK_ID='extract_data_task' AIRFLOW_CTX_EXECUTION_DATE='2025-06-25T00:00:00+00:00' AIRFLOW_CTX_TRY_NUMBER='1' AIRFLOW_CTX_DAG_RUN_ID='scheduled__2025-06-25T00:00:00+00:00'
[2025-07-28T07:54:39.992+0000] {taskinstance.py:430} INFO - ::endgroup::
[2025-07-28T07:54:40.004+0000] {logging_mixin.py:188} INFO - 2222222222222222222222222222222222222
[2025-07-28T07:54:40.004+0000] {logging_mixin.py:188} INFO - 3f2a4b93-b237-4545-bd50-5004d863567c.csv
[2025-07-28T07:54:40.017+0000] {logging_mixin.py:188} INFO - Data stored in Redis key: ***_data:dag_aaaaaaaaaaa
[2025-07-28T07:54:40.030+0000] {python.py:237} INFO - Done. Returned value was: None
[2025-07-28T07:54:40.031+0000] {taskinstance.py:441} INFO - ::group::Post task execution logs
[2025-07-28T07:54:40.038+0000] {taskinstance.py:1206} INFO - Marking task as SUCCESS. dag_id=dag_aaaaaaaaaaa, task_id=extract_data_task, run_id=scheduled__2025-06-25T00:00:00+00:00, execution_date=20250625T000000, start_date=20250728T075439, end_date=20250728T075440
[2025-07-28T07:54:40.079+0000] {local_task_job_runner.py:240} INFO - Task exited with return code 0
[2025-07-28T07:54:40.097+0000] {taskinstance.py:3503} INFO - 1 downstream tasks scheduled from follow-on schedule check
[2025-07-28T07:54:40.099+0000] {local_task_job_runner.py:222} INFO - ::endgroup::
[2025-07-28T11:58:21.683+0000] {local_task_job_runner.py:120} INFO - ::group::Pre task execution logs
[2025-07-28T11:58:21.837+0000] {taskinstance.py:2076} INFO - Dependencies all met for dep_context=non-requeueable deps ti=<TaskInstance: dag_aaaaaaaaaaa.extract_data_task scheduled__2025-06-25T00:00:00+00:00 [queued]>
[2025-07-28T11:58:21.846+0000] {taskinstance.py:2076} INFO - Dependencies all met for dep_context=requeueable deps ti=<TaskInstance: dag_aaaaaaaaaaa.extract_data_task scheduled__2025-06-25T00:00:00+00:00 [queued]>
[2025-07-28T11:58:21.847+0000] {taskinstance.py:2306} INFO - Starting attempt 1 of 1
[2025-07-28T11:58:21.863+0000] {taskinstance.py:2330} INFO - Executing <Task(PythonOperator): extract_data_task> on 2025-06-25 00:00:00+00:00
[2025-07-28T11:58:21.872+0000] {standard_task_runner.py:90} INFO - Running: ['***', 'tasks', 'run', 'dag_aaaaaaaaaaa', 'extract_data_task', 'scheduled__2025-06-25T00:00:00+00:00', '--job-id', '37', '--raw', '--subdir', 'DAGS_FOLDER/dag_generator_python.py', '--cfg-path', '/tmp/tmp2tkuxf3z']
[2025-07-28T11:58:21.874+0000] {logging_mixin.py:188} WARNING - /home/***/.local/lib/python3.12/site-packages/***/task/task_runner/standard_task_runner.py:61 DeprecationWarning: This process (pid=858) is multi-threaded, use of fork() may lead to deadlocks in the child.
[2025-07-28T11:58:21.875+0000] {standard_task_runner.py:63} INFO - Started process 860 to run task
[2025-07-28T11:58:21.875+0000] {standard_task_runner.py:91} INFO - Job 37: Subtask extract_data_task
[2025-07-28T11:58:21.922+0000] {task_command.py:426} INFO - Running <TaskInstance: dag_aaaaaaaaaaa.extract_data_task scheduled__2025-06-25T00:00:00+00:00 [running]> on host 1171f9d2ced8
[2025-07-28T11:58:22.000+0000] {taskinstance.py:2648} INFO - Exporting env vars: AIRFLOW_CTX_DAG_OWNER='***' AIRFLOW_CTX_DAG_ID='dag_aaaaaaaaaaa' AIRFLOW_CTX_TASK_ID='extract_data_task' AIRFLOW_CTX_EXECUTION_DATE='2025-06-25T00:00:00+00:00' AIRFLOW_CTX_TRY_NUMBER='1' AIRFLOW_CTX_DAG_RUN_ID='scheduled__2025-06-25T00:00:00+00:00'
[2025-07-28T11:58:22.001+0000] {taskinstance.py:430} INFO - ::endgroup::
[2025-07-28T11:58:22.017+0000] {logging_mixin.py:188} INFO - Applying algorithm 'test_csv' from module 'processor.extract.readCSV'
[2025-07-28T11:58:22.017+0000] {logging_mixin.py:188} INFO - 3f2a4b93-b237-4545-bd50-5004d863567c.csv
[2025-07-28T11:58:22.032+0000] {logging_mixin.py:188} INFO - Data stored in Redis key: ***_data:dag_aaaaaaaaaaa
[2025-07-28T11:58:22.045+0000] {python.py:237} INFO - Done. Returned value was: None
[2025-07-28T11:58:22.045+0000] {taskinstance.py:441} INFO - ::group::Post task execution logs
[2025-07-28T11:58:22.056+0000] {taskinstance.py:1206} INFO - Marking task as SUCCESS. dag_id=dag_aaaaaaaaaaa, task_id=extract_data_task, run_id=scheduled__2025-06-25T00:00:00+00:00, execution_date=20250625T000000, start_date=20250728T115821, end_date=20250728T115822
[2025-07-28T11:58:22.088+0000] {local_task_job_runner.py:240} INFO - Task exited with return code 0
[2025-07-28T11:58:22.127+0000] {taskinstance.py:3503} INFO - 1 downstream tasks scheduled from follow-on schedule check
[2025-07-28T11:58:22.131+0000] {local_task_job_runner.py:222} INFO - ::endgroup::
