[2025-07-29T08:12:34.162+0000] {local_task_job_runner.py:120} INFO - ::group::Pre task execution logs
[2025-07-29T08:12:34.186+0000] {taskinstance.py:2076} INFO - Dependencies all met for dep_context=non-requeueable deps ti=<TaskInstance: dag_cccccc.extract_data_task scheduled__2025-06-25T00:00:00+00:00 [queued]>
[2025-07-29T08:12:34.193+0000] {taskinstance.py:2076} INFO - Dependencies all met for dep_context=requeueable deps ti=<TaskInstance: dag_cccccc.extract_data_task scheduled__2025-06-25T00:00:00+00:00 [queued]>
[2025-07-29T08:12:34.193+0000] {taskinstance.py:2306} INFO - Starting attempt 1 of 1
[2025-07-29T08:12:34.204+0000] {taskinstance.py:2330} INFO - Executing <Task(PythonOperator): extract_data_task> on 2025-06-25 00:00:00+00:00
[2025-07-29T08:12:34.210+0000] {logging_mixin.py:188} WARNING - /home/***/.local/lib/python3.12/site-packages/***/task/task_runner/standard_task_runner.py:61 DeprecationWarning: This process (pid=17024) is multi-threaded, use of fork() may lead to deadlocks in the child.
[2025-07-29T08:12:34.210+0000] {standard_task_runner.py:63} INFO - Started process 17026 to run task
[2025-07-29T08:12:34.211+0000] {standard_task_runner.py:90} INFO - Running: ['***', 'tasks', 'run', 'dag_cccccc', 'extract_data_task', 'scheduled__2025-06-25T00:00:00+00:00', '--job-id', '32', '--raw', '--subdir', 'DAGS_FOLDER/dag_generator_python.py', '--cfg-path', '/tmp/tmp3zp9rfup']
[2025-07-29T08:12:34.212+0000] {standard_task_runner.py:91} INFO - Job 32: Subtask extract_data_task
[2025-07-29T08:12:34.356+0000] {task_command.py:426} INFO - Running <TaskInstance: dag_cccccc.extract_data_task scheduled__2025-06-25T00:00:00+00:00 [running]> on host ee0266895495
[2025-07-29T08:12:34.434+0000] {taskinstance.py:2648} INFO - Exporting env vars: AIRFLOW_CTX_DAG_OWNER='***' AIRFLOW_CTX_DAG_ID='dag_cccccc' AIRFLOW_CTX_TASK_ID='extract_data_task' AIRFLOW_CTX_EXECUTION_DATE='2025-06-25T00:00:00+00:00' AIRFLOW_CTX_TRY_NUMBER='1' AIRFLOW_CTX_DAG_RUN_ID='scheduled__2025-06-25T00:00:00+00:00'
[2025-07-29T08:12:34.434+0000] {taskinstance.py:430} INFO - ::endgroup::
[2025-07-29T08:12:34.446+0000] {logging_mixin.py:188} INFO - 測試載入層
[2025-07-29T08:12:34.447+0000] {logging_mixin.py:188} INFO - Applying algorithm 'test_csv' from module 'processor.extract.readCSV'
[2025-07-29T08:12:34.447+0000] {logging_mixin.py:188} INFO - 3f2a4b93-b237-4545-bd50-5004d863567c.csv
[2025-07-29T08:12:34.460+0000] {logging_mixin.py:188} INFO - Data stored in Redis key: ***_data:dag_cccccc
[2025-07-29T08:12:34.473+0000] {python.py:237} INFO - Done. Returned value was: None
[2025-07-29T08:12:34.474+0000] {taskinstance.py:441} INFO - ::group::Post task execution logs
[2025-07-29T08:12:34.482+0000] {taskinstance.py:1206} INFO - Marking task as SUCCESS. dag_id=dag_cccccc, task_id=extract_data_task, run_id=scheduled__2025-06-25T00:00:00+00:00, execution_date=20250625T000000, start_date=20250729T081234, end_date=20250729T081234
[2025-07-29T08:12:34.504+0000] {local_task_job_runner.py:240} INFO - Task exited with return code 0
[2025-07-29T08:12:34.627+0000] {taskinstance.py:3503} INFO - 1 downstream tasks scheduled from follow-on schedule check
[2025-07-29T08:12:34.632+0000] {local_task_job_runner.py:222} INFO - ::endgroup::
[2025-07-29T08:25:16.856+0000] {local_task_job_runner.py:120} INFO - ::group::Pre task execution logs
[2025-07-29T08:25:16.881+0000] {taskinstance.py:2076} INFO - Dependencies all met for dep_context=non-requeueable deps ti=<TaskInstance: dag_cccccc.extract_data_task scheduled__2025-06-25T00:00:00+00:00 [queued]>
[2025-07-29T08:25:16.889+0000] {taskinstance.py:2076} INFO - Dependencies all met for dep_context=requeueable deps ti=<TaskInstance: dag_cccccc.extract_data_task scheduled__2025-06-25T00:00:00+00:00 [queued]>
[2025-07-29T08:25:16.889+0000] {taskinstance.py:2306} INFO - Starting attempt 1 of 1
[2025-07-29T08:25:16.899+0000] {taskinstance.py:2330} INFO - Executing <Task(PythonOperator): extract_data_task> on 2025-06-25 00:00:00+00:00
[2025-07-29T08:25:16.905+0000] {logging_mixin.py:188} WARNING - /home/***/.local/lib/python3.12/site-packages/***/task/task_runner/standard_task_runner.py:61 DeprecationWarning: This process (pid=17800) is multi-threaded, use of fork() may lead to deadlocks in the child.
[2025-07-29T08:25:16.906+0000] {standard_task_runner.py:63} INFO - Started process 17802 to run task
[2025-07-29T08:25:16.906+0000] {standard_task_runner.py:90} INFO - Running: ['***', 'tasks', 'run', 'dag_cccccc', 'extract_data_task', 'scheduled__2025-06-25T00:00:00+00:00', '--job-id', '35', '--raw', '--subdir', 'DAGS_FOLDER/dag_generator_python.py', '--cfg-path', '/tmp/tmp6ctwbeme']
[2025-07-29T08:25:16.908+0000] {standard_task_runner.py:91} INFO - Job 35: Subtask extract_data_task
[2025-07-29T08:25:17.048+0000] {task_command.py:426} INFO - Running <TaskInstance: dag_cccccc.extract_data_task scheduled__2025-06-25T00:00:00+00:00 [running]> on host ee0266895495
[2025-07-29T08:25:17.115+0000] {taskinstance.py:2648} INFO - Exporting env vars: AIRFLOW_CTX_DAG_OWNER='***' AIRFLOW_CTX_DAG_ID='dag_cccccc' AIRFLOW_CTX_TASK_ID='extract_data_task' AIRFLOW_CTX_EXECUTION_DATE='2025-06-25T00:00:00+00:00' AIRFLOW_CTX_TRY_NUMBER='1' AIRFLOW_CTX_DAG_RUN_ID='scheduled__2025-06-25T00:00:00+00:00'
[2025-07-29T08:25:17.116+0000] {taskinstance.py:430} INFO - ::endgroup::
[2025-07-29T08:25:17.128+0000] {logging_mixin.py:188} INFO - 測試載入層
[2025-07-29T08:25:17.128+0000] {logging_mixin.py:188} INFO - Applying algorithm 'test_csv' from module 'processor.extract.readCSV'
[2025-07-29T08:25:17.129+0000] {logging_mixin.py:188} INFO - 3f2a4b93-b237-4545-bd50-5004d863567c.csv
[2025-07-29T08:25:17.140+0000] {logging_mixin.py:188} INFO - Data stored in Redis key: ***_data:dag_cccccc
[2025-07-29T08:25:17.153+0000] {python.py:237} INFO - Done. Returned value was: None
[2025-07-29T08:25:17.154+0000] {taskinstance.py:441} INFO - ::group::Post task execution logs
[2025-07-29T08:25:17.163+0000] {taskinstance.py:1206} INFO - Marking task as SUCCESS. dag_id=dag_cccccc, task_id=extract_data_task, run_id=scheduled__2025-06-25T00:00:00+00:00, execution_date=20250625T000000, start_date=20250729T082516, end_date=20250729T082517
[2025-07-29T08:25:17.200+0000] {local_task_job_runner.py:240} INFO - Task exited with return code 0
[2025-07-29T08:25:17.325+0000] {taskinstance.py:3503} INFO - 1 downstream tasks scheduled from follow-on schedule check
[2025-07-29T08:25:17.328+0000] {local_task_job_runner.py:222} INFO - ::endgroup::
