[2025-08-03T10:22:10.211+0000] {local_task_job_runner.py:120} INFO - ::group::Pre task execution logs
[2025-08-03T10:22:10.241+0000] {taskinstance.py:2076} INFO - Dependencies all met for dep_context=non-requeueable deps ti=<TaskInstance: dag_bbcccc.transform_data_task scheduled__2025-06-25T00:00:00+00:00 [queued]>
[2025-08-03T10:22:10.250+0000] {taskinstance.py:2076} INFO - Dependencies all met for dep_context=requeueable deps ti=<TaskInstance: dag_bbcccc.transform_data_task scheduled__2025-06-25T00:00:00+00:00 [queued]>
[2025-08-03T10:22:10.250+0000] {taskinstance.py:2306} INFO - Starting attempt 1 of 1
[2025-08-03T10:22:10.262+0000] {taskinstance.py:2330} INFO - Executing <Task(PythonOperator): transform_data_task> on 2025-06-25 00:00:00+00:00
[2025-08-03T10:22:10.271+0000] {logging_mixin.py:188} WARNING - /home/***/.local/lib/python3.12/site-packages/***/task/task_runner/standard_task_runner.py:61 DeprecationWarning: This process (pid=763) is multi-threaded, use of fork() may lead to deadlocks in the child.
[2025-08-03T10:22:10.273+0000] {standard_task_runner.py:63} INFO - Started process 765 to run task
[2025-08-03T10:22:10.272+0000] {standard_task_runner.py:90} INFO - Running: ['***', 'tasks', 'run', 'dag_bbcccc', 'transform_data_task', 'scheduled__2025-06-25T00:00:00+00:00', '--job-id', '8', '--raw', '--subdir', 'DAGS_FOLDER/dag_generator.py', '--cfg-path', '/tmp/tmpyyr3rf7m']
[2025-08-03T10:22:10.274+0000] {standard_task_runner.py:91} INFO - Job 8: Subtask transform_data_task
[2025-08-03T10:22:10.460+0000] {task_command.py:426} INFO - Running <TaskInstance: dag_bbcccc.transform_data_task scheduled__2025-06-25T00:00:00+00:00 [running]> on host e703672a2137
[2025-08-03T10:22:10.549+0000] {taskinstance.py:2648} INFO - Exporting env vars: AIRFLOW_CTX_DAG_OWNER='***' AIRFLOW_CTX_DAG_ID='dag_bbcccc' AIRFLOW_CTX_TASK_ID='transform_data_task' AIRFLOW_CTX_EXECUTION_DATE='2025-06-25T00:00:00+00:00' AIRFLOW_CTX_TRY_NUMBER='1' AIRFLOW_CTX_DAG_RUN_ID='scheduled__2025-06-25T00:00:00+00:00'
[2025-08-03T10:22:10.550+0000] {taskinstance.py:430} INFO - ::endgroup::
[2025-08-03T10:22:10.561+0000] {__init__.py:118} INFO - 執行 transform_data (資料轉換層)
[2025-08-03T10:22:10.561+0000] {__init__.py:58} INFO - _get_upstream_output_path 上游任務: {'extract_data_task2', 'extract_data_task'}
[2025-08-03T10:22:10.584+0000] {__init__.py:70} INFO - 多上游任務拉到的 XCom 清單: ['***_data:dag_bbcccc.extract_data_task2', '***_data:dag_bbcccc.extract_data_task']
[2025-08-03T10:22:10.589+0000] {__init__.py:133} INFO - 已從多個上游合併資料，共 2 筆
[2025-08-03T10:22:10.595+0000] {__init__.py:43} INFO - 使用資料夾結構方法: product_analysis.aggregation
[2025-08-03T10:22:10.596+0000] {__init__.py:142} INFO - 呼叫方法 'product_analysis.aggregation' 來自模組 'processor.transform'
[2025-08-03T10:22:10.648+0000] {aggregation.py:22} INFO - 產品聚合分析完成, 產品數量: 4
[2025-08-03T10:22:10.648+0000] {__init__.py:153} INFO - 資料是 pd.DataFrame
[2025-08-03T10:22:10.651+0000] {__init__.py:163} INFO - 轉換後資料已存入 Redis，key=***_data:dag_bbcccc.transform_data_task
[2025-08-03T10:22:10.651+0000] {__init__.py:169} INFO - 刪除上游 Redis key: ***_data:dag_bbcccc.extract_data_task2
[2025-08-03T10:22:10.651+0000] {__init__.py:169} INFO - 刪除上游 Redis key: ***_data:dag_bbcccc.extract_data_task
[2025-08-03T10:22:10.663+0000] {python.py:237} INFO - Done. Returned value was: None
[2025-08-03T10:22:10.664+0000] {taskinstance.py:441} INFO - ::group::Post task execution logs
[2025-08-03T10:22:10.677+0000] {taskinstance.py:1206} INFO - Marking task as SUCCESS. dag_id=dag_bbcccc, task_id=transform_data_task, run_id=scheduled__2025-06-25T00:00:00+00:00, execution_date=20250625T000000, start_date=20250803T102210, end_date=20250803T102210
[2025-08-03T10:22:10.728+0000] {local_task_job_runner.py:240} INFO - Task exited with return code 0
[2025-08-03T10:22:10.964+0000] {taskinstance.py:3503} INFO - 1 downstream tasks scheduled from follow-on schedule check
[2025-08-03T10:22:10.967+0000] {local_task_job_runner.py:222} INFO - ::endgroup::
