[2025-08-03T09:05:00.936+0000] {local_task_job_runner.py:120} INFO - ::group::Pre task execution logs
[2025-08-03T09:05:00.963+0000] {taskinstance.py:2076} INFO - Dependencies all met for dep_context=non-requeueable deps ti=<TaskInstance: cleanup_paused_dags.delete_paused_dags scheduled__2025-08-03T09:04:00+00:00 [queued]>
[2025-08-03T09:05:00.972+0000] {taskinstance.py:2076} INFO - Dependencies all met for dep_context=requeueable deps ti=<TaskInstance: cleanup_paused_dags.delete_paused_dags scheduled__2025-08-03T09:04:00+00:00 [queued]>
[2025-08-03T09:05:00.973+0000] {taskinstance.py:2306} INFO - Starting attempt 1 of 2
[2025-08-03T09:05:00.986+0000] {taskinstance.py:2330} INFO - Executing <Task(PythonOperator): delete_paused_dags> on 2025-08-03 09:04:00+00:00
[2025-08-03T09:05:00.992+0000] {logging_mixin.py:188} WARNING - /home/***/.local/lib/python3.12/site-packages/***/task/task_runner/standard_task_runner.py:61 DeprecationWarning: This process (pid=10155) is multi-threaded, use of fork() may lead to deadlocks in the child.
[2025-08-03T09:05:00.993+0000] {standard_task_runner.py:63} INFO - Started process 10156 to run task
[2025-08-03T09:05:00.993+0000] {standard_task_runner.py:90} INFO - Running: ['***', 'tasks', 'run', 'cleanup_paused_dags', 'delete_paused_dags', 'scheduled__2025-08-03T09:04:00+00:00', '--job-id', '87', '--raw', '--subdir', 'DAGS_FOLDER/cleanup_paused_dags.py', '--cfg-path', '/tmp/tmpmriu94rg']
[2025-08-03T09:05:00.995+0000] {standard_task_runner.py:91} INFO - Job 87: Subtask delete_paused_dags
[2025-08-03T09:05:01.055+0000] {task_command.py:426} INFO - Running <TaskInstance: cleanup_paused_dags.delete_paused_dags scheduled__2025-08-03T09:04:00+00:00 [running]> on host 19828dfd2b76
[2025-08-03T09:05:01.143+0000] {taskinstance.py:2648} INFO - Exporting env vars: AIRFLOW_CTX_DAG_OWNER='admin' AIRFLOW_CTX_DAG_ID='cleanup_paused_dags' AIRFLOW_CTX_TASK_ID='delete_paused_dags' AIRFLOW_CTX_EXECUTION_DATE='2025-08-03T09:04:00+00:00' AIRFLOW_CTX_TRY_NUMBER='1' AIRFLOW_CTX_DAG_RUN_ID='scheduled__2025-08-03T09:04:00+00:00'
[2025-08-03T09:05:01.144+0000] {taskinstance.py:430} INFO - ::endgroup::
[2025-08-03T09:05:01.170+0000] {cleanup_paused_dags.py:48} INFO - 找到 0 個暫停的 DAG
[2025-08-03T09:05:01.170+0000] {cleanup_paused_dags.py:74} INFO - 完成！成功刪除 0 個暫停的 DAG
[2025-08-03T09:05:01.170+0000] {python.py:237} INFO - Done. Returned value was: 完成！成功刪除 0 個暫停的 DAG
[2025-08-03T09:05:01.171+0000] {taskinstance.py:441} INFO - ::group::Post task execution logs
[2025-08-03T09:05:01.193+0000] {taskinstance.py:1206} INFO - Marking task as SUCCESS. dag_id=cleanup_paused_dags, task_id=delete_paused_dags, run_id=scheduled__2025-08-03T09:04:00+00:00, execution_date=20250803T090400, start_date=20250803T090500, end_date=20250803T090501
[2025-08-03T09:05:01.247+0000] {local_task_job_runner.py:240} INFO - Task exited with return code 0
[2025-08-03T09:05:01.279+0000] {taskinstance.py:3503} INFO - 0 downstream tasks scheduled from follow-on schedule check
[2025-08-03T09:05:01.282+0000] {local_task_job_runner.py:222} INFO - ::endgroup::
