[2025-07-28T12:47:52.834+0000] {local_task_job_runner.py:120} INFO - ::group::Pre task execution logs
[2025-07-28T12:47:53.046+0000] {taskinstance.py:2076} INFO - Dependencies all met for dep_context=non-requeueable deps ti=<TaskInstance: dag_oooooo.load_data_task scheduled__2025-06-25T00:00:00+00:00 [queued]>
[2025-07-28T12:47:53.060+0000] {taskinstance.py:2076} INFO - Dependencies all met for dep_context=requeueable deps ti=<TaskInstance: dag_oooooo.load_data_task scheduled__2025-06-25T00:00:00+00:00 [queued]>
[2025-07-28T12:47:53.060+0000] {taskinstance.py:2306} INFO - Starting attempt 1 of 1
[2025-07-28T12:47:53.076+0000] {taskinstance.py:2330} INFO - Executing <Task(PythonOperator): load_data_task> on 2025-06-25 00:00:00+00:00
[2025-07-28T12:47:53.095+0000] {logging_mixin.py:188} WARNING - /home/***/.local/lib/python3.12/site-packages/***/task/task_runner/standard_task_runner.py:61 DeprecationWarning: This process (pid=3875) is multi-threaded, use of fork() may lead to deadlocks in the child.
[2025-07-28T12:47:53.096+0000] {standard_task_runner.py:63} INFO - Started process 3877 to run task
[2025-07-28T12:47:53.093+0000] {standard_task_runner.py:90} INFO - Running: ['***', 'tasks', 'run', 'dag_oooooo', 'load_data_task', 'scheduled__2025-06-25T00:00:00+00:00', '--job-id', '49', '--raw', '--subdir', 'DAGS_FOLDER/dag_generator_python.py', '--cfg-path', '/tmp/tmpc65hjrjq']
[2025-07-28T12:47:53.097+0000] {standard_task_runner.py:91} INFO - Job 49: Subtask load_data_task
[2025-07-28T12:47:53.190+0000] {task_command.py:426} INFO - Running <TaskInstance: dag_oooooo.load_data_task scheduled__2025-06-25T00:00:00+00:00 [running]> on host 1171f9d2ced8
[2025-07-28T12:47:53.297+0000] {taskinstance.py:2648} INFO - Exporting env vars: AIRFLOW_CTX_DAG_OWNER='***' AIRFLOW_CTX_DAG_ID='dag_oooooo' AIRFLOW_CTX_TASK_ID='load_data_task' AIRFLOW_CTX_EXECUTION_DATE='2025-06-25T00:00:00+00:00' AIRFLOW_CTX_TRY_NUMBER='1' AIRFLOW_CTX_DAG_RUN_ID='scheduled__2025-06-25T00:00:00+00:00'
[2025-07-28T12:47:53.298+0000] {taskinstance.py:430} INFO - ::endgroup::
[2025-07-28T12:47:53.308+0000] {logging_mixin.py:188} INFO - Loading data from Redis key: ***_data:dag_oooooo
[2025-07-28T12:47:53.332+0000] {logging_mixin.py:188} INFO - 666666666666666666666666666666666
[2025-07-28T12:47:53.334+0000] {logging_mixin.py:188} INFO - Saved output CSV to: /opt/***/data/output/3f2a4b93-b237-4545-bd50-5004d863567c.csv
[2025-07-28T12:47:53.335+0000] {python.py:237} INFO - Done. Returned value was: None
[2025-07-28T12:47:53.335+0000] {taskinstance.py:441} INFO - ::group::Post task execution logs
[2025-07-28T12:47:53.343+0000] {taskinstance.py:1206} INFO - Marking task as SUCCESS. dag_id=dag_oooooo, task_id=load_data_task, run_id=scheduled__2025-06-25T00:00:00+00:00, execution_date=20250625T000000, start_date=20250728T124753, end_date=20250728T124753
[2025-07-28T12:47:53.391+0000] {local_task_job_runner.py:240} INFO - Task exited with return code 0
[2025-07-28T12:47:53.406+0000] {taskinstance.py:3503} INFO - 0 downstream tasks scheduled from follow-on schedule check
[2025-07-28T12:47:53.408+0000] {local_task_job_runner.py:222} INFO - ::endgroup::
