[2025-07-30T14:10:57.033+0000] {local_task_job_runner.py:120} INFO - ::group::Pre task execution logs
[2025-07-30T14:10:57.158+0000] {taskinstance.py:2076} INFO - Dependencies all met for dep_context=non-requeueable deps ti=<TaskInstance: dag_7777777.transform_data_task scheduled__2025-06-25T00:00:00+00:00 [queued]>
[2025-07-30T14:10:57.164+0000] {taskinstance.py:2076} INFO - Dependencies all met for dep_context=requeueable deps ti=<TaskInstance: dag_7777777.transform_data_task scheduled__2025-06-25T00:00:00+00:00 [queued]>
[2025-07-30T14:10:57.164+0000] {taskinstance.py:2306} INFO - Starting attempt 1 of 1
[2025-07-30T14:10:57.176+0000] {taskinstance.py:2330} INFO - Executing <Task(PythonOperator): transform_data_task> on 2025-06-25 00:00:00+00:00
[2025-07-30T14:10:57.184+0000] {logging_mixin.py:188} WARNING - /home/***/.local/lib/python3.12/site-packages/***/task/task_runner/standard_task_runner.py:61 DeprecationWarning: This process (pid=7875) is multi-threaded, use of fork() may lead to deadlocks in the child.
[2025-07-30T14:10:57.185+0000] {standard_task_runner.py:63} INFO - Started process 7877 to run task
[2025-07-30T14:10:57.184+0000] {standard_task_runner.py:90} INFO - Running: ['***', 'tasks', 'run', 'dag_7777777', 'transform_data_task', 'scheduled__2025-06-25T00:00:00+00:00', '--job-id', '86', '--raw', '--subdir', 'DAGS_FOLDER/dag_generator_python.py', '--cfg-path', '/tmp/tmpeabkfbva']
[2025-07-30T14:10:57.186+0000] {standard_task_runner.py:91} INFO - Job 86: Subtask transform_data_task
[2025-07-30T14:10:57.245+0000] {task_command.py:426} INFO - Running <TaskInstance: dag_7777777.transform_data_task scheduled__2025-06-25T00:00:00+00:00 [running]> on host 14614e29d246
[2025-07-30T14:10:57.344+0000] {taskinstance.py:2648} INFO - Exporting env vars: AIRFLOW_CTX_DAG_OWNER='***' AIRFLOW_CTX_DAG_ID='dag_7777777' AIRFLOW_CTX_TASK_ID='transform_data_task' AIRFLOW_CTX_EXECUTION_DATE='2025-06-25T00:00:00+00:00' AIRFLOW_CTX_TRY_NUMBER='1' AIRFLOW_CTX_DAG_RUN_ID='scheduled__2025-06-25T00:00:00+00:00'
[2025-07-30T14:10:57.345+0000] {taskinstance.py:430} INFO - ::endgroup::
[2025-07-30T14:10:57.360+0000] {__init__.py:104} INFO - 執行 transform_data (資料轉換層)
[2025-07-30T14:10:57.361+0000] {__init__.py:42} INFO - _get_upstream_output_path 上游任務: {'extract_data_task', 'extract_data_task2222'}
[2025-07-30T14:10:57.376+0000] {__init__.py:57} INFO - 多上游任務拉到的 XCom 清單: ['***_data:dag_7777777.extract_data_task', '***_data:dag_7777777.extract_data_task2222']
[2025-07-30T14:10:57.379+0000] {__init__.py:121} INFO - 已從多個上游合併成 data，總共 2 筆資料
[2025-07-30T14:10:57.381+0000] {__init__.py:132} INFO - 呼叫演算法 'aggregate_product_data' 來自模組 'processor.transform.algos_1'
[2025-07-30T14:10:57.413+0000] {__init__.py:144} INFO - 轉換後資料已存入 Redis，key=***_data:dag_7777777.transform_data_task
[2025-07-30T14:10:57.424+0000] {python.py:237} INFO - Done. Returned value was: None
[2025-07-30T14:10:57.425+0000] {taskinstance.py:441} INFO - ::group::Post task execution logs
[2025-07-30T14:10:57.434+0000] {taskinstance.py:1206} INFO - Marking task as SUCCESS. dag_id=dag_7777777, task_id=transform_data_task, run_id=scheduled__2025-06-25T00:00:00+00:00, execution_date=20250625T000000, start_date=20250730T141057, end_date=20250730T141057
[2025-07-30T14:10:57.479+0000] {local_task_job_runner.py:240} INFO - Task exited with return code 0
[2025-07-30T14:10:57.515+0000] {taskinstance.py:3503} INFO - 2 downstream tasks scheduled from follow-on schedule check
[2025-07-30T14:10:57.517+0000] {local_task_job_runner.py:222} INFO - ::endgroup::
