[2025-07-30T14:10:58.047+0000] {local_task_job_runner.py:120} INFO - ::group::Pre task execution logs
[2025-07-30T14:10:58.253+0000] {taskinstance.py:2076} INFO - Dependencies all met for dep_context=non-requeueable deps ti=<TaskInstance: dag_7777777.load_data_task2222 scheduled__2025-06-25T00:00:00+00:00 [queued]>
[2025-07-30T14:10:58.264+0000] {taskinstance.py:2076} INFO - Dependencies all met for dep_context=requeueable deps ti=<TaskInstance: dag_7777777.load_data_task2222 scheduled__2025-06-25T00:00:00+00:00 [queued]>
[2025-07-30T14:10:58.264+0000] {taskinstance.py:2306} INFO - Starting attempt 1 of 1
[2025-07-30T14:10:58.276+0000] {taskinstance.py:2330} INFO - Executing <Task(PythonOperator): load_data_task2222> on 2025-06-25 00:00:00+00:00
[2025-07-30T14:10:58.285+0000] {logging_mixin.py:188} WARNING - /home/***/.local/lib/python3.12/site-packages/***/task/task_runner/standard_task_runner.py:61 DeprecationWarning: This process (pid=7885) is multi-threaded, use of fork() may lead to deadlocks in the child.
[2025-07-30T14:10:58.285+0000] {standard_task_runner.py:63} INFO - Started process 7889 to run task
[2025-07-30T14:10:58.285+0000] {standard_task_runner.py:90} INFO - Running: ['***', 'tasks', 'run', 'dag_7777777', 'load_data_task2222', 'scheduled__2025-06-25T00:00:00+00:00', '--job-id', '87', '--raw', '--subdir', 'DAGS_FOLDER/dag_generator_python.py', '--cfg-path', '/tmp/tmpebsbe0az']
[2025-07-30T14:10:58.288+0000] {standard_task_runner.py:91} INFO - Job 87: Subtask load_data_task2222
[2025-07-30T14:10:58.374+0000] {task_command.py:426} INFO - Running <TaskInstance: dag_7777777.load_data_task2222 scheduled__2025-06-25T00:00:00+00:00 [running]> on host 14614e29d246
[2025-07-30T14:10:58.486+0000] {taskinstance.py:2648} INFO - Exporting env vars: AIRFLOW_CTX_DAG_OWNER='***' AIRFLOW_CTX_DAG_ID='dag_7777777' AIRFLOW_CTX_TASK_ID='load_data_task2222' AIRFLOW_CTX_EXECUTION_DATE='2025-06-25T00:00:00+00:00' AIRFLOW_CTX_TRY_NUMBER='1' AIRFLOW_CTX_DAG_RUN_ID='scheduled__2025-06-25T00:00:00+00:00'
[2025-07-30T14:10:58.488+0000] {taskinstance.py:430} INFO - ::endgroup::
[2025-07-30T14:10:58.503+0000] {__init__.py:156} INFO - 執行 load_data (資料匯入層)
[2025-07-30T14:10:58.503+0000] {__init__.py:42} INFO - _get_upstream_output_path 上游任務: {'transform_data_task'}
[2025-07-30T14:10:58.503+0000] {__init__.py:63} INFO - 任務 'load_data_task2222' 從單一上游 'transform_data_task' 拉取資料
[2025-07-30T14:10:58.514+0000] {__init__.py:66} INFO - 拉取到的 redis_key: ***_data:dag_7777777.transform_data_task
[2025-07-30T14:10:58.515+0000] {__init__.py:171} INFO - 從 Redis 讀取資料，key=***_data:dag_7777777.transform_data_task
[2025-07-30T14:10:58.517+0000] {__init__.py:183} INFO - 呼叫演算法 'test_csv' 來自模組 'processor.load.saveCSV'
[2025-07-30T14:10:58.541+0000] {logging_mixin.py:188} INFO - Saved output CSV to: /opt/***/data/output/3f2a4b93-b237-4545-bd50-5004d863567c.csv
[2025-07-30T14:10:58.542+0000] {python.py:237} INFO - Done. Returned value was: None
[2025-07-30T14:10:58.542+0000] {taskinstance.py:441} INFO - ::group::Post task execution logs
[2025-07-30T14:10:58.553+0000] {taskinstance.py:1206} INFO - Marking task as SUCCESS. dag_id=dag_7777777, task_id=load_data_task2222, run_id=scheduled__2025-06-25T00:00:00+00:00, execution_date=20250625T000000, start_date=20250730T141058, end_date=20250730T141058
[2025-07-30T14:10:58.582+0000] {local_task_job_runner.py:240} INFO - Task exited with return code 0
[2025-07-30T14:10:58.602+0000] {local_task_job_runner.py:222} INFO - ::endgroup::
