[2025-07-28T02:57:08.340+0000] {local_task_job_runner.py:120} INFO - ::group::Pre task execution logs
[2025-07-28T02:57:08.365+0000] {taskinstance.py:2076} INFO - Dependencies all met for dep_context=non-requeueable deps ti=<TaskInstance: dag_7777636737673667.transform_data_task scheduled__2025-06-25T00:00:00+00:00 [queued]>
[2025-07-28T02:57:08.374+0000] {taskinstance.py:2076} INFO - Dependencies all met for dep_context=requeueable deps ti=<TaskInstance: dag_7777636737673667.transform_data_task scheduled__2025-06-25T00:00:00+00:00 [queued]>
[2025-07-28T02:57:08.374+0000] {taskinstance.py:2306} INFO - Starting attempt 1 of 1
[2025-07-28T02:57:08.387+0000] {taskinstance.py:2330} INFO - Executing <Task(PythonOperator): transform_data_task> on 2025-06-25 00:00:00+00:00
[2025-07-28T02:57:08.395+0000] {standard_task_runner.py:90} INFO - Running: ['***', 'tasks', 'run', 'dag_7777636737673667', 'transform_data_task', 'scheduled__2025-06-25T00:00:00+00:00', '--job-id', '9', '--raw', '--subdir', 'DAGS_FOLDER/dag_generator_python.py', '--cfg-path', '/tmp/tmpu6rbh79p']
[2025-07-28T02:57:08.397+0000] {standard_task_runner.py:91} INFO - Job 9: Subtask transform_data_task
[2025-07-28T02:57:08.532+0000] {logging_mixin.py:188} WARNING - /home/***/.local/lib/python3.12/site-packages/***/task/task_runner/standard_task_runner.py:61 DeprecationWarning: This process (pid=2947) is multi-threaded, use of fork() may lead to deadlocks in the child.
[2025-07-28T02:57:08.532+0000] {standard_task_runner.py:63} INFO - Started process 2949 to run task
[2025-07-28T02:57:08.600+0000] {task_command.py:426} INFO - Running <TaskInstance: dag_7777636737673667.transform_data_task scheduled__2025-06-25T00:00:00+00:00 [running]> on host dfc351a2ad6c
[2025-07-28T02:57:08.687+0000] {taskinstance.py:2648} INFO - Exporting env vars: AIRFLOW_CTX_DAG_OWNER='***' AIRFLOW_CTX_DAG_ID='dag_7777636737673667' AIRFLOW_CTX_TASK_ID='transform_data_task' AIRFLOW_CTX_EXECUTION_DATE='2025-06-25T00:00:00+00:00' AIRFLOW_CTX_TRY_NUMBER='1' AIRFLOW_CTX_DAG_RUN_ID='scheduled__2025-06-25T00:00:00+00:00'
[2025-07-28T02:57:08.688+0000] {taskinstance.py:430} INFO - ::endgroup::
[2025-07-28T02:57:08.695+0000] {logging_mixin.py:188} INFO - Fetching data from Redis key: ***_data:dag_7777636737673667
[2025-07-28T02:57:08.724+0000] {logging_mixin.py:188} INFO - Transformed data stored in Redis key: ***_data:dag_7777636737673667
[2025-07-28T02:57:08.741+0000] {python.py:237} INFO - Done. Returned value was: None
[2025-07-28T02:57:08.741+0000] {taskinstance.py:441} INFO - ::group::Post task execution logs
[2025-07-28T02:57:08.756+0000] {taskinstance.py:1206} INFO - Marking task as SUCCESS. dag_id=dag_7777636737673667, task_id=transform_data_task, run_id=scheduled__2025-06-25T00:00:00+00:00, execution_date=20250625T000000, start_date=20250728T025708, end_date=20250728T025708
[2025-07-28T02:57:08.825+0000] {local_task_job_runner.py:240} INFO - Task exited with return code 0
[2025-07-28T02:57:08.859+0000] {taskinstance.py:3503} INFO - 1 downstream tasks scheduled from follow-on schedule check
[2025-07-28T02:57:08.863+0000] {local_task_job_runner.py:222} INFO - ::endgroup::
