[2025-07-28T03:21:30.586+0000] {processor.py:161} INFO - Started process (PID=4691) to work on /opt/airflow/dags/algorithms/data_processor_backup2.py
[2025-07-28T03:21:30.587+0000] {processor.py:830} INFO - Processing file /opt/airflow/dags/algorithms/data_processor_backup2.py for tasks to queue
[2025-07-28T03:21:30.588+0000] {logging_mixin.py:188} INFO - [2025-07-28T03:21:30.588+0000] {dagbag.py:545} INFO - Filling up the DagBag from /opt/airflow/dags/algorithms/data_processor_backup2.py
[2025-07-28T03:21:30.872+0000] {processor.py:842} WARNING - No viable dags retrieved from /opt/airflow/dags/algorithms/data_processor_backup2.py
[2025-07-28T03:21:30.879+0000] {processor.py:183} INFO - Processing /opt/airflow/dags/algorithms/data_processor_backup2.py took 0.299 seconds
[2025-07-28T03:22:01.370+0000] {processor.py:161} INFO - Started process (PID=4736) to work on /opt/airflow/dags/algorithms/data_processor_backup2.py
[2025-07-28T03:22:01.374+0000] {processor.py:830} INFO - Processing file /opt/airflow/dags/algorithms/data_processor_backup2.py for tasks to queue
[2025-07-28T03:22:01.377+0000] {logging_mixin.py:188} INFO - [2025-07-28T03:22:01.376+0000] {dagbag.py:545} INFO - Filling up the DagBag from /opt/airflow/dags/algorithms/data_processor_backup2.py
[2025-07-28T03:22:01.681+0000] {processor.py:842} WARNING - No viable dags retrieved from /opt/airflow/dags/algorithms/data_processor_backup2.py
[2025-07-28T03:22:01.688+0000] {processor.py:183} INFO - Processing /opt/airflow/dags/algorithms/data_processor_backup2.py took 0.327 seconds
[2025-07-28T03:22:32.184+0000] {processor.py:161} INFO - Started process (PID=4781) to work on /opt/airflow/dags/algorithms/data_processor_backup2.py
[2025-07-28T03:22:32.187+0000] {processor.py:830} INFO - Processing file /opt/airflow/dags/algorithms/data_processor_backup2.py for tasks to queue
[2025-07-28T03:22:32.188+0000] {logging_mixin.py:188} INFO - [2025-07-28T03:22:32.188+0000] {dagbag.py:545} INFO - Filling up the DagBag from /opt/airflow/dags/algorithms/data_processor_backup2.py
[2025-07-28T03:22:32.465+0000] {processor.py:842} WARNING - No viable dags retrieved from /opt/airflow/dags/algorithms/data_processor_backup2.py
[2025-07-28T03:22:32.473+0000] {processor.py:183} INFO - Processing /opt/airflow/dags/algorithms/data_processor_backup2.py took 0.294 seconds
[2025-07-28T03:23:02.662+0000] {processor.py:161} INFO - Started process (PID=4819) to work on /opt/airflow/dags/algorithms/data_processor_backup2.py
[2025-07-28T03:23:02.666+0000] {processor.py:830} INFO - Processing file /opt/airflow/dags/algorithms/data_processor_backup2.py for tasks to queue
[2025-07-28T03:23:02.668+0000] {logging_mixin.py:188} INFO - [2025-07-28T03:23:02.668+0000] {dagbag.py:545} INFO - Filling up the DagBag from /opt/airflow/dags/algorithms/data_processor_backup2.py
[2025-07-28T03:23:02.949+0000] {processor.py:842} WARNING - No viable dags retrieved from /opt/airflow/dags/algorithms/data_processor_backup2.py
[2025-07-28T03:23:02.956+0000] {processor.py:183} INFO - Processing /opt/airflow/dags/algorithms/data_processor_backup2.py took 0.302 seconds
[2025-07-28T03:23:33.475+0000] {processor.py:161} INFO - Started process (PID=4864) to work on /opt/airflow/dags/algorithms/data_processor_backup2.py
[2025-07-28T03:23:33.479+0000] {processor.py:830} INFO - Processing file /opt/airflow/dags/algorithms/data_processor_backup2.py for tasks to queue
[2025-07-28T03:23:33.481+0000] {logging_mixin.py:188} INFO - [2025-07-28T03:23:33.481+0000] {dagbag.py:545} INFO - Filling up the DagBag from /opt/airflow/dags/algorithms/data_processor_backup2.py
[2025-07-28T03:23:33.760+0000] {processor.py:842} WARNING - No viable dags retrieved from /opt/airflow/dags/algorithms/data_processor_backup2.py
[2025-07-28T03:23:33.770+0000] {processor.py:183} INFO - Processing /opt/airflow/dags/algorithms/data_processor_backup2.py took 0.301 seconds
[2025-07-28T03:24:04.386+0000] {processor.py:161} INFO - Started process (PID=4902) to work on /opt/airflow/dags/algorithms/data_processor_backup2.py
[2025-07-28T03:24:04.390+0000] {processor.py:830} INFO - Processing file /opt/airflow/dags/algorithms/data_processor_backup2.py for tasks to queue
[2025-07-28T03:24:04.393+0000] {logging_mixin.py:188} INFO - [2025-07-28T03:24:04.393+0000] {dagbag.py:545} INFO - Filling up the DagBag from /opt/airflow/dags/algorithms/data_processor_backup2.py
[2025-07-28T03:24:04.701+0000] {processor.py:842} WARNING - No viable dags retrieved from /opt/airflow/dags/algorithms/data_processor_backup2.py
[2025-07-28T03:24:04.711+0000] {processor.py:183} INFO - Processing /opt/airflow/dags/algorithms/data_processor_backup2.py took 0.335 seconds
[2025-07-28T03:24:35.290+0000] {processor.py:161} INFO - Started process (PID=4947) to work on /opt/airflow/dags/algorithms/data_processor_backup2.py
[2025-07-28T03:24:35.294+0000] {processor.py:830} INFO - Processing file /opt/airflow/dags/algorithms/data_processor_backup2.py for tasks to queue
[2025-07-28T03:24:35.296+0000] {logging_mixin.py:188} INFO - [2025-07-28T03:24:35.296+0000] {dagbag.py:545} INFO - Filling up the DagBag from /opt/airflow/dags/algorithms/data_processor_backup2.py
[2025-07-28T03:24:35.571+0000] {processor.py:842} WARNING - No viable dags retrieved from /opt/airflow/dags/algorithms/data_processor_backup2.py
[2025-07-28T03:24:35.580+0000] {processor.py:183} INFO - Processing /opt/airflow/dags/algorithms/data_processor_backup2.py took 0.300 seconds
[2025-07-28T03:25:06.050+0000] {processor.py:161} INFO - Started process (PID=4991) to work on /opt/airflow/dags/algorithms/data_processor_backup2.py
[2025-07-28T03:25:06.053+0000] {processor.py:830} INFO - Processing file /opt/airflow/dags/algorithms/data_processor_backup2.py for tasks to queue
[2025-07-28T03:25:06.054+0000] {logging_mixin.py:188} INFO - [2025-07-28T03:25:06.054+0000] {dagbag.py:545} INFO - Filling up the DagBag from /opt/airflow/dags/algorithms/data_processor_backup2.py
[2025-07-28T03:25:06.338+0000] {processor.py:842} WARNING - No viable dags retrieved from /opt/airflow/dags/algorithms/data_processor_backup2.py
[2025-07-28T03:25:06.346+0000] {processor.py:183} INFO - Processing /opt/airflow/dags/algorithms/data_processor_backup2.py took 0.301 seconds
[2025-07-28T03:25:36.836+0000] {processor.py:161} INFO - Started process (PID=5029) to work on /opt/airflow/dags/algorithms/data_processor_backup2.py
[2025-07-28T03:25:36.840+0000] {processor.py:830} INFO - Processing file /opt/airflow/dags/algorithms/data_processor_backup2.py for tasks to queue
[2025-07-28T03:25:36.842+0000] {logging_mixin.py:188} INFO - [2025-07-28T03:25:36.842+0000] {dagbag.py:545} INFO - Filling up the DagBag from /opt/airflow/dags/algorithms/data_processor_backup2.py
[2025-07-28T03:25:37.130+0000] {processor.py:842} WARNING - No viable dags retrieved from /opt/airflow/dags/algorithms/data_processor_backup2.py
[2025-07-28T03:25:37.140+0000] {processor.py:183} INFO - Processing /opt/airflow/dags/algorithms/data_processor_backup2.py took 0.311 seconds
[2025-07-28T03:26:07.666+0000] {processor.py:161} INFO - Started process (PID=5074) to work on /opt/airflow/dags/algorithms/data_processor_backup2.py
[2025-07-28T03:26:07.667+0000] {processor.py:830} INFO - Processing file /opt/airflow/dags/algorithms/data_processor_backup2.py for tasks to queue
[2025-07-28T03:26:07.668+0000] {logging_mixin.py:188} INFO - [2025-07-28T03:26:07.667+0000] {dagbag.py:545} INFO - Filling up the DagBag from /opt/airflow/dags/algorithms/data_processor_backup2.py
[2025-07-28T03:26:07.942+0000] {processor.py:842} WARNING - No viable dags retrieved from /opt/airflow/dags/algorithms/data_processor_backup2.py
[2025-07-28T03:26:07.948+0000] {processor.py:183} INFO - Processing /opt/airflow/dags/algorithms/data_processor_backup2.py took 0.287 seconds
[2025-07-28T03:26:38.448+0000] {processor.py:161} INFO - Started process (PID=5112) to work on /opt/airflow/dags/algorithms/data_processor_backup2.py
[2025-07-28T03:26:38.452+0000] {processor.py:830} INFO - Processing file /opt/airflow/dags/algorithms/data_processor_backup2.py for tasks to queue
[2025-07-28T03:26:38.454+0000] {logging_mixin.py:188} INFO - [2025-07-28T03:26:38.453+0000] {dagbag.py:545} INFO - Filling up the DagBag from /opt/airflow/dags/algorithms/data_processor_backup2.py
[2025-07-28T03:26:38.734+0000] {processor.py:842} WARNING - No viable dags retrieved from /opt/airflow/dags/algorithms/data_processor_backup2.py
[2025-07-28T03:26:38.740+0000] {processor.py:183} INFO - Processing /opt/airflow/dags/algorithms/data_processor_backup2.py took 0.298 seconds
[2025-07-28T03:27:09.071+0000] {processor.py:161} INFO - Started process (PID=5157) to work on /opt/airflow/dags/algorithms/data_processor_backup2.py
[2025-07-28T03:27:09.072+0000] {processor.py:830} INFO - Processing file /opt/airflow/dags/algorithms/data_processor_backup2.py for tasks to queue
[2025-07-28T03:27:09.073+0000] {logging_mixin.py:188} INFO - [2025-07-28T03:27:09.073+0000] {dagbag.py:545} INFO - Filling up the DagBag from /opt/airflow/dags/algorithms/data_processor_backup2.py
[2025-07-28T03:27:09.361+0000] {processor.py:842} WARNING - No viable dags retrieved from /opt/airflow/dags/algorithms/data_processor_backup2.py
[2025-07-28T03:27:09.371+0000] {processor.py:183} INFO - Processing /opt/airflow/dags/algorithms/data_processor_backup2.py took 0.307 seconds
[2025-07-28T03:27:39.968+0000] {processor.py:161} INFO - Started process (PID=5202) to work on /opt/airflow/dags/algorithms/data_processor_backup2.py
[2025-07-28T03:27:39.969+0000] {processor.py:830} INFO - Processing file /opt/airflow/dags/algorithms/data_processor_backup2.py for tasks to queue
[2025-07-28T03:27:39.970+0000] {logging_mixin.py:188} INFO - [2025-07-28T03:27:39.970+0000] {dagbag.py:545} INFO - Filling up the DagBag from /opt/airflow/dags/algorithms/data_processor_backup2.py
[2025-07-28T03:27:40.275+0000] {processor.py:842} WARNING - No viable dags retrieved from /opt/airflow/dags/algorithms/data_processor_backup2.py
[2025-07-28T03:27:40.283+0000] {processor.py:183} INFO - Processing /opt/airflow/dags/algorithms/data_processor_backup2.py took 0.320 seconds
[2025-07-28T03:28:10.780+0000] {processor.py:161} INFO - Started process (PID=5240) to work on /opt/airflow/dags/algorithms/data_processor_backup2.py
[2025-07-28T03:28:10.781+0000] {processor.py:830} INFO - Processing file /opt/airflow/dags/algorithms/data_processor_backup2.py for tasks to queue
[2025-07-28T03:28:10.784+0000] {logging_mixin.py:188} INFO - [2025-07-28T03:28:10.783+0000] {dagbag.py:545} INFO - Filling up the DagBag from /opt/airflow/dags/algorithms/data_processor_backup2.py
[2025-07-28T03:28:11.061+0000] {processor.py:842} WARNING - No viable dags retrieved from /opt/airflow/dags/algorithms/data_processor_backup2.py
[2025-07-28T03:28:11.070+0000] {processor.py:183} INFO - Processing /opt/airflow/dags/algorithms/data_processor_backup2.py took 0.299 seconds
[2025-07-28T03:28:41.518+0000] {processor.py:161} INFO - Started process (PID=5286) to work on /opt/airflow/dags/algorithms/data_processor_backup2.py
[2025-07-28T03:28:41.522+0000] {processor.py:830} INFO - Processing file /opt/airflow/dags/algorithms/data_processor_backup2.py for tasks to queue
[2025-07-28T03:28:41.524+0000] {logging_mixin.py:188} INFO - [2025-07-28T03:28:41.523+0000] {dagbag.py:545} INFO - Filling up the DagBag from /opt/airflow/dags/algorithms/data_processor_backup2.py
[2025-07-28T03:28:41.839+0000] {processor.py:842} WARNING - No viable dags retrieved from /opt/airflow/dags/algorithms/data_processor_backup2.py
[2025-07-28T03:28:41.846+0000] {processor.py:183} INFO - Processing /opt/airflow/dags/algorithms/data_processor_backup2.py took 0.335 seconds
[2025-07-28T03:29:12.386+0000] {processor.py:161} INFO - Started process (PID=5324) to work on /opt/airflow/dags/algorithms/data_processor_backup2.py
[2025-07-28T03:29:12.388+0000] {processor.py:830} INFO - Processing file /opt/airflow/dags/algorithms/data_processor_backup2.py for tasks to queue
[2025-07-28T03:29:12.390+0000] {logging_mixin.py:188} INFO - [2025-07-28T03:29:12.390+0000] {dagbag.py:545} INFO - Filling up the DagBag from /opt/airflow/dags/algorithms/data_processor_backup2.py
[2025-07-28T03:29:12.673+0000] {processor.py:842} WARNING - No viable dags retrieved from /opt/airflow/dags/algorithms/data_processor_backup2.py
[2025-07-28T03:29:12.683+0000] {processor.py:183} INFO - Processing /opt/airflow/dags/algorithms/data_processor_backup2.py took 0.304 seconds
[2025-07-28T03:29:43.178+0000] {processor.py:161} INFO - Started process (PID=5369) to work on /opt/airflow/dags/algorithms/data_processor_backup2.py
[2025-07-28T03:29:43.182+0000] {processor.py:830} INFO - Processing file /opt/airflow/dags/algorithms/data_processor_backup2.py for tasks to queue
[2025-07-28T03:29:43.184+0000] {logging_mixin.py:188} INFO - [2025-07-28T03:29:43.184+0000] {dagbag.py:545} INFO - Filling up the DagBag from /opt/airflow/dags/algorithms/data_processor_backup2.py
[2025-07-28T03:29:43.468+0000] {processor.py:842} WARNING - No viable dags retrieved from /opt/airflow/dags/algorithms/data_processor_backup2.py
[2025-07-28T03:29:43.476+0000] {processor.py:183} INFO - Processing /opt/airflow/dags/algorithms/data_processor_backup2.py took 0.304 seconds
[2025-07-28T03:30:14.066+0000] {processor.py:161} INFO - Started process (PID=5417) to work on /opt/airflow/dags/algorithms/data_processor_backup2.py
[2025-07-28T03:30:14.068+0000] {processor.py:830} INFO - Processing file /opt/airflow/dags/algorithms/data_processor_backup2.py for tasks to queue
[2025-07-28T03:30:14.069+0000] {logging_mixin.py:188} INFO - [2025-07-28T03:30:14.069+0000] {dagbag.py:545} INFO - Filling up the DagBag from /opt/airflow/dags/algorithms/data_processor_backup2.py
[2025-07-28T03:30:14.401+0000] {processor.py:842} WARNING - No viable dags retrieved from /opt/airflow/dags/algorithms/data_processor_backup2.py
[2025-07-28T03:30:14.411+0000] {processor.py:183} INFO - Processing /opt/airflow/dags/algorithms/data_processor_backup2.py took 0.351 seconds
[2025-07-28T03:30:44.828+0000] {processor.py:161} INFO - Started process (PID=5455) to work on /opt/airflow/dags/algorithms/data_processor_backup2.py
[2025-07-28T03:30:44.830+0000] {processor.py:830} INFO - Processing file /opt/airflow/dags/algorithms/data_processor_backup2.py for tasks to queue
[2025-07-28T03:30:44.832+0000] {logging_mixin.py:188} INFO - [2025-07-28T03:30:44.832+0000] {dagbag.py:545} INFO - Filling up the DagBag from /opt/airflow/dags/algorithms/data_processor_backup2.py
[2025-07-28T03:30:45.119+0000] {processor.py:842} WARNING - No viable dags retrieved from /opt/airflow/dags/algorithms/data_processor_backup2.py
[2025-07-28T03:30:45.126+0000] {processor.py:183} INFO - Processing /opt/airflow/dags/algorithms/data_processor_backup2.py took 0.304 seconds
[2025-07-28T03:31:15.668+0000] {processor.py:161} INFO - Started process (PID=5500) to work on /opt/airflow/dags/algorithms/data_processor_backup2.py
[2025-07-28T03:31:15.670+0000] {processor.py:830} INFO - Processing file /opt/airflow/dags/algorithms/data_processor_backup2.py for tasks to queue
[2025-07-28T03:31:15.672+0000] {logging_mixin.py:188} INFO - [2025-07-28T03:31:15.671+0000] {dagbag.py:545} INFO - Filling up the DagBag from /opt/airflow/dags/algorithms/data_processor_backup2.py
[2025-07-28T03:31:16.005+0000] {processor.py:842} WARNING - No viable dags retrieved from /opt/airflow/dags/algorithms/data_processor_backup2.py
[2025-07-28T03:31:16.015+0000] {processor.py:183} INFO - Processing /opt/airflow/dags/algorithms/data_processor_backup2.py took 0.355 seconds
[2025-07-28T04:56:59.557+0000] {processor.py:161} INFO - Started process (PID=5535) to work on /opt/airflow/dags/algorithms/data_processor_backup2.py
[2025-07-28T04:56:59.559+0000] {processor.py:830} INFO - Processing file /opt/airflow/dags/algorithms/data_processor_backup2.py for tasks to queue
[2025-07-28T04:56:59.560+0000] {logging_mixin.py:188} INFO - [2025-07-28T04:56:59.559+0000] {dagbag.py:545} INFO - Filling up the DagBag from /opt/airflow/dags/algorithms/data_processor_backup2.py
[2025-07-28T04:56:59.962+0000] {processor.py:842} WARNING - No viable dags retrieved from /opt/airflow/dags/algorithms/data_processor_backup2.py
[2025-07-28T04:56:59.971+0000] {processor.py:183} INFO - Processing /opt/airflow/dags/algorithms/data_processor_backup2.py took 0.419 seconds
[2025-07-28T04:57:30.206+0000] {processor.py:161} INFO - Started process (PID=5580) to work on /opt/airflow/dags/algorithms/data_processor_backup2.py
[2025-07-28T04:57:30.213+0000] {processor.py:830} INFO - Processing file /opt/airflow/dags/algorithms/data_processor_backup2.py for tasks to queue
[2025-07-28T04:57:30.215+0000] {logging_mixin.py:188} INFO - [2025-07-28T04:57:30.214+0000] {dagbag.py:545} INFO - Filling up the DagBag from /opt/airflow/dags/algorithms/data_processor_backup2.py
[2025-07-28T04:57:30.513+0000] {processor.py:842} WARNING - No viable dags retrieved from /opt/airflow/dags/algorithms/data_processor_backup2.py
[2025-07-28T04:57:30.521+0000] {processor.py:183} INFO - Processing /opt/airflow/dags/algorithms/data_processor_backup2.py took 0.319 seconds
[2025-07-28T04:58:00.763+0000] {processor.py:161} INFO - Started process (PID=5617) to work on /opt/airflow/dags/algorithms/data_processor_backup2.py
[2025-07-28T04:58:00.763+0000] {processor.py:830} INFO - Processing file /opt/airflow/dags/algorithms/data_processor_backup2.py for tasks to queue
[2025-07-28T04:58:00.764+0000] {logging_mixin.py:188} INFO - [2025-07-28T04:58:00.764+0000] {dagbag.py:545} INFO - Filling up the DagBag from /opt/airflow/dags/algorithms/data_processor_backup2.py
[2025-07-28T04:58:01.098+0000] {processor.py:842} WARNING - No viable dags retrieved from /opt/airflow/dags/algorithms/data_processor_backup2.py
[2025-07-28T04:58:01.108+0000] {processor.py:183} INFO - Processing /opt/airflow/dags/algorithms/data_processor_backup2.py took 0.356 seconds
[2025-07-28T04:58:31.326+0000] {processor.py:161} INFO - Started process (PID=5661) to work on /opt/airflow/dags/algorithms/data_processor_backup2.py
[2025-07-28T04:58:31.327+0000] {processor.py:830} INFO - Processing file /opt/airflow/dags/algorithms/data_processor_backup2.py for tasks to queue
[2025-07-28T04:58:31.327+0000] {logging_mixin.py:188} INFO - [2025-07-28T04:58:31.327+0000] {dagbag.py:545} INFO - Filling up the DagBag from /opt/airflow/dags/algorithms/data_processor_backup2.py
[2025-07-28T04:58:31.638+0000] {processor.py:842} WARNING - No viable dags retrieved from /opt/airflow/dags/algorithms/data_processor_backup2.py
[2025-07-28T04:58:31.646+0000] {processor.py:183} INFO - Processing /opt/airflow/dags/algorithms/data_processor_backup2.py took 0.323 seconds
[2025-07-28T04:59:01.873+0000] {processor.py:161} INFO - Started process (PID=5698) to work on /opt/airflow/dags/algorithms/data_processor_backup2.py
[2025-07-28T04:59:01.874+0000] {processor.py:830} INFO - Processing file /opt/airflow/dags/algorithms/data_processor_backup2.py for tasks to queue
[2025-07-28T04:59:01.875+0000] {logging_mixin.py:188} INFO - [2025-07-28T04:59:01.874+0000] {dagbag.py:545} INFO - Filling up the DagBag from /opt/airflow/dags/algorithms/data_processor_backup2.py
[2025-07-28T04:59:02.245+0000] {processor.py:842} WARNING - No viable dags retrieved from /opt/airflow/dags/algorithms/data_processor_backup2.py
[2025-07-28T04:59:02.256+0000] {processor.py:183} INFO - Processing /opt/airflow/dags/algorithms/data_processor_backup2.py took 0.390 seconds
[2025-07-28T04:59:32.455+0000] {processor.py:161} INFO - Started process (PID=5742) to work on /opt/airflow/dags/algorithms/data_processor_backup2.py
[2025-07-28T04:59:32.456+0000] {processor.py:830} INFO - Processing file /opt/airflow/dags/algorithms/data_processor_backup2.py for tasks to queue
[2025-07-28T04:59:32.458+0000] {logging_mixin.py:188} INFO - [2025-07-28T04:59:32.457+0000] {dagbag.py:545} INFO - Filling up the DagBag from /opt/airflow/dags/algorithms/data_processor_backup2.py
[2025-07-28T04:59:32.843+0000] {processor.py:842} WARNING - No viable dags retrieved from /opt/airflow/dags/algorithms/data_processor_backup2.py
[2025-07-28T04:59:32.854+0000] {processor.py:183} INFO - Processing /opt/airflow/dags/algorithms/data_processor_backup2.py took 0.403 seconds
[2025-07-28T05:00:03.005+0000] {processor.py:161} INFO - Started process (PID=5806) to work on /opt/airflow/dags/algorithms/data_processor_backup2.py
[2025-07-28T05:00:03.008+0000] {processor.py:830} INFO - Processing file /opt/airflow/dags/algorithms/data_processor_backup2.py for tasks to queue
[2025-07-28T05:00:03.009+0000] {logging_mixin.py:188} INFO - [2025-07-28T05:00:03.008+0000] {dagbag.py:545} INFO - Filling up the DagBag from /opt/airflow/dags/algorithms/data_processor_backup2.py
[2025-07-28T05:00:03.309+0000] {processor.py:842} WARNING - No viable dags retrieved from /opt/airflow/dags/algorithms/data_processor_backup2.py
[2025-07-28T05:00:03.317+0000] {processor.py:183} INFO - Processing /opt/airflow/dags/algorithms/data_processor_backup2.py took 0.319 seconds
[2025-07-28T05:00:33.549+0000] {processor.py:161} INFO - Started process (PID=5858) to work on /opt/airflow/dags/algorithms/data_processor_backup2.py
[2025-07-28T05:00:33.552+0000] {processor.py:830} INFO - Processing file /opt/airflow/dags/algorithms/data_processor_backup2.py for tasks to queue
[2025-07-28T05:00:33.552+0000] {logging_mixin.py:188} INFO - [2025-07-28T05:00:33.552+0000] {dagbag.py:545} INFO - Filling up the DagBag from /opt/airflow/dags/algorithms/data_processor_backup2.py
[2025-07-28T05:00:33.836+0000] {processor.py:842} WARNING - No viable dags retrieved from /opt/airflow/dags/algorithms/data_processor_backup2.py
[2025-07-28T05:00:33.844+0000] {processor.py:183} INFO - Processing /opt/airflow/dags/algorithms/data_processor_backup2.py took 0.303 seconds
[2025-07-28T05:01:04.077+0000] {processor.py:161} INFO - Started process (PID=5903) to work on /opt/airflow/dags/algorithms/data_processor_backup2.py
[2025-07-28T05:01:04.079+0000] {processor.py:830} INFO - Processing file /opt/airflow/dags/algorithms/data_processor_backup2.py for tasks to queue
[2025-07-28T05:01:04.079+0000] {logging_mixin.py:188} INFO - [2025-07-28T05:01:04.079+0000] {dagbag.py:545} INFO - Filling up the DagBag from /opt/airflow/dags/algorithms/data_processor_backup2.py
[2025-07-28T05:01:04.359+0000] {processor.py:842} WARNING - No viable dags retrieved from /opt/airflow/dags/algorithms/data_processor_backup2.py
[2025-07-28T05:01:04.367+0000] {processor.py:183} INFO - Processing /opt/airflow/dags/algorithms/data_processor_backup2.py took 0.295 seconds
[2025-07-28T05:01:34.547+0000] {processor.py:161} INFO - Started process (PID=5942) to work on /opt/airflow/dags/algorithms/data_processor_backup2.py
[2025-07-28T05:01:34.548+0000] {processor.py:830} INFO - Processing file /opt/airflow/dags/algorithms/data_processor_backup2.py for tasks to queue
[2025-07-28T05:01:34.550+0000] {logging_mixin.py:188} INFO - [2025-07-28T05:01:34.549+0000] {dagbag.py:545} INFO - Filling up the DagBag from /opt/airflow/dags/algorithms/data_processor_backup2.py
[2025-07-28T05:01:34.829+0000] {processor.py:842} WARNING - No viable dags retrieved from /opt/airflow/dags/algorithms/data_processor_backup2.py
[2025-07-28T05:01:34.837+0000] {processor.py:183} INFO - Processing /opt/airflow/dags/algorithms/data_processor_backup2.py took 0.298 seconds
[2025-07-28T05:02:05.079+0000] {processor.py:161} INFO - Started process (PID=5987) to work on /opt/airflow/dags/algorithms/data_processor_backup2.py
[2025-07-28T05:02:05.081+0000] {processor.py:830} INFO - Processing file /opt/airflow/dags/algorithms/data_processor_backup2.py for tasks to queue
[2025-07-28T05:02:05.082+0000] {logging_mixin.py:188} INFO - [2025-07-28T05:02:05.082+0000] {dagbag.py:545} INFO - Filling up the DagBag from /opt/airflow/dags/algorithms/data_processor_backup2.py
[2025-07-28T05:02:05.362+0000] {processor.py:842} WARNING - No viable dags retrieved from /opt/airflow/dags/algorithms/data_processor_backup2.py
[2025-07-28T05:02:05.372+0000] {processor.py:183} INFO - Processing /opt/airflow/dags/algorithms/data_processor_backup2.py took 0.299 seconds
[2025-07-28T05:02:35.570+0000] {processor.py:161} INFO - Started process (PID=6025) to work on /opt/airflow/dags/algorithms/data_processor_backup2.py
[2025-07-28T05:02:35.572+0000] {processor.py:830} INFO - Processing file /opt/airflow/dags/algorithms/data_processor_backup2.py for tasks to queue
[2025-07-28T05:02:35.573+0000] {logging_mixin.py:188} INFO - [2025-07-28T05:02:35.572+0000] {dagbag.py:545} INFO - Filling up the DagBag from /opt/airflow/dags/algorithms/data_processor_backup2.py
[2025-07-28T05:02:35.959+0000] {processor.py:842} WARNING - No viable dags retrieved from /opt/airflow/dags/algorithms/data_processor_backup2.py
[2025-07-28T05:02:35.966+0000] {processor.py:183} INFO - Processing /opt/airflow/dags/algorithms/data_processor_backup2.py took 0.403 seconds
[2025-07-28T05:03:06.196+0000] {processor.py:161} INFO - Started process (PID=6070) to work on /opt/airflow/dags/algorithms/data_processor_backup2.py
[2025-07-28T05:03:06.199+0000] {processor.py:830} INFO - Processing file /opt/airflow/dags/algorithms/data_processor_backup2.py for tasks to queue
[2025-07-28T05:03:06.200+0000] {logging_mixin.py:188} INFO - [2025-07-28T05:03:06.200+0000] {dagbag.py:545} INFO - Filling up the DagBag from /opt/airflow/dags/algorithms/data_processor_backup2.py
[2025-07-28T05:03:06.480+0000] {processor.py:842} WARNING - No viable dags retrieved from /opt/airflow/dags/algorithms/data_processor_backup2.py
[2025-07-28T05:03:06.490+0000] {processor.py:183} INFO - Processing /opt/airflow/dags/algorithms/data_processor_backup2.py took 0.300 seconds
[2025-07-28T05:03:36.737+0000] {processor.py:161} INFO - Started process (PID=6115) to work on /opt/airflow/dags/algorithms/data_processor_backup2.py
[2025-07-28T05:03:36.738+0000] {processor.py:830} INFO - Processing file /opt/airflow/dags/algorithms/data_processor_backup2.py for tasks to queue
[2025-07-28T05:03:36.739+0000] {logging_mixin.py:188} INFO - [2025-07-28T05:03:36.738+0000] {dagbag.py:545} INFO - Filling up the DagBag from /opt/airflow/dags/algorithms/data_processor_backup2.py
[2025-07-28T05:03:37.020+0000] {processor.py:842} WARNING - No viable dags retrieved from /opt/airflow/dags/algorithms/data_processor_backup2.py
[2025-07-28T05:03:37.027+0000] {processor.py:183} INFO - Processing /opt/airflow/dags/algorithms/data_processor_backup2.py took 0.294 seconds
[2025-07-28T05:04:07.266+0000] {processor.py:161} INFO - Started process (PID=6153) to work on /opt/airflow/dags/algorithms/data_processor_backup2.py
[2025-07-28T05:04:07.269+0000] {processor.py:830} INFO - Processing file /opt/airflow/dags/algorithms/data_processor_backup2.py for tasks to queue
[2025-07-28T05:04:07.270+0000] {logging_mixin.py:188} INFO - [2025-07-28T05:04:07.269+0000] {dagbag.py:545} INFO - Filling up the DagBag from /opt/airflow/dags/algorithms/data_processor_backup2.py
[2025-07-28T05:04:07.547+0000] {processor.py:842} WARNING - No viable dags retrieved from /opt/airflow/dags/algorithms/data_processor_backup2.py
[2025-07-28T05:04:07.557+0000] {processor.py:183} INFO - Processing /opt/airflow/dags/algorithms/data_processor_backup2.py took 0.298 seconds
[2025-07-28T05:04:37.883+0000] {processor.py:161} INFO - Started process (PID=6198) to work on /opt/airflow/dags/algorithms/data_processor_backup2.py
[2025-07-28T05:04:37.885+0000] {processor.py:830} INFO - Processing file /opt/airflow/dags/algorithms/data_processor_backup2.py for tasks to queue
[2025-07-28T05:04:37.886+0000] {logging_mixin.py:188} INFO - [2025-07-28T05:04:37.886+0000] {dagbag.py:545} INFO - Filling up the DagBag from /opt/airflow/dags/algorithms/data_processor_backup2.py
[2025-07-28T05:04:38.160+0000] {processor.py:842} WARNING - No viable dags retrieved from /opt/airflow/dags/algorithms/data_processor_backup2.py
[2025-07-28T05:04:38.167+0000] {processor.py:183} INFO - Processing /opt/airflow/dags/algorithms/data_processor_backup2.py took 0.293 seconds
[2025-07-28T05:05:08.457+0000] {processor.py:161} INFO - Started process (PID=6236) to work on /opt/airflow/dags/algorithms/data_processor_backup2.py
[2025-07-28T05:05:08.459+0000] {processor.py:830} INFO - Processing file /opt/airflow/dags/algorithms/data_processor_backup2.py for tasks to queue
[2025-07-28T05:05:08.459+0000] {logging_mixin.py:188} INFO - [2025-07-28T05:05:08.459+0000] {dagbag.py:545} INFO - Filling up the DagBag from /opt/airflow/dags/algorithms/data_processor_backup2.py
[2025-07-28T05:05:08.759+0000] {processor.py:842} WARNING - No viable dags retrieved from /opt/airflow/dags/algorithms/data_processor_backup2.py
[2025-07-28T05:05:08.765+0000] {processor.py:183} INFO - Processing /opt/airflow/dags/algorithms/data_processor_backup2.py took 0.317 seconds
[2025-07-28T05:05:39.099+0000] {processor.py:161} INFO - Started process (PID=6281) to work on /opt/airflow/dags/algorithms/data_processor_backup2.py
[2025-07-28T05:05:39.103+0000] {processor.py:830} INFO - Processing file /opt/airflow/dags/algorithms/data_processor_backup2.py for tasks to queue
[2025-07-28T05:05:39.105+0000] {logging_mixin.py:188} INFO - [2025-07-28T05:05:39.104+0000] {dagbag.py:545} INFO - Filling up the DagBag from /opt/airflow/dags/algorithms/data_processor_backup2.py
[2025-07-28T05:05:39.400+0000] {processor.py:842} WARNING - No viable dags retrieved from /opt/airflow/dags/algorithms/data_processor_backup2.py
[2025-07-28T05:05:39.406+0000] {processor.py:183} INFO - Processing /opt/airflow/dags/algorithms/data_processor_backup2.py took 0.315 seconds
[2025-07-28T05:06:09.607+0000] {processor.py:161} INFO - Started process (PID=6327) to work on /opt/airflow/dags/algorithms/data_processor_backup2.py
[2025-07-28T05:06:09.608+0000] {processor.py:830} INFO - Processing file /opt/airflow/dags/algorithms/data_processor_backup2.py for tasks to queue
[2025-07-28T05:06:09.609+0000] {logging_mixin.py:188} INFO - [2025-07-28T05:06:09.609+0000] {dagbag.py:545} INFO - Filling up the DagBag from /opt/airflow/dags/algorithms/data_processor_backup2.py
[2025-07-28T05:06:09.885+0000] {processor.py:842} WARNING - No viable dags retrieved from /opt/airflow/dags/algorithms/data_processor_backup2.py
[2025-07-28T05:06:09.893+0000] {processor.py:183} INFO - Processing /opt/airflow/dags/algorithms/data_processor_backup2.py took 0.292 seconds
[2025-07-28T05:06:40.148+0000] {processor.py:161} INFO - Started process (PID=6365) to work on /opt/airflow/dags/algorithms/data_processor_backup2.py
[2025-07-28T05:06:40.150+0000] {processor.py:830} INFO - Processing file /opt/airflow/dags/algorithms/data_processor_backup2.py for tasks to queue
[2025-07-28T05:06:40.152+0000] {logging_mixin.py:188} INFO - [2025-07-28T05:06:40.151+0000] {dagbag.py:545} INFO - Filling up the DagBag from /opt/airflow/dags/algorithms/data_processor_backup2.py
[2025-07-28T05:06:40.508+0000] {processor.py:842} WARNING - No viable dags retrieved from /opt/airflow/dags/algorithms/data_processor_backup2.py
[2025-07-28T05:06:40.515+0000] {processor.py:183} INFO - Processing /opt/airflow/dags/algorithms/data_processor_backup2.py took 0.374 seconds
[2025-07-28T05:07:10.670+0000] {processor.py:161} INFO - Started process (PID=6410) to work on /opt/airflow/dags/algorithms/data_processor_backup2.py
[2025-07-28T05:07:10.674+0000] {processor.py:830} INFO - Processing file /opt/airflow/dags/algorithms/data_processor_backup2.py for tasks to queue
[2025-07-28T05:07:10.675+0000] {logging_mixin.py:188} INFO - [2025-07-28T05:07:10.674+0000] {dagbag.py:545} INFO - Filling up the DagBag from /opt/airflow/dags/algorithms/data_processor_backup2.py
[2025-07-28T05:07:10.959+0000] {processor.py:842} WARNING - No viable dags retrieved from /opt/airflow/dags/algorithms/data_processor_backup2.py
[2025-07-28T05:07:10.969+0000] {processor.py:183} INFO - Processing /opt/airflow/dags/algorithms/data_processor_backup2.py took 0.306 seconds
[2025-07-28T05:07:41.155+0000] {processor.py:161} INFO - Started process (PID=6448) to work on /opt/airflow/dags/algorithms/data_processor_backup2.py
[2025-07-28T05:07:41.159+0000] {processor.py:830} INFO - Processing file /opt/airflow/dags/algorithms/data_processor_backup2.py for tasks to queue
[2025-07-28T05:07:41.160+0000] {logging_mixin.py:188} INFO - [2025-07-28T05:07:41.159+0000] {dagbag.py:545} INFO - Filling up the DagBag from /opt/airflow/dags/algorithms/data_processor_backup2.py
[2025-07-28T05:07:41.480+0000] {processor.py:842} WARNING - No viable dags retrieved from /opt/airflow/dags/algorithms/data_processor_backup2.py
[2025-07-28T05:07:41.490+0000] {processor.py:183} INFO - Processing /opt/airflow/dags/algorithms/data_processor_backup2.py took 0.344 seconds
[2025-07-28T05:08:11.734+0000] {processor.py:161} INFO - Started process (PID=6493) to work on /opt/airflow/dags/algorithms/data_processor_backup2.py
[2025-07-28T05:08:11.737+0000] {processor.py:830} INFO - Processing file /opt/airflow/dags/algorithms/data_processor_backup2.py for tasks to queue
[2025-07-28T05:08:11.737+0000] {logging_mixin.py:188} INFO - [2025-07-28T05:08:11.737+0000] {dagbag.py:545} INFO - Filling up the DagBag from /opt/airflow/dags/algorithms/data_processor_backup2.py
[2025-07-28T05:08:12.014+0000] {processor.py:842} WARNING - No viable dags retrieved from /opt/airflow/dags/algorithms/data_processor_backup2.py
[2025-07-28T05:08:12.024+0000] {processor.py:183} INFO - Processing /opt/airflow/dags/algorithms/data_processor_backup2.py took 0.296 seconds
[2025-07-28T05:08:42.257+0000] {processor.py:161} INFO - Started process (PID=6531) to work on /opt/airflow/dags/algorithms/data_processor_backup2.py
[2025-07-28T05:08:42.259+0000] {processor.py:830} INFO - Processing file /opt/airflow/dags/algorithms/data_processor_backup2.py for tasks to queue
[2025-07-28T05:08:42.260+0000] {logging_mixin.py:188} INFO - [2025-07-28T05:08:42.259+0000] {dagbag.py:545} INFO - Filling up the DagBag from /opt/airflow/dags/algorithms/data_processor_backup2.py
[2025-07-28T05:08:42.539+0000] {processor.py:842} WARNING - No viable dags retrieved from /opt/airflow/dags/algorithms/data_processor_backup2.py
[2025-07-28T05:08:42.550+0000] {processor.py:183} INFO - Processing /opt/airflow/dags/algorithms/data_processor_backup2.py took 0.301 seconds
[2025-07-28T05:09:12.775+0000] {processor.py:161} INFO - Started process (PID=6576) to work on /opt/airflow/dags/algorithms/data_processor_backup2.py
[2025-07-28T05:09:12.779+0000] {processor.py:830} INFO - Processing file /opt/airflow/dags/algorithms/data_processor_backup2.py for tasks to queue
[2025-07-28T05:09:12.781+0000] {logging_mixin.py:188} INFO - [2025-07-28T05:09:12.780+0000] {dagbag.py:545} INFO - Filling up the DagBag from /opt/airflow/dags/algorithms/data_processor_backup2.py
[2025-07-28T05:09:13.082+0000] {processor.py:842} WARNING - No viable dags retrieved from /opt/airflow/dags/algorithms/data_processor_backup2.py
[2025-07-28T05:09:13.090+0000] {processor.py:183} INFO - Processing /opt/airflow/dags/algorithms/data_processor_backup2.py took 0.324 seconds
[2025-07-28T05:09:43.357+0000] {processor.py:161} INFO - Started process (PID=6621) to work on /opt/airflow/dags/algorithms/data_processor_backup2.py
[2025-07-28T05:09:43.359+0000] {processor.py:830} INFO - Processing file /opt/airflow/dags/algorithms/data_processor_backup2.py for tasks to queue
[2025-07-28T05:09:43.360+0000] {logging_mixin.py:188} INFO - [2025-07-28T05:09:43.360+0000] {dagbag.py:545} INFO - Filling up the DagBag from /opt/airflow/dags/algorithms/data_processor_backup2.py
[2025-07-28T05:09:43.636+0000] {processor.py:842} WARNING - No viable dags retrieved from /opt/airflow/dags/algorithms/data_processor_backup2.py
[2025-07-28T05:09:43.645+0000] {processor.py:183} INFO - Processing /opt/airflow/dags/algorithms/data_processor_backup2.py took 0.295 seconds
[2025-07-28T05:10:13.917+0000] {processor.py:161} INFO - Started process (PID=6659) to work on /opt/airflow/dags/algorithms/data_processor_backup2.py
[2025-07-28T05:10:13.918+0000] {processor.py:830} INFO - Processing file /opt/airflow/dags/algorithms/data_processor_backup2.py for tasks to queue
[2025-07-28T05:10:13.918+0000] {logging_mixin.py:188} INFO - [2025-07-28T05:10:13.918+0000] {dagbag.py:545} INFO - Filling up the DagBag from /opt/airflow/dags/algorithms/data_processor_backup2.py
[2025-07-28T05:10:14.192+0000] {processor.py:842} WARNING - No viable dags retrieved from /opt/airflow/dags/algorithms/data_processor_backup2.py
[2025-07-28T05:10:14.200+0000] {processor.py:183} INFO - Processing /opt/airflow/dags/algorithms/data_processor_backup2.py took 0.288 seconds
[2025-07-28T05:10:44.386+0000] {processor.py:161} INFO - Started process (PID=6704) to work on /opt/airflow/dags/algorithms/data_processor_backup2.py
[2025-07-28T05:10:44.388+0000] {processor.py:830} INFO - Processing file /opt/airflow/dags/algorithms/data_processor_backup2.py for tasks to queue
[2025-07-28T05:10:44.389+0000] {logging_mixin.py:188} INFO - [2025-07-28T05:10:44.389+0000] {dagbag.py:545} INFO - Filling up the DagBag from /opt/airflow/dags/algorithms/data_processor_backup2.py
[2025-07-28T05:10:44.670+0000] {processor.py:842} WARNING - No viable dags retrieved from /opt/airflow/dags/algorithms/data_processor_backup2.py
[2025-07-28T05:10:44.680+0000] {processor.py:183} INFO - Processing /opt/airflow/dags/algorithms/data_processor_backup2.py took 0.303 seconds
