[2025-07-28T00:33:17.129+0000] {processor.py:161} INFO - Started process (PID=1650) to work on /opt/airflow/dags/algorithms/data_processor2.py
[2025-07-28T00:33:17.130+0000] {processor.py:830} INFO - Processing file /opt/airflow/dags/algorithms/data_processor2.py for tasks to queue
[2025-07-28T00:33:17.132+0000] {logging_mixin.py:188} INFO - [2025-07-28T00:33:17.131+0000] {dagbag.py:545} INFO - Filling up the DagBag from /opt/airflow/dags/algorithms/data_processor2.py
[2025-07-28T00:33:17.308+0000] {processor.py:842} WARNING - No viable dags retrieved from /opt/airflow/dags/algorithms/data_processor2.py
[2025-07-28T00:33:17.318+0000] {processor.py:183} INFO - Processing /opt/airflow/dags/algorithms/data_processor2.py took 0.195 seconds
[2025-07-28T00:33:47.518+0000] {processor.py:161} INFO - Started process (PID=1689) to work on /opt/airflow/dags/algorithms/data_processor2.py
[2025-07-28T00:33:47.521+0000] {processor.py:830} INFO - Processing file /opt/airflow/dags/algorithms/data_processor2.py for tasks to queue
[2025-07-28T00:33:47.522+0000] {logging_mixin.py:188} INFO - [2025-07-28T00:33:47.521+0000] {dagbag.py:545} INFO - Filling up the DagBag from /opt/airflow/dags/algorithms/data_processor2.py
[2025-07-28T00:33:47.695+0000] {processor.py:842} WARNING - No viable dags retrieved from /opt/airflow/dags/algorithms/data_processor2.py
[2025-07-28T00:33:47.704+0000] {processor.py:183} INFO - Processing /opt/airflow/dags/algorithms/data_processor2.py took 0.191 seconds
[2025-07-28T00:34:17.915+0000] {processor.py:161} INFO - Started process (PID=1721) to work on /opt/airflow/dags/algorithms/data_processor2.py
[2025-07-28T00:34:17.917+0000] {processor.py:830} INFO - Processing file /opt/airflow/dags/algorithms/data_processor2.py for tasks to queue
[2025-07-28T00:34:17.919+0000] {logging_mixin.py:188} INFO - [2025-07-28T00:34:17.919+0000] {dagbag.py:545} INFO - Filling up the DagBag from /opt/airflow/dags/algorithms/data_processor2.py
[2025-07-28T00:34:18.118+0000] {processor.py:842} WARNING - No viable dags retrieved from /opt/airflow/dags/algorithms/data_processor2.py
[2025-07-28T00:34:18.130+0000] {processor.py:183} INFO - Processing /opt/airflow/dags/algorithms/data_processor2.py took 0.223 seconds
[2025-07-28T00:34:48.297+0000] {processor.py:161} INFO - Started process (PID=1760) to work on /opt/airflow/dags/algorithms/data_processor2.py
[2025-07-28T00:34:48.301+0000] {processor.py:830} INFO - Processing file /opt/airflow/dags/algorithms/data_processor2.py for tasks to queue
[2025-07-28T00:34:48.303+0000] {logging_mixin.py:188} INFO - [2025-07-28T00:34:48.302+0000] {dagbag.py:545} INFO - Filling up the DagBag from /opt/airflow/dags/algorithms/data_processor2.py
[2025-07-28T00:34:48.478+0000] {processor.py:842} WARNING - No viable dags retrieved from /opt/airflow/dags/algorithms/data_processor2.py
[2025-07-28T00:34:48.489+0000] {processor.py:183} INFO - Processing /opt/airflow/dags/algorithms/data_processor2.py took 0.199 seconds
[2025-07-28T00:35:18.944+0000] {processor.py:161} INFO - Started process (PID=1792) to work on /opt/airflow/dags/algorithms/data_processor2.py
[2025-07-28T00:35:18.948+0000] {processor.py:830} INFO - Processing file /opt/airflow/dags/algorithms/data_processor2.py for tasks to queue
[2025-07-28T00:35:18.950+0000] {logging_mixin.py:188} INFO - [2025-07-28T00:35:18.950+0000] {dagbag.py:545} INFO - Filling up the DagBag from /opt/airflow/dags/algorithms/data_processor2.py
[2025-07-28T00:35:19.133+0000] {processor.py:842} WARNING - No viable dags retrieved from /opt/airflow/dags/algorithms/data_processor2.py
[2025-07-28T00:35:19.141+0000] {processor.py:183} INFO - Processing /opt/airflow/dags/algorithms/data_processor2.py took 0.203 seconds
[2025-07-28T00:35:49.491+0000] {processor.py:161} INFO - Started process (PID=1831) to work on /opt/airflow/dags/algorithms/data_processor2.py
[2025-07-28T00:35:49.496+0000] {processor.py:830} INFO - Processing file /opt/airflow/dags/algorithms/data_processor2.py for tasks to queue
[2025-07-28T00:35:49.498+0000] {logging_mixin.py:188} INFO - [2025-07-28T00:35:49.498+0000] {dagbag.py:545} INFO - Filling up the DagBag from /opt/airflow/dags/algorithms/data_processor2.py
[2025-07-28T00:35:49.690+0000] {processor.py:842} WARNING - No viable dags retrieved from /opt/airflow/dags/algorithms/data_processor2.py
[2025-07-28T00:35:49.702+0000] {processor.py:183} INFO - Processing /opt/airflow/dags/algorithms/data_processor2.py took 0.222 seconds
[2025-07-28T00:36:20.065+0000] {processor.py:161} INFO - Started process (PID=1863) to work on /opt/airflow/dags/algorithms/data_processor2.py
[2025-07-28T00:36:20.067+0000] {processor.py:830} INFO - Processing file /opt/airflow/dags/algorithms/data_processor2.py for tasks to queue
[2025-07-28T00:36:20.069+0000] {logging_mixin.py:188} INFO - [2025-07-28T00:36:20.068+0000] {dagbag.py:545} INFO - Filling up the DagBag from /opt/airflow/dags/algorithms/data_processor2.py
[2025-07-28T00:36:20.247+0000] {processor.py:842} WARNING - No viable dags retrieved from /opt/airflow/dags/algorithms/data_processor2.py
[2025-07-28T00:36:20.254+0000] {processor.py:183} INFO - Processing /opt/airflow/dags/algorithms/data_processor2.py took 0.196 seconds
[2025-07-28T00:36:50.618+0000] {processor.py:161} INFO - Started process (PID=1902) to work on /opt/airflow/dags/algorithms/data_processor2.py
[2025-07-28T00:36:50.620+0000] {processor.py:830} INFO - Processing file /opt/airflow/dags/algorithms/data_processor2.py for tasks to queue
[2025-07-28T00:36:50.622+0000] {logging_mixin.py:188} INFO - [2025-07-28T00:36:50.621+0000] {dagbag.py:545} INFO - Filling up the DagBag from /opt/airflow/dags/algorithms/data_processor2.py
[2025-07-28T00:36:50.804+0000] {processor.py:842} WARNING - No viable dags retrieved from /opt/airflow/dags/algorithms/data_processor2.py
[2025-07-28T00:36:50.814+0000] {processor.py:183} INFO - Processing /opt/airflow/dags/algorithms/data_processor2.py took 0.204 seconds
[2025-07-28T00:37:21.074+0000] {processor.py:161} INFO - Started process (PID=1941) to work on /opt/airflow/dags/algorithms/data_processor2.py
[2025-07-28T00:37:21.074+0000] {processor.py:830} INFO - Processing file /opt/airflow/dags/algorithms/data_processor2.py for tasks to queue
[2025-07-28T00:37:21.075+0000] {logging_mixin.py:188} INFO - [2025-07-28T00:37:21.075+0000] {dagbag.py:545} INFO - Filling up the DagBag from /opt/airflow/dags/algorithms/data_processor2.py
[2025-07-28T00:37:21.252+0000] {processor.py:842} WARNING - No viable dags retrieved from /opt/airflow/dags/algorithms/data_processor2.py
[2025-07-28T00:37:21.260+0000] {processor.py:183} INFO - Processing /opt/airflow/dags/algorithms/data_processor2.py took 0.190 seconds
[2025-07-28T00:37:51.432+0000] {processor.py:161} INFO - Started process (PID=1973) to work on /opt/airflow/dags/algorithms/data_processor2.py
[2025-07-28T00:37:51.436+0000] {processor.py:830} INFO - Processing file /opt/airflow/dags/algorithms/data_processor2.py for tasks to queue
[2025-07-28T00:37:51.438+0000] {logging_mixin.py:188} INFO - [2025-07-28T00:37:51.437+0000] {dagbag.py:545} INFO - Filling up the DagBag from /opt/airflow/dags/algorithms/data_processor2.py
[2025-07-28T00:37:51.608+0000] {processor.py:842} WARNING - No viable dags retrieved from /opt/airflow/dags/algorithms/data_processor2.py
[2025-07-28T00:37:51.618+0000] {processor.py:183} INFO - Processing /opt/airflow/dags/algorithms/data_processor2.py took 0.194 seconds
[2025-07-28T00:38:21.827+0000] {processor.py:161} INFO - Started process (PID=2013) to work on /opt/airflow/dags/algorithms/data_processor2.py
[2025-07-28T00:38:21.830+0000] {processor.py:830} INFO - Processing file /opt/airflow/dags/algorithms/data_processor2.py for tasks to queue
[2025-07-28T00:38:21.832+0000] {logging_mixin.py:188} INFO - [2025-07-28T00:38:21.832+0000] {dagbag.py:545} INFO - Filling up the DagBag from /opt/airflow/dags/algorithms/data_processor2.py
[2025-07-28T00:38:22.011+0000] {processor.py:842} WARNING - No viable dags retrieved from /opt/airflow/dags/algorithms/data_processor2.py
[2025-07-28T00:38:22.022+0000] {processor.py:183} INFO - Processing /opt/airflow/dags/algorithms/data_processor2.py took 0.202 seconds
[2025-07-28T00:38:52.218+0000] {processor.py:161} INFO - Started process (PID=2045) to work on /opt/airflow/dags/algorithms/data_processor2.py
[2025-07-28T00:38:52.222+0000] {processor.py:830} INFO - Processing file /opt/airflow/dags/algorithms/data_processor2.py for tasks to queue
[2025-07-28T00:38:52.223+0000] {logging_mixin.py:188} INFO - [2025-07-28T00:38:52.223+0000] {dagbag.py:545} INFO - Filling up the DagBag from /opt/airflow/dags/algorithms/data_processor2.py
[2025-07-28T00:38:52.408+0000] {processor.py:842} WARNING - No viable dags retrieved from /opt/airflow/dags/algorithms/data_processor2.py
[2025-07-28T00:38:52.416+0000] {processor.py:183} INFO - Processing /opt/airflow/dags/algorithms/data_processor2.py took 0.208 seconds
[2025-07-28T00:39:22.594+0000] {processor.py:161} INFO - Started process (PID=2084) to work on /opt/airflow/dags/algorithms/data_processor2.py
[2025-07-28T00:39:22.596+0000] {processor.py:830} INFO - Processing file /opt/airflow/dags/algorithms/data_processor2.py for tasks to queue
[2025-07-28T00:39:22.598+0000] {logging_mixin.py:188} INFO - [2025-07-28T00:39:22.598+0000] {dagbag.py:545} INFO - Filling up the DagBag from /opt/airflow/dags/algorithms/data_processor2.py
[2025-07-28T00:39:22.801+0000] {processor.py:842} WARNING - No viable dags retrieved from /opt/airflow/dags/algorithms/data_processor2.py
[2025-07-28T00:39:22.812+0000] {processor.py:183} INFO - Processing /opt/airflow/dags/algorithms/data_processor2.py took 0.227 seconds
[2025-07-28T00:39:52.977+0000] {processor.py:161} INFO - Started process (PID=2116) to work on /opt/airflow/dags/algorithms/data_processor2.py
[2025-07-28T00:39:52.979+0000] {processor.py:830} INFO - Processing file /opt/airflow/dags/algorithms/data_processor2.py for tasks to queue
[2025-07-28T00:39:52.980+0000] {logging_mixin.py:188} INFO - [2025-07-28T00:39:52.980+0000] {dagbag.py:545} INFO - Filling up the DagBag from /opt/airflow/dags/algorithms/data_processor2.py
[2025-07-28T00:39:53.165+0000] {processor.py:842} WARNING - No viable dags retrieved from /opt/airflow/dags/algorithms/data_processor2.py
[2025-07-28T00:39:53.175+0000] {processor.py:183} INFO - Processing /opt/airflow/dags/algorithms/data_processor2.py took 0.201 seconds
[2025-07-28T00:40:23.387+0000] {processor.py:161} INFO - Started process (PID=2155) to work on /opt/airflow/dags/algorithms/data_processor2.py
[2025-07-28T00:40:23.391+0000] {processor.py:830} INFO - Processing file /opt/airflow/dags/algorithms/data_processor2.py for tasks to queue
[2025-07-28T00:40:23.392+0000] {logging_mixin.py:188} INFO - [2025-07-28T00:40:23.392+0000] {dagbag.py:545} INFO - Filling up the DagBag from /opt/airflow/dags/algorithms/data_processor2.py
[2025-07-28T00:40:23.602+0000] {processor.py:842} WARNING - No viable dags retrieved from /opt/airflow/dags/algorithms/data_processor2.py
[2025-07-28T00:40:23.612+0000] {processor.py:183} INFO - Processing /opt/airflow/dags/algorithms/data_processor2.py took 0.229 seconds
[2025-07-28T00:40:53.788+0000] {processor.py:161} INFO - Started process (PID=2194) to work on /opt/airflow/dags/algorithms/data_processor2.py
[2025-07-28T00:40:53.790+0000] {processor.py:830} INFO - Processing file /opt/airflow/dags/algorithms/data_processor2.py for tasks to queue
[2025-07-28T00:40:53.791+0000] {logging_mixin.py:188} INFO - [2025-07-28T00:40:53.791+0000] {dagbag.py:545} INFO - Filling up the DagBag from /opt/airflow/dags/algorithms/data_processor2.py
[2025-07-28T00:40:53.961+0000] {processor.py:842} WARNING - No viable dags retrieved from /opt/airflow/dags/algorithms/data_processor2.py
[2025-07-28T00:40:53.969+0000] {processor.py:183} INFO - Processing /opt/airflow/dags/algorithms/data_processor2.py took 0.186 seconds
[2025-07-28T00:41:24.140+0000] {processor.py:161} INFO - Started process (PID=2226) to work on /opt/airflow/dags/algorithms/data_processor2.py
[2025-07-28T00:41:24.144+0000] {processor.py:830} INFO - Processing file /opt/airflow/dags/algorithms/data_processor2.py for tasks to queue
[2025-07-28T00:41:24.146+0000] {logging_mixin.py:188} INFO - [2025-07-28T00:41:24.146+0000] {dagbag.py:545} INFO - Filling up the DagBag from /opt/airflow/dags/algorithms/data_processor2.py
[2025-07-28T00:41:24.341+0000] {processor.py:842} WARNING - No viable dags retrieved from /opt/airflow/dags/algorithms/data_processor2.py
[2025-07-28T00:41:24.352+0000] {processor.py:183} INFO - Processing /opt/airflow/dags/algorithms/data_processor2.py took 0.219 seconds
[2025-07-28T00:41:54.528+0000] {processor.py:161} INFO - Started process (PID=2265) to work on /opt/airflow/dags/algorithms/data_processor2.py
[2025-07-28T00:41:54.532+0000] {processor.py:830} INFO - Processing file /opt/airflow/dags/algorithms/data_processor2.py for tasks to queue
[2025-07-28T00:41:54.534+0000] {logging_mixin.py:188} INFO - [2025-07-28T00:41:54.534+0000] {dagbag.py:545} INFO - Filling up the DagBag from /opt/airflow/dags/algorithms/data_processor2.py
[2025-07-28T00:41:54.708+0000] {processor.py:842} WARNING - No viable dags retrieved from /opt/airflow/dags/algorithms/data_processor2.py
[2025-07-28T00:41:54.716+0000] {processor.py:183} INFO - Processing /opt/airflow/dags/algorithms/data_processor2.py took 0.194 seconds
[2025-07-28T00:42:24.900+0000] {processor.py:161} INFO - Started process (PID=2297) to work on /opt/airflow/dags/algorithms/data_processor2.py
[2025-07-28T00:42:24.904+0000] {processor.py:830} INFO - Processing file /opt/airflow/dags/algorithms/data_processor2.py for tasks to queue
[2025-07-28T00:42:24.905+0000] {logging_mixin.py:188} INFO - [2025-07-28T00:42:24.905+0000] {dagbag.py:545} INFO - Filling up the DagBag from /opt/airflow/dags/algorithms/data_processor2.py
[2025-07-28T00:42:25.082+0000] {processor.py:842} WARNING - No viable dags retrieved from /opt/airflow/dags/algorithms/data_processor2.py
[2025-07-28T00:42:25.090+0000] {processor.py:183} INFO - Processing /opt/airflow/dags/algorithms/data_processor2.py took 0.196 seconds
[2025-07-28T00:42:55.273+0000] {processor.py:161} INFO - Started process (PID=2336) to work on /opt/airflow/dags/algorithms/data_processor2.py
[2025-07-28T00:42:55.275+0000] {processor.py:830} INFO - Processing file /opt/airflow/dags/algorithms/data_processor2.py for tasks to queue
[2025-07-28T00:42:55.276+0000] {logging_mixin.py:188} INFO - [2025-07-28T00:42:55.276+0000] {dagbag.py:545} INFO - Filling up the DagBag from /opt/airflow/dags/algorithms/data_processor2.py
[2025-07-28T00:42:55.459+0000] {processor.py:842} WARNING - No viable dags retrieved from /opt/airflow/dags/algorithms/data_processor2.py
[2025-07-28T00:42:55.470+0000] {processor.py:183} INFO - Processing /opt/airflow/dags/algorithms/data_processor2.py took 0.205 seconds
