[2025-08-05T06:06:51.802+0000] {processor.py:161} INFO - Started process (PID=193) to work on /opt/airflow/dags/cleanup_logs.py
[2025-08-05T06:06:51.803+0000] {processor.py:830} INFO - Processing file /opt/airflow/dags/cleanup_logs.py for tasks to queue
[2025-08-05T06:06:51.804+0000] {logging_mixin.py:188} INFO - [2025-08-05T06:06:51.803+0000] {dagbag.py:545} INFO - Filling up the DagBag from /opt/airflow/dags/cleanup_logs.py
[2025-08-05T06:06:51.811+0000] {processor.py:840} INFO - DAG(s) 'cleanup_dag_logs' retrieved from /opt/airflow/dags/cleanup_logs.py
[2025-08-05T06:06:51.891+0000] {logging_mixin.py:188} INFO - [2025-08-05T06:06:51.890+0000] {override.py:1829} INFO - Created Permission View: can read on DAG:cleanup_dag_logs
[2025-08-05T06:06:51.899+0000] {logging_mixin.py:188} INFO - [2025-08-05T06:06:51.898+0000] {override.py:1829} INFO - Created Permission View: can delete on DAG:cleanup_dag_logs
[2025-08-05T06:06:51.904+0000] {logging_mixin.py:188} INFO - [2025-08-05T06:06:51.904+0000] {override.py:1829} INFO - Created Permission View: can edit on DAG:cleanup_dag_logs
[2025-08-05T06:06:51.905+0000] {logging_mixin.py:188} INFO - [2025-08-05T06:06:51.904+0000] {dag.py:3096} INFO - Sync 1 DAGs
[2025-08-05T06:06:51.912+0000] {logging_mixin.py:188} INFO - [2025-08-05T06:06:51.912+0000] {dag.py:3118} INFO - Creating ORM DAG for cleanup_dag_logs
[2025-08-05T06:06:51.920+0000] {logging_mixin.py:188} INFO - [2025-08-05T06:06:51.920+0000] {dag.py:3954} INFO - Setting next_dagrun for cleanup_dag_logs to 2025-08-04 00:00:00+00:00, run_after=2025-08-05 00:00:00+00:00
[2025-08-05T06:06:51.934+0000] {processor.py:183} INFO - Processing /opt/airflow/dags/cleanup_logs.py took 0.136 seconds
[2025-08-05T06:07:22.116+0000] {processor.py:161} INFO - Started process (PID=232) to work on /opt/airflow/dags/cleanup_logs.py
[2025-08-05T06:07:22.118+0000] {processor.py:830} INFO - Processing file /opt/airflow/dags/cleanup_logs.py for tasks to queue
[2025-08-05T06:07:22.119+0000] {logging_mixin.py:188} INFO - [2025-08-05T06:07:22.118+0000] {dagbag.py:545} INFO - Filling up the DagBag from /opt/airflow/dags/cleanup_logs.py
[2025-08-05T06:07:22.126+0000] {processor.py:840} INFO - DAG(s) 'cleanup_dag_logs' retrieved from /opt/airflow/dags/cleanup_logs.py
[2025-08-05T06:07:22.147+0000] {logging_mixin.py:188} INFO - [2025-08-05T06:07:22.147+0000] {dag.py:3096} INFO - Sync 1 DAGs
[2025-08-05T06:07:22.163+0000] {logging_mixin.py:188} INFO - [2025-08-05T06:07:22.163+0000] {dag.py:3954} INFO - Setting next_dagrun for cleanup_dag_logs to 2025-08-05 00:00:00+00:00, run_after=2025-08-06 00:00:00+00:00
[2025-08-05T06:07:22.177+0000] {processor.py:183} INFO - Processing /opt/airflow/dags/cleanup_logs.py took 0.066 seconds
[2025-08-05T06:07:52.435+0000] {processor.py:161} INFO - Started process (PID=275) to work on /opt/airflow/dags/cleanup_logs.py
[2025-08-05T06:07:52.435+0000] {processor.py:830} INFO - Processing file /opt/airflow/dags/cleanup_logs.py for tasks to queue
[2025-08-05T06:07:52.436+0000] {logging_mixin.py:188} INFO - [2025-08-05T06:07:52.436+0000] {dagbag.py:545} INFO - Filling up the DagBag from /opt/airflow/dags/cleanup_logs.py
[2025-08-05T06:07:52.444+0000] {processor.py:840} INFO - DAG(s) 'cleanup_dag_logs' retrieved from /opt/airflow/dags/cleanup_logs.py
[2025-08-05T06:07:52.465+0000] {logging_mixin.py:188} INFO - [2025-08-05T06:07:52.465+0000] {dag.py:3096} INFO - Sync 1 DAGs
[2025-08-05T06:07:52.485+0000] {logging_mixin.py:188} INFO - [2025-08-05T06:07:52.485+0000] {dag.py:3954} INFO - Setting next_dagrun for cleanup_dag_logs to 2025-08-05 00:00:00+00:00, run_after=2025-08-06 00:00:00+00:00
[2025-08-05T06:07:52.498+0000] {processor.py:183} INFO - Processing /opt/airflow/dags/cleanup_logs.py took 0.067 seconds
[2025-08-05T06:08:22.685+0000] {processor.py:161} INFO - Started process (PID=329) to work on /opt/airflow/dags/cleanup_logs.py
[2025-08-05T06:08:22.686+0000] {processor.py:830} INFO - Processing file /opt/airflow/dags/cleanup_logs.py for tasks to queue
[2025-08-05T06:08:22.688+0000] {logging_mixin.py:188} INFO - [2025-08-05T06:08:22.688+0000] {dagbag.py:545} INFO - Filling up the DagBag from /opt/airflow/dags/cleanup_logs.py
[2025-08-05T06:08:22.699+0000] {processor.py:840} INFO - DAG(s) 'cleanup_dag_logs' retrieved from /opt/airflow/dags/cleanup_logs.py
[2025-08-05T06:08:22.729+0000] {logging_mixin.py:188} INFO - [2025-08-05T06:08:22.729+0000] {dag.py:3096} INFO - Sync 1 DAGs
[2025-08-05T06:08:22.745+0000] {logging_mixin.py:188} INFO - [2025-08-05T06:08:22.744+0000] {dag.py:3954} INFO - Setting next_dagrun for cleanup_dag_logs to 2025-08-05 00:00:00+00:00, run_after=2025-08-06 00:00:00+00:00
[2025-08-05T06:08:22.759+0000] {processor.py:183} INFO - Processing /opt/airflow/dags/cleanup_logs.py took 0.078 seconds
[2025-08-05T06:08:53.254+0000] {processor.py:161} INFO - Started process (PID=372) to work on /opt/airflow/dags/cleanup_logs.py
[2025-08-05T06:08:53.255+0000] {processor.py:830} INFO - Processing file /opt/airflow/dags/cleanup_logs.py for tasks to queue
[2025-08-05T06:08:53.256+0000] {logging_mixin.py:188} INFO - [2025-08-05T06:08:53.256+0000] {dagbag.py:545} INFO - Filling up the DagBag from /opt/airflow/dags/cleanup_logs.py
[2025-08-05T06:08:53.264+0000] {processor.py:840} INFO - DAG(s) 'cleanup_dag_logs' retrieved from /opt/airflow/dags/cleanup_logs.py
[2025-08-05T06:08:53.281+0000] {logging_mixin.py:188} INFO - [2025-08-05T06:08:53.281+0000] {dag.py:3096} INFO - Sync 1 DAGs
[2025-08-05T06:08:53.297+0000] {logging_mixin.py:188} INFO - [2025-08-05T06:08:53.297+0000] {dag.py:3954} INFO - Setting next_dagrun for cleanup_dag_logs to 2025-08-05 00:00:00+00:00, run_after=2025-08-06 00:00:00+00:00
[2025-08-05T06:08:53.310+0000] {processor.py:183} INFO - Processing /opt/airflow/dags/cleanup_logs.py took 0.064 seconds
[2025-08-05T06:09:23.833+0000] {processor.py:161} INFO - Started process (PID=417) to work on /opt/airflow/dags/cleanup_logs.py
[2025-08-05T06:09:23.834+0000] {processor.py:830} INFO - Processing file /opt/airflow/dags/cleanup_logs.py for tasks to queue
[2025-08-05T06:09:23.835+0000] {logging_mixin.py:188} INFO - [2025-08-05T06:09:23.835+0000] {dagbag.py:545} INFO - Filling up the DagBag from /opt/airflow/dags/cleanup_logs.py
[2025-08-05T06:09:23.842+0000] {processor.py:840} INFO - DAG(s) 'cleanup_dag_logs' retrieved from /opt/airflow/dags/cleanup_logs.py
[2025-08-05T06:09:23.862+0000] {logging_mixin.py:188} INFO - [2025-08-05T06:09:23.862+0000] {dag.py:3096} INFO - Sync 1 DAGs
[2025-08-05T06:09:23.877+0000] {logging_mixin.py:188} INFO - [2025-08-05T06:09:23.877+0000] {dag.py:3954} INFO - Setting next_dagrun for cleanup_dag_logs to 2025-08-05 00:00:00+00:00, run_after=2025-08-06 00:00:00+00:00
[2025-08-05T06:09:23.889+0000] {processor.py:183} INFO - Processing /opt/airflow/dags/cleanup_logs.py took 0.060 seconds
[2025-08-05T06:09:54.514+0000] {processor.py:161} INFO - Started process (PID=453) to work on /opt/airflow/dags/cleanup_logs.py
[2025-08-05T06:09:54.515+0000] {processor.py:830} INFO - Processing file /opt/airflow/dags/cleanup_logs.py for tasks to queue
[2025-08-05T06:09:54.516+0000] {logging_mixin.py:188} INFO - [2025-08-05T06:09:54.516+0000] {dagbag.py:545} INFO - Filling up the DagBag from /opt/airflow/dags/cleanup_logs.py
[2025-08-05T06:09:54.524+0000] {processor.py:840} INFO - DAG(s) 'cleanup_dag_logs' retrieved from /opt/airflow/dags/cleanup_logs.py
[2025-08-05T06:09:54.543+0000] {logging_mixin.py:188} INFO - [2025-08-05T06:09:54.542+0000] {dag.py:3096} INFO - Sync 1 DAGs
[2025-08-05T06:09:54.556+0000] {logging_mixin.py:188} INFO - [2025-08-05T06:09:54.556+0000] {dag.py:3954} INFO - Setting next_dagrun for cleanup_dag_logs to 2025-08-05 00:00:00+00:00, run_after=2025-08-06 00:00:00+00:00
[2025-08-05T06:09:54.567+0000] {processor.py:183} INFO - Processing /opt/airflow/dags/cleanup_logs.py took 0.057 seconds
[2025-08-05T06:10:24.994+0000] {processor.py:161} INFO - Started process (PID=498) to work on /opt/airflow/dags/cleanup_logs.py
[2025-08-05T06:10:24.994+0000] {processor.py:830} INFO - Processing file /opt/airflow/dags/cleanup_logs.py for tasks to queue
[2025-08-05T06:10:24.995+0000] {logging_mixin.py:188} INFO - [2025-08-05T06:10:24.995+0000] {dagbag.py:545} INFO - Filling up the DagBag from /opt/airflow/dags/cleanup_logs.py
[2025-08-05T06:10:25.001+0000] {processor.py:840} INFO - DAG(s) 'cleanup_dag_logs' retrieved from /opt/airflow/dags/cleanup_logs.py
[2025-08-05T06:10:25.019+0000] {logging_mixin.py:188} INFO - [2025-08-05T06:10:25.019+0000] {dag.py:3096} INFO - Sync 1 DAGs
[2025-08-05T06:10:25.035+0000] {logging_mixin.py:188} INFO - [2025-08-05T06:10:25.034+0000] {dag.py:3954} INFO - Setting next_dagrun for cleanup_dag_logs to 2025-08-05 00:00:00+00:00, run_after=2025-08-06 00:00:00+00:00
[2025-08-05T06:10:25.050+0000] {processor.py:183} INFO - Processing /opt/airflow/dags/cleanup_logs.py took 0.063 seconds
[2025-08-05T06:10:55.575+0000] {processor.py:161} INFO - Started process (PID=534) to work on /opt/airflow/dags/cleanup_logs.py
[2025-08-05T06:10:55.576+0000] {processor.py:830} INFO - Processing file /opt/airflow/dags/cleanup_logs.py for tasks to queue
[2025-08-05T06:10:55.577+0000] {logging_mixin.py:188} INFO - [2025-08-05T06:10:55.577+0000] {dagbag.py:545} INFO - Filling up the DagBag from /opt/airflow/dags/cleanup_logs.py
[2025-08-05T06:10:55.589+0000] {processor.py:840} INFO - DAG(s) 'cleanup_dag_logs' retrieved from /opt/airflow/dags/cleanup_logs.py
[2025-08-05T06:10:55.609+0000] {logging_mixin.py:188} INFO - [2025-08-05T06:10:55.609+0000] {dag.py:3096} INFO - Sync 1 DAGs
[2025-08-05T06:10:55.622+0000] {logging_mixin.py:188} INFO - [2025-08-05T06:10:55.622+0000] {dag.py:3954} INFO - Setting next_dagrun for cleanup_dag_logs to 2025-08-05 00:00:00+00:00, run_after=2025-08-06 00:00:00+00:00
[2025-08-05T06:10:55.634+0000] {processor.py:183} INFO - Processing /opt/airflow/dags/cleanup_logs.py took 0.067 seconds
[2025-08-05T06:11:26.109+0000] {processor.py:161} INFO - Started process (PID=579) to work on /opt/airflow/dags/cleanup_logs.py
[2025-08-05T06:11:26.110+0000] {processor.py:830} INFO - Processing file /opt/airflow/dags/cleanup_logs.py for tasks to queue
[2025-08-05T06:11:26.111+0000] {logging_mixin.py:188} INFO - [2025-08-05T06:11:26.111+0000] {dagbag.py:545} INFO - Filling up the DagBag from /opt/airflow/dags/cleanup_logs.py
[2025-08-05T06:11:26.119+0000] {processor.py:840} INFO - DAG(s) 'cleanup_dag_logs' retrieved from /opt/airflow/dags/cleanup_logs.py
[2025-08-05T06:11:26.145+0000] {logging_mixin.py:188} INFO - [2025-08-05T06:11:26.145+0000] {dag.py:3096} INFO - Sync 1 DAGs
[2025-08-05T06:11:26.163+0000] {logging_mixin.py:188} INFO - [2025-08-05T06:11:26.163+0000] {dag.py:3954} INFO - Setting next_dagrun for cleanup_dag_logs to 2025-08-05 00:00:00+00:00, run_after=2025-08-06 00:00:00+00:00
[2025-08-05T06:11:26.178+0000] {processor.py:183} INFO - Processing /opt/airflow/dags/cleanup_logs.py took 0.073 seconds
[2025-08-05T06:11:56.638+0000] {processor.py:161} INFO - Started process (PID=622) to work on /opt/airflow/dags/cleanup_logs.py
[2025-08-05T06:11:56.638+0000] {processor.py:830} INFO - Processing file /opt/airflow/dags/cleanup_logs.py for tasks to queue
[2025-08-05T06:11:56.639+0000] {logging_mixin.py:188} INFO - [2025-08-05T06:11:56.639+0000] {dagbag.py:545} INFO - Filling up the DagBag from /opt/airflow/dags/cleanup_logs.py
[2025-08-05T06:11:56.646+0000] {processor.py:840} INFO - DAG(s) 'cleanup_dag_logs' retrieved from /opt/airflow/dags/cleanup_logs.py
[2025-08-05T06:11:56.663+0000] {logging_mixin.py:188} INFO - [2025-08-05T06:11:56.663+0000] {dag.py:3096} INFO - Sync 1 DAGs
[2025-08-05T06:11:56.676+0000] {logging_mixin.py:188} INFO - [2025-08-05T06:11:56.676+0000] {dag.py:3954} INFO - Setting next_dagrun for cleanup_dag_logs to 2025-08-05 00:00:00+00:00, run_after=2025-08-06 00:00:00+00:00
[2025-08-05T06:11:56.688+0000] {processor.py:183} INFO - Processing /opt/airflow/dags/cleanup_logs.py took 0.054 seconds
[2025-08-05T06:12:27.093+0000] {processor.py:161} INFO - Started process (PID=660) to work on /opt/airflow/dags/cleanup_logs.py
[2025-08-05T06:12:27.093+0000] {processor.py:830} INFO - Processing file /opt/airflow/dags/cleanup_logs.py for tasks to queue
[2025-08-05T06:12:27.094+0000] {logging_mixin.py:188} INFO - [2025-08-05T06:12:27.094+0000] {dagbag.py:545} INFO - Filling up the DagBag from /opt/airflow/dags/cleanup_logs.py
[2025-08-05T06:12:27.101+0000] {processor.py:840} INFO - DAG(s) 'cleanup_dag_logs' retrieved from /opt/airflow/dags/cleanup_logs.py
[2025-08-05T06:12:27.119+0000] {logging_mixin.py:188} INFO - [2025-08-05T06:12:27.119+0000] {dag.py:3096} INFO - Sync 1 DAGs
[2025-08-05T06:12:27.133+0000] {logging_mixin.py:188} INFO - [2025-08-05T06:12:27.133+0000] {dag.py:3954} INFO - Setting next_dagrun for cleanup_dag_logs to 2025-08-05 00:00:00+00:00, run_after=2025-08-06 00:00:00+00:00
[2025-08-05T06:12:27.145+0000] {processor.py:183} INFO - Processing /opt/airflow/dags/cleanup_logs.py took 0.058 seconds
[2025-08-05T06:12:57.617+0000] {processor.py:161} INFO - Started process (PID=703) to work on /opt/airflow/dags/cleanup_logs.py
[2025-08-05T06:12:57.618+0000] {processor.py:830} INFO - Processing file /opt/airflow/dags/cleanup_logs.py for tasks to queue
[2025-08-05T06:12:57.620+0000] {logging_mixin.py:188} INFO - [2025-08-05T06:12:57.619+0000] {dagbag.py:545} INFO - Filling up the DagBag from /opt/airflow/dags/cleanup_logs.py
[2025-08-05T06:12:57.631+0000] {processor.py:840} INFO - DAG(s) 'cleanup_dag_logs' retrieved from /opt/airflow/dags/cleanup_logs.py
[2025-08-05T06:12:57.650+0000] {logging_mixin.py:188} INFO - [2025-08-05T06:12:57.650+0000] {dag.py:3096} INFO - Sync 1 DAGs
[2025-08-05T06:12:57.664+0000] {logging_mixin.py:188} INFO - [2025-08-05T06:12:57.664+0000] {dag.py:3954} INFO - Setting next_dagrun for cleanup_dag_logs to 2025-08-05 00:00:00+00:00, run_after=2025-08-06 00:00:00+00:00
[2025-08-05T06:12:57.678+0000] {processor.py:183} INFO - Processing /opt/airflow/dags/cleanup_logs.py took 0.068 seconds
[2025-08-05T06:13:28.158+0000] {processor.py:161} INFO - Started process (PID=741) to work on /opt/airflow/dags/cleanup_logs.py
[2025-08-05T06:13:28.159+0000] {processor.py:830} INFO - Processing file /opt/airflow/dags/cleanup_logs.py for tasks to queue
[2025-08-05T06:13:28.160+0000] {logging_mixin.py:188} INFO - [2025-08-05T06:13:28.160+0000] {dagbag.py:545} INFO - Filling up the DagBag from /opt/airflow/dags/cleanup_logs.py
[2025-08-05T06:13:28.167+0000] {processor.py:840} INFO - DAG(s) 'cleanup_dag_logs' retrieved from /opt/airflow/dags/cleanup_logs.py
[2025-08-05T06:13:28.187+0000] {logging_mixin.py:188} INFO - [2025-08-05T06:13:28.186+0000] {dag.py:3096} INFO - Sync 1 DAGs
[2025-08-05T06:13:28.201+0000] {logging_mixin.py:188} INFO - [2025-08-05T06:13:28.200+0000] {dag.py:3954} INFO - Setting next_dagrun for cleanup_dag_logs to 2025-08-05 00:00:00+00:00, run_after=2025-08-06 00:00:00+00:00
[2025-08-05T06:13:28.214+0000] {processor.py:183} INFO - Processing /opt/airflow/dags/cleanup_logs.py took 0.061 seconds
[2025-08-05T06:13:58.741+0000] {processor.py:161} INFO - Started process (PID=784) to work on /opt/airflow/dags/cleanup_logs.py
[2025-08-05T06:13:58.741+0000] {processor.py:830} INFO - Processing file /opt/airflow/dags/cleanup_logs.py for tasks to queue
[2025-08-05T06:13:58.743+0000] {logging_mixin.py:188} INFO - [2025-08-05T06:13:58.742+0000] {dagbag.py:545} INFO - Filling up the DagBag from /opt/airflow/dags/cleanup_logs.py
[2025-08-05T06:13:58.750+0000] {processor.py:840} INFO - DAG(s) 'cleanup_dag_logs' retrieved from /opt/airflow/dags/cleanup_logs.py
[2025-08-05T06:13:58.769+0000] {logging_mixin.py:188} INFO - [2025-08-05T06:13:58.769+0000] {dag.py:3096} INFO - Sync 1 DAGs
[2025-08-05T06:13:58.783+0000] {logging_mixin.py:188} INFO - [2025-08-05T06:13:58.783+0000] {dag.py:3954} INFO - Setting next_dagrun for cleanup_dag_logs to 2025-08-05 00:00:00+00:00, run_after=2025-08-06 00:00:00+00:00
[2025-08-05T06:13:58.797+0000] {processor.py:183} INFO - Processing /opt/airflow/dags/cleanup_logs.py took 0.062 seconds
[2025-08-05T06:22:30.878+0000] {processor.py:161} INFO - Started process (PID=190) to work on /opt/airflow/dags/cleanup_logs.py
[2025-08-05T06:22:30.880+0000] {processor.py:830} INFO - Processing file /opt/airflow/dags/cleanup_logs.py for tasks to queue
[2025-08-05T06:22:30.882+0000] {logging_mixin.py:188} INFO - [2025-08-05T06:22:30.881+0000] {dagbag.py:545} INFO - Filling up the DagBag from /opt/airflow/dags/cleanup_logs.py
[2025-08-05T06:22:30.893+0000] {processor.py:840} INFO - DAG(s) 'cleanup_dag_logs' retrieved from /opt/airflow/dags/cleanup_logs.py
[2025-08-05T06:22:31.197+0000] {logging_mixin.py:188} INFO - [2025-08-05T06:22:31.196+0000] {override.py:1829} INFO - Created Permission View: can delete on DAG:cleanup_dag_logs
[2025-08-05T06:22:31.212+0000] {logging_mixin.py:188} INFO - [2025-08-05T06:22:31.211+0000] {override.py:1829} INFO - Created Permission View: can edit on DAG:cleanup_dag_logs
[2025-08-05T06:22:31.221+0000] {logging_mixin.py:188} INFO - [2025-08-05T06:22:31.221+0000] {override.py:1829} INFO - Created Permission View: can read on DAG:cleanup_dag_logs
[2025-08-05T06:22:31.222+0000] {logging_mixin.py:188} INFO - [2025-08-05T06:22:31.222+0000] {dag.py:3096} INFO - Sync 1 DAGs
[2025-08-05T06:22:31.233+0000] {logging_mixin.py:188} INFO - [2025-08-05T06:22:31.233+0000] {dag.py:3118} INFO - Creating ORM DAG for cleanup_dag_logs
[2025-08-05T06:22:31.243+0000] {logging_mixin.py:188} INFO - [2025-08-05T06:22:31.243+0000] {dag.py:3954} INFO - Setting next_dagrun for cleanup_dag_logs to 2025-08-04 00:00:00+00:00, run_after=2025-08-05 00:00:00+00:00
[2025-08-05T06:22:31.263+0000] {processor.py:183} INFO - Processing /opt/airflow/dags/cleanup_logs.py took 0.391 seconds
[2025-08-05T06:23:01.454+0000] {processor.py:161} INFO - Started process (PID=231) to work on /opt/airflow/dags/cleanup_logs.py
[2025-08-05T06:23:01.456+0000] {processor.py:830} INFO - Processing file /opt/airflow/dags/cleanup_logs.py for tasks to queue
[2025-08-05T06:23:01.457+0000] {logging_mixin.py:188} INFO - [2025-08-05T06:23:01.456+0000] {dagbag.py:545} INFO - Filling up the DagBag from /opt/airflow/dags/cleanup_logs.py
[2025-08-05T06:23:01.464+0000] {processor.py:840} INFO - DAG(s) 'cleanup_dag_logs' retrieved from /opt/airflow/dags/cleanup_logs.py
[2025-08-05T06:23:01.483+0000] {logging_mixin.py:188} INFO - [2025-08-05T06:23:01.483+0000] {dag.py:3096} INFO - Sync 1 DAGs
[2025-08-05T06:23:01.499+0000] {logging_mixin.py:188} INFO - [2025-08-05T06:23:01.499+0000] {dag.py:3954} INFO - Setting next_dagrun for cleanup_dag_logs to 2025-08-05 00:00:00+00:00, run_after=2025-08-06 00:00:00+00:00
[2025-08-05T06:23:01.510+0000] {processor.py:183} INFO - Processing /opt/airflow/dags/cleanup_logs.py took 0.060 seconds
[2025-08-05T06:23:31.713+0000] {processor.py:161} INFO - Started process (PID=273) to work on /opt/airflow/dags/cleanup_logs.py
[2025-08-05T06:23:31.715+0000] {processor.py:830} INFO - Processing file /opt/airflow/dags/cleanup_logs.py for tasks to queue
[2025-08-05T06:23:31.717+0000] {logging_mixin.py:188} INFO - [2025-08-05T06:23:31.716+0000] {dagbag.py:545} INFO - Filling up the DagBag from /opt/airflow/dags/cleanup_logs.py
[2025-08-05T06:23:31.725+0000] {processor.py:840} INFO - DAG(s) 'cleanup_dag_logs' retrieved from /opt/airflow/dags/cleanup_logs.py
[2025-08-05T06:23:31.746+0000] {logging_mixin.py:188} INFO - [2025-08-05T06:23:31.746+0000] {dag.py:3096} INFO - Sync 1 DAGs
[2025-08-05T06:23:31.762+0000] {logging_mixin.py:188} INFO - [2025-08-05T06:23:31.762+0000] {dag.py:3954} INFO - Setting next_dagrun for cleanup_dag_logs to 2025-08-05 00:00:00+00:00, run_after=2025-08-06 00:00:00+00:00
[2025-08-05T06:23:31.776+0000] {processor.py:183} INFO - Processing /opt/airflow/dags/cleanup_logs.py took 0.068 seconds
[2025-08-05T06:24:09.661+0000] {processor.py:161} INFO - Started process (PID=191) to work on /opt/airflow/dags/cleanup_logs.py
[2025-08-05T06:24:09.662+0000] {processor.py:830} INFO - Processing file /opt/airflow/dags/cleanup_logs.py for tasks to queue
[2025-08-05T06:24:09.663+0000] {logging_mixin.py:188} INFO - [2025-08-05T06:24:09.663+0000] {dagbag.py:545} INFO - Filling up the DagBag from /opt/airflow/dags/cleanup_logs.py
[2025-08-05T06:24:09.671+0000] {processor.py:840} INFO - DAG(s) 'cleanup_dag_logs' retrieved from /opt/airflow/dags/cleanup_logs.py
[2025-08-05T06:24:09.876+0000] {logging_mixin.py:188} INFO - [2025-08-05T06:24:09.876+0000] {override.py:1829} INFO - Created Permission View: can edit on DAG:cleanup_dag_logs
[2025-08-05T06:24:09.882+0000] {logging_mixin.py:188} INFO - [2025-08-05T06:24:09.882+0000] {override.py:1829} INFO - Created Permission View: can read on DAG:cleanup_dag_logs
[2025-08-05T06:24:09.887+0000] {logging_mixin.py:188} INFO - [2025-08-05T06:24:09.887+0000] {override.py:1829} INFO - Created Permission View: can delete on DAG:cleanup_dag_logs
[2025-08-05T06:24:09.887+0000] {logging_mixin.py:188} INFO - [2025-08-05T06:24:09.887+0000] {dag.py:3096} INFO - Sync 1 DAGs
[2025-08-05T06:24:09.896+0000] {logging_mixin.py:188} INFO - [2025-08-05T06:24:09.896+0000] {dag.py:3118} INFO - Creating ORM DAG for cleanup_dag_logs
[2025-08-05T06:24:09.903+0000] {logging_mixin.py:188} INFO - [2025-08-05T06:24:09.903+0000] {dag.py:3954} INFO - Setting next_dagrun for cleanup_dag_logs to 2025-08-04 00:00:00+00:00, run_after=2025-08-05 00:00:00+00:00
[2025-08-05T06:24:09.915+0000] {processor.py:183} INFO - Processing /opt/airflow/dags/cleanup_logs.py took 0.259 seconds
[2025-08-05T06:24:40.139+0000] {processor.py:161} INFO - Started process (PID=231) to work on /opt/airflow/dags/cleanup_logs.py
[2025-08-05T06:24:40.141+0000] {processor.py:830} INFO - Processing file /opt/airflow/dags/cleanup_logs.py for tasks to queue
[2025-08-05T06:24:40.142+0000] {logging_mixin.py:188} INFO - [2025-08-05T06:24:40.141+0000] {dagbag.py:545} INFO - Filling up the DagBag from /opt/airflow/dags/cleanup_logs.py
[2025-08-05T06:24:40.149+0000] {processor.py:840} INFO - DAG(s) 'cleanup_dag_logs' retrieved from /opt/airflow/dags/cleanup_logs.py
[2025-08-05T06:24:40.169+0000] {logging_mixin.py:188} INFO - [2025-08-05T06:24:40.169+0000] {dag.py:3096} INFO - Sync 1 DAGs
[2025-08-05T06:24:40.186+0000] {logging_mixin.py:188} INFO - [2025-08-05T06:24:40.186+0000] {dag.py:3954} INFO - Setting next_dagrun for cleanup_dag_logs to 2025-08-05 00:00:00+00:00, run_after=2025-08-06 00:00:00+00:00
[2025-08-05T06:24:40.198+0000] {processor.py:183} INFO - Processing /opt/airflow/dags/cleanup_logs.py took 0.064 seconds
[2025-08-05T06:25:10.546+0000] {processor.py:161} INFO - Started process (PID=276) to work on /opt/airflow/dags/cleanup_logs.py
[2025-08-05T06:25:10.548+0000] {processor.py:830} INFO - Processing file /opt/airflow/dags/cleanup_logs.py for tasks to queue
[2025-08-05T06:25:10.549+0000] {logging_mixin.py:188} INFO - [2025-08-05T06:25:10.549+0000] {dagbag.py:545} INFO - Filling up the DagBag from /opt/airflow/dags/cleanup_logs.py
[2025-08-05T06:25:10.560+0000] {processor.py:840} INFO - DAG(s) 'cleanup_dag_logs' retrieved from /opt/airflow/dags/cleanup_logs.py
[2025-08-05T06:25:10.589+0000] {logging_mixin.py:188} INFO - [2025-08-05T06:25:10.589+0000] {dag.py:3096} INFO - Sync 1 DAGs
[2025-08-05T06:25:10.617+0000] {logging_mixin.py:188} INFO - [2025-08-05T06:25:10.617+0000] {dag.py:3954} INFO - Setting next_dagrun for cleanup_dag_logs to 2025-08-05 00:00:00+00:00, run_after=2025-08-06 00:00:00+00:00
[2025-08-05T06:25:10.645+0000] {processor.py:183} INFO - Processing /opt/airflow/dags/cleanup_logs.py took 0.105 seconds
[2025-08-05T06:25:40.830+0000] {processor.py:161} INFO - Started process (PID=329) to work on /opt/airflow/dags/cleanup_logs.py
[2025-08-05T06:25:40.831+0000] {processor.py:830} INFO - Processing file /opt/airflow/dags/cleanup_logs.py for tasks to queue
[2025-08-05T06:25:40.832+0000] {logging_mixin.py:188} INFO - [2025-08-05T06:25:40.832+0000] {dagbag.py:545} INFO - Filling up the DagBag from /opt/airflow/dags/cleanup_logs.py
[2025-08-05T06:25:40.844+0000] {processor.py:840} INFO - DAG(s) 'cleanup_dag_logs' retrieved from /opt/airflow/dags/cleanup_logs.py
[2025-08-05T06:25:40.870+0000] {logging_mixin.py:188} INFO - [2025-08-05T06:25:40.870+0000] {dag.py:3096} INFO - Sync 1 DAGs
[2025-08-05T06:25:40.883+0000] {logging_mixin.py:188} INFO - [2025-08-05T06:25:40.883+0000] {dag.py:3954} INFO - Setting next_dagrun for cleanup_dag_logs to 2025-08-05 00:00:00+00:00, run_after=2025-08-06 00:00:00+00:00
[2025-08-05T06:25:40.895+0000] {processor.py:183} INFO - Processing /opt/airflow/dags/cleanup_logs.py took 0.072 seconds
[2025-08-05T06:26:11.362+0000] {processor.py:161} INFO - Started process (PID=374) to work on /opt/airflow/dags/cleanup_logs.py
[2025-08-05T06:26:11.363+0000] {processor.py:830} INFO - Processing file /opt/airflow/dags/cleanup_logs.py for tasks to queue
[2025-08-05T06:26:11.364+0000] {logging_mixin.py:188} INFO - [2025-08-05T06:26:11.364+0000] {dagbag.py:545} INFO - Filling up the DagBag from /opt/airflow/dags/cleanup_logs.py
[2025-08-05T06:26:11.372+0000] {processor.py:840} INFO - DAG(s) 'cleanup_dag_logs' retrieved from /opt/airflow/dags/cleanup_logs.py
[2025-08-05T06:26:11.399+0000] {logging_mixin.py:188} INFO - [2025-08-05T06:26:11.399+0000] {dag.py:3096} INFO - Sync 1 DAGs
[2025-08-05T06:26:11.416+0000] {logging_mixin.py:188} INFO - [2025-08-05T06:26:11.415+0000] {dag.py:3954} INFO - Setting next_dagrun for cleanup_dag_logs to 2025-08-05 00:00:00+00:00, run_after=2025-08-06 00:00:00+00:00
[2025-08-05T06:26:11.428+0000] {processor.py:183} INFO - Processing /opt/airflow/dags/cleanup_logs.py took 0.074 seconds
[2025-08-05T06:26:41.847+0000] {processor.py:161} INFO - Started process (PID=417) to work on /opt/airflow/dags/cleanup_logs.py
[2025-08-05T06:26:41.847+0000] {processor.py:830} INFO - Processing file /opt/airflow/dags/cleanup_logs.py for tasks to queue
[2025-08-05T06:26:41.848+0000] {logging_mixin.py:188} INFO - [2025-08-05T06:26:41.848+0000] {dagbag.py:545} INFO - Filling up the DagBag from /opt/airflow/dags/cleanup_logs.py
[2025-08-05T06:26:41.857+0000] {processor.py:840} INFO - DAG(s) 'cleanup_dag_logs' retrieved from /opt/airflow/dags/cleanup_logs.py
[2025-08-05T06:26:41.873+0000] {logging_mixin.py:188} INFO - [2025-08-05T06:26:41.873+0000] {dag.py:3096} INFO - Sync 1 DAGs
[2025-08-05T06:26:41.887+0000] {logging_mixin.py:188} INFO - [2025-08-05T06:26:41.887+0000] {dag.py:3954} INFO - Setting next_dagrun for cleanup_dag_logs to 2025-08-05 00:00:00+00:00, run_after=2025-08-06 00:00:00+00:00
[2025-08-05T06:26:41.899+0000] {processor.py:183} INFO - Processing /opt/airflow/dags/cleanup_logs.py took 0.057 seconds
[2025-08-05T06:27:12.250+0000] {processor.py:161} INFO - Started process (PID=455) to work on /opt/airflow/dags/cleanup_logs.py
[2025-08-05T06:27:12.251+0000] {processor.py:830} INFO - Processing file /opt/airflow/dags/cleanup_logs.py for tasks to queue
[2025-08-05T06:27:12.252+0000] {logging_mixin.py:188} INFO - [2025-08-05T06:27:12.252+0000] {dagbag.py:545} INFO - Filling up the DagBag from /opt/airflow/dags/cleanup_logs.py
[2025-08-05T06:27:12.264+0000] {processor.py:840} INFO - DAG(s) 'cleanup_dag_logs' retrieved from /opt/airflow/dags/cleanup_logs.py
[2025-08-05T06:27:12.288+0000] {logging_mixin.py:188} INFO - [2025-08-05T06:27:12.288+0000] {dag.py:3096} INFO - Sync 1 DAGs
[2025-08-05T06:27:12.303+0000] {logging_mixin.py:188} INFO - [2025-08-05T06:27:12.303+0000] {dag.py:3954} INFO - Setting next_dagrun for cleanup_dag_logs to 2025-08-05 00:00:00+00:00, run_after=2025-08-06 00:00:00+00:00
[2025-08-05T06:27:12.315+0000] {processor.py:183} INFO - Processing /opt/airflow/dags/cleanup_logs.py took 0.071 seconds
[2025-08-05T06:27:42.760+0000] {processor.py:161} INFO - Started process (PID=498) to work on /opt/airflow/dags/cleanup_logs.py
[2025-08-05T06:27:42.761+0000] {processor.py:830} INFO - Processing file /opt/airflow/dags/cleanup_logs.py for tasks to queue
[2025-08-05T06:27:42.762+0000] {logging_mixin.py:188} INFO - [2025-08-05T06:27:42.762+0000] {dagbag.py:545} INFO - Filling up the DagBag from /opt/airflow/dags/cleanup_logs.py
[2025-08-05T06:27:42.773+0000] {processor.py:840} INFO - DAG(s) 'cleanup_dag_logs' retrieved from /opt/airflow/dags/cleanup_logs.py
[2025-08-05T06:27:42.790+0000] {logging_mixin.py:188} INFO - [2025-08-05T06:27:42.790+0000] {dag.py:3096} INFO - Sync 1 DAGs
[2025-08-05T06:27:42.803+0000] {logging_mixin.py:188} INFO - [2025-08-05T06:27:42.803+0000] {dag.py:3954} INFO - Setting next_dagrun for cleanup_dag_logs to 2025-08-05 00:00:00+00:00, run_after=2025-08-06 00:00:00+00:00
[2025-08-05T06:27:42.816+0000] {processor.py:183} INFO - Processing /opt/airflow/dags/cleanup_logs.py took 0.063 seconds
[2025-08-05T06:28:13.286+0000] {processor.py:161} INFO - Started process (PID=536) to work on /opt/airflow/dags/cleanup_logs.py
[2025-08-05T06:28:13.287+0000] {processor.py:830} INFO - Processing file /opt/airflow/dags/cleanup_logs.py for tasks to queue
[2025-08-05T06:28:13.288+0000] {logging_mixin.py:188} INFO - [2025-08-05T06:28:13.288+0000] {dagbag.py:545} INFO - Filling up the DagBag from /opt/airflow/dags/cleanup_logs.py
[2025-08-05T06:28:13.297+0000] {processor.py:840} INFO - DAG(s) 'cleanup_dag_logs' retrieved from /opt/airflow/dags/cleanup_logs.py
[2025-08-05T06:28:13.319+0000] {logging_mixin.py:188} INFO - [2025-08-05T06:28:13.319+0000] {dag.py:3096} INFO - Sync 1 DAGs
[2025-08-05T06:28:13.336+0000] {logging_mixin.py:188} INFO - [2025-08-05T06:28:13.336+0000] {dag.py:3954} INFO - Setting next_dagrun for cleanup_dag_logs to 2025-08-05 00:00:00+00:00, run_after=2025-08-06 00:00:00+00:00
[2025-08-05T06:28:13.349+0000] {processor.py:183} INFO - Processing /opt/airflow/dags/cleanup_logs.py took 0.070 seconds
[2025-08-05T06:28:43.734+0000] {processor.py:161} INFO - Started process (PID=579) to work on /opt/airflow/dags/cleanup_logs.py
[2025-08-05T06:28:43.736+0000] {processor.py:830} INFO - Processing file /opt/airflow/dags/cleanup_logs.py for tasks to queue
[2025-08-05T06:28:43.739+0000] {logging_mixin.py:188} INFO - [2025-08-05T06:28:43.739+0000] {dagbag.py:545} INFO - Filling up the DagBag from /opt/airflow/dags/cleanup_logs.py
[2025-08-05T06:28:43.753+0000] {processor.py:840} INFO - DAG(s) 'cleanup_dag_logs' retrieved from /opt/airflow/dags/cleanup_logs.py
[2025-08-05T06:28:43.772+0000] {logging_mixin.py:188} INFO - [2025-08-05T06:28:43.772+0000] {dag.py:3096} INFO - Sync 1 DAGs
[2025-08-05T06:28:43.787+0000] {logging_mixin.py:188} INFO - [2025-08-05T06:28:43.787+0000] {dag.py:3954} INFO - Setting next_dagrun for cleanup_dag_logs to 2025-08-05 00:00:00+00:00, run_after=2025-08-06 00:00:00+00:00
[2025-08-05T06:28:43.800+0000] {processor.py:183} INFO - Processing /opt/airflow/dags/cleanup_logs.py took 0.081 seconds
[2025-08-05T06:29:14.236+0000] {processor.py:161} INFO - Started process (PID=624) to work on /opt/airflow/dags/cleanup_logs.py
[2025-08-05T06:29:14.237+0000] {processor.py:830} INFO - Processing file /opt/airflow/dags/cleanup_logs.py for tasks to queue
[2025-08-05T06:29:14.237+0000] {logging_mixin.py:188} INFO - [2025-08-05T06:29:14.237+0000] {dagbag.py:545} INFO - Filling up the DagBag from /opt/airflow/dags/cleanup_logs.py
[2025-08-05T06:29:14.244+0000] {processor.py:840} INFO - DAG(s) 'cleanup_dag_logs' retrieved from /opt/airflow/dags/cleanup_logs.py
[2025-08-05T06:29:14.262+0000] {logging_mixin.py:188} INFO - [2025-08-05T06:29:14.262+0000] {dag.py:3096} INFO - Sync 1 DAGs
[2025-08-05T06:29:14.276+0000] {logging_mixin.py:188} INFO - [2025-08-05T06:29:14.275+0000] {dag.py:3954} INFO - Setting next_dagrun for cleanup_dag_logs to 2025-08-05 00:00:00+00:00, run_after=2025-08-06 00:00:00+00:00
[2025-08-05T06:29:14.290+0000] {processor.py:183} INFO - Processing /opt/airflow/dags/cleanup_logs.py took 0.057 seconds
[2025-08-05T06:29:44.639+0000] {processor.py:161} INFO - Started process (PID=661) to work on /opt/airflow/dags/cleanup_logs.py
[2025-08-05T06:29:44.639+0000] {processor.py:830} INFO - Processing file /opt/airflow/dags/cleanup_logs.py for tasks to queue
[2025-08-05T06:29:44.640+0000] {logging_mixin.py:188} INFO - [2025-08-05T06:29:44.640+0000] {dagbag.py:545} INFO - Filling up the DagBag from /opt/airflow/dags/cleanup_logs.py
[2025-08-05T06:29:44.647+0000] {processor.py:840} INFO - DAG(s) 'cleanup_dag_logs' retrieved from /opt/airflow/dags/cleanup_logs.py
[2025-08-05T06:29:44.664+0000] {logging_mixin.py:188} INFO - [2025-08-05T06:29:44.664+0000] {dag.py:3096} INFO - Sync 1 DAGs
[2025-08-05T06:29:44.677+0000] {logging_mixin.py:188} INFO - [2025-08-05T06:29:44.677+0000] {dag.py:3954} INFO - Setting next_dagrun for cleanup_dag_logs to 2025-08-05 00:00:00+00:00, run_after=2025-08-06 00:00:00+00:00
[2025-08-05T06:29:44.689+0000] {processor.py:183} INFO - Processing /opt/airflow/dags/cleanup_logs.py took 0.056 seconds
[2025-08-05T06:30:15.150+0000] {processor.py:161} INFO - Started process (PID=706) to work on /opt/airflow/dags/cleanup_logs.py
[2025-08-05T06:30:15.150+0000] {processor.py:830} INFO - Processing file /opt/airflow/dags/cleanup_logs.py for tasks to queue
[2025-08-05T06:30:15.151+0000] {logging_mixin.py:188} INFO - [2025-08-05T06:30:15.151+0000] {dagbag.py:545} INFO - Filling up the DagBag from /opt/airflow/dags/cleanup_logs.py
[2025-08-05T06:30:15.160+0000] {processor.py:840} INFO - DAG(s) 'cleanup_dag_logs' retrieved from /opt/airflow/dags/cleanup_logs.py
[2025-08-05T06:30:15.180+0000] {logging_mixin.py:188} INFO - [2025-08-05T06:30:15.180+0000] {dag.py:3096} INFO - Sync 1 DAGs
[2025-08-05T06:30:15.198+0000] {logging_mixin.py:188} INFO - [2025-08-05T06:30:15.198+0000] {dag.py:3954} INFO - Setting next_dagrun for cleanup_dag_logs to 2025-08-05 00:00:00+00:00, run_after=2025-08-06 00:00:00+00:00
[2025-08-05T06:30:15.216+0000] {processor.py:183} INFO - Processing /opt/airflow/dags/cleanup_logs.py took 0.070 seconds
[2025-08-05T06:30:45.737+0000] {processor.py:161} INFO - Started process (PID=742) to work on /opt/airflow/dags/cleanup_logs.py
[2025-08-05T06:30:45.738+0000] {processor.py:830} INFO - Processing file /opt/airflow/dags/cleanup_logs.py for tasks to queue
[2025-08-05T06:30:45.739+0000] {logging_mixin.py:188} INFO - [2025-08-05T06:30:45.739+0000] {dagbag.py:545} INFO - Filling up the DagBag from /opt/airflow/dags/cleanup_logs.py
[2025-08-05T06:30:45.746+0000] {processor.py:840} INFO - DAG(s) 'cleanup_dag_logs' retrieved from /opt/airflow/dags/cleanup_logs.py
[2025-08-05T06:30:45.763+0000] {logging_mixin.py:188} INFO - [2025-08-05T06:30:45.763+0000] {dag.py:3096} INFO - Sync 1 DAGs
[2025-08-05T06:30:45.777+0000] {logging_mixin.py:188} INFO - [2025-08-05T06:30:45.777+0000] {dag.py:3954} INFO - Setting next_dagrun for cleanup_dag_logs to 2025-08-05 00:00:00+00:00, run_after=2025-08-06 00:00:00+00:00
[2025-08-05T06:30:45.788+0000] {processor.py:183} INFO - Processing /opt/airflow/dags/cleanup_logs.py took 0.058 seconds
[2025-08-05T06:59:39.842+0000] {processor.py:161} INFO - Started process (PID=191) to work on /opt/airflow/dags/cleanup_logs.py
[2025-08-05T06:59:39.844+0000] {processor.py:830} INFO - Processing file /opt/airflow/dags/cleanup_logs.py for tasks to queue
[2025-08-05T06:59:39.846+0000] {logging_mixin.py:188} INFO - [2025-08-05T06:59:39.845+0000] {dagbag.py:545} INFO - Filling up the DagBag from /opt/airflow/dags/cleanup_logs.py
[2025-08-05T06:59:39.854+0000] {processor.py:840} INFO - DAG(s) 'cleanup_dag_logs' retrieved from /opt/airflow/dags/cleanup_logs.py
[2025-08-05T06:59:40.242+0000] {logging_mixin.py:188} INFO - [2025-08-05T06:59:40.242+0000] {override.py:1829} INFO - Created Permission View: can read on DAG:cleanup_dag_logs
[2025-08-05T06:59:40.256+0000] {logging_mixin.py:188} INFO - [2025-08-05T06:59:40.255+0000] {override.py:1829} INFO - Created Permission View: can edit on DAG:cleanup_dag_logs
[2025-08-05T06:59:40.272+0000] {logging_mixin.py:188} INFO - [2025-08-05T06:59:40.271+0000] {override.py:1829} INFO - Created Permission View: can delete on DAG:cleanup_dag_logs
[2025-08-05T06:59:40.272+0000] {logging_mixin.py:188} INFO - [2025-08-05T06:59:40.272+0000] {dag.py:3096} INFO - Sync 1 DAGs
[2025-08-05T06:59:40.288+0000] {logging_mixin.py:188} INFO - [2025-08-05T06:59:40.287+0000] {dag.py:3118} INFO - Creating ORM DAG for cleanup_dag_logs
[2025-08-05T06:59:40.298+0000] {logging_mixin.py:188} INFO - [2025-08-05T06:59:40.298+0000] {dag.py:3954} INFO - Setting next_dagrun for cleanup_dag_logs to 2025-08-04 00:00:00+00:00, run_after=2025-08-05 00:00:00+00:00
[2025-08-05T06:59:40.318+0000] {processor.py:183} INFO - Processing /opt/airflow/dags/cleanup_logs.py took 0.483 seconds
[2025-08-05T07:00:10.485+0000] {processor.py:161} INFO - Started process (PID=233) to work on /opt/airflow/dags/cleanup_logs.py
[2025-08-05T07:00:10.486+0000] {processor.py:830} INFO - Processing file /opt/airflow/dags/cleanup_logs.py for tasks to queue
[2025-08-05T07:00:10.487+0000] {logging_mixin.py:188} INFO - [2025-08-05T07:00:10.487+0000] {dagbag.py:545} INFO - Filling up the DagBag from /opt/airflow/dags/cleanup_logs.py
[2025-08-05T07:00:10.495+0000] {processor.py:840} INFO - DAG(s) 'cleanup_dag_logs' retrieved from /opt/airflow/dags/cleanup_logs.py
[2025-08-05T07:00:10.517+0000] {logging_mixin.py:188} INFO - [2025-08-05T07:00:10.516+0000] {dag.py:3096} INFO - Sync 1 DAGs
[2025-08-05T07:00:10.532+0000] {logging_mixin.py:188} INFO - [2025-08-05T07:00:10.532+0000] {dag.py:3954} INFO - Setting next_dagrun for cleanup_dag_logs to 2025-08-05 00:00:00+00:00, run_after=2025-08-06 00:00:00+00:00
[2025-08-05T07:00:10.544+0000] {processor.py:183} INFO - Processing /opt/airflow/dags/cleanup_logs.py took 0.066 seconds
[2025-08-05T07:00:40.801+0000] {processor.py:161} INFO - Started process (PID=299) to work on /opt/airflow/dags/cleanup_logs.py
[2025-08-05T07:00:40.802+0000] {processor.py:830} INFO - Processing file /opt/airflow/dags/cleanup_logs.py for tasks to queue
[2025-08-05T07:00:40.803+0000] {logging_mixin.py:188} INFO - [2025-08-05T07:00:40.803+0000] {dagbag.py:545} INFO - Filling up the DagBag from /opt/airflow/dags/cleanup_logs.py
[2025-08-05T07:00:40.811+0000] {processor.py:840} INFO - DAG(s) 'cleanup_dag_logs' retrieved from /opt/airflow/dags/cleanup_logs.py
[2025-08-05T07:00:40.842+0000] {logging_mixin.py:188} INFO - [2025-08-05T07:00:40.842+0000] {dag.py:3096} INFO - Sync 1 DAGs
[2025-08-05T07:00:40.869+0000] {logging_mixin.py:188} INFO - [2025-08-05T07:00:40.868+0000] {dag.py:3954} INFO - Setting next_dagrun for cleanup_dag_logs to 2025-08-05 00:00:00+00:00, run_after=2025-08-06 00:00:00+00:00
[2025-08-05T07:00:40.886+0000] {processor.py:183} INFO - Processing /opt/airflow/dags/cleanup_logs.py took 0.089 seconds
[2025-08-05T07:01:11.062+0000] {processor.py:161} INFO - Started process (PID=395) to work on /opt/airflow/dags/cleanup_logs.py
[2025-08-05T07:01:11.063+0000] {processor.py:830} INFO - Processing file /opt/airflow/dags/cleanup_logs.py for tasks to queue
[2025-08-05T07:01:11.065+0000] {logging_mixin.py:188} INFO - [2025-08-05T07:01:11.064+0000] {dagbag.py:545} INFO - Filling up the DagBag from /opt/airflow/dags/cleanup_logs.py
[2025-08-05T07:01:11.077+0000] {processor.py:840} INFO - DAG(s) 'cleanup_dag_logs' retrieved from /opt/airflow/dags/cleanup_logs.py
[2025-08-05T07:01:11.103+0000] {logging_mixin.py:188} INFO - [2025-08-05T07:01:11.102+0000] {dag.py:3096} INFO - Sync 1 DAGs
[2025-08-05T07:01:11.125+0000] {logging_mixin.py:188} INFO - [2025-08-05T07:01:11.125+0000] {dag.py:3954} INFO - Setting next_dagrun for cleanup_dag_logs to 2025-08-05 00:00:00+00:00, run_after=2025-08-06 00:00:00+00:00
[2025-08-05T07:01:11.138+0000] {processor.py:183} INFO - Processing /opt/airflow/dags/cleanup_logs.py took 0.080 seconds
