[2025-08-05T06:06:51.494+0000] {processor.py:161} INFO - Started process (PID=186) to work on /opt/airflow/dags/cleanup_paused_dags.py
[2025-08-05T06:06:51.494+0000] {processor.py:830} INFO - Processing file /opt/airflow/dags/cleanup_paused_dags.py for tasks to queue
[2025-08-05T06:06:51.495+0000] {logging_mixin.py:188} INFO - [2025-08-05T06:06:51.495+0000] {dagbag.py:545} INFO - Filling up the DagBag from /opt/airflow/dags/cleanup_paused_dags.py
[2025-08-05T06:06:51.515+0000] {processor.py:840} INFO - DAG(s) 'cleanup_paused_dags' retrieved from /opt/airflow/dags/cleanup_paused_dags.py
[2025-08-05T06:06:51.741+0000] {logging_mixin.py:188} INFO - [2025-08-05T06:06:51.741+0000] {override.py:1829} INFO - Created Permission View: can read on DAG:cleanup_paused_dags
[2025-08-05T06:06:51.748+0000] {logging_mixin.py:188} INFO - [2025-08-05T06:06:51.748+0000] {override.py:1829} INFO - Created Permission View: can delete on DAG:cleanup_paused_dags
[2025-08-05T06:06:51.753+0000] {logging_mixin.py:188} INFO - [2025-08-05T06:06:51.753+0000] {override.py:1829} INFO - Created Permission View: can edit on DAG:cleanup_paused_dags
[2025-08-05T06:06:51.753+0000] {logging_mixin.py:188} INFO - [2025-08-05T06:06:51.753+0000] {dag.py:3096} INFO - Sync 1 DAGs
[2025-08-05T06:06:51.759+0000] {logging_mixin.py:188} INFO - [2025-08-05T06:06:51.759+0000] {dag.py:3118} INFO - Creating ORM DAG for cleanup_paused_dags
[2025-08-05T06:06:51.766+0000] {logging_mixin.py:188} INFO - [2025-08-05T06:06:51.766+0000] {dag.py:3954} INFO - Setting next_dagrun for cleanup_paused_dags to 2025-08-05 06:05:00+00:00, run_after=2025-08-05 06:06:00+00:00
[2025-08-05T06:06:51.778+0000] {processor.py:183} INFO - Processing /opt/airflow/dags/cleanup_paused_dags.py took 0.288 seconds
[2025-08-05T06:07:22.086+0000] {processor.py:161} INFO - Started process (PID=227) to work on /opt/airflow/dags/cleanup_paused_dags.py
[2025-08-05T06:07:22.087+0000] {processor.py:830} INFO - Processing file /opt/airflow/dags/cleanup_paused_dags.py for tasks to queue
[2025-08-05T06:07:22.088+0000] {logging_mixin.py:188} INFO - [2025-08-05T06:07:22.088+0000] {dagbag.py:545} INFO - Filling up the DagBag from /opt/airflow/dags/cleanup_paused_dags.py
[2025-08-05T06:07:22.098+0000] {processor.py:840} INFO - DAG(s) 'cleanup_paused_dags' retrieved from /opt/airflow/dags/cleanup_paused_dags.py
[2025-08-05T06:07:22.116+0000] {logging_mixin.py:188} INFO - [2025-08-05T06:07:22.115+0000] {dag.py:3096} INFO - Sync 1 DAGs
[2025-08-05T06:07:22.136+0000] {logging_mixin.py:188} INFO - [2025-08-05T06:07:22.136+0000] {dag.py:3954} INFO - Setting next_dagrun for cleanup_paused_dags to 2025-08-05 06:07:00+00:00, run_after=2025-08-05 06:08:00+00:00
[2025-08-05T06:07:22.150+0000] {processor.py:183} INFO - Processing /opt/airflow/dags/cleanup_paused_dags.py took 0.069 seconds
[2025-08-05T06:07:52.355+0000] {processor.py:161} INFO - Started process (PID=269) to work on /opt/airflow/dags/cleanup_paused_dags.py
[2025-08-05T06:07:52.356+0000] {processor.py:830} INFO - Processing file /opt/airflow/dags/cleanup_paused_dags.py for tasks to queue
[2025-08-05T06:07:52.357+0000] {logging_mixin.py:188} INFO - [2025-08-05T06:07:52.357+0000] {dagbag.py:545} INFO - Filling up the DagBag from /opt/airflow/dags/cleanup_paused_dags.py
[2025-08-05T06:07:52.364+0000] {processor.py:840} INFO - DAG(s) 'cleanup_paused_dags' retrieved from /opt/airflow/dags/cleanup_paused_dags.py
[2025-08-05T06:07:52.387+0000] {logging_mixin.py:188} INFO - [2025-08-05T06:07:52.387+0000] {dag.py:3096} INFO - Sync 1 DAGs
[2025-08-05T06:07:52.401+0000] {logging_mixin.py:188} INFO - [2025-08-05T06:07:52.401+0000] {dag.py:3954} INFO - Setting next_dagrun for cleanup_paused_dags to 2025-08-05 06:07:00+00:00, run_after=2025-08-05 06:08:00+00:00
[2025-08-05T06:07:52.413+0000] {processor.py:183} INFO - Processing /opt/airflow/dags/cleanup_paused_dags.py took 0.063 seconds
[2025-08-05T06:08:22.681+0000] {processor.py:161} INFO - Started process (PID=326) to work on /opt/airflow/dags/cleanup_paused_dags.py
[2025-08-05T06:08:22.685+0000] {processor.py:830} INFO - Processing file /opt/airflow/dags/cleanup_paused_dags.py for tasks to queue
[2025-08-05T06:08:22.687+0000] {logging_mixin.py:188} INFO - [2025-08-05T06:08:22.686+0000] {dagbag.py:545} INFO - Filling up the DagBag from /opt/airflow/dags/cleanup_paused_dags.py
[2025-08-05T06:08:22.699+0000] {processor.py:840} INFO - DAG(s) 'cleanup_paused_dags' retrieved from /opt/airflow/dags/cleanup_paused_dags.py
[2025-08-05T06:08:22.729+0000] {logging_mixin.py:188} INFO - [2025-08-05T06:08:22.729+0000] {dag.py:3096} INFO - Sync 1 DAGs
[2025-08-05T06:08:22.743+0000] {logging_mixin.py:188} INFO - [2025-08-05T06:08:22.743+0000] {dag.py:3954} INFO - Setting next_dagrun for cleanup_paused_dags to 2025-08-05 06:08:00+00:00, run_after=2025-08-05 06:09:00+00:00
[2025-08-05T06:08:22.758+0000] {processor.py:183} INFO - Processing /opt/airflow/dags/cleanup_paused_dags.py took 0.081 seconds
[2025-08-05T06:08:53.248+0000] {processor.py:161} INFO - Started process (PID=369) to work on /opt/airflow/dags/cleanup_paused_dags.py
[2025-08-05T06:08:53.252+0000] {processor.py:830} INFO - Processing file /opt/airflow/dags/cleanup_paused_dags.py for tasks to queue
[2025-08-05T06:08:53.254+0000] {logging_mixin.py:188} INFO - [2025-08-05T06:08:53.253+0000] {dagbag.py:545} INFO - Filling up the DagBag from /opt/airflow/dags/cleanup_paused_dags.py
[2025-08-05T06:08:53.263+0000] {processor.py:840} INFO - DAG(s) 'cleanup_paused_dags' retrieved from /opt/airflow/dags/cleanup_paused_dags.py
[2025-08-05T06:08:53.281+0000] {logging_mixin.py:188} INFO - [2025-08-05T06:08:53.281+0000] {dag.py:3096} INFO - Sync 1 DAGs
[2025-08-05T06:08:53.295+0000] {logging_mixin.py:188} INFO - [2025-08-05T06:08:53.295+0000] {dag.py:3954} INFO - Setting next_dagrun for cleanup_paused_dags to 2025-08-05 06:08:00+00:00, run_after=2025-08-05 06:09:00+00:00
[2025-08-05T06:08:53.309+0000] {processor.py:183} INFO - Processing /opt/airflow/dags/cleanup_paused_dags.py took 0.069 seconds
[2025-08-05T06:09:23.831+0000] {processor.py:161} INFO - Started process (PID=414) to work on /opt/airflow/dags/cleanup_paused_dags.py
[2025-08-05T06:09:23.833+0000] {processor.py:830} INFO - Processing file /opt/airflow/dags/cleanup_paused_dags.py for tasks to queue
[2025-08-05T06:09:23.834+0000] {logging_mixin.py:188} INFO - [2025-08-05T06:09:23.834+0000] {dagbag.py:545} INFO - Filling up the DagBag from /opt/airflow/dags/cleanup_paused_dags.py
[2025-08-05T06:09:23.842+0000] {processor.py:840} INFO - DAG(s) 'cleanup_paused_dags' retrieved from /opt/airflow/dags/cleanup_paused_dags.py
[2025-08-05T06:09:23.862+0000] {logging_mixin.py:188} INFO - [2025-08-05T06:09:23.862+0000] {dag.py:3096} INFO - Sync 1 DAGs
[2025-08-05T06:09:23.877+0000] {logging_mixin.py:188} INFO - [2025-08-05T06:09:23.877+0000] {dag.py:3954} INFO - Setting next_dagrun for cleanup_paused_dags to 2025-08-05 06:09:00+00:00, run_after=2025-08-05 06:10:00+00:00
[2025-08-05T06:09:23.893+0000] {processor.py:183} INFO - Processing /opt/airflow/dags/cleanup_paused_dags.py took 0.067 seconds
[2025-08-05T06:09:54.511+0000] {processor.py:161} INFO - Started process (PID=450) to work on /opt/airflow/dags/cleanup_paused_dags.py
[2025-08-05T06:09:54.515+0000] {processor.py:830} INFO - Processing file /opt/airflow/dags/cleanup_paused_dags.py for tasks to queue
[2025-08-05T06:09:54.516+0000] {logging_mixin.py:188} INFO - [2025-08-05T06:09:54.516+0000] {dagbag.py:545} INFO - Filling up the DagBag from /opt/airflow/dags/cleanup_paused_dags.py
[2025-08-05T06:09:54.524+0000] {processor.py:840} INFO - DAG(s) 'cleanup_paused_dags' retrieved from /opt/airflow/dags/cleanup_paused_dags.py
[2025-08-05T06:09:54.543+0000] {logging_mixin.py:188} INFO - [2025-08-05T06:09:54.543+0000] {dag.py:3096} INFO - Sync 1 DAGs
[2025-08-05T06:09:54.556+0000] {logging_mixin.py:188} INFO - [2025-08-05T06:09:54.556+0000] {dag.py:3954} INFO - Setting next_dagrun for cleanup_paused_dags to 2025-08-05 06:09:00+00:00, run_after=2025-08-05 06:10:00+00:00
[2025-08-05T06:09:54.569+0000] {processor.py:183} INFO - Processing /opt/airflow/dags/cleanup_paused_dags.py took 0.063 seconds
[2025-08-05T06:10:24.987+0000] {processor.py:161} INFO - Started process (PID=495) to work on /opt/airflow/dags/cleanup_paused_dags.py
[2025-08-05T06:10:24.991+0000] {processor.py:830} INFO - Processing file /opt/airflow/dags/cleanup_paused_dags.py for tasks to queue
[2025-08-05T06:10:24.993+0000] {logging_mixin.py:188} INFO - [2025-08-05T06:10:24.993+0000] {dagbag.py:545} INFO - Filling up the DagBag from /opt/airflow/dags/cleanup_paused_dags.py
[2025-08-05T06:10:25.000+0000] {processor.py:840} INFO - DAG(s) 'cleanup_paused_dags' retrieved from /opt/airflow/dags/cleanup_paused_dags.py
[2025-08-05T06:10:25.018+0000] {logging_mixin.py:188} INFO - [2025-08-05T06:10:25.018+0000] {dag.py:3096} INFO - Sync 1 DAGs
[2025-08-05T06:10:25.032+0000] {logging_mixin.py:188} INFO - [2025-08-05T06:10:25.032+0000] {dag.py:3954} INFO - Setting next_dagrun for cleanup_paused_dags to 2025-08-05 06:10:00+00:00, run_after=2025-08-05 06:11:00+00:00
[2025-08-05T06:10:25.044+0000] {processor.py:183} INFO - Processing /opt/airflow/dags/cleanup_paused_dags.py took 0.062 seconds
[2025-08-05T06:10:55.571+0000] {processor.py:161} INFO - Started process (PID=531) to work on /opt/airflow/dags/cleanup_paused_dags.py
[2025-08-05T06:10:55.575+0000] {processor.py:830} INFO - Processing file /opt/airflow/dags/cleanup_paused_dags.py for tasks to queue
[2025-08-05T06:10:55.577+0000] {logging_mixin.py:188} INFO - [2025-08-05T06:10:55.577+0000] {dagbag.py:545} INFO - Filling up the DagBag from /opt/airflow/dags/cleanup_paused_dags.py
[2025-08-05T06:10:55.589+0000] {processor.py:840} INFO - DAG(s) 'cleanup_paused_dags' retrieved from /opt/airflow/dags/cleanup_paused_dags.py
[2025-08-05T06:10:55.609+0000] {logging_mixin.py:188} INFO - [2025-08-05T06:10:55.609+0000] {dag.py:3096} INFO - Sync 1 DAGs
[2025-08-05T06:10:55.622+0000] {logging_mixin.py:188} INFO - [2025-08-05T06:10:55.622+0000] {dag.py:3954} INFO - Setting next_dagrun for cleanup_paused_dags to 2025-08-05 06:10:00+00:00, run_after=2025-08-05 06:11:00+00:00
[2025-08-05T06:10:55.635+0000] {processor.py:183} INFO - Processing /opt/airflow/dags/cleanup_paused_dags.py took 0.072 seconds
[2025-08-05T06:11:26.106+0000] {processor.py:161} INFO - Started process (PID=576) to work on /opt/airflow/dags/cleanup_paused_dags.py
[2025-08-05T06:11:26.109+0000] {processor.py:830} INFO - Processing file /opt/airflow/dags/cleanup_paused_dags.py for tasks to queue
[2025-08-05T06:11:26.110+0000] {logging_mixin.py:188} INFO - [2025-08-05T06:11:26.110+0000] {dagbag.py:545} INFO - Filling up the DagBag from /opt/airflow/dags/cleanup_paused_dags.py
[2025-08-05T06:11:26.119+0000] {processor.py:840} INFO - DAG(s) 'cleanup_paused_dags' retrieved from /opt/airflow/dags/cleanup_paused_dags.py
[2025-08-05T06:11:26.149+0000] {logging_mixin.py:188} INFO - [2025-08-05T06:11:26.148+0000] {dag.py:3096} INFO - Sync 1 DAGs
[2025-08-05T06:11:26.166+0000] {logging_mixin.py:188} INFO - [2025-08-05T06:11:26.166+0000] {dag.py:3954} INFO - Setting next_dagrun for cleanup_paused_dags to 2025-08-05 06:11:00+00:00, run_after=2025-08-05 06:12:00+00:00
[2025-08-05T06:11:26.179+0000] {processor.py:183} INFO - Processing /opt/airflow/dags/cleanup_paused_dags.py took 0.079 seconds
[2025-08-05T06:11:56.635+0000] {processor.py:161} INFO - Started process (PID=619) to work on /opt/airflow/dags/cleanup_paused_dags.py
[2025-08-05T06:11:56.637+0000] {processor.py:830} INFO - Processing file /opt/airflow/dags/cleanup_paused_dags.py for tasks to queue
[2025-08-05T06:11:56.638+0000] {logging_mixin.py:188} INFO - [2025-08-05T06:11:56.638+0000] {dagbag.py:545} INFO - Filling up the DagBag from /opt/airflow/dags/cleanup_paused_dags.py
[2025-08-05T06:11:56.645+0000] {processor.py:840} INFO - DAG(s) 'cleanup_paused_dags' retrieved from /opt/airflow/dags/cleanup_paused_dags.py
[2025-08-05T06:11:56.662+0000] {logging_mixin.py:188} INFO - [2025-08-05T06:11:56.662+0000] {dag.py:3096} INFO - Sync 1 DAGs
[2025-08-05T06:11:56.676+0000] {logging_mixin.py:188} INFO - [2025-08-05T06:11:56.676+0000] {dag.py:3954} INFO - Setting next_dagrun for cleanup_paused_dags to 2025-08-05 06:11:00+00:00, run_after=2025-08-05 06:12:00+00:00
[2025-08-05T06:11:56.688+0000] {processor.py:183} INFO - Processing /opt/airflow/dags/cleanup_paused_dags.py took 0.056 seconds
[2025-08-05T06:12:27.090+0000] {processor.py:161} INFO - Started process (PID=657) to work on /opt/airflow/dags/cleanup_paused_dags.py
[2025-08-05T06:12:27.092+0000] {processor.py:830} INFO - Processing file /opt/airflow/dags/cleanup_paused_dags.py for tasks to queue
[2025-08-05T06:12:27.093+0000] {logging_mixin.py:188} INFO - [2025-08-05T06:12:27.093+0000] {dagbag.py:545} INFO - Filling up the DagBag from /opt/airflow/dags/cleanup_paused_dags.py
[2025-08-05T06:12:27.100+0000] {processor.py:840} INFO - DAG(s) 'cleanup_paused_dags' retrieved from /opt/airflow/dags/cleanup_paused_dags.py
[2025-08-05T06:12:27.118+0000] {logging_mixin.py:188} INFO - [2025-08-05T06:12:27.118+0000] {dag.py:3096} INFO - Sync 1 DAGs
[2025-08-05T06:12:27.132+0000] {logging_mixin.py:188} INFO - [2025-08-05T06:12:27.132+0000] {dag.py:3954} INFO - Setting next_dagrun for cleanup_paused_dags to 2025-08-05 06:12:00+00:00, run_after=2025-08-05 06:13:00+00:00
[2025-08-05T06:12:27.144+0000] {processor.py:183} INFO - Processing /opt/airflow/dags/cleanup_paused_dags.py took 0.062 seconds
[2025-08-05T06:12:57.611+0000] {processor.py:161} INFO - Started process (PID=700) to work on /opt/airflow/dags/cleanup_paused_dags.py
[2025-08-05T06:12:57.614+0000] {processor.py:830} INFO - Processing file /opt/airflow/dags/cleanup_paused_dags.py for tasks to queue
[2025-08-05T06:12:57.616+0000] {logging_mixin.py:188} INFO - [2025-08-05T06:12:57.616+0000] {dagbag.py:545} INFO - Filling up the DagBag from /opt/airflow/dags/cleanup_paused_dags.py
[2025-08-05T06:12:57.629+0000] {processor.py:840} INFO - DAG(s) 'cleanup_paused_dags' retrieved from /opt/airflow/dags/cleanup_paused_dags.py
[2025-08-05T06:12:57.649+0000] {logging_mixin.py:188} INFO - [2025-08-05T06:12:57.648+0000] {dag.py:3096} INFO - Sync 1 DAGs
[2025-08-05T06:12:57.663+0000] {logging_mixin.py:188} INFO - [2025-08-05T06:12:57.663+0000] {dag.py:3954} INFO - Setting next_dagrun for cleanup_paused_dags to 2025-08-05 06:12:00+00:00, run_after=2025-08-05 06:13:00+00:00
[2025-08-05T06:12:57.677+0000] {processor.py:183} INFO - Processing /opt/airflow/dags/cleanup_paused_dags.py took 0.073 seconds
[2025-08-05T06:13:28.155+0000] {processor.py:161} INFO - Started process (PID=738) to work on /opt/airflow/dags/cleanup_paused_dags.py
[2025-08-05T06:13:28.159+0000] {processor.py:830} INFO - Processing file /opt/airflow/dags/cleanup_paused_dags.py for tasks to queue
[2025-08-05T06:13:28.160+0000] {logging_mixin.py:188} INFO - [2025-08-05T06:13:28.160+0000] {dagbag.py:545} INFO - Filling up the DagBag from /opt/airflow/dags/cleanup_paused_dags.py
[2025-08-05T06:13:28.167+0000] {processor.py:840} INFO - DAG(s) 'cleanup_paused_dags' retrieved from /opt/airflow/dags/cleanup_paused_dags.py
[2025-08-05T06:13:28.187+0000] {logging_mixin.py:188} INFO - [2025-08-05T06:13:28.186+0000] {dag.py:3096} INFO - Sync 1 DAGs
[2025-08-05T06:13:28.202+0000] {logging_mixin.py:188} INFO - [2025-08-05T06:13:28.202+0000] {dag.py:3954} INFO - Setting next_dagrun for cleanup_paused_dags to 2025-08-05 06:13:00+00:00, run_after=2025-08-05 06:14:00+00:00
[2025-08-05T06:13:28.216+0000] {processor.py:183} INFO - Processing /opt/airflow/dags/cleanup_paused_dags.py took 0.067 seconds
[2025-08-05T06:13:58.737+0000] {processor.py:161} INFO - Started process (PID=781) to work on /opt/airflow/dags/cleanup_paused_dags.py
[2025-08-05T06:13:58.741+0000] {processor.py:830} INFO - Processing file /opt/airflow/dags/cleanup_paused_dags.py for tasks to queue
[2025-08-05T06:13:58.743+0000] {logging_mixin.py:188} INFO - [2025-08-05T06:13:58.742+0000] {dagbag.py:545} INFO - Filling up the DagBag from /opt/airflow/dags/cleanup_paused_dags.py
[2025-08-05T06:13:58.750+0000] {processor.py:840} INFO - DAG(s) 'cleanup_paused_dags' retrieved from /opt/airflow/dags/cleanup_paused_dags.py
[2025-08-05T06:13:58.770+0000] {logging_mixin.py:188} INFO - [2025-08-05T06:13:58.769+0000] {dag.py:3096} INFO - Sync 1 DAGs
[2025-08-05T06:13:58.783+0000] {logging_mixin.py:188} INFO - [2025-08-05T06:13:58.783+0000] {dag.py:3954} INFO - Setting next_dagrun for cleanup_paused_dags to 2025-08-05 06:13:00+00:00, run_after=2025-08-05 06:14:00+00:00
[2025-08-05T06:13:58.800+0000] {processor.py:183} INFO - Processing /opt/airflow/dags/cleanup_paused_dags.py took 0.070 seconds
[2025-08-05T06:22:30.829+0000] {processor.py:161} INFO - Started process (PID=185) to work on /opt/airflow/dags/cleanup_paused_dags.py
[2025-08-05T06:22:30.830+0000] {processor.py:830} INFO - Processing file /opt/airflow/dags/cleanup_paused_dags.py for tasks to queue
[2025-08-05T06:22:30.832+0000] {logging_mixin.py:188} INFO - [2025-08-05T06:22:30.832+0000] {dagbag.py:545} INFO - Filling up the DagBag from /opt/airflow/dags/cleanup_paused_dags.py
[2025-08-05T06:22:30.868+0000] {processor.py:840} INFO - DAG(s) 'cleanup_paused_dags' retrieved from /opt/airflow/dags/cleanup_paused_dags.py
[2025-08-05T06:22:31.198+0000] {logging_mixin.py:188} INFO - [2025-08-05T06:22:31.197+0000] {override.py:1829} INFO - Created Permission View: can delete on DAG:cleanup_paused_dags
[2025-08-05T06:22:31.213+0000] {logging_mixin.py:188} INFO - [2025-08-05T06:22:31.212+0000] {override.py:1829} INFO - Created Permission View: can edit on DAG:cleanup_paused_dags
[2025-08-05T06:22:31.221+0000] {logging_mixin.py:188} INFO - [2025-08-05T06:22:31.220+0000] {override.py:1829} INFO - Created Permission View: can read on DAG:cleanup_paused_dags
[2025-08-05T06:22:31.221+0000] {logging_mixin.py:188} INFO - [2025-08-05T06:22:31.221+0000] {dag.py:3096} INFO - Sync 1 DAGs
[2025-08-05T06:22:31.238+0000] {logging_mixin.py:188} INFO - [2025-08-05T06:22:31.238+0000] {dag.py:3118} INFO - Creating ORM DAG for cleanup_paused_dags
[2025-08-05T06:22:31.254+0000] {logging_mixin.py:188} INFO - [2025-08-05T06:22:31.254+0000] {dag.py:3954} INFO - Setting next_dagrun for cleanup_paused_dags to 2025-08-05 06:21:00+00:00, run_after=2025-08-05 06:22:00+00:00
[2025-08-05T06:22:31.276+0000] {processor.py:183} INFO - Processing /opt/airflow/dags/cleanup_paused_dags.py took 0.455 seconds
[2025-08-05T06:23:01.419+0000] {processor.py:161} INFO - Started process (PID=226) to work on /opt/airflow/dags/cleanup_paused_dags.py
[2025-08-05T06:23:01.419+0000] {processor.py:830} INFO - Processing file /opt/airflow/dags/cleanup_paused_dags.py for tasks to queue
[2025-08-05T06:23:01.420+0000] {logging_mixin.py:188} INFO - [2025-08-05T06:23:01.420+0000] {dagbag.py:545} INFO - Filling up the DagBag from /opt/airflow/dags/cleanup_paused_dags.py
[2025-08-05T06:23:01.427+0000] {processor.py:840} INFO - DAG(s) 'cleanup_paused_dags' retrieved from /opt/airflow/dags/cleanup_paused_dags.py
[2025-08-05T06:23:01.445+0000] {logging_mixin.py:188} INFO - [2025-08-05T06:23:01.445+0000] {dag.py:3096} INFO - Sync 1 DAGs
[2025-08-05T06:23:01.461+0000] {logging_mixin.py:188} INFO - [2025-08-05T06:23:01.461+0000] {dag.py:3954} INFO - Setting next_dagrun for cleanup_paused_dags to 2025-08-05 06:23:00+00:00, run_after=2025-08-05 06:24:00+00:00
[2025-08-05T06:23:01.476+0000] {processor.py:183} INFO - Processing /opt/airflow/dags/cleanup_paused_dags.py took 0.061 seconds
[2025-08-05T06:23:31.677+0000] {processor.py:161} INFO - Started process (PID=268) to work on /opt/airflow/dags/cleanup_paused_dags.py
[2025-08-05T06:23:31.677+0000] {processor.py:830} INFO - Processing file /opt/airflow/dags/cleanup_paused_dags.py for tasks to queue
[2025-08-05T06:23:31.679+0000] {logging_mixin.py:188} INFO - [2025-08-05T06:23:31.679+0000] {dagbag.py:545} INFO - Filling up the DagBag from /opt/airflow/dags/cleanup_paused_dags.py
[2025-08-05T06:23:31.692+0000] {processor.py:840} INFO - DAG(s) 'cleanup_paused_dags' retrieved from /opt/airflow/dags/cleanup_paused_dags.py
[2025-08-05T06:23:31.714+0000] {logging_mixin.py:188} INFO - [2025-08-05T06:23:31.714+0000] {dag.py:3096} INFO - Sync 1 DAGs
[2025-08-05T06:23:31.730+0000] {logging_mixin.py:188} INFO - [2025-08-05T06:23:31.730+0000] {dag.py:3954} INFO - Setting next_dagrun for cleanup_paused_dags to 2025-08-05 06:23:00+00:00, run_after=2025-08-05 06:24:00+00:00
[2025-08-05T06:23:31.746+0000] {processor.py:183} INFO - Processing /opt/airflow/dags/cleanup_paused_dags.py took 0.075 seconds
[2025-08-05T06:24:09.624+0000] {processor.py:161} INFO - Started process (PID=186) to work on /opt/airflow/dags/cleanup_paused_dags.py
[2025-08-05T06:24:09.626+0000] {processor.py:830} INFO - Processing file /opt/airflow/dags/cleanup_paused_dags.py for tasks to queue
[2025-08-05T06:24:09.627+0000] {logging_mixin.py:188} INFO - [2025-08-05T06:24:09.627+0000] {dagbag.py:545} INFO - Filling up the DagBag from /opt/airflow/dags/cleanup_paused_dags.py
[2025-08-05T06:24:09.656+0000] {processor.py:840} INFO - DAG(s) 'cleanup_paused_dags' retrieved from /opt/airflow/dags/cleanup_paused_dags.py
[2025-08-05T06:24:09.879+0000] {logging_mixin.py:188} INFO - [2025-08-05T06:24:09.878+0000] {override.py:1829} INFO - Created Permission View: can edit on DAG:cleanup_paused_dags
[2025-08-05T06:24:09.886+0000] {logging_mixin.py:188} INFO - [2025-08-05T06:24:09.886+0000] {override.py:1829} INFO - Created Permission View: can read on DAG:cleanup_paused_dags
[2025-08-05T06:24:09.892+0000] {logging_mixin.py:188} INFO - [2025-08-05T06:24:09.892+0000] {override.py:1829} INFO - Created Permission View: can delete on DAG:cleanup_paused_dags
[2025-08-05T06:24:09.892+0000] {logging_mixin.py:188} INFO - [2025-08-05T06:24:09.892+0000] {dag.py:3096} INFO - Sync 1 DAGs
[2025-08-05T06:24:09.899+0000] {logging_mixin.py:188} INFO - [2025-08-05T06:24:09.899+0000] {dag.py:3118} INFO - Creating ORM DAG for cleanup_paused_dags
[2025-08-05T06:24:09.906+0000] {logging_mixin.py:188} INFO - [2025-08-05T06:24:09.906+0000] {dag.py:3954} INFO - Setting next_dagrun for cleanup_paused_dags to 2025-08-05 06:23:00+00:00, run_after=2025-08-05 06:24:00+00:00
[2025-08-05T06:24:09.917+0000] {processor.py:183} INFO - Processing /opt/airflow/dags/cleanup_paused_dags.py took 0.299 seconds
[2025-08-05T06:24:40.097+0000] {processor.py:161} INFO - Started process (PID=226) to work on /opt/airflow/dags/cleanup_paused_dags.py
[2025-08-05T06:24:40.097+0000] {processor.py:830} INFO - Processing file /opt/airflow/dags/cleanup_paused_dags.py for tasks to queue
[2025-08-05T06:24:40.099+0000] {logging_mixin.py:188} INFO - [2025-08-05T06:24:40.099+0000] {dagbag.py:545} INFO - Filling up the DagBag from /opt/airflow/dags/cleanup_paused_dags.py
[2025-08-05T06:24:40.113+0000] {processor.py:840} INFO - DAG(s) 'cleanup_paused_dags' retrieved from /opt/airflow/dags/cleanup_paused_dags.py
[2025-08-05T06:24:40.134+0000] {logging_mixin.py:188} INFO - [2025-08-05T06:24:40.133+0000] {dag.py:3096} INFO - Sync 1 DAGs
[2025-08-05T06:24:40.150+0000] {logging_mixin.py:188} INFO - [2025-08-05T06:24:40.150+0000] {dag.py:3954} INFO - Setting next_dagrun for cleanup_paused_dags to 2025-08-05 06:24:00+00:00, run_after=2025-08-05 06:25:00+00:00
[2025-08-05T06:24:40.163+0000] {processor.py:183} INFO - Processing /opt/airflow/dags/cleanup_paused_dags.py took 0.072 seconds
[2025-08-05T06:25:10.403+0000] {processor.py:161} INFO - Started process (PID=270) to work on /opt/airflow/dags/cleanup_paused_dags.py
[2025-08-05T06:25:10.405+0000] {processor.py:830} INFO - Processing file /opt/airflow/dags/cleanup_paused_dags.py for tasks to queue
[2025-08-05T06:25:10.407+0000] {logging_mixin.py:188} INFO - [2025-08-05T06:25:10.407+0000] {dagbag.py:545} INFO - Filling up the DagBag from /opt/airflow/dags/cleanup_paused_dags.py
[2025-08-05T06:25:10.428+0000] {processor.py:840} INFO - DAG(s) 'cleanup_paused_dags' retrieved from /opt/airflow/dags/cleanup_paused_dags.py
[2025-08-05T06:25:10.460+0000] {logging_mixin.py:188} INFO - [2025-08-05T06:25:10.460+0000] {dag.py:3096} INFO - Sync 1 DAGs
[2025-08-05T06:25:10.486+0000] {logging_mixin.py:188} INFO - [2025-08-05T06:25:10.486+0000] {dag.py:3954} INFO - Setting next_dagrun for cleanup_paused_dags to 2025-08-05 06:25:00+00:00, run_after=2025-08-05 06:26:00+00:00
[2025-08-05T06:25:10.512+0000] {processor.py:183} INFO - Processing /opt/airflow/dags/cleanup_paused_dags.py took 0.119 seconds
[2025-08-05T06:25:40.826+0000] {processor.py:161} INFO - Started process (PID=326) to work on /opt/airflow/dags/cleanup_paused_dags.py
[2025-08-05T06:25:40.830+0000] {processor.py:830} INFO - Processing file /opt/airflow/dags/cleanup_paused_dags.py for tasks to queue
[2025-08-05T06:25:40.832+0000] {logging_mixin.py:188} INFO - [2025-08-05T06:25:40.831+0000] {dagbag.py:545} INFO - Filling up the DagBag from /opt/airflow/dags/cleanup_paused_dags.py
[2025-08-05T06:25:40.844+0000] {processor.py:840} INFO - DAG(s) 'cleanup_paused_dags' retrieved from /opt/airflow/dags/cleanup_paused_dags.py
[2025-08-05T06:25:40.869+0000] {logging_mixin.py:188} INFO - [2025-08-05T06:25:40.869+0000] {dag.py:3096} INFO - Sync 1 DAGs
[2025-08-05T06:25:40.883+0000] {logging_mixin.py:188} INFO - [2025-08-05T06:25:40.883+0000] {dag.py:3954} INFO - Setting next_dagrun for cleanup_paused_dags to 2025-08-05 06:25:00+00:00, run_after=2025-08-05 06:26:00+00:00
[2025-08-05T06:25:40.896+0000] {processor.py:183} INFO - Processing /opt/airflow/dags/cleanup_paused_dags.py took 0.078 seconds
[2025-08-05T06:26:11.354+0000] {processor.py:161} INFO - Started process (PID=371) to work on /opt/airflow/dags/cleanup_paused_dags.py
[2025-08-05T06:26:11.356+0000] {processor.py:830} INFO - Processing file /opt/airflow/dags/cleanup_paused_dags.py for tasks to queue
[2025-08-05T06:26:11.358+0000] {logging_mixin.py:188} INFO - [2025-08-05T06:26:11.358+0000] {dagbag.py:545} INFO - Filling up the DagBag from /opt/airflow/dags/cleanup_paused_dags.py
[2025-08-05T06:26:11.369+0000] {processor.py:840} INFO - DAG(s) 'cleanup_paused_dags' retrieved from /opt/airflow/dags/cleanup_paused_dags.py
[2025-08-05T06:26:11.390+0000] {logging_mixin.py:188} INFO - [2025-08-05T06:26:11.390+0000] {dag.py:3096} INFO - Sync 1 DAGs
[2025-08-05T06:26:11.406+0000] {logging_mixin.py:188} INFO - [2025-08-05T06:26:11.406+0000] {dag.py:3954} INFO - Setting next_dagrun for cleanup_paused_dags to 2025-08-05 06:26:00+00:00, run_after=2025-08-05 06:27:00+00:00
[2025-08-05T06:26:11.420+0000] {processor.py:183} INFO - Processing /opt/airflow/dags/cleanup_paused_dags.py took 0.072 seconds
[2025-08-05T06:26:41.844+0000] {processor.py:161} INFO - Started process (PID=414) to work on /opt/airflow/dags/cleanup_paused_dags.py
[2025-08-05T06:26:41.845+0000] {processor.py:830} INFO - Processing file /opt/airflow/dags/cleanup_paused_dags.py for tasks to queue
[2025-08-05T06:26:41.847+0000] {logging_mixin.py:188} INFO - [2025-08-05T06:26:41.847+0000] {dagbag.py:545} INFO - Filling up the DagBag from /opt/airflow/dags/cleanup_paused_dags.py
[2025-08-05T06:26:41.856+0000] {processor.py:840} INFO - DAG(s) 'cleanup_paused_dags' retrieved from /opt/airflow/dags/cleanup_paused_dags.py
[2025-08-05T06:26:41.873+0000] {logging_mixin.py:188} INFO - [2025-08-05T06:26:41.873+0000] {dag.py:3096} INFO - Sync 1 DAGs
[2025-08-05T06:26:41.888+0000] {logging_mixin.py:188} INFO - [2025-08-05T06:26:41.887+0000] {dag.py:3954} INFO - Setting next_dagrun for cleanup_paused_dags to 2025-08-05 06:26:00+00:00, run_after=2025-08-05 06:27:00+00:00
[2025-08-05T06:26:41.900+0000] {processor.py:183} INFO - Processing /opt/airflow/dags/cleanup_paused_dags.py took 0.062 seconds
[2025-08-05T06:27:12.245+0000] {processor.py:161} INFO - Started process (PID=452) to work on /opt/airflow/dags/cleanup_paused_dags.py
[2025-08-05T06:27:12.247+0000] {processor.py:830} INFO - Processing file /opt/airflow/dags/cleanup_paused_dags.py for tasks to queue
[2025-08-05T06:27:12.249+0000] {logging_mixin.py:188} INFO - [2025-08-05T06:27:12.249+0000] {dagbag.py:545} INFO - Filling up the DagBag from /opt/airflow/dags/cleanup_paused_dags.py
[2025-08-05T06:27:12.262+0000] {processor.py:840} INFO - DAG(s) 'cleanup_paused_dags' retrieved from /opt/airflow/dags/cleanup_paused_dags.py
[2025-08-05T06:27:12.280+0000] {logging_mixin.py:188} INFO - [2025-08-05T06:27:12.280+0000] {dag.py:3096} INFO - Sync 1 DAGs
[2025-08-05T06:27:12.294+0000] {logging_mixin.py:188} INFO - [2025-08-05T06:27:12.294+0000] {dag.py:3954} INFO - Setting next_dagrun for cleanup_paused_dags to 2025-08-05 06:27:00+00:00, run_after=2025-08-05 06:28:00+00:00
[2025-08-05T06:27:12.308+0000] {processor.py:183} INFO - Processing /opt/airflow/dags/cleanup_paused_dags.py took 0.069 seconds
[2025-08-05T06:27:42.754+0000] {processor.py:161} INFO - Started process (PID=495) to work on /opt/airflow/dags/cleanup_paused_dags.py
[2025-08-05T06:27:42.757+0000] {processor.py:830} INFO - Processing file /opt/airflow/dags/cleanup_paused_dags.py for tasks to queue
[2025-08-05T06:27:42.759+0000] {logging_mixin.py:188} INFO - [2025-08-05T06:27:42.759+0000] {dagbag.py:545} INFO - Filling up the DagBag from /opt/airflow/dags/cleanup_paused_dags.py
[2025-08-05T06:27:42.772+0000] {processor.py:840} INFO - DAG(s) 'cleanup_paused_dags' retrieved from /opt/airflow/dags/cleanup_paused_dags.py
[2025-08-05T06:27:42.789+0000] {logging_mixin.py:188} INFO - [2025-08-05T06:27:42.789+0000] {dag.py:3096} INFO - Sync 1 DAGs
[2025-08-05T06:27:42.804+0000] {logging_mixin.py:188} INFO - [2025-08-05T06:27:42.803+0000] {dag.py:3954} INFO - Setting next_dagrun for cleanup_paused_dags to 2025-08-05 06:27:00+00:00, run_after=2025-08-05 06:28:00+00:00
[2025-08-05T06:27:42.817+0000] {processor.py:183} INFO - Processing /opt/airflow/dags/cleanup_paused_dags.py took 0.069 seconds
[2025-08-05T06:28:13.281+0000] {processor.py:161} INFO - Started process (PID=533) to work on /opt/airflow/dags/cleanup_paused_dags.py
[2025-08-05T06:28:13.285+0000] {processor.py:830} INFO - Processing file /opt/airflow/dags/cleanup_paused_dags.py for tasks to queue
[2025-08-05T06:28:13.287+0000] {logging_mixin.py:188} INFO - [2025-08-05T06:28:13.287+0000] {dagbag.py:545} INFO - Filling up the DagBag from /opt/airflow/dags/cleanup_paused_dags.py
[2025-08-05T06:28:13.297+0000] {processor.py:840} INFO - DAG(s) 'cleanup_paused_dags' retrieved from /opt/airflow/dags/cleanup_paused_dags.py
[2025-08-05T06:28:13.319+0000] {logging_mixin.py:188} INFO - [2025-08-05T06:28:13.318+0000] {dag.py:3096} INFO - Sync 1 DAGs
[2025-08-05T06:28:13.338+0000] {logging_mixin.py:188} INFO - [2025-08-05T06:28:13.338+0000] {dag.py:3954} INFO - Setting next_dagrun for cleanup_paused_dags to 2025-08-05 06:28:00+00:00, run_after=2025-08-05 06:29:00+00:00
[2025-08-05T06:28:13.350+0000] {processor.py:183} INFO - Processing /opt/airflow/dags/cleanup_paused_dags.py took 0.076 seconds
[2025-08-05T06:28:43.722+0000] {processor.py:161} INFO - Started process (PID=576) to work on /opt/airflow/dags/cleanup_paused_dags.py
[2025-08-05T06:28:43.725+0000] {processor.py:830} INFO - Processing file /opt/airflow/dags/cleanup_paused_dags.py for tasks to queue
[2025-08-05T06:28:43.730+0000] {logging_mixin.py:188} INFO - [2025-08-05T06:28:43.729+0000] {dagbag.py:545} INFO - Filling up the DagBag from /opt/airflow/dags/cleanup_paused_dags.py
[2025-08-05T06:28:43.754+0000] {processor.py:840} INFO - DAG(s) 'cleanup_paused_dags' retrieved from /opt/airflow/dags/cleanup_paused_dags.py
[2025-08-05T06:28:43.778+0000] {logging_mixin.py:188} INFO - [2025-08-05T06:28:43.778+0000] {dag.py:3096} INFO - Sync 1 DAGs
[2025-08-05T06:28:43.795+0000] {logging_mixin.py:188} INFO - [2025-08-05T06:28:43.795+0000] {dag.py:3954} INFO - Setting next_dagrun for cleanup_paused_dags to 2025-08-05 06:28:00+00:00, run_after=2025-08-05 06:29:00+00:00
[2025-08-05T06:28:43.807+0000] {processor.py:183} INFO - Processing /opt/airflow/dags/cleanup_paused_dags.py took 0.097 seconds
[2025-08-05T06:29:14.234+0000] {processor.py:161} INFO - Started process (PID=621) to work on /opt/airflow/dags/cleanup_paused_dags.py
[2025-08-05T06:29:14.234+0000] {processor.py:830} INFO - Processing file /opt/airflow/dags/cleanup_paused_dags.py for tasks to queue
[2025-08-05T06:29:14.235+0000] {logging_mixin.py:188} INFO - [2025-08-05T06:29:14.235+0000] {dagbag.py:545} INFO - Filling up the DagBag from /opt/airflow/dags/cleanup_paused_dags.py
[2025-08-05T06:29:14.243+0000] {processor.py:840} INFO - DAG(s) 'cleanup_paused_dags' retrieved from /opt/airflow/dags/cleanup_paused_dags.py
[2025-08-05T06:29:14.262+0000] {logging_mixin.py:188} INFO - [2025-08-05T06:29:14.262+0000] {dag.py:3096} INFO - Sync 1 DAGs
[2025-08-05T06:29:14.282+0000] {logging_mixin.py:188} INFO - [2025-08-05T06:29:14.282+0000] {dag.py:3954} INFO - Setting next_dagrun for cleanup_paused_dags to 2025-08-05 06:29:00+00:00, run_after=2025-08-05 06:30:00+00:00
[2025-08-05T06:29:14.294+0000] {processor.py:183} INFO - Processing /opt/airflow/dags/cleanup_paused_dags.py took 0.065 seconds
[2025-08-05T06:29:44.632+0000] {processor.py:161} INFO - Started process (PID=658) to work on /opt/airflow/dags/cleanup_paused_dags.py
[2025-08-05T06:29:44.634+0000] {processor.py:830} INFO - Processing file /opt/airflow/dags/cleanup_paused_dags.py for tasks to queue
[2025-08-05T06:29:44.635+0000] {logging_mixin.py:188} INFO - [2025-08-05T06:29:44.635+0000] {dagbag.py:545} INFO - Filling up the DagBag from /opt/airflow/dags/cleanup_paused_dags.py
[2025-08-05T06:29:44.643+0000] {processor.py:840} INFO - DAG(s) 'cleanup_paused_dags' retrieved from /opt/airflow/dags/cleanup_paused_dags.py
[2025-08-05T06:29:44.662+0000] {logging_mixin.py:188} INFO - [2025-08-05T06:29:44.662+0000] {dag.py:3096} INFO - Sync 1 DAGs
[2025-08-05T06:29:44.676+0000] {logging_mixin.py:188} INFO - [2025-08-05T06:29:44.676+0000] {dag.py:3954} INFO - Setting next_dagrun for cleanup_paused_dags to 2025-08-05 06:29:00+00:00, run_after=2025-08-05 06:30:00+00:00
[2025-08-05T06:29:44.688+0000] {processor.py:183} INFO - Processing /opt/airflow/dags/cleanup_paused_dags.py took 0.060 seconds
[2025-08-05T06:30:15.147+0000] {processor.py:161} INFO - Started process (PID=703) to work on /opt/airflow/dags/cleanup_paused_dags.py
[2025-08-05T06:30:15.149+0000] {processor.py:830} INFO - Processing file /opt/airflow/dags/cleanup_paused_dags.py for tasks to queue
[2025-08-05T06:30:15.150+0000] {logging_mixin.py:188} INFO - [2025-08-05T06:30:15.150+0000] {dagbag.py:545} INFO - Filling up the DagBag from /opt/airflow/dags/cleanup_paused_dags.py
[2025-08-05T06:30:15.159+0000] {processor.py:840} INFO - DAG(s) 'cleanup_paused_dags' retrieved from /opt/airflow/dags/cleanup_paused_dags.py
[2025-08-05T06:30:15.184+0000] {logging_mixin.py:188} INFO - [2025-08-05T06:30:15.184+0000] {dag.py:3096} INFO - Sync 1 DAGs
[2025-08-05T06:30:15.200+0000] {logging_mixin.py:188} INFO - [2025-08-05T06:30:15.200+0000] {dag.py:3954} INFO - Setting next_dagrun for cleanup_paused_dags to 2025-08-05 06:30:00+00:00, run_after=2025-08-05 06:31:00+00:00
[2025-08-05T06:30:15.219+0000] {processor.py:183} INFO - Processing /opt/airflow/dags/cleanup_paused_dags.py took 0.077 seconds
[2025-08-05T06:30:45.728+0000] {processor.py:161} INFO - Started process (PID=739) to work on /opt/airflow/dags/cleanup_paused_dags.py
[2025-08-05T06:30:45.730+0000] {processor.py:830} INFO - Processing file /opt/airflow/dags/cleanup_paused_dags.py for tasks to queue
[2025-08-05T06:30:45.732+0000] {logging_mixin.py:188} INFO - [2025-08-05T06:30:45.731+0000] {dagbag.py:545} INFO - Filling up the DagBag from /opt/airflow/dags/cleanup_paused_dags.py
[2025-08-05T06:30:45.742+0000] {processor.py:840} INFO - DAG(s) 'cleanup_paused_dags' retrieved from /opt/airflow/dags/cleanup_paused_dags.py
[2025-08-05T06:30:45.761+0000] {logging_mixin.py:188} INFO - [2025-08-05T06:30:45.761+0000] {dag.py:3096} INFO - Sync 1 DAGs
[2025-08-05T06:30:45.775+0000] {logging_mixin.py:188} INFO - [2025-08-05T06:30:45.775+0000] {dag.py:3954} INFO - Setting next_dagrun for cleanup_paused_dags to 2025-08-05 06:30:00+00:00, run_after=2025-08-05 06:31:00+00:00
[2025-08-05T06:30:45.788+0000] {processor.py:183} INFO - Processing /opt/airflow/dags/cleanup_paused_dags.py took 0.064 seconds
[2025-08-05T06:59:39.802+0000] {processor.py:161} INFO - Started process (PID=186) to work on /opt/airflow/dags/cleanup_paused_dags.py
[2025-08-05T06:59:39.802+0000] {processor.py:830} INFO - Processing file /opt/airflow/dags/cleanup_paused_dags.py for tasks to queue
[2025-08-05T06:59:39.804+0000] {logging_mixin.py:188} INFO - [2025-08-05T06:59:39.803+0000] {dagbag.py:545} INFO - Filling up the DagBag from /opt/airflow/dags/cleanup_paused_dags.py
[2025-08-05T06:59:39.832+0000] {processor.py:840} INFO - DAG(s) 'cleanup_paused_dags' retrieved from /opt/airflow/dags/cleanup_paused_dags.py
[2025-08-05T06:59:40.248+0000] {logging_mixin.py:188} INFO - [2025-08-05T06:59:40.248+0000] {override.py:1829} INFO - Created Permission View: can read on DAG:cleanup_paused_dags
[2025-08-05T06:59:40.271+0000] {logging_mixin.py:188} INFO - [2025-08-05T06:59:40.271+0000] {override.py:1829} INFO - Created Permission View: can edit on DAG:cleanup_paused_dags
[2025-08-05T06:59:40.281+0000] {logging_mixin.py:188} INFO - [2025-08-05T06:59:40.280+0000] {override.py:1829} INFO - Created Permission View: can delete on DAG:cleanup_paused_dags
[2025-08-05T06:59:40.281+0000] {logging_mixin.py:188} INFO - [2025-08-05T06:59:40.281+0000] {dag.py:3096} INFO - Sync 1 DAGs
[2025-08-05T06:59:40.293+0000] {logging_mixin.py:188} INFO - [2025-08-05T06:59:40.292+0000] {dag.py:3118} INFO - Creating ORM DAG for cleanup_paused_dags
[2025-08-05T06:59:40.308+0000] {logging_mixin.py:188} INFO - [2025-08-05T06:59:40.307+0000] {dag.py:3954} INFO - Setting next_dagrun for cleanup_paused_dags to 2025-08-05 06:58:00+00:00, run_after=2025-08-05 06:59:00+00:00
[2025-08-05T06:59:40.333+0000] {processor.py:183} INFO - Processing /opt/airflow/dags/cleanup_paused_dags.py took 0.536 seconds
[2025-08-05T07:00:10.475+0000] {processor.py:161} INFO - Started process (PID=230) to work on /opt/airflow/dags/cleanup_paused_dags.py
[2025-08-05T07:00:10.476+0000] {processor.py:830} INFO - Processing file /opt/airflow/dags/cleanup_paused_dags.py for tasks to queue
[2025-08-05T07:00:10.477+0000] {logging_mixin.py:188} INFO - [2025-08-05T07:00:10.477+0000] {dagbag.py:545} INFO - Filling up the DagBag from /opt/airflow/dags/cleanup_paused_dags.py
[2025-08-05T07:00:10.489+0000] {processor.py:840} INFO - DAG(s) 'cleanup_paused_dags' retrieved from /opt/airflow/dags/cleanup_paused_dags.py
[2025-08-05T07:00:10.507+0000] {logging_mixin.py:188} INFO - [2025-08-05T07:00:10.507+0000] {dag.py:3096} INFO - Sync 1 DAGs
[2025-08-05T07:00:10.524+0000] {logging_mixin.py:188} INFO - [2025-08-05T07:00:10.524+0000] {dag.py:3954} INFO - Setting next_dagrun for cleanup_paused_dags to 2025-08-05 07:00:00+00:00, run_after=2025-08-05 07:01:00+00:00
[2025-08-05T07:00:10.536+0000] {processor.py:183} INFO - Processing /opt/airflow/dags/cleanup_paused_dags.py took 0.065 seconds
[2025-08-05T07:00:40.708+0000] {processor.py:161} INFO - Started process (PID=293) to work on /opt/airflow/dags/cleanup_paused_dags.py
[2025-08-05T07:00:40.709+0000] {processor.py:830} INFO - Processing file /opt/airflow/dags/cleanup_paused_dags.py for tasks to queue
[2025-08-05T07:00:40.710+0000] {logging_mixin.py:188} INFO - [2025-08-05T07:00:40.710+0000] {dagbag.py:545} INFO - Filling up the DagBag from /opt/airflow/dags/cleanup_paused_dags.py
[2025-08-05T07:00:40.718+0000] {processor.py:840} INFO - DAG(s) 'cleanup_paused_dags' retrieved from /opt/airflow/dags/cleanup_paused_dags.py
[2025-08-05T07:00:40.741+0000] {logging_mixin.py:188} INFO - [2025-08-05T07:00:40.741+0000] {dag.py:3096} INFO - Sync 1 DAGs
[2025-08-05T07:00:40.759+0000] {logging_mixin.py:188} INFO - [2025-08-05T07:00:40.759+0000] {dag.py:3954} INFO - Setting next_dagrun for cleanup_paused_dags to 2025-08-05 07:00:00+00:00, run_after=2025-08-05 07:01:00+00:00
[2025-08-05T07:00:40.774+0000] {processor.py:183} INFO - Processing /opt/airflow/dags/cleanup_paused_dags.py took 0.070 seconds
[2025-08-05T07:01:11.058+0000] {processor.py:161} INFO - Started process (PID=392) to work on /opt/airflow/dags/cleanup_paused_dags.py
[2025-08-05T07:01:11.059+0000] {processor.py:830} INFO - Processing file /opt/airflow/dags/cleanup_paused_dags.py for tasks to queue
[2025-08-05T07:01:11.060+0000] {logging_mixin.py:188} INFO - [2025-08-05T07:01:11.060+0000] {dagbag.py:545} INFO - Filling up the DagBag from /opt/airflow/dags/cleanup_paused_dags.py
[2025-08-05T07:01:11.069+0000] {processor.py:840} INFO - DAG(s) 'cleanup_paused_dags' retrieved from /opt/airflow/dags/cleanup_paused_dags.py
[2025-08-05T07:01:11.092+0000] {logging_mixin.py:188} INFO - [2025-08-05T07:01:11.092+0000] {dag.py:3096} INFO - Sync 1 DAGs
[2025-08-05T07:01:11.116+0000] {logging_mixin.py:188} INFO - [2025-08-05T07:01:11.115+0000] {dag.py:3954} INFO - Setting next_dagrun for cleanup_paused_dags to 2025-08-05 07:01:00+00:00, run_after=2025-08-05 07:02:00+00:00
[2025-08-05T07:01:11.135+0000] {processor.py:183} INFO - Processing /opt/airflow/dags/cleanup_paused_dags.py took 0.082 seconds
