[2025-07-30T07:27:15.937+0000] {local_task_job_runner.py:120} INFO - ::group::Pre task execution logs
[2025-07-30T07:27:15.961+0000] {taskinstance.py:2076} INFO - Dependencies all met for dep_context=non-requeueable deps ti=<TaskInstance: dag_4444cccccccccccccccc.transform_data_task333 scheduled__2025-06-25T00:00:00+00:00 [queued]>
[2025-07-30T07:27:15.967+0000] {taskinstance.py:2076} INFO - Dependencies all met for dep_context=requeueable deps ti=<TaskInstance: dag_4444cccccccccccccccc.transform_data_task333 scheduled__2025-06-25T00:00:00+00:00 [queued]>
[2025-07-30T07:27:15.967+0000] {taskinstance.py:2306} INFO - Starting attempt 1 of 1
[2025-07-30T07:27:15.977+0000] {taskinstance.py:2330} INFO - Executing <Task(PythonOperator): transform_data_task333> on 2025-06-25 00:00:00+00:00
[2025-07-30T07:27:15.984+0000] {logging_mixin.py:188} WARNING - /home/***/.local/lib/python3.12/site-packages/***/task/task_runner/standard_task_runner.py:61 DeprecationWarning: This process (pid=2282) is multi-threaded, use of fork() may lead to deadlocks in the child.
[2025-07-30T07:27:15.985+0000] {standard_task_runner.py:63} INFO - Started process 2284 to run task
[2025-07-30T07:27:15.984+0000] {standard_task_runner.py:90} INFO - Running: ['***', 'tasks', 'run', 'dag_4444cccccccccccccccc', 'transform_data_task333', 'scheduled__2025-06-25T00:00:00+00:00', '--job-id', '17', '--raw', '--subdir', 'DAGS_FOLDER/dag_generator_python.py', '--cfg-path', '/tmp/tmpi14sy97l']
[2025-07-30T07:27:15.986+0000] {standard_task_runner.py:91} INFO - Job 17: Subtask transform_data_task333
[2025-07-30T07:27:16.174+0000] {task_command.py:426} INFO - Running <TaskInstance: dag_4444cccccccccccccccc.transform_data_task333 scheduled__2025-06-25T00:00:00+00:00 [running]> on host 14614e29d246
[2025-07-30T07:27:16.237+0000] {taskinstance.py:2648} INFO - Exporting env vars: AIRFLOW_CTX_DAG_OWNER='***' AIRFLOW_CTX_DAG_ID='dag_4444cccccccccccccccc' AIRFLOW_CTX_TASK_ID='transform_data_task333' AIRFLOW_CTX_EXECUTION_DATE='2025-06-25T00:00:00+00:00' AIRFLOW_CTX_TRY_NUMBER='1' AIRFLOW_CTX_DAG_RUN_ID='scheduled__2025-06-25T00:00:00+00:00'
[2025-07-30T07:27:16.238+0000] {taskinstance.py:430} INFO - ::endgroup::
[2025-07-30T07:27:16.246+0000] {logging_mixin.py:188} INFO - 測試轉換層
[2025-07-30T07:27:16.247+0000] {logging_mixin.py:188} INFO - {'extract_data_task'}
[2025-07-30T07:27:16.247+0000] {logging_mixin.py:188} INFO - 2222222222222222222222222222222
[2025-07-30T07:27:16.247+0000] {logging_mixin.py:188} INFO - Fetching data from Redis key: ***_data:dag_4444cccccccccccccccc
[2025-07-30T07:27:16.248+0000] {logging_mixin.py:188} INFO - Applying algorithm 'aggregate_product_data' from module 'processor.transform.algos_1'
[2025-07-30T07:27:16.275+0000] {logging_mixin.py:188} INFO - Transformed data stored back to Redis with key: ***_data:dag_4444cccccccccccccccc
[2025-07-30T07:27:16.288+0000] {python.py:237} INFO - Done. Returned value was: None
[2025-07-30T07:27:16.289+0000] {taskinstance.py:441} INFO - ::group::Post task execution logs
[2025-07-30T07:27:16.296+0000] {taskinstance.py:1206} INFO - Marking task as SUCCESS. dag_id=dag_4444cccccccccccccccc, task_id=transform_data_task333, run_id=scheduled__2025-06-25T00:00:00+00:00, execution_date=20250625T000000, start_date=20250730T072715, end_date=20250730T072716
[2025-07-30T07:27:16.318+0000] {local_task_job_runner.py:240} INFO - Task exited with return code 0
[2025-07-30T07:27:16.473+0000] {taskinstance.py:3503} INFO - 1 downstream tasks scheduled from follow-on schedule check
[2025-07-30T07:27:16.479+0000] {local_task_job_runner.py:222} INFO - ::endgroup::
