[2025-07-29T00:45:31.601+0000] {local_task_job_runner.py:120} INFO - ::group::Pre task execution logs
[2025-07-29T00:45:31.623+0000] {taskinstance.py:2076} INFO - Dependencies all met for dep_context=non-requeueable deps ti=<TaskInstance: dag_bbbbbbb.load_data_task manual__2025-07-29T00:45:29.129294+00:00 [queued]>
[2025-07-29T00:45:31.629+0000] {taskinstance.py:2076} INFO - Dependencies all met for dep_context=requeueable deps ti=<TaskInstance: dag_bbbbbbb.load_data_task manual__2025-07-29T00:45:29.129294+00:00 [queued]>
[2025-07-29T00:45:31.630+0000] {taskinstance.py:2306} INFO - Starting attempt 1 of 1
[2025-07-29T00:45:31.642+0000] {taskinstance.py:2330} INFO - Executing <Task(PythonOperator): load_data_task> on 2025-07-29 00:45:29.129294+00:00
[2025-07-29T00:45:31.651+0000] {logging_mixin.py:188} WARNING - /home/***/.local/lib/python3.12/site-packages/***/task/task_runner/standard_task_runner.py:61 DeprecationWarning: This process (pid=1180) is multi-threaded, use of fork() may lead to deadlocks in the child.
[2025-07-29T00:45:31.652+0000] {standard_task_runner.py:63} INFO - Started process 1182 to run task
[2025-07-29T00:45:31.651+0000] {standard_task_runner.py:90} INFO - Running: ['***', 'tasks', 'run', 'dag_bbbbbbb', 'load_data_task', 'manual__2025-07-29T00:45:29.129294+00:00', '--job-id', '7', '--raw', '--subdir', 'DAGS_FOLDER/dag_generator_python.py', '--cfg-path', '/tmp/tmp0to6x3k8']
[2025-07-29T00:45:31.653+0000] {standard_task_runner.py:91} INFO - Job 7: Subtask load_data_task
[2025-07-29T00:45:31.804+0000] {task_command.py:426} INFO - Running <TaskInstance: dag_bbbbbbb.load_data_task manual__2025-07-29T00:45:29.129294+00:00 [running]> on host ee0266895495
[2025-07-29T00:45:31.887+0000] {taskinstance.py:2648} INFO - Exporting env vars: AIRFLOW_CTX_DAG_OWNER='***' AIRFLOW_CTX_DAG_ID='dag_bbbbbbb' AIRFLOW_CTX_TASK_ID='load_data_task' AIRFLOW_CTX_EXECUTION_DATE='2025-07-29T00:45:29.129294+00:00' AIRFLOW_CTX_TRY_NUMBER='1' AIRFLOW_CTX_DAG_RUN_ID='manual__2025-07-29T00:45:29.129294+00:00'
[2025-07-29T00:45:31.888+0000] {taskinstance.py:430} INFO - ::endgroup::
[2025-07-29T00:45:31.900+0000] {logging_mixin.py:188} INFO - Loading data from Redis key: ***_data:dag_bbbbbbb
[2025-07-29T00:45:31.920+0000] {logging_mixin.py:188} INFO - 666666666666666666666666666666666
[2025-07-29T00:45:31.921+0000] {logging_mixin.py:188} INFO - Saved output CSV to: /opt/***/data/output/3f2a4b93-b237-4545-bd50-5004d863567c.csv
[2025-07-29T00:45:31.921+0000] {python.py:237} INFO - Done. Returned value was: None
[2025-07-29T00:45:31.922+0000] {taskinstance.py:441} INFO - ::group::Post task execution logs
[2025-07-29T00:45:31.929+0000] {taskinstance.py:1206} INFO - Marking task as SUCCESS. dag_id=dag_bbbbbbb, task_id=load_data_task, run_id=manual__2025-07-29T00:45:29.129294+00:00, execution_date=20250729T004529, start_date=20250729T004531, end_date=20250729T004531
[2025-07-29T00:45:31.946+0000] {local_task_job_runner.py:240} INFO - Task exited with return code 0
[2025-07-29T00:45:32.057+0000] {taskinstance.py:3503} INFO - 0 downstream tasks scheduled from follow-on schedule check
[2025-07-29T00:45:32.060+0000] {local_task_job_runner.py:222} INFO - ::endgroup::
