[2025-08-03T06:54:43.592+0000] {local_task_job_runner.py:120} INFO - ::group::Pre task execution logs
[2025-08-03T06:54:43.619+0000] {taskinstance.py:2076} INFO - Dependencies all met for dep_context=non-requeueable deps ti=<TaskInstance: dag_bccwwwww.transform_data_task scheduled__2025-06-25T00:00:00+00:00 [queued]>
[2025-08-03T06:54:43.626+0000] {taskinstance.py:2076} INFO - Dependencies all met for dep_context=requeueable deps ti=<TaskInstance: dag_bccwwwww.transform_data_task scheduled__2025-06-25T00:00:00+00:00 [queued]>
[2025-08-03T06:54:43.627+0000] {taskinstance.py:2306} INFO - Starting attempt 1 of 1
[2025-08-03T06:54:43.639+0000] {taskinstance.py:2330} INFO - Executing <Task(PythonOperator): transform_data_task> on 2025-06-25 00:00:00+00:00
[2025-08-03T06:54:43.645+0000] {logging_mixin.py:188} WARNING - /home/***/.local/lib/python3.12/site-packages/***/task/task_runner/standard_task_runner.py:61 DeprecationWarning: This process (pid=1189) is multi-threaded, use of fork() may lead to deadlocks in the child.
[2025-08-03T06:54:43.646+0000] {standard_task_runner.py:63} INFO - Started process 1203 to run task
[2025-08-03T06:54:43.645+0000] {standard_task_runner.py:90} INFO - Running: ['***', 'tasks', 'run', 'dag_bccwwwww', 'transform_data_task', 'scheduled__2025-06-25T00:00:00+00:00', '--job-id', '29', '--raw', '--subdir', 'DAGS_FOLDER/dag_generator.py', '--cfg-path', '/tmp/tmph1lxfc_a']
[2025-08-03T06:54:43.646+0000] {standard_task_runner.py:91} INFO - Job 29: Subtask transform_data_task
[2025-08-03T06:54:43.890+0000] {task_command.py:426} INFO - Running <TaskInstance: dag_bccwwwww.transform_data_task scheduled__2025-06-25T00:00:00+00:00 [running]> on host 19828dfd2b76
[2025-08-03T06:54:43.965+0000] {taskinstance.py:2648} INFO - Exporting env vars: AIRFLOW_CTX_DAG_OWNER='***' AIRFLOW_CTX_DAG_ID='dag_bccwwwww' AIRFLOW_CTX_TASK_ID='transform_data_task' AIRFLOW_CTX_EXECUTION_DATE='2025-06-25T00:00:00+00:00' AIRFLOW_CTX_TRY_NUMBER='1' AIRFLOW_CTX_DAG_RUN_ID='scheduled__2025-06-25T00:00:00+00:00'
[2025-08-03T06:54:43.965+0000] {taskinstance.py:430} INFO - ::endgroup::
[2025-08-03T06:54:43.975+0000] {__init__.py:92} INFO - 執行 transform_data (資料轉換層)
[2025-08-03T06:54:43.976+0000] {__init__.py:34} INFO - _get_upstream_output_path 上游任務: {'extract_data_task'}
[2025-08-03T06:54:43.976+0000] {__init__.py:50} INFO - 任務 'transform_data_task' 從單一上游 'extract_data_task' 拉取資料
[2025-08-03T06:54:43.987+0000] {__init__.py:52} INFO - 拉取到的 redis_key: ***_data:dag_bccwwwww.extract_data_task
[2025-08-03T06:54:43.991+0000] {__init__.py:115} INFO - 呼叫演算法 'aggregate_product_data' 來自模組 'processor.transform.algos_1'
[2025-08-03T06:54:44.021+0000] {algos_1.py:29} INFO - 資料處理完成
[2025-08-03T06:54:44.022+0000] {__init__.py:127} INFO - 資料是 pd.DataFrame
[2025-08-03T06:54:44.024+0000] {__init__.py:138} INFO - 轉換後資料已存入 Redis，key=***_data:dag_bccwwwww.transform_data_task
[2025-08-03T06:54:44.025+0000] {__init__.py:147} INFO - 刪除上游 Redis key: ***_data:dag_bccwwwww.extract_data_task
[2025-08-03T06:54:44.039+0000] {python.py:237} INFO - Done. Returned value was: None
[2025-08-03T06:54:44.040+0000] {taskinstance.py:441} INFO - ::group::Post task execution logs
[2025-08-03T06:54:44.049+0000] {taskinstance.py:1206} INFO - Marking task as SUCCESS. dag_id=dag_bccwwwww, task_id=transform_data_task, run_id=scheduled__2025-06-25T00:00:00+00:00, execution_date=20250625T000000, start_date=20250803T065443, end_date=20250803T065444
[2025-08-03T06:54:44.099+0000] {local_task_job_runner.py:240} INFO - Task exited with return code 0
[2025-08-03T06:54:44.234+0000] {taskinstance.py:3503} INFO - 1 downstream tasks scheduled from follow-on schedule check
[2025-08-03T06:54:44.235+0000] {local_task_job_runner.py:222} INFO - ::endgroup::
[2025-08-03T07:03:23.422+0000] {local_task_job_runner.py:120} INFO - ::group::Pre task execution logs
[2025-08-03T07:03:23.466+0000] {taskinstance.py:2076} INFO - Dependencies all met for dep_context=non-requeueable deps ti=<TaskInstance: dag_bccwwwww.transform_data_task scheduled__2025-06-25T00:00:00+00:00 [queued]>
[2025-08-03T07:03:23.477+0000] {taskinstance.py:2076} INFO - Dependencies all met for dep_context=requeueable deps ti=<TaskInstance: dag_bccwwwww.transform_data_task scheduled__2025-06-25T00:00:00+00:00 [queued]>
[2025-08-03T07:03:23.477+0000] {taskinstance.py:2306} INFO - Starting attempt 1 of 1
[2025-08-03T07:03:23.496+0000] {taskinstance.py:2330} INFO - Executing <Task(PythonOperator): transform_data_task> on 2025-06-25 00:00:00+00:00
[2025-08-03T07:03:23.512+0000] {logging_mixin.py:188} WARNING - /home/***/.local/lib/python3.12/site-packages/***/task/task_runner/standard_task_runner.py:61 DeprecationWarning: This process (pid=1884) is multi-threaded, use of fork() may lead to deadlocks in the child.
[2025-08-03T07:03:23.513+0000] {standard_task_runner.py:63} INFO - Started process 1886 to run task
[2025-08-03T07:03:23.513+0000] {standard_task_runner.py:90} INFO - Running: ['***', 'tasks', 'run', 'dag_bccwwwww', 'transform_data_task', 'scheduled__2025-06-25T00:00:00+00:00', '--job-id', '47', '--raw', '--subdir', 'DAGS_FOLDER/dag_generator.py', '--cfg-path', '/tmp/tmpj24p199y']
[2025-08-03T07:03:23.516+0000] {standard_task_runner.py:91} INFO - Job 47: Subtask transform_data_task
[2025-08-03T07:03:23.715+0000] {task_command.py:426} INFO - Running <TaskInstance: dag_bccwwwww.transform_data_task scheduled__2025-06-25T00:00:00+00:00 [running]> on host 19828dfd2b76
[2025-08-03T07:03:23.776+0000] {taskinstance.py:2648} INFO - Exporting env vars: AIRFLOW_CTX_DAG_OWNER='***' AIRFLOW_CTX_DAG_ID='dag_bccwwwww' AIRFLOW_CTX_TASK_ID='transform_data_task' AIRFLOW_CTX_EXECUTION_DATE='2025-06-25T00:00:00+00:00' AIRFLOW_CTX_TRY_NUMBER='1' AIRFLOW_CTX_DAG_RUN_ID='scheduled__2025-06-25T00:00:00+00:00'
[2025-08-03T07:03:23.777+0000] {taskinstance.py:430} INFO - ::endgroup::
[2025-08-03T07:03:23.788+0000] {__init__.py:92} INFO - 執行 transform_data (資料轉換層)
[2025-08-03T07:03:23.788+0000] {__init__.py:34} INFO - _get_upstream_output_path 上游任務: {'extract_data_task'}
[2025-08-03T07:03:23.788+0000] {__init__.py:50} INFO - 任務 'transform_data_task' 從單一上游 'extract_data_task' 拉取資料
[2025-08-03T07:03:23.800+0000] {__init__.py:52} INFO - 拉取到的 redis_key: ***_data:dag_bccwwwww.extract_data_task
[2025-08-03T07:03:23.802+0000] {__init__.py:115} INFO - 呼叫演算法 'aggregate_product_data' 來自模組 'processor.transform.algos_1'
[2025-08-03T07:03:23.831+0000] {algos_1.py:29} INFO - 資料處理完成
[2025-08-03T07:03:23.832+0000] {__init__.py:127} INFO - 資料是 pd.DataFrame
[2025-08-03T07:03:23.833+0000] {__init__.py:138} INFO - 轉換後資料已存入 Redis，key=***_data:dag_bccwwwww.transform_data_task
[2025-08-03T07:03:23.833+0000] {__init__.py:147} INFO - 刪除上游 Redis key: ***_data:dag_bccwwwww.extract_data_task
[2025-08-03T07:03:23.844+0000] {python.py:237} INFO - Done. Returned value was: None
[2025-08-03T07:03:23.845+0000] {taskinstance.py:441} INFO - ::group::Post task execution logs
[2025-08-03T07:03:23.852+0000] {taskinstance.py:1206} INFO - Marking task as SUCCESS. dag_id=dag_bccwwwww, task_id=transform_data_task, run_id=scheduled__2025-06-25T00:00:00+00:00, execution_date=20250625T000000, start_date=20250803T070323, end_date=20250803T070323
[2025-08-03T07:03:23.888+0000] {local_task_job_runner.py:240} INFO - Task exited with return code 0
[2025-08-03T07:03:24.019+0000] {taskinstance.py:3503} INFO - 1 downstream tasks scheduled from follow-on schedule check
[2025-08-03T07:03:24.023+0000] {local_task_job_runner.py:222} INFO - ::endgroup::
[2025-08-03T07:04:24.051+0000] {local_task_job_runner.py:120} INFO - ::group::Pre task execution logs
[2025-08-03T07:04:24.080+0000] {taskinstance.py:2076} INFO - Dependencies all met for dep_context=non-requeueable deps ti=<TaskInstance: dag_bccwwwww.transform_data_task scheduled__2025-06-25T00:00:00+00:00 [queued]>
[2025-08-03T07:04:24.088+0000] {taskinstance.py:2076} INFO - Dependencies all met for dep_context=requeueable deps ti=<TaskInstance: dag_bccwwwww.transform_data_task scheduled__2025-06-25T00:00:00+00:00 [queued]>
[2025-08-03T07:04:24.088+0000] {taskinstance.py:2306} INFO - Starting attempt 1 of 1
[2025-08-03T07:04:24.098+0000] {taskinstance.py:2330} INFO - Executing <Task(PythonOperator): transform_data_task> on 2025-06-25 00:00:00+00:00
[2025-08-03T07:04:24.106+0000] {logging_mixin.py:188} WARNING - /home/***/.local/lib/python3.12/site-packages/***/task/task_runner/standard_task_runner.py:61 DeprecationWarning: This process (pid=1977) is multi-threaded, use of fork() may lead to deadlocks in the child.
[2025-08-03T07:04:24.106+0000] {standard_task_runner.py:63} INFO - Started process 1979 to run task
[2025-08-03T07:04:24.106+0000] {standard_task_runner.py:90} INFO - Running: ['***', 'tasks', 'run', 'dag_bccwwwww', 'transform_data_task', 'scheduled__2025-06-25T00:00:00+00:00', '--job-id', '51', '--raw', '--subdir', 'DAGS_FOLDER/dag_generator.py', '--cfg-path', '/tmp/tmpv5422ncj']
[2025-08-03T07:04:24.108+0000] {standard_task_runner.py:91} INFO - Job 51: Subtask transform_data_task
[2025-08-03T07:04:24.320+0000] {task_command.py:426} INFO - Running <TaskInstance: dag_bccwwwww.transform_data_task scheduled__2025-06-25T00:00:00+00:00 [running]> on host 19828dfd2b76
[2025-08-03T07:04:24.397+0000] {taskinstance.py:2648} INFO - Exporting env vars: AIRFLOW_CTX_DAG_OWNER='***' AIRFLOW_CTX_DAG_ID='dag_bccwwwww' AIRFLOW_CTX_TASK_ID='transform_data_task' AIRFLOW_CTX_EXECUTION_DATE='2025-06-25T00:00:00+00:00' AIRFLOW_CTX_TRY_NUMBER='1' AIRFLOW_CTX_DAG_RUN_ID='scheduled__2025-06-25T00:00:00+00:00'
[2025-08-03T07:04:24.398+0000] {taskinstance.py:430} INFO - ::endgroup::
[2025-08-03T07:04:24.409+0000] {__init__.py:92} INFO - 執行 transform_data (資料轉換層)
[2025-08-03T07:04:24.409+0000] {__init__.py:34} INFO - _get_upstream_output_path 上游任務: {'extract_data_task'}
[2025-08-03T07:04:24.410+0000] {__init__.py:50} INFO - 任務 'transform_data_task' 從單一上游 'extract_data_task' 拉取資料
[2025-08-03T07:04:24.416+0000] {__init__.py:52} INFO - 拉取到的 redis_key: ***_data:dag_bccwwwww.extract_data_task
[2025-08-03T07:04:24.418+0000] {__init__.py:115} INFO - 呼叫演算法 'aggregate_product_data' 來自模組 'processor.transform.algos_1'
[2025-08-03T07:04:24.453+0000] {algos_1.py:29} INFO - 資料處理完成
[2025-08-03T07:04:24.453+0000] {__init__.py:127} INFO - 資料是 pd.DataFrame
[2025-08-03T07:04:24.455+0000] {__init__.py:138} INFO - 轉換後資料已存入 Redis，key=***_data:dag_bccwwwww.transform_data_task
[2025-08-03T07:04:24.455+0000] {__init__.py:147} INFO - 刪除上游 Redis key: ***_data:dag_bccwwwww.extract_data_task
[2025-08-03T07:04:24.465+0000] {python.py:237} INFO - Done. Returned value was: None
[2025-08-03T07:04:24.465+0000] {taskinstance.py:441} INFO - ::group::Post task execution logs
[2025-08-03T07:04:24.473+0000] {taskinstance.py:1206} INFO - Marking task as SUCCESS. dag_id=dag_bccwwwww, task_id=transform_data_task, run_id=scheduled__2025-06-25T00:00:00+00:00, execution_date=20250625T000000, start_date=20250803T070424, end_date=20250803T070424
[2025-08-03T07:04:24.520+0000] {local_task_job_runner.py:240} INFO - Task exited with return code 0
[2025-08-03T07:04:24.671+0000] {taskinstance.py:3503} INFO - 1 downstream tasks scheduled from follow-on schedule check
[2025-08-03T07:04:24.676+0000] {local_task_job_runner.py:222} INFO - ::endgroup::
