[2025-07-29T00:50:03.689+0000] {local_task_job_runner.py:120} INFO - ::group::Pre task execution logs
[2025-07-29T00:50:03.721+0000] {taskinstance.py:2076} INFO - Dependencies all met for dep_context=non-requeueable deps ti=<TaskInstance: dag_bbbbbbb.extract_data_task manual__2025-07-29T00:50:03.063602+00:00 [queued]>
[2025-07-29T00:50:03.729+0000] {taskinstance.py:2076} INFO - Dependencies all met for dep_context=requeueable deps ti=<TaskInstance: dag_bbbbbbb.extract_data_task manual__2025-07-29T00:50:03.063602+00:00 [queued]>
[2025-07-29T00:50:03.729+0000] {taskinstance.py:2306} INFO - Starting attempt 1 of 1
[2025-07-29T00:50:03.743+0000] {taskinstance.py:2330} INFO - Executing <Task(PythonOperator): extract_data_task> on 2025-07-29 00:50:03.063602+00:00
[2025-07-29T00:50:03.751+0000] {logging_mixin.py:188} WARNING - /home/***/.local/lib/python3.12/site-packages/***/task/task_runner/standard_task_runner.py:61 DeprecationWarning: This process (pid=1459) is multi-threaded, use of fork() may lead to deadlocks in the child.
[2025-07-29T00:50:03.752+0000] {standard_task_runner.py:63} INFO - Started process 1461 to run task
[2025-07-29T00:50:03.752+0000] {standard_task_runner.py:90} INFO - Running: ['***', 'tasks', 'run', 'dag_bbbbbbb', 'extract_data_task', 'manual__2025-07-29T00:50:03.063602+00:00', '--job-id', '8', '--raw', '--subdir', 'DAGS_FOLDER/dag_generator_python.py', '--cfg-path', '/tmp/tmpte4otss2']
[2025-07-29T00:50:03.753+0000] {standard_task_runner.py:91} INFO - Job 8: Subtask extract_data_task
[2025-07-29T00:50:03.897+0000] {task_command.py:426} INFO - Running <TaskInstance: dag_bbbbbbb.extract_data_task manual__2025-07-29T00:50:03.063602+00:00 [running]> on host ee0266895495
[2025-07-29T00:50:03.978+0000] {taskinstance.py:2648} INFO - Exporting env vars: AIRFLOW_CTX_DAG_OWNER='***' AIRFLOW_CTX_DAG_ID='dag_bbbbbbb' AIRFLOW_CTX_TASK_ID='extract_data_task' AIRFLOW_CTX_EXECUTION_DATE='2025-07-29T00:50:03.063602+00:00' AIRFLOW_CTX_TRY_NUMBER='1' AIRFLOW_CTX_DAG_RUN_ID='manual__2025-07-29T00:50:03.063602+00:00'
[2025-07-29T00:50:03.979+0000] {taskinstance.py:430} INFO - ::endgroup::
[2025-07-29T00:50:03.988+0000] {logging_mixin.py:188} INFO - <TaskInstance: dag_bbbbbbb.extract_data_task manual__2025-07-29T00:50:03.063602+00:00 [running]>
[2025-07-29T00:50:03.989+0000] {logging_mixin.py:188} INFO - Applying algorithm 'test_csv' from module 'processor.extract.readCSV'
[2025-07-29T00:50:03.989+0000] {logging_mixin.py:188} INFO - 3f2a4b93-b237-4545-bd50-5004d863567c.csv
[2025-07-29T00:50:04.000+0000] {logging_mixin.py:188} INFO - Data stored in Redis key: ***_data:dag_bbbbbbb
[2025-07-29T00:50:04.008+0000] {python.py:237} INFO - Done. Returned value was: None
[2025-07-29T00:50:04.009+0000] {taskinstance.py:441} INFO - ::group::Post task execution logs
[2025-07-29T00:50:04.016+0000] {taskinstance.py:1206} INFO - Marking task as SUCCESS. dag_id=dag_bbbbbbb, task_id=extract_data_task, run_id=manual__2025-07-29T00:50:03.063602+00:00, execution_date=20250729T005003, start_date=20250729T005003, end_date=20250729T005004
[2025-07-29T00:50:04.045+0000] {local_task_job_runner.py:240} INFO - Task exited with return code 0
[2025-07-29T00:50:04.173+0000] {taskinstance.py:3503} INFO - 1 downstream tasks scheduled from follow-on schedule check
[2025-07-29T00:50:04.179+0000] {local_task_job_runner.py:222} INFO - ::endgroup::
