[2025-08-04T07:52:12.147+0000] {local_task_job_runner.py:120} INFO - ::group::Pre task execution logs
[2025-08-04T07:52:12.285+0000] {taskinstance.py:2076} INFO - Dependencies all met for dep_context=non-requeueable deps ti=<TaskInstance: dag_aaaaa.transform_data_task2 scheduled__2025-08-04T07:51:00+00:00 [queued]>
[2025-08-04T07:52:12.294+0000] {taskinstance.py:2076} INFO - Dependencies all met for dep_context=requeueable deps ti=<TaskInstance: dag_aaaaa.transform_data_task2 scheduled__2025-08-04T07:51:00+00:00 [queued]>
[2025-08-04T07:52:12.294+0000] {taskinstance.py:2306} INFO - Starting attempt 1 of 1
[2025-08-04T07:52:12.305+0000] {taskinstance.py:2330} INFO - Executing <Task(PythonOperator): transform_data_task2> on 2025-08-04 07:51:00+00:00
[2025-08-04T07:52:12.314+0000] {logging_mixin.py:188} WARNING - /home/***/.local/lib/python3.12/site-packages/***/task/task_runner/standard_task_runner.py:61 DeprecationWarning: This process (pid=9784) is multi-threaded, use of fork() may lead to deadlocks in the child.
[2025-08-04T07:52:12.315+0000] {standard_task_runner.py:63} INFO - Started process 9788 to run task
[2025-08-04T07:52:12.314+0000] {standard_task_runner.py:90} INFO - Running: ['***', 'tasks', 'run', 'dag_aaaaa', 'transform_data_task2', 'scheduled__2025-08-04T07:51:00+00:00', '--job-id', '165', '--raw', '--subdir', 'DAGS_FOLDER/dag_generator.py', '--cfg-path', '/tmp/tmpds7nqwk6']
[2025-08-04T07:52:12.316+0000] {standard_task_runner.py:91} INFO - Job 165: Subtask transform_data_task2
[2025-08-04T07:52:12.367+0000] {task_command.py:426} INFO - Running <TaskInstance: dag_aaaaa.transform_data_task2 scheduled__2025-08-04T07:51:00+00:00 [running]> on host 8032ab58e64f
[2025-08-04T07:52:12.468+0000] {taskinstance.py:2648} INFO - Exporting env vars: AIRFLOW_CTX_DAG_OWNER='***' AIRFLOW_CTX_DAG_ID='dag_aaaaa' AIRFLOW_CTX_TASK_ID='transform_data_task2' AIRFLOW_CTX_EXECUTION_DATE='2025-08-04T07:51:00+00:00' AIRFLOW_CTX_TRY_NUMBER='1' AIRFLOW_CTX_DAG_RUN_ID='scheduled__2025-08-04T07:51:00+00:00'
[2025-08-04T07:52:12.469+0000] {taskinstance.py:430} INFO - ::endgroup::
[2025-08-04T07:52:12.482+0000] {__init__.py:118} INFO - 執行 transform_data (資料轉換層)
[2025-08-04T07:52:12.482+0000] {__init__.py:58} INFO - _get_upstream_output_path 上游任務: {'extract_data_task'}
[2025-08-04T07:52:12.483+0000] {__init__.py:74} INFO - 任務 'transform_data_task2' 從單一上游 'extract_data_task' 拉取資料
[2025-08-04T07:52:12.490+0000] {__init__.py:76} INFO - 拉取到的 redis_key: ***_data:dag_aaaaa.extract_data_task
[2025-08-04T07:52:12.492+0000] {__init__.py:43} INFO - 使用資料夾結構方法: product_analysis.aggregation
[2025-08-04T07:52:12.493+0000] {__init__.py:142} INFO - 呼叫方法 'product_analysis.aggregation' 來自模組 'processor.transform'
[2025-08-04T07:52:12.519+0000] {aggregation.py:22} INFO - 產品聚合分析完成, 產品數量: 4
[2025-08-04T07:52:12.519+0000] {__init__.py:153} INFO - 資料是 pd.DataFrame
[2025-08-04T07:52:12.521+0000] {__init__.py:163} INFO - 轉換後資料已存入 Redis，key=***_data:dag_aaaaa.transform_data_task2
[2025-08-04T07:52:12.521+0000] {__init__.py:172} INFO - 刪除上游 Redis key: ***_data:dag_aaaaa.extract_data_task
[2025-08-04T07:52:12.541+0000] {python.py:237} INFO - Done. Returned value was: None
[2025-08-04T07:52:12.542+0000] {taskinstance.py:441} INFO - ::group::Post task execution logs
[2025-08-04T07:52:12.558+0000] {taskinstance.py:1206} INFO - Marking task as SUCCESS. dag_id=dag_aaaaa, task_id=transform_data_task2, run_id=scheduled__2025-08-04T07:51:00+00:00, execution_date=20250804T075100, start_date=20250804T075212, end_date=20250804T075212
[2025-08-04T07:52:12.608+0000] {local_task_job_runner.py:240} INFO - Task exited with return code 0
[2025-08-04T07:52:12.633+0000] {local_task_job_runner.py:222} INFO - ::endgroup::
