[2025-07-29T08:12:36.332+0000] {local_task_job_runner.py:120} INFO - ::group::Pre task execution logs
[2025-07-29T08:12:36.352+0000] {taskinstance.py:2076} INFO - Dependencies all met for dep_context=non-requeueable deps ti=<TaskInstance: dag_cccccc.load_data_task scheduled__2025-06-25T00:00:00+00:00 [queued]>
[2025-07-29T08:12:36.357+0000] {taskinstance.py:2076} INFO - Dependencies all met for dep_context=requeueable deps ti=<TaskInstance: dag_cccccc.load_data_task scheduled__2025-06-25T00:00:00+00:00 [queued]>
[2025-07-29T08:12:36.357+0000] {taskinstance.py:2306} INFO - Starting attempt 1 of 1
[2025-07-29T08:12:36.367+0000] {taskinstance.py:2330} INFO - Executing <Task(PythonOperator): load_data_task> on 2025-06-25 00:00:00+00:00
[2025-07-29T08:12:36.373+0000] {logging_mixin.py:188} WARNING - /home/***/.local/lib/python3.12/site-packages/***/task/task_runner/standard_task_runner.py:61 DeprecationWarning: This process (pid=17036) is multi-threaded, use of fork() may lead to deadlocks in the child.
[2025-07-29T08:12:36.373+0000] {standard_task_runner.py:63} INFO - Started process 17038 to run task
[2025-07-29T08:12:36.373+0000] {standard_task_runner.py:90} INFO - Running: ['***', 'tasks', 'run', 'dag_cccccc', 'load_data_task', 'scheduled__2025-06-25T00:00:00+00:00', '--job-id', '34', '--raw', '--subdir', 'DAGS_FOLDER/dag_generator_python.py', '--cfg-path', '/tmp/tmpmsxykki_']
[2025-07-29T08:12:36.375+0000] {standard_task_runner.py:91} INFO - Job 34: Subtask load_data_task
[2025-07-29T08:12:36.524+0000] {task_command.py:426} INFO - Running <TaskInstance: dag_cccccc.load_data_task scheduled__2025-06-25T00:00:00+00:00 [running]> on host ee0266895495
[2025-07-29T08:12:36.604+0000] {taskinstance.py:2648} INFO - Exporting env vars: AIRFLOW_CTX_DAG_OWNER='***' AIRFLOW_CTX_DAG_ID='dag_cccccc' AIRFLOW_CTX_TASK_ID='load_data_task' AIRFLOW_CTX_EXECUTION_DATE='2025-06-25T00:00:00+00:00' AIRFLOW_CTX_TRY_NUMBER='1' AIRFLOW_CTX_DAG_RUN_ID='scheduled__2025-06-25T00:00:00+00:00'
[2025-07-29T08:12:36.604+0000] {taskinstance.py:430} INFO - ::endgroup::
[2025-07-29T08:12:36.616+0000] {logging_mixin.py:188} INFO - 測試匯入層
[2025-07-29T08:12:36.617+0000] {logging_mixin.py:188} INFO - Loading data from Redis key: ***_data:dag_cccccc
[2025-07-29T08:12:36.643+0000] {logging_mixin.py:188} INFO - Saved output CSV to: /opt/***/data/output/3f2a4b93-b237-4545-bd50-5004d863567c.csv
[2025-07-29T08:12:36.643+0000] {python.py:237} INFO - Done. Returned value was: None
[2025-07-29T08:12:36.643+0000] {taskinstance.py:441} INFO - ::group::Post task execution logs
[2025-07-29T08:12:36.649+0000] {taskinstance.py:1206} INFO - Marking task as SUCCESS. dag_id=dag_cccccc, task_id=load_data_task, run_id=scheduled__2025-06-25T00:00:00+00:00, execution_date=20250625T000000, start_date=20250729T081236, end_date=20250729T081236
[2025-07-29T08:12:36.707+0000] {local_task_job_runner.py:240} INFO - Task exited with return code 0
[2025-07-29T08:12:36.731+0000] {taskinstance.py:3503} INFO - 0 downstream tasks scheduled from follow-on schedule check
[2025-07-29T08:12:36.735+0000] {local_task_job_runner.py:222} INFO - ::endgroup::
[2025-07-29T08:25:19.017+0000] {local_task_job_runner.py:120} INFO - ::group::Pre task execution logs
[2025-07-29T08:25:19.050+0000] {taskinstance.py:2076} INFO - Dependencies all met for dep_context=non-requeueable deps ti=<TaskInstance: dag_cccccc.load_data_task scheduled__2025-06-25T00:00:00+00:00 [queued]>
[2025-07-29T08:25:19.058+0000] {taskinstance.py:2076} INFO - Dependencies all met for dep_context=requeueable deps ti=<TaskInstance: dag_cccccc.load_data_task scheduled__2025-06-25T00:00:00+00:00 [queued]>
[2025-07-29T08:25:19.058+0000] {taskinstance.py:2306} INFO - Starting attempt 1 of 1
[2025-07-29T08:25:19.069+0000] {taskinstance.py:2330} INFO - Executing <Task(PythonOperator): load_data_task> on 2025-06-25 00:00:00+00:00
[2025-07-29T08:25:19.075+0000] {logging_mixin.py:188} WARNING - /home/***/.local/lib/python3.12/site-packages/***/task/task_runner/standard_task_runner.py:61 DeprecationWarning: This process (pid=17812) is multi-threaded, use of fork() may lead to deadlocks in the child.
[2025-07-29T08:25:19.075+0000] {standard_task_runner.py:63} INFO - Started process 17814 to run task
[2025-07-29T08:25:19.076+0000] {standard_task_runner.py:90} INFO - Running: ['***', 'tasks', 'run', 'dag_cccccc', 'load_data_task', 'scheduled__2025-06-25T00:00:00+00:00', '--job-id', '37', '--raw', '--subdir', 'DAGS_FOLDER/dag_generator_python.py', '--cfg-path', '/tmp/tmpannh7lp6']
[2025-07-29T08:25:19.077+0000] {standard_task_runner.py:91} INFO - Job 37: Subtask load_data_task
[2025-07-29T08:25:19.227+0000] {task_command.py:426} INFO - Running <TaskInstance: dag_cccccc.load_data_task scheduled__2025-06-25T00:00:00+00:00 [running]> on host ee0266895495
[2025-07-29T08:25:19.300+0000] {taskinstance.py:2648} INFO - Exporting env vars: AIRFLOW_CTX_DAG_OWNER='***' AIRFLOW_CTX_DAG_ID='dag_cccccc' AIRFLOW_CTX_TASK_ID='load_data_task' AIRFLOW_CTX_EXECUTION_DATE='2025-06-25T00:00:00+00:00' AIRFLOW_CTX_TRY_NUMBER='1' AIRFLOW_CTX_DAG_RUN_ID='scheduled__2025-06-25T00:00:00+00:00'
[2025-07-29T08:25:19.301+0000] {taskinstance.py:430} INFO - ::endgroup::
[2025-07-29T08:25:19.309+0000] {logging_mixin.py:188} INFO - 測試匯入層
[2025-07-29T08:25:19.309+0000] {logging_mixin.py:188} INFO - Loading data from Redis key: ***_data:dag_cccccc
[2025-07-29T08:25:19.327+0000] {logging_mixin.py:188} INFO - Saved output CSV to: /opt/***/data/output/3f2a4b93-b237-4545-bd50-5004d863567c.csv
[2025-07-29T08:25:19.327+0000] {python.py:237} INFO - Done. Returned value was: None
[2025-07-29T08:25:19.327+0000] {taskinstance.py:441} INFO - ::group::Post task execution logs
[2025-07-29T08:25:19.335+0000] {taskinstance.py:1206} INFO - Marking task as SUCCESS. dag_id=dag_cccccc, task_id=load_data_task, run_id=scheduled__2025-06-25T00:00:00+00:00, execution_date=20250625T000000, start_date=20250729T082519, end_date=20250729T082519
[2025-07-29T08:25:19.369+0000] {local_task_job_runner.py:240} INFO - Task exited with return code 0
[2025-07-29T08:25:19.394+0000] {taskinstance.py:3503} INFO - 0 downstream tasks scheduled from follow-on schedule check
[2025-07-29T08:25:19.397+0000] {local_task_job_runner.py:222} INFO - ::endgroup::
