[2025-07-29T07:25:47.635+0000] {local_task_job_runner.py:120} INFO - ::group::Pre task execution logs
[2025-07-29T07:25:47.660+0000] {taskinstance.py:2076} INFO - Dependencies all met for dep_context=non-requeueable deps ti=<TaskInstance: dag_aaaa.extract_data_task scheduled__2025-06-25T00:00:00+00:00 [queued]>
[2025-07-29T07:25:47.665+0000] {taskinstance.py:2076} INFO - Dependencies all met for dep_context=requeueable deps ti=<TaskInstance: dag_aaaa.extract_data_task scheduled__2025-06-25T00:00:00+00:00 [queued]>
[2025-07-29T07:25:47.665+0000] {taskinstance.py:2306} INFO - Starting attempt 1 of 1
[2025-07-29T07:25:47.679+0000] {taskinstance.py:2330} INFO - Executing <Task(PythonOperator): extract_data_task> on 2025-06-25 00:00:00+00:00
[2025-07-29T07:25:47.687+0000] {logging_mixin.py:188} WARNING - /home/***/.local/lib/python3.12/site-packages/***/task/task_runner/standard_task_runner.py:61 DeprecationWarning: This process (pid=14220) is multi-threaded, use of fork() may lead to deadlocks in the child.
[2025-07-29T07:25:47.688+0000] {standard_task_runner.py:63} INFO - Started process 14222 to run task
[2025-07-29T07:25:47.687+0000] {standard_task_runner.py:90} INFO - Running: ['***', 'tasks', 'run', 'dag_aaaa', 'extract_data_task', 'scheduled__2025-06-25T00:00:00+00:00', '--job-id', '29', '--raw', '--subdir', 'DAGS_FOLDER/dag_generator_python.py', '--cfg-path', '/tmp/tmpzivsgir3']
[2025-07-29T07:25:47.688+0000] {standard_task_runner.py:91} INFO - Job 29: Subtask extract_data_task
[2025-07-29T07:25:47.830+0000] {task_command.py:426} INFO - Running <TaskInstance: dag_aaaa.extract_data_task scheduled__2025-06-25T00:00:00+00:00 [running]> on host ee0266895495
[2025-07-29T07:25:47.904+0000] {taskinstance.py:2648} INFO - Exporting env vars: AIRFLOW_CTX_DAG_OWNER='***' AIRFLOW_CTX_DAG_ID='dag_aaaa' AIRFLOW_CTX_TASK_ID='extract_data_task' AIRFLOW_CTX_EXECUTION_DATE='2025-06-25T00:00:00+00:00' AIRFLOW_CTX_TRY_NUMBER='1' AIRFLOW_CTX_DAG_RUN_ID='scheduled__2025-06-25T00:00:00+00:00'
[2025-07-29T07:25:47.905+0000] {taskinstance.py:430} INFO - ::endgroup::
[2025-07-29T07:25:47.916+0000] {logging_mixin.py:188} INFO - 測試載入層
[2025-07-29T07:25:47.917+0000] {logging_mixin.py:188} INFO - Applying algorithm 'test_csv' from module 'processor.extract.readCSV'
[2025-07-29T07:25:47.917+0000] {logging_mixin.py:188} INFO - 3f2a4b93-b237-4545-bd50-5004d863567c.csv
[2025-07-29T07:25:47.928+0000] {logging_mixin.py:188} INFO - Data stored in Redis key: ***_data:dag_aaaa
[2025-07-29T07:25:47.940+0000] {python.py:237} INFO - Done. Returned value was: None
[2025-07-29T07:25:47.941+0000] {taskinstance.py:441} INFO - ::group::Post task execution logs
[2025-07-29T07:25:47.949+0000] {taskinstance.py:1206} INFO - Marking task as SUCCESS. dag_id=dag_aaaa, task_id=extract_data_task, run_id=scheduled__2025-06-25T00:00:00+00:00, execution_date=20250625T000000, start_date=20250729T072547, end_date=20250729T072547
[2025-07-29T07:25:47.981+0000] {local_task_job_runner.py:240} INFO - Task exited with return code 0
[2025-07-29T07:25:48.098+0000] {taskinstance.py:3503} INFO - 1 downstream tasks scheduled from follow-on schedule check
[2025-07-29T07:25:48.103+0000] {local_task_job_runner.py:222} INFO - ::endgroup::
[2025-07-30T12:54:27.798+0000] {local_task_job_runner.py:120} INFO - ::group::Pre task execution logs
[2025-07-30T12:54:27.986+0000] {taskinstance.py:2076} INFO - Dependencies all met for dep_context=non-requeueable deps ti=<TaskInstance: dag_aaaa.extract_data_task scheduled__2025-06-25T00:00:00+00:00 [queued]>
[2025-07-30T12:54:27.994+0000] {taskinstance.py:2076} INFO - Dependencies all met for dep_context=requeueable deps ti=<TaskInstance: dag_aaaa.extract_data_task scheduled__2025-06-25T00:00:00+00:00 [queued]>
[2025-07-30T12:54:27.994+0000] {taskinstance.py:2306} INFO - Starting attempt 1 of 1
[2025-07-30T12:54:28.007+0000] {taskinstance.py:2330} INFO - Executing <Task(PythonOperator): extract_data_task> on 2025-06-25 00:00:00+00:00
[2025-07-30T12:54:28.021+0000] {logging_mixin.py:188} WARNING - /home/***/.local/lib/python3.12/site-packages/***/task/task_runner/standard_task_runner.py:61 DeprecationWarning: This process (pid=3143) is multi-threaded, use of fork() may lead to deadlocks in the child.
[2025-07-30T12:54:28.022+0000] {standard_task_runner.py:63} INFO - Started process 3145 to run task
[2025-07-30T12:54:28.021+0000] {standard_task_runner.py:90} INFO - Running: ['***', 'tasks', 'run', 'dag_aaaa', 'extract_data_task', 'scheduled__2025-06-25T00:00:00+00:00', '--job-id', '44', '--raw', '--subdir', 'DAGS_FOLDER/dag_generator_python.py', '--cfg-path', '/tmp/tmpau4svd5f']
[2025-07-30T12:54:28.023+0000] {standard_task_runner.py:91} INFO - Job 44: Subtask extract_data_task
[2025-07-30T12:54:28.064+0000] {task_command.py:426} INFO - Running <TaskInstance: dag_aaaa.extract_data_task scheduled__2025-06-25T00:00:00+00:00 [running]> on host 14614e29d246
[2025-07-30T12:54:28.161+0000] {taskinstance.py:2648} INFO - Exporting env vars: AIRFLOW_CTX_DAG_OWNER='***' AIRFLOW_CTX_DAG_ID='dag_aaaa' AIRFLOW_CTX_TASK_ID='extract_data_task' AIRFLOW_CTX_EXECUTION_DATE='2025-06-25T00:00:00+00:00' AIRFLOW_CTX_TRY_NUMBER='1' AIRFLOW_CTX_DAG_RUN_ID='scheduled__2025-06-25T00:00:00+00:00'
[2025-07-30T12:54:28.162+0000] {taskinstance.py:430} INFO - ::endgroup::
[2025-07-30T12:54:28.173+0000] {__init__.py:72} INFO - 執行 extract_data (資料載入層)
[2025-07-30T12:54:28.174+0000] {__init__.py:76} INFO - 呼叫演算法 'test_csv' 來自模組 'processor.extract.readCSV'
[2025-07-30T12:54:28.174+0000] {logging_mixin.py:188} INFO - 3f2a4b93-b237-4545-bd50-5004d863567c.csv
[2025-07-30T12:54:28.193+0000] {__init__.py:91} INFO - 資料已存入 Redis，key=***_data:dag_aaaa.extract_data_task
[2025-07-30T12:54:28.207+0000] {python.py:237} INFO - Done. Returned value was: None
[2025-07-30T12:54:28.207+0000] {taskinstance.py:441} INFO - ::group::Post task execution logs
[2025-07-30T12:54:28.216+0000] {taskinstance.py:1206} INFO - Marking task as SUCCESS. dag_id=dag_aaaa, task_id=extract_data_task, run_id=scheduled__2025-06-25T00:00:00+00:00, execution_date=20250625T000000, start_date=20250730T125427, end_date=20250730T125428
[2025-07-30T12:54:28.276+0000] {local_task_job_runner.py:240} INFO - Task exited with return code 0
[2025-07-30T12:54:28.300+0000] {taskinstance.py:3503} INFO - 1 downstream tasks scheduled from follow-on schedule check
[2025-07-30T12:54:28.303+0000] {local_task_job_runner.py:222} INFO - ::endgroup::
