[2025-08-05T05:08:34.848+0000] {processor.py:161} INFO - Started process (PID=187) to work on /opt/airflow/dags/cleanup_logs.py
[2025-08-05T05:08:34.848+0000] {processor.py:830} INFO - Processing file /opt/airflow/dags/cleanup_logs.py for tasks to queue
[2025-08-05T05:08:34.849+0000] {logging_mixin.py:188} INFO - [2025-08-05T05:08:34.849+0000] {dagbag.py:545} INFO - Filling up the DagBag from /opt/airflow/dags/cleanup_logs.py
[2025-08-05T05:08:34.856+0000] {processor.py:840} INFO - DAG(s) 'cleanup_dag_logs' retrieved from /opt/airflow/dags/cleanup_logs.py
[2025-08-05T05:08:34.876+0000] {logging_mixin.py:188} INFO - [2025-08-05T05:08:34.876+0000] {dag.py:3096} INFO - Sync 1 DAGs
[2025-08-05T05:08:34.901+0000] {logging_mixin.py:188} INFO - [2025-08-05T05:08:34.901+0000] {dag.py:3954} INFO - Setting next_dagrun for cleanup_dag_logs to 2025-08-05 00:00:00+00:00, run_after=2025-08-06 00:00:00+00:00
[2025-08-05T05:08:34.920+0000] {processor.py:183} INFO - Processing /opt/airflow/dags/cleanup_logs.py took 0.076 seconds
[2025-08-05T05:09:05.519+0000] {processor.py:161} INFO - Started process (PID=236) to work on /opt/airflow/dags/cleanup_logs.py
[2025-08-05T05:09:05.520+0000] {processor.py:830} INFO - Processing file /opt/airflow/dags/cleanup_logs.py for tasks to queue
[2025-08-05T05:09:05.521+0000] {logging_mixin.py:188} INFO - [2025-08-05T05:09:05.521+0000] {dagbag.py:545} INFO - Filling up the DagBag from /opt/airflow/dags/cleanup_logs.py
[2025-08-05T05:09:05.528+0000] {processor.py:840} INFO - DAG(s) 'cleanup_dag_logs' retrieved from /opt/airflow/dags/cleanup_logs.py
[2025-08-05T05:09:05.550+0000] {logging_mixin.py:188} INFO - [2025-08-05T05:09:05.550+0000] {dag.py:3096} INFO - Sync 1 DAGs
[2025-08-05T05:09:05.563+0000] {logging_mixin.py:188} INFO - [2025-08-05T05:09:05.563+0000] {dag.py:3954} INFO - Setting next_dagrun for cleanup_dag_logs to 2025-08-05 00:00:00+00:00, run_after=2025-08-06 00:00:00+00:00
[2025-08-05T05:09:05.577+0000] {processor.py:183} INFO - Processing /opt/airflow/dags/cleanup_logs.py took 0.061 seconds
[2025-08-05T05:09:36.054+0000] {processor.py:161} INFO - Started process (PID=272) to work on /opt/airflow/dags/cleanup_logs.py
[2025-08-05T05:09:36.055+0000] {processor.py:830} INFO - Processing file /opt/airflow/dags/cleanup_logs.py for tasks to queue
[2025-08-05T05:09:36.055+0000] {logging_mixin.py:188} INFO - [2025-08-05T05:09:36.055+0000] {dagbag.py:545} INFO - Filling up the DagBag from /opt/airflow/dags/cleanup_logs.py
[2025-08-05T05:09:36.063+0000] {processor.py:840} INFO - DAG(s) 'cleanup_dag_logs' retrieved from /opt/airflow/dags/cleanup_logs.py
[2025-08-05T05:09:36.080+0000] {logging_mixin.py:188} INFO - [2025-08-05T05:09:36.080+0000] {dag.py:3096} INFO - Sync 1 DAGs
[2025-08-05T05:09:36.094+0000] {logging_mixin.py:188} INFO - [2025-08-05T05:09:36.094+0000] {dag.py:3954} INFO - Setting next_dagrun for cleanup_dag_logs to 2025-08-05 00:00:00+00:00, run_after=2025-08-06 00:00:00+00:00
[2025-08-05T05:09:36.105+0000] {processor.py:183} INFO - Processing /opt/airflow/dags/cleanup_logs.py took 0.055 seconds
[2025-08-05T05:10:06.531+0000] {processor.py:161} INFO - Started process (PID=317) to work on /opt/airflow/dags/cleanup_logs.py
[2025-08-05T05:10:06.533+0000] {processor.py:830} INFO - Processing file /opt/airflow/dags/cleanup_logs.py for tasks to queue
[2025-08-05T05:10:06.534+0000] {logging_mixin.py:188} INFO - [2025-08-05T05:10:06.534+0000] {dagbag.py:545} INFO - Filling up the DagBag from /opt/airflow/dags/cleanup_logs.py
[2025-08-05T05:10:06.541+0000] {processor.py:840} INFO - DAG(s) 'cleanup_dag_logs' retrieved from /opt/airflow/dags/cleanup_logs.py
[2025-08-05T05:10:06.558+0000] {logging_mixin.py:188} INFO - [2025-08-05T05:10:06.558+0000] {dag.py:3096} INFO - Sync 1 DAGs
[2025-08-05T05:10:06.572+0000] {logging_mixin.py:188} INFO - [2025-08-05T05:10:06.572+0000] {dag.py:3954} INFO - Setting next_dagrun for cleanup_dag_logs to 2025-08-05 00:00:00+00:00, run_after=2025-08-06 00:00:00+00:00
[2025-08-05T05:10:06.584+0000] {processor.py:183} INFO - Processing /opt/airflow/dags/cleanup_logs.py took 0.056 seconds
