[2025-08-05T05:08:34.754+0000] {processor.py:161} INFO - Started process (PID=175) to work on /opt/airflow/dags/dag_generator.py
[2025-08-05T05:08:34.755+0000] {processor.py:830} INFO - Processing file /opt/airflow/dags/dag_generator.py for tasks to queue
[2025-08-05T05:08:34.756+0000] {logging_mixin.py:188} INFO - [2025-08-05T05:08:34.756+0000] {dagbag.py:545} INFO - Filling up the DagBag from /opt/airflow/dags/dag_generator.py
[2025-08-05T05:08:35.248+0000] {processor.py:840} INFO - DAG(s) 'dag_aaaaa' retrieved from /opt/airflow/dags/dag_generator.py
[2025-08-05T05:08:35.271+0000] {logging_mixin.py:188} INFO - [2025-08-05T05:08:35.271+0000] {dag.py:3096} INFO - Sync 1 DAGs
[2025-08-05T05:08:35.368+0000] {logging_mixin.py:188} INFO - [2025-08-05T05:08:35.368+0000] {dag.py:3954} INFO - Setting next_dagrun for dag_aaaaa to None, run_after=None
[2025-08-05T05:08:35.378+0000] {processor.py:183} INFO - Processing /opt/airflow/dags/dag_generator.py took 0.629 seconds
[2025-08-05T05:09:05.431+0000] {processor.py:161} INFO - Started process (PID=227) to work on /opt/airflow/dags/dag_generator.py
[2025-08-05T05:09:05.435+0000] {processor.py:830} INFO - Processing file /opt/airflow/dags/dag_generator.py for tasks to queue
[2025-08-05T05:09:05.437+0000] {logging_mixin.py:188} INFO - [2025-08-05T05:09:05.437+0000] {dagbag.py:545} INFO - Filling up the DagBag from /opt/airflow/dags/dag_generator.py
[2025-08-05T05:09:05.666+0000] {processor.py:840} INFO - DAG(s) 'dag_aaaaa' retrieved from /opt/airflow/dags/dag_generator.py
[2025-08-05T05:09:05.778+0000] {logging_mixin.py:188} INFO - [2025-08-05T05:09:05.778+0000] {dag.py:3096} INFO - Sync 1 DAGs
[2025-08-05T05:09:05.789+0000] {logging_mixin.py:188} INFO - [2025-08-05T05:09:05.789+0000] {dag.py:3954} INFO - Setting next_dagrun for dag_aaaaa to None, run_after=None
[2025-08-05T05:09:05.804+0000] {processor.py:183} INFO - Processing /opt/airflow/dags/dag_generator.py took 0.379 seconds
[2025-08-05T05:09:35.975+0000] {processor.py:161} INFO - Started process (PID=263) to work on /opt/airflow/dags/dag_generator.py
[2025-08-05T05:09:35.975+0000] {processor.py:830} INFO - Processing file /opt/airflow/dags/dag_generator.py for tasks to queue
[2025-08-05T05:09:35.976+0000] {logging_mixin.py:188} INFO - [2025-08-05T05:09:35.976+0000] {dagbag.py:545} INFO - Filling up the DagBag from /opt/airflow/dags/dag_generator.py
[2025-08-05T05:09:36.211+0000] {processor.py:840} INFO - DAG(s) 'dag_aaaaa' retrieved from /opt/airflow/dags/dag_generator.py
[2025-08-05T05:09:36.235+0000] {logging_mixin.py:188} INFO - [2025-08-05T05:09:36.235+0000] {dag.py:3096} INFO - Sync 1 DAGs
[2025-08-05T05:09:36.247+0000] {logging_mixin.py:188} INFO - [2025-08-05T05:09:36.247+0000] {dag.py:3954} INFO - Setting next_dagrun for dag_aaaaa to None, run_after=None
[2025-08-05T05:09:36.258+0000] {processor.py:183} INFO - Processing /opt/airflow/dags/dag_generator.py took 0.286 seconds
[2025-08-05T05:10:06.440+0000] {processor.py:161} INFO - Started process (PID=308) to work on /opt/airflow/dags/dag_generator.py
[2025-08-05T05:10:06.443+0000] {processor.py:830} INFO - Processing file /opt/airflow/dags/dag_generator.py for tasks to queue
[2025-08-05T05:10:06.445+0000] {logging_mixin.py:188} INFO - [2025-08-05T05:10:06.445+0000] {dagbag.py:545} INFO - Filling up the DagBag from /opt/airflow/dags/dag_generator.py
[2025-08-05T05:10:06.677+0000] {processor.py:840} INFO - DAG(s) 'dag_aaaaa' retrieved from /opt/airflow/dags/dag_generator.py
[2025-08-05T05:10:06.692+0000] {logging_mixin.py:188} INFO - [2025-08-05T05:10:06.692+0000] {dag.py:3096} INFO - Sync 1 DAGs
[2025-08-05T05:10:06.793+0000] {logging_mixin.py:188} INFO - [2025-08-05T05:10:06.793+0000] {dag.py:3954} INFO - Setting next_dagrun for dag_aaaaa to None, run_after=None
[2025-08-05T05:10:06.812+0000] {processor.py:183} INFO - Processing /opt/airflow/dags/dag_generator.py took 0.379 seconds
