[2025-08-03T06:54:41.919+0000] {local_task_job_runner.py:120} INFO - ::group::Pre task execution logs
[2025-08-03T06:54:41.946+0000] {taskinstance.py:2076} INFO - Dependencies all met for dep_context=non-requeueable deps ti=<TaskInstance: dag_bccwwwww.extract_data_task scheduled__2025-06-25T00:00:00+00:00 [queued]>
[2025-08-03T06:54:41.953+0000] {taskinstance.py:2076} INFO - Dependencies all met for dep_context=requeueable deps ti=<TaskInstance: dag_bccwwwww.extract_data_task scheduled__2025-06-25T00:00:00+00:00 [queued]>
[2025-08-03T06:54:41.953+0000] {taskinstance.py:2306} INFO - Starting attempt 1 of 1
[2025-08-03T06:54:41.967+0000] {taskinstance.py:2330} INFO - Executing <Task(PythonOperator): extract_data_task> on 2025-06-25 00:00:00+00:00
[2025-08-03T06:54:41.982+0000] {logging_mixin.py:188} WARNING - /home/***/.local/lib/python3.12/site-packages/***/task/task_runner/standard_task_runner.py:61 DeprecationWarning: This process (pid=1180) is multi-threaded, use of fork() may lead to deadlocks in the child.
[2025-08-03T06:54:41.984+0000] {standard_task_runner.py:63} INFO - Started process 1187 to run task
[2025-08-03T06:54:41.982+0000] {standard_task_runner.py:90} INFO - Running: ['***', 'tasks', 'run', 'dag_bccwwwww', 'extract_data_task', 'scheduled__2025-06-25T00:00:00+00:00', '--job-id', '26', '--raw', '--subdir', 'DAGS_FOLDER/dag_generator.py', '--cfg-path', '/tmp/tmpwny0pc3h']
[2025-08-03T06:54:41.986+0000] {standard_task_runner.py:91} INFO - Job 26: Subtask extract_data_task
[2025-08-03T06:54:42.279+0000] {task_command.py:426} INFO - Running <TaskInstance: dag_bccwwwww.extract_data_task scheduled__2025-06-25T00:00:00+00:00 [running]> on host 19828dfd2b76
[2025-08-03T06:54:42.384+0000] {taskinstance.py:2648} INFO - Exporting env vars: AIRFLOW_CTX_DAG_OWNER='***' AIRFLOW_CTX_DAG_ID='dag_bccwwwww' AIRFLOW_CTX_TASK_ID='extract_data_task' AIRFLOW_CTX_EXECUTION_DATE='2025-06-25T00:00:00+00:00' AIRFLOW_CTX_TRY_NUMBER='1' AIRFLOW_CTX_DAG_RUN_ID='scheduled__2025-06-25T00:00:00+00:00'
[2025-08-03T06:54:42.385+0000] {taskinstance.py:430} INFO - ::endgroup::
[2025-08-03T06:54:42.397+0000] {__init__.py:57} INFO - 執行 extract_data (資料載入層)
[2025-08-03T06:54:42.398+0000] {__init__.py:61} INFO - 呼叫演算法 'test_csv' 來自模組 'processor.extract.readCSV'
[2025-08-03T06:54:42.401+0000] {__init__.py:71} INFO - 資料是 pd.DataFrame
[2025-08-03T06:54:42.412+0000] {__init__.py:82} INFO - 資料已存入 Redis，key=***_data:dag_bccwwwww.extract_data_task
[2025-08-03T06:54:42.429+0000] {python.py:237} INFO - Done. Returned value was: None
[2025-08-03T06:54:42.429+0000] {taskinstance.py:441} INFO - ::group::Post task execution logs
[2025-08-03T06:54:42.443+0000] {taskinstance.py:1206} INFO - Marking task as SUCCESS. dag_id=dag_bccwwwww, task_id=extract_data_task, run_id=scheduled__2025-06-25T00:00:00+00:00, execution_date=20250625T000000, start_date=20250803T065441, end_date=20250803T065442
[2025-08-03T06:54:42.479+0000] {local_task_job_runner.py:240} INFO - Task exited with return code 0
[2025-08-03T06:54:42.636+0000] {taskinstance.py:3503} INFO - 1 downstream tasks scheduled from follow-on schedule check
[2025-08-03T06:54:42.643+0000] {local_task_job_runner.py:222} INFO - ::endgroup::
[2025-08-03T07:03:21.533+0000] {local_task_job_runner.py:120} INFO - ::group::Pre task execution logs
[2025-08-03T07:03:21.553+0000] {taskinstance.py:2076} INFO - Dependencies all met for dep_context=non-requeueable deps ti=<TaskInstance: dag_bccwwwww.extract_data_task scheduled__2025-06-25T00:00:00+00:00 [queued]>
[2025-08-03T07:03:21.558+0000] {taskinstance.py:2076} INFO - Dependencies all met for dep_context=requeueable deps ti=<TaskInstance: dag_bccwwwww.extract_data_task scheduled__2025-06-25T00:00:00+00:00 [queued]>
[2025-08-03T07:03:21.558+0000] {taskinstance.py:2306} INFO - Starting attempt 1 of 1
[2025-08-03T07:03:21.567+0000] {taskinstance.py:2330} INFO - Executing <Task(PythonOperator): extract_data_task> on 2025-06-25 00:00:00+00:00
[2025-08-03T07:03:21.574+0000] {logging_mixin.py:188} WARNING - /home/***/.local/lib/python3.12/site-packages/***/task/task_runner/standard_task_runner.py:61 DeprecationWarning: This process (pid=1881) is multi-threaded, use of fork() may lead to deadlocks in the child.
[2025-08-03T07:03:21.575+0000] {standard_task_runner.py:63} INFO - Started process 1883 to run task
[2025-08-03T07:03:21.575+0000] {standard_task_runner.py:90} INFO - Running: ['***', 'tasks', 'run', 'dag_bccwwwww', 'extract_data_task', 'scheduled__2025-06-25T00:00:00+00:00', '--job-id', '46', '--raw', '--subdir', 'DAGS_FOLDER/dag_generator.py', '--cfg-path', '/tmp/tmp4gsd6d7a']
[2025-08-03T07:03:21.576+0000] {standard_task_runner.py:91} INFO - Job 46: Subtask extract_data_task
[2025-08-03T07:03:21.752+0000] {task_command.py:426} INFO - Running <TaskInstance: dag_bccwwwww.extract_data_task scheduled__2025-06-25T00:00:00+00:00 [running]> on host 19828dfd2b76
[2025-08-03T07:03:21.834+0000] {taskinstance.py:2648} INFO - Exporting env vars: AIRFLOW_CTX_DAG_OWNER='***' AIRFLOW_CTX_DAG_ID='dag_bccwwwww' AIRFLOW_CTX_TASK_ID='extract_data_task' AIRFLOW_CTX_EXECUTION_DATE='2025-06-25T00:00:00+00:00' AIRFLOW_CTX_TRY_NUMBER='1' AIRFLOW_CTX_DAG_RUN_ID='scheduled__2025-06-25T00:00:00+00:00'
[2025-08-03T07:03:21.835+0000] {taskinstance.py:430} INFO - ::endgroup::
[2025-08-03T07:03:21.848+0000] {__init__.py:57} INFO - 執行 extract_data (資料載入層)
[2025-08-03T07:03:21.849+0000] {__init__.py:61} INFO - 呼叫演算法 'test_csv' 來自模組 'processor.extract.readCSV'
[2025-08-03T07:03:21.851+0000] {__init__.py:71} INFO - 資料是 pd.DataFrame
[2025-08-03T07:03:21.862+0000] {__init__.py:82} INFO - 資料已存入 Redis，key=***_data:dag_bccwwwww.extract_data_task
[2025-08-03T07:03:21.874+0000] {python.py:237} INFO - Done. Returned value was: None
[2025-08-03T07:03:21.874+0000] {taskinstance.py:441} INFO - ::group::Post task execution logs
[2025-08-03T07:03:21.884+0000] {taskinstance.py:1206} INFO - Marking task as SUCCESS. dag_id=dag_bccwwwww, task_id=extract_data_task, run_id=scheduled__2025-06-25T00:00:00+00:00, execution_date=20250625T000000, start_date=20250803T070321, end_date=20250803T070321
[2025-08-03T07:03:21.908+0000] {local_task_job_runner.py:240} INFO - Task exited with return code 0
[2025-08-03T07:03:22.040+0000] {taskinstance.py:3503} INFO - 1 downstream tasks scheduled from follow-on schedule check
[2025-08-03T07:03:22.043+0000] {local_task_job_runner.py:222} INFO - ::endgroup::
[2025-08-03T07:04:22.956+0000] {local_task_job_runner.py:120} INFO - ::group::Pre task execution logs
[2025-08-03T07:04:23.023+0000] {taskinstance.py:2076} INFO - Dependencies all met for dep_context=non-requeueable deps ti=<TaskInstance: dag_bccwwwww.extract_data_task scheduled__2025-06-25T00:00:00+00:00 [queued]>
[2025-08-03T07:04:23.028+0000] {taskinstance.py:2076} INFO - Dependencies all met for dep_context=requeueable deps ti=<TaskInstance: dag_bccwwwww.extract_data_task scheduled__2025-06-25T00:00:00+00:00 [queued]>
[2025-08-03T07:04:23.028+0000] {taskinstance.py:2306} INFO - Starting attempt 1 of 1
[2025-08-03T07:04:23.038+0000] {taskinstance.py:2330} INFO - Executing <Task(PythonOperator): extract_data_task> on 2025-06-25 00:00:00+00:00
[2025-08-03T07:04:23.047+0000] {logging_mixin.py:188} WARNING - /home/***/.local/lib/python3.12/site-packages/***/task/task_runner/standard_task_runner.py:61 DeprecationWarning: This process (pid=1974) is multi-threaded, use of fork() may lead to deadlocks in the child.
[2025-08-03T07:04:23.048+0000] {standard_task_runner.py:63} INFO - Started process 1976 to run task
[2025-08-03T07:04:23.047+0000] {standard_task_runner.py:90} INFO - Running: ['***', 'tasks', 'run', 'dag_bccwwwww', 'extract_data_task', 'scheduled__2025-06-25T00:00:00+00:00', '--job-id', '50', '--raw', '--subdir', 'DAGS_FOLDER/dag_generator.py', '--cfg-path', '/tmp/tmp5c77kgjp']
[2025-08-03T07:04:23.049+0000] {standard_task_runner.py:91} INFO - Job 50: Subtask extract_data_task
[2025-08-03T07:04:23.278+0000] {task_command.py:426} INFO - Running <TaskInstance: dag_bccwwwww.extract_data_task scheduled__2025-06-25T00:00:00+00:00 [running]> on host 19828dfd2b76
[2025-08-03T07:04:23.405+0000] {taskinstance.py:2648} INFO - Exporting env vars: AIRFLOW_CTX_DAG_OWNER='***' AIRFLOW_CTX_DAG_ID='dag_bccwwwww' AIRFLOW_CTX_TASK_ID='extract_data_task' AIRFLOW_CTX_EXECUTION_DATE='2025-06-25T00:00:00+00:00' AIRFLOW_CTX_TRY_NUMBER='1' AIRFLOW_CTX_DAG_RUN_ID='scheduled__2025-06-25T00:00:00+00:00'
[2025-08-03T07:04:23.406+0000] {taskinstance.py:430} INFO - ::endgroup::
[2025-08-03T07:04:23.421+0000] {__init__.py:57} INFO - 執行 extract_data (資料載入層)
[2025-08-03T07:04:23.422+0000] {__init__.py:61} INFO - 呼叫演算法 'test_csv' 來自模組 'processor.extract.readCSV'
[2025-08-03T07:04:23.425+0000] {__init__.py:71} INFO - 資料是 pd.DataFrame
[2025-08-03T07:04:23.438+0000] {__init__.py:82} INFO - 資料已存入 Redis，key=***_data:dag_bccwwwww.extract_data_task
[2025-08-03T07:04:23.450+0000] {python.py:237} INFO - Done. Returned value was: None
[2025-08-03T07:04:23.450+0000] {taskinstance.py:441} INFO - ::group::Post task execution logs
[2025-08-03T07:04:23.459+0000] {taskinstance.py:1206} INFO - Marking task as SUCCESS. dag_id=dag_bccwwwww, task_id=extract_data_task, run_id=scheduled__2025-06-25T00:00:00+00:00, execution_date=20250625T000000, start_date=20250803T070423, end_date=20250803T070423
[2025-08-03T07:04:23.502+0000] {local_task_job_runner.py:240} INFO - Task exited with return code 0
[2025-08-03T07:04:23.670+0000] {taskinstance.py:3503} INFO - 1 downstream tasks scheduled from follow-on schedule check
[2025-08-03T07:04:23.676+0000] {local_task_job_runner.py:222} INFO - ::endgroup::
