[2025-08-01T01:57:42.965+0000] {local_task_job_runner.py:120} INFO - ::group::Pre task execution logs
[2025-08-01T01:57:43.083+0000] {taskinstance.py:2076} INFO - Dependencies all met for dep_context=non-requeueable deps ti=<TaskInstance: dag_9999.transform_data_task manual__2025-08-01T01:57:40.793857+00:00 [queued]>
[2025-08-01T01:57:43.088+0000] {taskinstance.py:2076} INFO - Dependencies all met for dep_context=requeueable deps ti=<TaskInstance: dag_9999.transform_data_task manual__2025-08-01T01:57:40.793857+00:00 [queued]>
[2025-08-01T01:57:43.088+0000] {taskinstance.py:2306} INFO - Starting attempt 1 of 1
[2025-08-01T01:57:43.097+0000] {taskinstance.py:2330} INFO - Executing <Task(PythonOperator): transform_data_task> on 2025-08-01 01:57:40.793857+00:00
[2025-08-01T01:57:43.102+0000] {logging_mixin.py:188} WARNING - /home/***/.local/lib/python3.12/site-packages/***/task/task_runner/standard_task_runner.py:61 DeprecationWarning: This process (pid=7724) is multi-threaded, use of fork() may lead to deadlocks in the child.
[2025-08-01T01:57:43.102+0000] {standard_task_runner.py:63} INFO - Started process 7726 to run task
[2025-08-01T01:57:43.102+0000] {standard_task_runner.py:90} INFO - Running: ['***', 'tasks', 'run', 'dag_9999', 'transform_data_task', 'manual__2025-08-01T01:57:40.793857+00:00', '--job-id', '181', '--raw', '--subdir', 'DAGS_FOLDER/dag_generator.py', '--cfg-path', '/tmp/tmpp7unfqcu']
[2025-08-01T01:57:43.104+0000] {standard_task_runner.py:91} INFO - Job 181: Subtask transform_data_task
[2025-08-01T01:57:43.145+0000] {task_command.py:426} INFO - Running <TaskInstance: dag_9999.transform_data_task manual__2025-08-01T01:57:40.793857+00:00 [running]> on host 14614e29d246
[2025-08-01T01:57:43.225+0000] {taskinstance.py:2648} INFO - Exporting env vars: AIRFLOW_CTX_DAG_OWNER='***' AIRFLOW_CTX_DAG_ID='dag_9999' AIRFLOW_CTX_TASK_ID='transform_data_task' AIRFLOW_CTX_EXECUTION_DATE='2025-08-01T01:57:40.793857+00:00' AIRFLOW_CTX_TRY_NUMBER='1' AIRFLOW_CTX_DAG_RUN_ID='manual__2025-08-01T01:57:40.793857+00:00'
[2025-08-01T01:57:43.226+0000] {taskinstance.py:430} INFO - ::endgroup::
[2025-08-01T01:57:43.239+0000] {__init__.py:92} INFO - 執行 transform_data (資料轉換層)
[2025-08-01T01:57:43.239+0000] {__init__.py:34} INFO - _get_upstream_output_path 上游任務: {'extract_data_task'}
[2025-08-01T01:57:43.239+0000] {__init__.py:50} INFO - 任務 'transform_data_task' 從單一上游 'extract_data_task' 拉取資料
[2025-08-01T01:57:43.246+0000] {__init__.py:52} INFO - 拉取到的 redis_key: ***_data:dag_9999.extract_data_task
[2025-08-01T01:57:43.249+0000] {__init__.py:115} INFO - 呼叫演算法 'aggregate_product_data' 來自模組 'processor.transform.algos_1'
[2025-08-01T01:57:43.277+0000] {algos_1.py:29} INFO - 資料處理完成
[2025-08-01T01:57:43.277+0000] {__init__.py:127} INFO - 資料是 pd.DataFrame
[2025-08-01T01:57:43.279+0000] {__init__.py:138} INFO - 轉換後資料已存入 Redis，key=***_data:dag_9999.transform_data_task
[2025-08-01T01:57:43.279+0000] {__init__.py:147} INFO - 刪除上游 Redis key: ***_data:dag_9999.extract_data_task
[2025-08-01T01:57:43.291+0000] {python.py:237} INFO - Done. Returned value was: None
[2025-08-01T01:57:43.292+0000] {taskinstance.py:441} INFO - ::group::Post task execution logs
[2025-08-01T01:57:43.303+0000] {taskinstance.py:1206} INFO - Marking task as SUCCESS. dag_id=dag_9999, task_id=transform_data_task, run_id=manual__2025-08-01T01:57:40.793857+00:00, execution_date=20250801T015740, start_date=20250801T015743, end_date=20250801T015743
[2025-08-01T01:57:43.355+0000] {local_task_job_runner.py:240} INFO - Task exited with return code 0
[2025-08-01T01:57:43.378+0000] {taskinstance.py:3503} INFO - 1 downstream tasks scheduled from follow-on schedule check
[2025-08-01T01:57:43.381+0000] {local_task_job_runner.py:222} INFO - ::endgroup::
