[2025-08-06T00:00:36.576+0000] {processor.py:161} INFO - Started process (PID=192) to work on /opt/airflow/dags/processor/__init__.py
[2025-08-06T00:00:36.577+0000] {processor.py:830} INFO - Processing file /opt/airflow/dags/processor/__init__.py for tasks to queue
[2025-08-06T00:00:36.578+0000] {logging_mixin.py:188} INFO - [2025-08-06T00:00:36.578+0000] {dagbag.py:545} INFO - Filling up the DagBag from /opt/airflow/dags/processor/__init__.py
[2025-08-06T00:00:37.604+0000] {processor.py:842} WARNING - No viable dags retrieved from /opt/airflow/dags/processor/__init__.py
[2025-08-06T00:00:37.616+0000] {processor.py:183} INFO - Processing /opt/airflow/dags/processor/__init__.py took 1.046 seconds
[2025-08-06T00:01:08.005+0000] {processor.py:161} INFO - Started process (PID=238) to work on /opt/airflow/dags/processor/__init__.py
[2025-08-06T00:01:08.006+0000] {processor.py:830} INFO - Processing file /opt/airflow/dags/processor/__init__.py for tasks to queue
[2025-08-06T00:01:08.007+0000] {logging_mixin.py:188} INFO - [2025-08-06T00:01:08.007+0000] {dagbag.py:545} INFO - Filling up the DagBag from /opt/airflow/dags/processor/__init__.py
[2025-08-06T00:01:08.227+0000] {processor.py:842} WARNING - No viable dags retrieved from /opt/airflow/dags/processor/__init__.py
[2025-08-06T00:01:08.237+0000] {processor.py:183} INFO - Processing /opt/airflow/dags/processor/__init__.py took 0.235 seconds
[2025-08-06T00:01:38.428+0000] {processor.py:161} INFO - Started process (PID=278) to work on /opt/airflow/dags/processor/__init__.py
[2025-08-06T00:01:38.430+0000] {processor.py:830} INFO - Processing file /opt/airflow/dags/processor/__init__.py for tasks to queue
[2025-08-06T00:01:38.432+0000] {logging_mixin.py:188} INFO - [2025-08-06T00:01:38.432+0000] {dagbag.py:545} INFO - Filling up the DagBag from /opt/airflow/dags/processor/__init__.py
[2025-08-06T00:01:38.628+0000] {processor.py:842} WARNING - No viable dags retrieved from /opt/airflow/dags/processor/__init__.py
[2025-08-06T00:01:38.635+0000] {processor.py:183} INFO - Processing /opt/airflow/dags/processor/__init__.py took 0.213 seconds
[2025-08-06T00:02:08.887+0000] {processor.py:161} INFO - Started process (PID=316) to work on /opt/airflow/dags/processor/__init__.py
[2025-08-06T00:02:08.890+0000] {processor.py:830} INFO - Processing file /opt/airflow/dags/processor/__init__.py for tasks to queue
[2025-08-06T00:02:08.892+0000] {logging_mixin.py:188} INFO - [2025-08-06T00:02:08.892+0000] {dagbag.py:545} INFO - Filling up the DagBag from /opt/airflow/dags/processor/__init__.py
[2025-08-06T00:02:09.091+0000] {processor.py:842} WARNING - No viable dags retrieved from /opt/airflow/dags/processor/__init__.py
[2025-08-06T00:02:09.100+0000] {processor.py:183} INFO - Processing /opt/airflow/dags/processor/__init__.py took 0.220 seconds
[2025-08-06T00:02:39.365+0000] {processor.py:161} INFO - Started process (PID=359) to work on /opt/airflow/dags/processor/__init__.py
[2025-08-06T00:02:39.367+0000] {processor.py:830} INFO - Processing file /opt/airflow/dags/processor/__init__.py for tasks to queue
[2025-08-06T00:02:39.369+0000] {logging_mixin.py:188} INFO - [2025-08-06T00:02:39.369+0000] {dagbag.py:545} INFO - Filling up the DagBag from /opt/airflow/dags/processor/__init__.py
[2025-08-06T00:02:39.596+0000] {processor.py:842} WARNING - No viable dags retrieved from /opt/airflow/dags/processor/__init__.py
[2025-08-06T00:02:39.606+0000] {processor.py:183} INFO - Processing /opt/airflow/dags/processor/__init__.py took 0.249 seconds
[2025-08-06T00:03:09.780+0000] {processor.py:161} INFO - Started process (PID=397) to work on /opt/airflow/dags/processor/__init__.py
[2025-08-06T00:03:09.781+0000] {processor.py:830} INFO - Processing file /opt/airflow/dags/processor/__init__.py for tasks to queue
[2025-08-06T00:03:09.783+0000] {logging_mixin.py:188} INFO - [2025-08-06T00:03:09.783+0000] {dagbag.py:545} INFO - Filling up the DagBag from /opt/airflow/dags/processor/__init__.py
[2025-08-06T00:03:09.973+0000] {processor.py:842} WARNING - No viable dags retrieved from /opt/airflow/dags/processor/__init__.py
[2025-08-06T00:03:09.983+0000] {processor.py:183} INFO - Processing /opt/airflow/dags/processor/__init__.py took 0.207 seconds
[2025-08-06T00:03:40.175+0000] {processor.py:161} INFO - Started process (PID=440) to work on /opt/airflow/dags/processor/__init__.py
[2025-08-06T00:03:40.178+0000] {processor.py:830} INFO - Processing file /opt/airflow/dags/processor/__init__.py for tasks to queue
[2025-08-06T00:03:40.180+0000] {logging_mixin.py:188} INFO - [2025-08-06T00:03:40.180+0000] {dagbag.py:545} INFO - Filling up the DagBag from /opt/airflow/dags/processor/__init__.py
[2025-08-06T00:03:40.475+0000] {processor.py:842} WARNING - No viable dags retrieved from /opt/airflow/dags/processor/__init__.py
[2025-08-06T00:03:40.484+0000] {processor.py:183} INFO - Processing /opt/airflow/dags/processor/__init__.py took 0.318 seconds
[2025-08-06T00:04:10.780+0000] {processor.py:161} INFO - Started process (PID=485) to work on /opt/airflow/dags/processor/__init__.py
[2025-08-06T00:04:10.784+0000] {processor.py:830} INFO - Processing file /opt/airflow/dags/processor/__init__.py for tasks to queue
[2025-08-06T00:04:10.785+0000] {logging_mixin.py:188} INFO - [2025-08-06T00:04:10.785+0000] {dagbag.py:545} INFO - Filling up the DagBag from /opt/airflow/dags/processor/__init__.py
[2025-08-06T00:04:10.975+0000] {processor.py:842} WARNING - No viable dags retrieved from /opt/airflow/dags/processor/__init__.py
[2025-08-06T00:04:10.983+0000] {processor.py:183} INFO - Processing /opt/airflow/dags/processor/__init__.py took 0.209 seconds
[2025-08-06T00:04:41.280+0000] {processor.py:161} INFO - Started process (PID=521) to work on /opt/airflow/dags/processor/__init__.py
[2025-08-06T00:04:41.283+0000] {processor.py:830} INFO - Processing file /opt/airflow/dags/processor/__init__.py for tasks to queue
[2025-08-06T00:04:41.285+0000] {logging_mixin.py:188} INFO - [2025-08-06T00:04:41.284+0000] {dagbag.py:545} INFO - Filling up the DagBag from /opt/airflow/dags/processor/__init__.py
[2025-08-06T00:04:41.479+0000] {processor.py:842} WARNING - No viable dags retrieved from /opt/airflow/dags/processor/__init__.py
[2025-08-06T00:04:41.489+0000] {processor.py:183} INFO - Processing /opt/airflow/dags/processor/__init__.py took 0.215 seconds
[2025-08-06T00:05:11.681+0000] {processor.py:161} INFO - Started process (PID=566) to work on /opt/airflow/dags/processor/__init__.py
[2025-08-06T00:05:11.682+0000] {processor.py:830} INFO - Processing file /opt/airflow/dags/processor/__init__.py for tasks to queue
[2025-08-06T00:05:11.684+0000] {logging_mixin.py:188} INFO - [2025-08-06T00:05:11.683+0000] {dagbag.py:545} INFO - Filling up the DagBag from /opt/airflow/dags/processor/__init__.py
[2025-08-06T00:05:11.980+0000] {processor.py:842} WARNING - No viable dags retrieved from /opt/airflow/dags/processor/__init__.py
[2025-08-06T00:05:11.988+0000] {processor.py:183} INFO - Processing /opt/airflow/dags/processor/__init__.py took 0.313 seconds
[2025-08-06T00:05:42.292+0000] {processor.py:161} INFO - Started process (PID=602) to work on /opt/airflow/dags/processor/__init__.py
[2025-08-06T00:05:42.294+0000] {processor.py:830} INFO - Processing file /opt/airflow/dags/processor/__init__.py for tasks to queue
[2025-08-06T00:05:42.296+0000] {logging_mixin.py:188} INFO - [2025-08-06T00:05:42.296+0000] {dagbag.py:545} INFO - Filling up the DagBag from /opt/airflow/dags/processor/__init__.py
[2025-08-06T00:05:42.496+0000] {processor.py:842} WARNING - No viable dags retrieved from /opt/airflow/dags/processor/__init__.py
[2025-08-06T00:05:42.502+0000] {processor.py:183} INFO - Processing /opt/airflow/dags/processor/__init__.py took 0.217 seconds
[2025-08-06T00:06:12.817+0000] {processor.py:161} INFO - Started process (PID=646) to work on /opt/airflow/dags/processor/__init__.py
[2025-08-06T00:06:12.819+0000] {processor.py:830} INFO - Processing file /opt/airflow/dags/processor/__init__.py for tasks to queue
[2025-08-06T00:06:12.821+0000] {logging_mixin.py:188} INFO - [2025-08-06T00:06:12.821+0000] {dagbag.py:545} INFO - Filling up the DagBag from /opt/airflow/dags/processor/__init__.py
[2025-08-06T00:06:13.017+0000] {processor.py:842} WARNING - No viable dags retrieved from /opt/airflow/dags/processor/__init__.py
[2025-08-06T00:06:13.025+0000] {processor.py:183} INFO - Processing /opt/airflow/dags/processor/__init__.py took 0.215 seconds
[2025-08-06T00:06:43.225+0000] {processor.py:161} INFO - Started process (PID=689) to work on /opt/airflow/dags/processor/__init__.py
[2025-08-06T00:06:43.228+0000] {processor.py:830} INFO - Processing file /opt/airflow/dags/processor/__init__.py for tasks to queue
[2025-08-06T00:06:43.230+0000] {logging_mixin.py:188} INFO - [2025-08-06T00:06:43.229+0000] {dagbag.py:545} INFO - Filling up the DagBag from /opt/airflow/dags/processor/__init__.py
[2025-08-06T00:06:43.514+0000] {processor.py:842} WARNING - No viable dags retrieved from /opt/airflow/dags/processor/__init__.py
[2025-08-06T00:06:43.523+0000] {processor.py:183} INFO - Processing /opt/airflow/dags/processor/__init__.py took 0.304 seconds
[2025-08-06T00:07:13.819+0000] {processor.py:161} INFO - Started process (PID=728) to work on /opt/airflow/dags/processor/__init__.py
[2025-08-06T00:07:13.821+0000] {processor.py:830} INFO - Processing file /opt/airflow/dags/processor/__init__.py for tasks to queue
[2025-08-06T00:07:13.823+0000] {logging_mixin.py:188} INFO - [2025-08-06T00:07:13.823+0000] {dagbag.py:545} INFO - Filling up the DagBag from /opt/airflow/dags/processor/__init__.py
[2025-08-06T00:07:14.108+0000] {processor.py:842} WARNING - No viable dags retrieved from /opt/airflow/dags/processor/__init__.py
[2025-08-06T00:07:14.114+0000] {processor.py:183} INFO - Processing /opt/airflow/dags/processor/__init__.py took 0.304 seconds
[2025-08-06T00:07:44.359+0000] {processor.py:161} INFO - Started process (PID=771) to work on /opt/airflow/dags/processor/__init__.py
[2025-08-06T00:07:44.360+0000] {processor.py:830} INFO - Processing file /opt/airflow/dags/processor/__init__.py for tasks to queue
[2025-08-06T00:07:44.362+0000] {logging_mixin.py:188} INFO - [2025-08-06T00:07:44.362+0000] {dagbag.py:545} INFO - Filling up the DagBag from /opt/airflow/dags/processor/__init__.py
[2025-08-06T00:07:44.651+0000] {processor.py:842} WARNING - No viable dags retrieved from /opt/airflow/dags/processor/__init__.py
[2025-08-06T00:07:44.658+0000] {processor.py:183} INFO - Processing /opt/airflow/dags/processor/__init__.py took 0.306 seconds
[2025-08-06T00:08:14.915+0000] {processor.py:161} INFO - Started process (PID=816) to work on /opt/airflow/dags/processor/__init__.py
[2025-08-06T00:08:14.918+0000] {processor.py:830} INFO - Processing file /opt/airflow/dags/processor/__init__.py for tasks to queue
[2025-08-06T00:08:14.919+0000] {logging_mixin.py:188} INFO - [2025-08-06T00:08:14.919+0000] {dagbag.py:545} INFO - Filling up the DagBag from /opt/airflow/dags/processor/__init__.py
[2025-08-06T00:08:15.191+0000] {processor.py:842} WARNING - No viable dags retrieved from /opt/airflow/dags/processor/__init__.py
[2025-08-06T00:08:15.199+0000] {processor.py:183} INFO - Processing /opt/airflow/dags/processor/__init__.py took 0.289 seconds
[2025-08-06T00:08:45.476+0000] {processor.py:161} INFO - Started process (PID=852) to work on /opt/airflow/dags/processor/__init__.py
[2025-08-06T00:08:45.478+0000] {processor.py:830} INFO - Processing file /opt/airflow/dags/processor/__init__.py for tasks to queue
[2025-08-06T00:08:45.480+0000] {logging_mixin.py:188} INFO - [2025-08-06T00:08:45.480+0000] {dagbag.py:545} INFO - Filling up the DagBag from /opt/airflow/dags/processor/__init__.py
[2025-08-06T00:08:45.768+0000] {processor.py:842} WARNING - No viable dags retrieved from /opt/airflow/dags/processor/__init__.py
[2025-08-06T00:08:45.775+0000] {processor.py:183} INFO - Processing /opt/airflow/dags/processor/__init__.py took 0.306 seconds
[2025-08-06T00:09:16.061+0000] {processor.py:161} INFO - Started process (PID=897) to work on /opt/airflow/dags/processor/__init__.py
[2025-08-06T00:09:16.064+0000] {processor.py:830} INFO - Processing file /opt/airflow/dags/processor/__init__.py for tasks to queue
[2025-08-06T00:09:16.066+0000] {logging_mixin.py:188} INFO - [2025-08-06T00:09:16.066+0000] {dagbag.py:545} INFO - Filling up the DagBag from /opt/airflow/dags/processor/__init__.py
[2025-08-06T00:09:16.344+0000] {processor.py:842} WARNING - No viable dags retrieved from /opt/airflow/dags/processor/__init__.py
[2025-08-06T00:09:16.353+0000] {processor.py:183} INFO - Processing /opt/airflow/dags/processor/__init__.py took 0.298 seconds
[2025-08-06T00:09:46.633+0000] {processor.py:161} INFO - Started process (PID=933) to work on /opt/airflow/dags/processor/__init__.py
[2025-08-06T00:09:46.637+0000] {processor.py:830} INFO - Processing file /opt/airflow/dags/processor/__init__.py for tasks to queue
[2025-08-06T00:09:46.639+0000] {logging_mixin.py:188} INFO - [2025-08-06T00:09:46.639+0000] {dagbag.py:545} INFO - Filling up the DagBag from /opt/airflow/dags/processor/__init__.py
[2025-08-06T00:09:46.929+0000] {processor.py:842} WARNING - No viable dags retrieved from /opt/airflow/dags/processor/__init__.py
[2025-08-06T00:09:46.937+0000] {processor.py:183} INFO - Processing /opt/airflow/dags/processor/__init__.py took 0.312 seconds
[2025-08-06T00:10:17.171+0000] {processor.py:161} INFO - Started process (PID=978) to work on /opt/airflow/dags/processor/__init__.py
[2025-08-06T00:10:17.174+0000] {processor.py:830} INFO - Processing file /opt/airflow/dags/processor/__init__.py for tasks to queue
[2025-08-06T00:10:17.176+0000] {logging_mixin.py:188} INFO - [2025-08-06T00:10:17.176+0000] {dagbag.py:545} INFO - Filling up the DagBag from /opt/airflow/dags/processor/__init__.py
[2025-08-06T00:10:17.457+0000] {processor.py:842} WARNING - No viable dags retrieved from /opt/airflow/dags/processor/__init__.py
[2025-08-06T00:10:17.467+0000] {processor.py:183} INFO - Processing /opt/airflow/dags/processor/__init__.py took 0.302 seconds
[2025-08-06T00:10:47.755+0000] {processor.py:161} INFO - Started process (PID=1021) to work on /opt/airflow/dags/processor/__init__.py
[2025-08-06T00:10:47.758+0000] {processor.py:830} INFO - Processing file /opt/airflow/dags/processor/__init__.py for tasks to queue
[2025-08-06T00:10:47.759+0000] {logging_mixin.py:188} INFO - [2025-08-06T00:10:47.759+0000] {dagbag.py:545} INFO - Filling up the DagBag from /opt/airflow/dags/processor/__init__.py
[2025-08-06T00:10:48.030+0000] {processor.py:842} WARNING - No viable dags retrieved from /opt/airflow/dags/processor/__init__.py
[2025-08-06T00:10:48.041+0000] {processor.py:183} INFO - Processing /opt/airflow/dags/processor/__init__.py took 0.291 seconds
[2025-08-06T00:11:18.301+0000] {processor.py:161} INFO - Started process (PID=1059) to work on /opt/airflow/dags/processor/__init__.py
[2025-08-06T00:11:18.305+0000] {processor.py:830} INFO - Processing file /opt/airflow/dags/processor/__init__.py for tasks to queue
[2025-08-06T00:11:18.307+0000] {logging_mixin.py:188} INFO - [2025-08-06T00:11:18.306+0000] {dagbag.py:545} INFO - Filling up the DagBag from /opt/airflow/dags/processor/__init__.py
[2025-08-06T00:11:18.654+0000] {processor.py:842} WARNING - No viable dags retrieved from /opt/airflow/dags/processor/__init__.py
[2025-08-06T00:11:18.664+0000] {processor.py:183} INFO - Processing /opt/airflow/dags/processor/__init__.py took 0.370 seconds
[2025-08-06T00:11:48.952+0000] {processor.py:161} INFO - Started process (PID=1102) to work on /opt/airflow/dags/processor/__init__.py
[2025-08-06T00:11:48.956+0000] {processor.py:830} INFO - Processing file /opt/airflow/dags/processor/__init__.py for tasks to queue
[2025-08-06T00:11:48.959+0000] {logging_mixin.py:188} INFO - [2025-08-06T00:11:48.958+0000] {dagbag.py:545} INFO - Filling up the DagBag from /opt/airflow/dags/processor/__init__.py
[2025-08-06T00:11:49.279+0000] {processor.py:842} WARNING - No viable dags retrieved from /opt/airflow/dags/processor/__init__.py
[2025-08-06T00:11:49.285+0000] {processor.py:183} INFO - Processing /opt/airflow/dags/processor/__init__.py took 0.343 seconds
[2025-08-06T00:12:19.589+0000] {processor.py:161} INFO - Started process (PID=1140) to work on /opt/airflow/dags/processor/__init__.py
[2025-08-06T00:12:19.591+0000] {processor.py:830} INFO - Processing file /opt/airflow/dags/processor/__init__.py for tasks to queue
[2025-08-06T00:12:19.592+0000] {logging_mixin.py:188} INFO - [2025-08-06T00:12:19.592+0000] {dagbag.py:545} INFO - Filling up the DagBag from /opt/airflow/dags/processor/__init__.py
[2025-08-06T00:12:19.897+0000] {processor.py:842} WARNING - No viable dags retrieved from /opt/airflow/dags/processor/__init__.py
[2025-08-06T00:12:19.905+0000] {processor.py:183} INFO - Processing /opt/airflow/dags/processor/__init__.py took 0.324 seconds
[2025-08-06T00:12:50.158+0000] {processor.py:161} INFO - Started process (PID=1183) to work on /opt/airflow/dags/processor/__init__.py
[2025-08-06T00:12:50.162+0000] {processor.py:830} INFO - Processing file /opt/airflow/dags/processor/__init__.py for tasks to queue
[2025-08-06T00:12:50.164+0000] {logging_mixin.py:188} INFO - [2025-08-06T00:12:50.164+0000] {dagbag.py:545} INFO - Filling up the DagBag from /opt/airflow/dags/processor/__init__.py
[2025-08-06T00:12:50.456+0000] {processor.py:842} WARNING - No viable dags retrieved from /opt/airflow/dags/processor/__init__.py
[2025-08-06T00:12:50.464+0000] {processor.py:183} INFO - Processing /opt/airflow/dags/processor/__init__.py took 0.311 seconds
