[2025-07-28T14:04:39.896+0000] {local_task_job_runner.py:120} INFO - ::group::Pre task execution logs
[2025-07-28T14:04:40.092+0000] {taskinstance.py:2076} INFO - Dependencies all met for dep_context=non-requeueable deps ti=<TaskInstance: dag_aaaaaaaaaaeqq.transform_data_task2 scheduled__2025-06-25T00:00:00+00:00 [queued]>
[2025-07-28T14:04:40.101+0000] {taskinstance.py:2076} INFO - Dependencies all met for dep_context=requeueable deps ti=<TaskInstance: dag_aaaaaaaaaaeqq.transform_data_task2 scheduled__2025-06-25T00:00:00+00:00 [queued]>
[2025-07-28T14:04:40.101+0000] {taskinstance.py:2306} INFO - Starting attempt 1 of 1
[2025-07-28T14:04:40.114+0000] {taskinstance.py:2330} INFO - Executing <Task(PythonOperator): transform_data_task2> on 2025-06-25 00:00:00+00:00
[2025-07-28T14:04:40.122+0000] {logging_mixin.py:188} WARNING - /home/***/.local/lib/python3.12/site-packages/***/task/task_runner/standard_task_runner.py:61 DeprecationWarning: This process (pid=8498) is multi-threaded, use of fork() may lead to deadlocks in the child.
[2025-07-28T14:04:40.121+0000] {standard_task_runner.py:90} INFO - Running: ['***', 'tasks', 'run', 'dag_aaaaaaaaaaeqq', 'transform_data_task2', 'scheduled__2025-06-25T00:00:00+00:00', '--job-id', '58', '--raw', '--subdir', 'DAGS_FOLDER/dag_generator_python.py', '--cfg-path', '/tmp/tmpsbjp0v6i']
[2025-07-28T14:04:40.123+0000] {standard_task_runner.py:63} INFO - Started process 8500 to run task
[2025-07-28T14:04:40.123+0000] {standard_task_runner.py:91} INFO - Job 58: Subtask transform_data_task2
[2025-07-28T14:04:40.185+0000] {task_command.py:426} INFO - Running <TaskInstance: dag_aaaaaaaaaaeqq.transform_data_task2 scheduled__2025-06-25T00:00:00+00:00 [running]> on host 1171f9d2ced8
[2025-07-28T14:04:40.285+0000] {taskinstance.py:2648} INFO - Exporting env vars: AIRFLOW_CTX_DAG_OWNER='***' AIRFLOW_CTX_DAG_ID='dag_aaaaaaaaaaeqq' AIRFLOW_CTX_TASK_ID='transform_data_task2' AIRFLOW_CTX_EXECUTION_DATE='2025-06-25T00:00:00+00:00' AIRFLOW_CTX_TRY_NUMBER='1' AIRFLOW_CTX_DAG_RUN_ID='scheduled__2025-06-25T00:00:00+00:00'
[2025-07-28T14:04:40.286+0000] {taskinstance.py:430} INFO - ::endgroup::
[2025-07-28T14:04:40.302+0000] {logging_mixin.py:188} INFO - Fetching data from Redis key: ***_data:dag_aaaaaaaaaaeqq
[2025-07-28T14:04:40.330+0000] {logging_mixin.py:188} INFO - Applying algorithm 'add_test' from module 'processor.transform.algos_1'
[2025-07-28T14:04:40.332+0000] {logging_mixin.py:188} INFO - Transformed data stored back to Redis with key: ***_data:dag_aaaaaaaaaaeqq
[2025-07-28T14:04:40.348+0000] {python.py:237} INFO - Done. Returned value was: None
[2025-07-28T14:04:40.349+0000] {taskinstance.py:441} INFO - ::group::Post task execution logs
[2025-07-28T14:04:40.358+0000] {taskinstance.py:1206} INFO - Marking task as SUCCESS. dag_id=dag_aaaaaaaaaaeqq, task_id=transform_data_task2, run_id=scheduled__2025-06-25T00:00:00+00:00, execution_date=20250625T000000, start_date=20250728T140440, end_date=20250728T140440
[2025-07-28T14:04:40.377+0000] {local_task_job_runner.py:240} INFO - Task exited with return code 0
[2025-07-28T14:04:40.403+0000] {taskinstance.py:3503} INFO - 1 downstream tasks scheduled from follow-on schedule check
[2025-07-28T14:04:40.406+0000] {local_task_job_runner.py:222} INFO - ::endgroup::
