[2025-07-29T07:25:48.738+0000] {local_task_job_runner.py:120} INFO - ::group::Pre task execution logs
[2025-07-29T07:25:48.756+0000] {taskinstance.py:2076} INFO - Dependencies all met for dep_context=non-requeueable deps ti=<TaskInstance: dag_aaaa.transform_data_task scheduled__2025-06-25T00:00:00+00:00 [queued]>
[2025-07-29T07:25:48.760+0000] {taskinstance.py:2076} INFO - Dependencies all met for dep_context=requeueable deps ti=<TaskInstance: dag_aaaa.transform_data_task scheduled__2025-06-25T00:00:00+00:00 [queued]>
[2025-07-29T07:25:48.761+0000] {taskinstance.py:2306} INFO - Starting attempt 1 of 1
[2025-07-29T07:25:48.770+0000] {taskinstance.py:2330} INFO - Executing <Task(PythonOperator): transform_data_task> on 2025-06-25 00:00:00+00:00
[2025-07-29T07:25:48.775+0000] {logging_mixin.py:188} WARNING - /home/***/.local/lib/python3.12/site-packages/***/task/task_runner/standard_task_runner.py:61 DeprecationWarning: This process (pid=14223) is multi-threaded, use of fork() may lead to deadlocks in the child.
[2025-07-29T07:25:48.776+0000] {standard_task_runner.py:63} INFO - Started process 14225 to run task
[2025-07-29T07:25:48.776+0000] {standard_task_runner.py:90} INFO - Running: ['***', 'tasks', 'run', 'dag_aaaa', 'transform_data_task', 'scheduled__2025-06-25T00:00:00+00:00', '--job-id', '30', '--raw', '--subdir', 'DAGS_FOLDER/dag_generator_python.py', '--cfg-path', '/tmp/tmp0tveicqr']
[2025-07-29T07:25:48.778+0000] {standard_task_runner.py:91} INFO - Job 30: Subtask transform_data_task
[2025-07-29T07:25:48.922+0000] {task_command.py:426} INFO - Running <TaskInstance: dag_aaaa.transform_data_task scheduled__2025-06-25T00:00:00+00:00 [running]> on host ee0266895495
[2025-07-29T07:25:49.005+0000] {taskinstance.py:2648} INFO - Exporting env vars: AIRFLOW_CTX_DAG_OWNER='***' AIRFLOW_CTX_DAG_ID='dag_aaaa' AIRFLOW_CTX_TASK_ID='transform_data_task' AIRFLOW_CTX_EXECUTION_DATE='2025-06-25T00:00:00+00:00' AIRFLOW_CTX_TRY_NUMBER='1' AIRFLOW_CTX_DAG_RUN_ID='scheduled__2025-06-25T00:00:00+00:00'
[2025-07-29T07:25:49.006+0000] {taskinstance.py:430} INFO - ::endgroup::
[2025-07-29T07:25:49.016+0000] {logging_mixin.py:188} INFO - 測試轉換層
[2025-07-29T07:25:49.016+0000] {logging_mixin.py:188} INFO - Fetching data from Redis key: ***_data:dag_aaaa
[2025-07-29T07:25:49.018+0000] {logging_mixin.py:188} INFO - Applying algorithm 'aggregate_product_data' from module 'processor.transform.algos_1'
[2025-07-29T07:25:49.038+0000] {logging_mixin.py:188} INFO - Transformed data stored back to Redis with key: ***_data:dag_aaaa
[2025-07-29T07:25:49.047+0000] {python.py:237} INFO - Done. Returned value was: None
[2025-07-29T07:25:49.048+0000] {taskinstance.py:441} INFO - ::group::Post task execution logs
[2025-07-29T07:25:49.055+0000] {taskinstance.py:1206} INFO - Marking task as SUCCESS. dag_id=dag_aaaa, task_id=transform_data_task, run_id=scheduled__2025-06-25T00:00:00+00:00, execution_date=20250625T000000, start_date=20250729T072548, end_date=20250729T072549
[2025-07-29T07:25:49.109+0000] {local_task_job_runner.py:240} INFO - Task exited with return code 0
[2025-07-29T07:25:49.229+0000] {taskinstance.py:3503} INFO - 1 downstream tasks scheduled from follow-on schedule check
[2025-07-29T07:25:49.234+0000] {local_task_job_runner.py:222} INFO - ::endgroup::
[2025-07-30T12:54:28.894+0000] {local_task_job_runner.py:120} INFO - ::group::Pre task execution logs
[2025-07-30T12:54:29.093+0000] {taskinstance.py:2076} INFO - Dependencies all met for dep_context=non-requeueable deps ti=<TaskInstance: dag_aaaa.transform_data_task scheduled__2025-06-25T00:00:00+00:00 [queued]>
[2025-07-30T12:54:29.100+0000] {taskinstance.py:2076} INFO - Dependencies all met for dep_context=requeueable deps ti=<TaskInstance: dag_aaaa.transform_data_task scheduled__2025-06-25T00:00:00+00:00 [queued]>
[2025-07-30T12:54:29.100+0000] {taskinstance.py:2306} INFO - Starting attempt 1 of 1
[2025-07-30T12:54:29.113+0000] {taskinstance.py:2330} INFO - Executing <Task(PythonOperator): transform_data_task> on 2025-06-25 00:00:00+00:00
[2025-07-30T12:54:29.122+0000] {logging_mixin.py:188} WARNING - /home/***/.local/lib/python3.12/site-packages/***/task/task_runner/standard_task_runner.py:61 DeprecationWarning: This process (pid=3146) is multi-threaded, use of fork() may lead to deadlocks in the child.
[2025-07-30T12:54:29.123+0000] {standard_task_runner.py:63} INFO - Started process 3152 to run task
[2025-07-30T12:54:29.123+0000] {standard_task_runner.py:90} INFO - Running: ['***', 'tasks', 'run', 'dag_aaaa', 'transform_data_task', 'scheduled__2025-06-25T00:00:00+00:00', '--job-id', '45', '--raw', '--subdir', 'DAGS_FOLDER/dag_generator_python.py', '--cfg-path', '/tmp/tmpdksz9xj4']
[2025-07-30T12:54:29.124+0000] {standard_task_runner.py:91} INFO - Job 45: Subtask transform_data_task
[2025-07-30T12:54:29.163+0000] {task_command.py:426} INFO - Running <TaskInstance: dag_aaaa.transform_data_task scheduled__2025-06-25T00:00:00+00:00 [running]> on host 14614e29d246
[2025-07-30T12:54:29.247+0000] {taskinstance.py:2648} INFO - Exporting env vars: AIRFLOW_CTX_DAG_OWNER='***' AIRFLOW_CTX_DAG_ID='dag_aaaa' AIRFLOW_CTX_TASK_ID='transform_data_task' AIRFLOW_CTX_EXECUTION_DATE='2025-06-25T00:00:00+00:00' AIRFLOW_CTX_TRY_NUMBER='1' AIRFLOW_CTX_DAG_RUN_ID='scheduled__2025-06-25T00:00:00+00:00'
[2025-07-30T12:54:29.249+0000] {taskinstance.py:430} INFO - ::endgroup::
[2025-07-30T12:54:29.270+0000] {__init__.py:103} INFO - 執行 transform_data (資料轉換層)
[2025-07-30T12:54:29.270+0000] {__init__.py:42} INFO - _get_upstream_output_path 上游任務: {'extract_data_task'}
[2025-07-30T12:54:29.270+0000] {__init__.py:62} INFO - 任務 'transform_data_task' 從單一上游 'extract_data_task' 拉取資料
[2025-07-30T12:54:29.278+0000] {__init__.py:65} INFO - 拉取到的 redis_key: ***_data:dag_aaaa.extract_data_task
[2025-07-30T12:54:29.279+0000] {__init__.py:121} INFO - 從 Redis key 讀取資料: ***_data:dag_aaaa.extract_data_task
[2025-07-30T12:54:29.327+0000] {__init__.py:132} INFO - 呼叫演算法 'aggregate_product_data' 來自模組 'processor.transform.algos_1'
[2025-07-30T12:54:29.336+0000] {__init__.py:153} ERROR - transform_data 發生例外: cannot construct a FileSource from    product_id product_name  quantity  price
0         101       Laptop        10    120
1         102        Mouse        50     25
2         103     Keyboard        30     75
3         104      Monitor        20    300
4         101       Laptop         5   1150
5         102        Mouse       100     24
[2025-07-30T12:54:29.337+0000] {taskinstance.py:441} INFO - ::group::Post task execution logs
[2025-07-30T12:54:29.337+0000] {taskinstance.py:2905} ERROR - Task failed with exception
Traceback (most recent call last):
  File "/home/airflow/.local/lib/python3.12/site-packages/airflow/models/taskinstance.py", line 465, in _execute_task
    result = _execute_callable(context=context, **execute_callable_kwargs)
             ^^^^^^^^^^^^^^^^^^^^^^^^^^^^^^^^^^^^^^^^^^^^^^^^^^^^^^^^^^^^^
  File "/home/airflow/.local/lib/python3.12/site-packages/airflow/models/taskinstance.py", line 432, in _execute_callable
    return execute_callable(context=context, **execute_callable_kwargs)
           ^^^^^^^^^^^^^^^^^^^^^^^^^^^^^^^^^^^^^^^^^^^^^^^^^^^^^^^^^^^^
  File "/home/airflow/.local/lib/python3.12/site-packages/airflow/models/baseoperator.py", line 401, in wrapper
    return func(self, *args, **kwargs)
           ^^^^^^^^^^^^^^^^^^^^^^^^^^^
  File "/home/airflow/.local/lib/python3.12/site-packages/airflow/operators/python.py", line 235, in execute
    return_value = self.execute_callable()
                   ^^^^^^^^^^^^^^^^^^^^^^^
  File "/home/airflow/.local/lib/python3.12/site-packages/airflow/operators/python.py", line 252, in execute_callable
    return self.python_callable(*self.op_args, **self.op_kwargs)
           ^^^^^^^^^^^^^^^^^^^^^^^^^^^^^^^^^^^^^^^^^^^^^^^^^^^^^
  File "/opt/airflow/dags/processor/__init__.py", line 135, in transform_data
    processed_data = func(data_df, **algo_kwargs)
                     ^^^^^^^^^^^^^^^^^^^^^^^^^^^^
  File "/opt/airflow/dags/processor/transform/algos_1.py", line 9, in aggregate_product_data
    df = pd.read_parquet(data)
         ^^^^^^^^^^^^^^^^^^^^^
  File "/home/airflow/.local/lib/python3.12/site-packages/pandas/io/parquet.py", line 670, in read_parquet
    return impl.read(
           ^^^^^^^^^^
  File "/home/airflow/.local/lib/python3.12/site-packages/pandas/io/parquet.py", line 272, in read
    pa_table = self.api.parquet.read_table(
               ^^^^^^^^^^^^^^^^^^^^^^^^^^^^
  File "/home/airflow/.local/lib/python3.12/site-packages/pyarrow/parquet/core.py", line 1762, in read_table
    dataset = ParquetDataset(
              ^^^^^^^^^^^^^^^
  File "/home/airflow/.local/lib/python3.12/site-packages/pyarrow/parquet/core.py", line 1326, in __init__
    fragment = parquet_format.make_fragment(single_file, filesystem)
               ^^^^^^^^^^^^^^^^^^^^^^^^^^^^^^^^^^^^^^^^^^^^^^^^^^^^^
  File "pyarrow/_dataset_parquet.pyx", line 273, in pyarrow._dataset_parquet.ParquetFileFormat.make_fragment
  File "pyarrow/_dataset.pyx", line 1337, in pyarrow._dataset.FileFormat.make_fragment
  File "pyarrow/_dataset.pyx", line 132, in pyarrow._dataset._make_file_source
TypeError: cannot construct a FileSource from    product_id product_name  quantity  price
0         101       Laptop        10    120
1         102        Mouse        50     25
2         103     Keyboard        30     75
3         104      Monitor        20    300
4         101       Laptop         5   1150
5         102        Mouse       100     24
[2025-07-30T12:54:29.353+0000] {taskinstance.py:1206} INFO - Marking task as FAILED. dag_id=dag_aaaa, task_id=transform_data_task, run_id=scheduled__2025-06-25T00:00:00+00:00, execution_date=20250625T000000, start_date=20250730T125429, end_date=20250730T125429
[2025-07-30T12:54:29.366+0000] {standard_task_runner.py:110} ERROR - Failed to execute job 45 for task transform_data_task (cannot construct a FileSource from    product_id product_name  quantity  price
0         101       Laptop        10    120
1         102        Mouse        50     25
2         103     Keyboard        30     75
3         104      Monitor        20    300
4         101       Laptop         5   1150
5         102        Mouse       100     24; 3152)
[2025-07-30T12:54:29.377+0000] {local_task_job_runner.py:240} INFO - Task exited with return code 1
[2025-07-30T12:54:29.404+0000] {taskinstance.py:3503} INFO - 0 downstream tasks scheduled from follow-on schedule check
[2025-07-30T12:54:29.409+0000] {local_task_job_runner.py:222} INFO - ::endgroup::
