[2025-08-01T07:30:22.017+0000] {local_task_job_runner.py:120} INFO - ::group::Pre task execution logs
[2025-08-01T07:30:22.265+0000] {taskinstance.py:2076} INFO - Dependencies all met for dep_context=non-requeueable deps ti=<TaskInstance: dag_bbbbbbb1.extract_data_task scheduled__2025-06-25T00:00:00+00:00 [queued]>
[2025-08-01T07:30:22.284+0000] {taskinstance.py:2076} INFO - Dependencies all met for dep_context=requeueable deps ti=<TaskInstance: dag_bbbbbbb1.extract_data_task scheduled__2025-06-25T00:00:00+00:00 [queued]>
[2025-08-01T07:30:22.285+0000] {taskinstance.py:2306} INFO - Starting attempt 1 of 1
[2025-08-01T07:30:22.313+0000] {taskinstance.py:2330} INFO - Executing <Task(PythonOperator): extract_data_task> on 2025-06-25 00:00:00+00:00
[2025-08-01T07:30:22.331+0000] {logging_mixin.py:188} WARNING - /home/***/.local/lib/python3.12/site-packages/***/task/task_runner/standard_task_runner.py:61 DeprecationWarning: This process (pid=20397) is multi-threaded, use of fork() may lead to deadlocks in the child.
[2025-08-01T07:30:22.333+0000] {standard_task_runner.py:63} INFO - Started process 20408 to run task
[2025-08-01T07:30:22.333+0000] {standard_task_runner.py:90} INFO - Running: ['***', 'tasks', 'run', 'dag_bbbbbbb1', 'extract_data_task', 'scheduled__2025-06-25T00:00:00+00:00', '--job-id', '212', '--raw', '--subdir', 'DAGS_FOLDER/dag_generator.py', '--cfg-path', '/tmp/tmp4zt85vpm']
[2025-08-01T07:30:22.338+0000] {standard_task_runner.py:91} INFO - Job 212: Subtask extract_data_task
[2025-08-01T07:30:22.407+0000] {task_command.py:426} INFO - Running <TaskInstance: dag_bbbbbbb1.extract_data_task scheduled__2025-06-25T00:00:00+00:00 [running]> on host 14614e29d246
[2025-08-01T07:30:22.517+0000] {taskinstance.py:2648} INFO - Exporting env vars: AIRFLOW_CTX_DAG_OWNER='***' AIRFLOW_CTX_DAG_ID='dag_bbbbbbb1' AIRFLOW_CTX_TASK_ID='extract_data_task' AIRFLOW_CTX_EXECUTION_DATE='2025-06-25T00:00:00+00:00' AIRFLOW_CTX_TRY_NUMBER='1' AIRFLOW_CTX_DAG_RUN_ID='scheduled__2025-06-25T00:00:00+00:00'
[2025-08-01T07:30:22.518+0000] {taskinstance.py:430} INFO - ::endgroup::
[2025-08-01T07:30:22.528+0000] {__init__.py:57} INFO - 執行 extract_data (資料載入層)
[2025-08-01T07:30:22.529+0000] {__init__.py:61} INFO - 呼叫演算法 'test_csv' 來自模組 'processor.extract.readCSV'
[2025-08-01T07:30:22.533+0000] {__init__.py:71} INFO - 資料是 pd.DataFrame
[2025-08-01T07:30:22.549+0000] {__init__.py:82} INFO - 資料已存入 Redis，key=***_data:dag_bbbbbbb1.extract_data_task
[2025-08-01T07:30:22.568+0000] {python.py:237} INFO - Done. Returned value was: None
[2025-08-01T07:30:22.569+0000] {taskinstance.py:441} INFO - ::group::Post task execution logs
[2025-08-01T07:30:22.588+0000] {taskinstance.py:1206} INFO - Marking task as SUCCESS. dag_id=dag_bbbbbbb1, task_id=extract_data_task, run_id=scheduled__2025-06-25T00:00:00+00:00, execution_date=20250625T000000, start_date=20250801T073022, end_date=20250801T073022
[2025-08-01T07:30:22.629+0000] {local_task_job_runner.py:240} INFO - Task exited with return code 0
[2025-08-01T07:30:22.689+0000] {taskinstance.py:3503} INFO - 1 downstream tasks scheduled from follow-on schedule check
[2025-08-01T07:30:22.694+0000] {local_task_job_runner.py:222} INFO - ::endgroup::
