[2025-08-03T11:26:41.958+0000] {local_task_job_runner.py:120} INFO - ::group::Pre task execution logs
[2025-08-03T11:26:41.988+0000] {taskinstance.py:2076} INFO - Dependencies all met for dep_context=non-requeueable deps ti=<TaskInstance: dag_556666.extract_data_task scheduled__2025-06-25T00:00:00+00:00 [queued]>
[2025-08-03T11:26:41.996+0000] {taskinstance.py:2076} INFO - Dependencies all met for dep_context=requeueable deps ti=<TaskInstance: dag_556666.extract_data_task scheduled__2025-06-25T00:00:00+00:00 [queued]>
[2025-08-03T11:26:41.996+0000] {taskinstance.py:2306} INFO - Starting attempt 1 of 1
[2025-08-03T11:26:42.006+0000] {taskinstance.py:2330} INFO - Executing <Task(PythonOperator): extract_data_task> on 2025-06-25 00:00:00+00:00
[2025-08-03T11:26:42.014+0000] {logging_mixin.py:188} WARNING - /home/***/.local/lib/python3.12/site-packages/***/task/task_runner/standard_task_runner.py:61 DeprecationWarning: This process (pid=5043) is multi-threaded, use of fork() may lead to deadlocks in the child.
[2025-08-03T11:26:42.015+0000] {standard_task_runner.py:63} INFO - Started process 5045 to run task
[2025-08-03T11:26:42.015+0000] {standard_task_runner.py:90} INFO - Running: ['***', 'tasks', 'run', 'dag_556666', 'extract_data_task', 'scheduled__2025-06-25T00:00:00+00:00', '--job-id', '85', '--raw', '--subdir', 'DAGS_FOLDER/dag_generator.py', '--cfg-path', '/tmp/tmpva6x5mfd']
[2025-08-03T11:26:42.017+0000] {standard_task_runner.py:91} INFO - Job 85: Subtask extract_data_task
[2025-08-03T11:26:42.256+0000] {task_command.py:426} INFO - Running <TaskInstance: dag_556666.extract_data_task scheduled__2025-06-25T00:00:00+00:00 [running]> on host cdda54659481
[2025-08-03T11:26:42.352+0000] {taskinstance.py:2648} INFO - Exporting env vars: AIRFLOW_CTX_DAG_OWNER='***' AIRFLOW_CTX_DAG_ID='dag_556666' AIRFLOW_CTX_TASK_ID='extract_data_task' AIRFLOW_CTX_EXECUTION_DATE='2025-06-25T00:00:00+00:00' AIRFLOW_CTX_TRY_NUMBER='1' AIRFLOW_CTX_DAG_RUN_ID='scheduled__2025-06-25T00:00:00+00:00'
[2025-08-03T11:26:42.353+0000] {taskinstance.py:430} INFO - ::endgroup::
[2025-08-03T11:26:42.364+0000] {__init__.py:82} INFO - 執行 extract_data (資料載入層)
[2025-08-03T11:26:42.364+0000] {__init__.py:43} INFO - 使用資料夾結構方法: csv_reader.standard
[2025-08-03T11:26:42.365+0000] {__init__.py:86} INFO - 呼叫方法 'csv_reader.standard' 來自模組 'processor.extract'
[2025-08-03T11:26:42.367+0000] {standard.py:13} INFO - 成功讀取 CSV: 3f2a4b93-b237-4545-bd50-5004d863567c.csv, 資料筆數: 6
[2025-08-03T11:26:42.368+0000] {__init__.py:97} INFO - 資料是 pd.DataFrame
[2025-08-03T11:26:42.382+0000] {__init__.py:107} INFO - 資料已存入 Redis，key=***_data:dag_556666.extract_data_task
[2025-08-03T11:26:42.396+0000] {python.py:237} INFO - Done. Returned value was: None
[2025-08-03T11:26:42.396+0000] {taskinstance.py:441} INFO - ::group::Post task execution logs
[2025-08-03T11:26:42.404+0000] {taskinstance.py:1206} INFO - Marking task as SUCCESS. dag_id=dag_556666, task_id=extract_data_task, run_id=scheduled__2025-06-25T00:00:00+00:00, execution_date=20250625T000000, start_date=20250803T112641, end_date=20250803T112642
[2025-08-03T11:26:42.469+0000] {local_task_job_runner.py:240} INFO - Task exited with return code 0
[2025-08-03T11:26:42.675+0000] {taskinstance.py:3503} INFO - 1 downstream tasks scheduled from follow-on schedule check
[2025-08-03T11:26:42.679+0000] {local_task_job_runner.py:222} INFO - ::endgroup::
