[2025-07-30T07:46:05.227+0000] {local_task_job_runner.py:120} INFO - ::group::Pre task execution logs
[2025-07-30T07:46:05.249+0000] {taskinstance.py:2076} INFO - Dependencies all met for dep_context=non-requeueable deps ti=<TaskInstance: dag_77777ccccccccccccccc.extract_data_task scheduled__2025-06-25T00:00:00+00:00 [queued]>
[2025-07-30T07:46:05.254+0000] {taskinstance.py:2076} INFO - Dependencies all met for dep_context=requeueable deps ti=<TaskInstance: dag_77777ccccccccccccccc.extract_data_task scheduled__2025-06-25T00:00:00+00:00 [queued]>
[2025-07-30T07:46:05.255+0000] {taskinstance.py:2306} INFO - Starting attempt 1 of 1
[2025-07-30T07:46:05.267+0000] {taskinstance.py:2330} INFO - Executing <Task(PythonOperator): extract_data_task> on 2025-06-25 00:00:00+00:00
[2025-07-30T07:46:05.275+0000] {logging_mixin.py:188} WARNING - /home/***/.local/lib/python3.12/site-packages/***/task/task_runner/standard_task_runner.py:61 DeprecationWarning: This process (pid=3477) is multi-threaded, use of fork() may lead to deadlocks in the child.
[2025-07-30T07:46:05.276+0000] {standard_task_runner.py:63} INFO - Started process 3483 to run task
[2025-07-30T07:46:05.275+0000] {standard_task_runner.py:90} INFO - Running: ['***', 'tasks', 'run', 'dag_77777ccccccccccccccc', 'extract_data_task', 'scheduled__2025-06-25T00:00:00+00:00', '--job-id', '28', '--raw', '--subdir', 'DAGS_FOLDER/dag_generator_python.py', '--cfg-path', '/tmp/tmp1w08624n']
[2025-07-30T07:46:05.277+0000] {standard_task_runner.py:91} INFO - Job 28: Subtask extract_data_task
[2025-07-30T07:46:05.467+0000] {task_command.py:426} INFO - Running <TaskInstance: dag_77777ccccccccccccccc.extract_data_task scheduled__2025-06-25T00:00:00+00:00 [running]> on host 14614e29d246
[2025-07-30T07:46:05.593+0000] {taskinstance.py:2648} INFO - Exporting env vars: AIRFLOW_CTX_DAG_OWNER='***' AIRFLOW_CTX_DAG_ID='dag_77777ccccccccccccccc' AIRFLOW_CTX_TASK_ID='extract_data_task' AIRFLOW_CTX_EXECUTION_DATE='2025-06-25T00:00:00+00:00' AIRFLOW_CTX_TRY_NUMBER='1' AIRFLOW_CTX_DAG_RUN_ID='scheduled__2025-06-25T00:00:00+00:00'
[2025-07-30T07:46:05.595+0000] {taskinstance.py:430} INFO - ::endgroup::
[2025-07-30T07:46:05.606+0000] {logging_mixin.py:188} INFO - 測試載入層
[2025-07-30T07:46:05.606+0000] {logging_mixin.py:188} INFO - 1111111111111111111111111111111
[2025-07-30T07:46:05.607+0000] {logging_mixin.py:188} INFO - Applying algorithm 'test_csv' from module 'processor.extract.readCSV'
[2025-07-30T07:46:05.607+0000] {logging_mixin.py:188} INFO - 3f2a4b93-b237-4545-bd50-5004d863567c.csv
[2025-07-30T07:46:05.623+0000] {logging_mixin.py:188} INFO - Data stored in Redis key: ***_data:set()
[2025-07-30T07:46:05.634+0000] {python.py:237} INFO - Done. Returned value was: None
[2025-07-30T07:46:05.634+0000] {taskinstance.py:441} INFO - ::group::Post task execution logs
[2025-07-30T07:46:05.642+0000] {taskinstance.py:1206} INFO - Marking task as SUCCESS. dag_id=dag_77777ccccccccccccccc, task_id=extract_data_task, run_id=scheduled__2025-06-25T00:00:00+00:00, execution_date=20250625T000000, start_date=20250730T074605, end_date=20250730T074605
[2025-07-30T07:46:05.690+0000] {local_task_job_runner.py:240} INFO - Task exited with return code 0
[2025-07-30T07:46:05.873+0000] {taskinstance.py:3503} INFO - 1 downstream tasks scheduled from follow-on schedule check
[2025-07-30T07:46:05.878+0000] {local_task_job_runner.py:222} INFO - ::endgroup::
