[2025-07-28T06:07:45.265+0000] {local_task_job_runner.py:120} INFO - ::group::Pre task execution logs
[2025-07-28T06:07:45.284+0000] {taskinstance.py:2076} INFO - Dependencies all met for dep_context=non-requeueable deps ti=<TaskInstance: dag_3aaa3.extract_data_task scheduled__2025-06-25T00:00:00+00:00 [queued]>
[2025-07-28T06:07:45.289+0000] {taskinstance.py:2076} INFO - Dependencies all met for dep_context=requeueable deps ti=<TaskInstance: dag_3aaa3.extract_data_task scheduled__2025-06-25T00:00:00+00:00 [queued]>
[2025-07-28T06:07:45.289+0000] {taskinstance.py:2306} INFO - Starting attempt 1 of 1
[2025-07-28T06:07:45.298+0000] {taskinstance.py:2330} INFO - Executing <Task(PythonOperator): extract_data_task> on 2025-06-25 00:00:00+00:00
[2025-07-28T06:07:45.304+0000] {standard_task_runner.py:90} INFO - Running: ['***', 'tasks', 'run', 'dag_3aaa3', 'extract_data_task', 'scheduled__2025-06-25T00:00:00+00:00', '--job-id', '17', '--raw', '--subdir', 'DAGS_FOLDER/dag_generator_python.py', '--cfg-path', '/tmp/tmpbbi6jxd1']
[2025-07-28T06:07:45.306+0000] {standard_task_runner.py:91} INFO - Job 17: Subtask extract_data_task
[2025-07-28T06:07:45.412+0000] {logging_mixin.py:188} WARNING - /home/***/.local/lib/python3.12/site-packages/***/task/task_runner/standard_task_runner.py:61 DeprecationWarning: This process (pid=3477) is multi-threaded, use of fork() may lead to deadlocks in the child.
[2025-07-28T06:07:45.412+0000] {standard_task_runner.py:63} INFO - Started process 3486 to run task
[2025-07-28T06:07:45.449+0000] {task_command.py:426} INFO - Running <TaskInstance: dag_3aaa3.extract_data_task scheduled__2025-06-25T00:00:00+00:00 [running]> on host 1171f9d2ced8
[2025-07-28T06:07:45.493+0000] {taskinstance.py:2648} INFO - Exporting env vars: AIRFLOW_CTX_DAG_OWNER='***' AIRFLOW_CTX_DAG_ID='dag_3aaa3' AIRFLOW_CTX_TASK_ID='extract_data_task' AIRFLOW_CTX_EXECUTION_DATE='2025-06-25T00:00:00+00:00' AIRFLOW_CTX_TRY_NUMBER='1' AIRFLOW_CTX_DAG_RUN_ID='scheduled__2025-06-25T00:00:00+00:00'
[2025-07-28T06:07:45.494+0000] {taskinstance.py:430} INFO - ::endgroup::
[2025-07-28T06:07:45.515+0000] {logging_mixin.py:188} INFO - Extracting data from: /opt/***/data/input/3f2a4b93-b237-4545-bd50-5004d863567c.csv
[2025-07-28T06:07:45.547+0000] {logging_mixin.py:188} INFO - Data stored in Redis key: ***_data:dag_3aaa3
[2025-07-28T06:07:45.559+0000] {python.py:237} INFO - Done. Returned value was: None
[2025-07-28T06:07:45.560+0000] {taskinstance.py:441} INFO - ::group::Post task execution logs
[2025-07-28T06:07:45.568+0000] {taskinstance.py:1206} INFO - Marking task as SUCCESS. dag_id=dag_3aaa3, task_id=extract_data_task, run_id=scheduled__2025-06-25T00:00:00+00:00, execution_date=20250625T000000, start_date=20250728T060745, end_date=20250728T060745
[2025-07-28T06:07:45.585+0000] {local_task_job_runner.py:240} INFO - Task exited with return code 0
[2025-07-28T06:07:45.600+0000] {taskinstance.py:3503} INFO - 1 downstream tasks scheduled from follow-on schedule check
[2025-07-28T06:07:45.603+0000] {local_task_job_runner.py:222} INFO - ::endgroup::
