[2025-08-03T10:22:08.986+0000] {local_task_job_runner.py:120} INFO - ::group::Pre task execution logs
[2025-08-03T10:22:09.032+0000] {taskinstance.py:2076} INFO - Dependencies all met for dep_context=non-requeueable deps ti=<TaskInstance: dag_bbcccc.extract_data_task scheduled__2025-06-25T00:00:00+00:00 [queued]>
[2025-08-03T10:22:09.038+0000] {taskinstance.py:2076} INFO - Dependencies all met for dep_context=requeueable deps ti=<TaskInstance: dag_bbcccc.extract_data_task scheduled__2025-06-25T00:00:00+00:00 [queued]>
[2025-08-03T10:22:09.038+0000] {taskinstance.py:2306} INFO - Starting attempt 1 of 1
[2025-08-03T10:22:09.049+0000] {taskinstance.py:2330} INFO - Executing <Task(PythonOperator): extract_data_task> on 2025-06-25 00:00:00+00:00
[2025-08-03T10:22:09.056+0000] {logging_mixin.py:188} WARNING - /home/***/.local/lib/python3.12/site-packages/***/task/task_runner/standard_task_runner.py:61 DeprecationWarning: This process (pid=757) is multi-threaded, use of fork() may lead to deadlocks in the child.
[2025-08-03T10:22:09.057+0000] {standard_task_runner.py:63} INFO - Started process 762 to run task
[2025-08-03T10:22:09.056+0000] {standard_task_runner.py:90} INFO - Running: ['***', 'tasks', 'run', 'dag_bbcccc', 'extract_data_task', 'scheduled__2025-06-25T00:00:00+00:00', '--job-id', '7', '--raw', '--subdir', 'DAGS_FOLDER/dag_generator.py', '--cfg-path', '/tmp/tmpd8ivlof0']
[2025-08-03T10:22:09.058+0000] {standard_task_runner.py:91} INFO - Job 7: Subtask extract_data_task
[2025-08-03T10:22:09.302+0000] {task_command.py:426} INFO - Running <TaskInstance: dag_bbcccc.extract_data_task scheduled__2025-06-25T00:00:00+00:00 [running]> on host e703672a2137
[2025-08-03T10:22:09.388+0000] {taskinstance.py:2648} INFO - Exporting env vars: AIRFLOW_CTX_DAG_OWNER='***' AIRFLOW_CTX_DAG_ID='dag_bbcccc' AIRFLOW_CTX_TASK_ID='extract_data_task' AIRFLOW_CTX_EXECUTION_DATE='2025-06-25T00:00:00+00:00' AIRFLOW_CTX_TRY_NUMBER='1' AIRFLOW_CTX_DAG_RUN_ID='scheduled__2025-06-25T00:00:00+00:00'
[2025-08-03T10:22:09.389+0000] {taskinstance.py:430} INFO - ::endgroup::
[2025-08-03T10:22:09.406+0000] {__init__.py:82} INFO - 執行 extract_data (資料載入層)
[2025-08-03T10:22:09.408+0000] {__init__.py:43} INFO - 使用資料夾結構方法: csv_reader.standard
[2025-08-03T10:22:09.409+0000] {__init__.py:86} INFO - 呼叫方法 'csv_reader.standard' 來自模組 'processor.extract'
[2025-08-03T10:22:09.412+0000] {standard.py:13} INFO - 成功讀取 CSV: 3f2a4b93-b237-4545-bd50-5004d863567c.csv, 資料筆數: 6
[2025-08-03T10:22:09.412+0000] {__init__.py:97} INFO - 資料是 pd.DataFrame
[2025-08-03T10:22:09.428+0000] {__init__.py:107} INFO - 資料已存入 Redis，key=***_data:dag_bbcccc.extract_data_task
[2025-08-03T10:22:09.441+0000] {python.py:237} INFO - Done. Returned value was: None
[2025-08-03T10:22:09.442+0000] {taskinstance.py:441} INFO - ::group::Post task execution logs
[2025-08-03T10:22:09.453+0000] {taskinstance.py:1206} INFO - Marking task as SUCCESS. dag_id=dag_bbcccc, task_id=extract_data_task, run_id=scheduled__2025-06-25T00:00:00+00:00, execution_date=20250625T000000, start_date=20250803T102209, end_date=20250803T102209
[2025-08-03T10:22:09.512+0000] {local_task_job_runner.py:240} INFO - Task exited with return code 0
[2025-08-03T10:22:09.535+0000] {local_task_job_runner.py:222} INFO - ::endgroup::
