[2025-08-05T06:07:53.195+0000] {local_task_job_runner.py:120} INFO - ::group::Pre task execution logs
[2025-08-05T06:07:53.215+0000] {taskinstance.py:2076} INFO - Dependencies all met for dep_context=non-requeueable deps ti=<TaskInstance: dag_bbbbbbb.extract_data_task scheduled__2025-06-25T00:00:00+00:00 [queued]>
[2025-08-05T06:07:53.219+0000] {taskinstance.py:2076} INFO - Dependencies all met for dep_context=requeueable deps ti=<TaskInstance: dag_bbbbbbb.extract_data_task scheduled__2025-06-25T00:00:00+00:00 [queued]>
[2025-08-05T06:07:53.220+0000] {taskinstance.py:2306} INFO - Starting attempt 1 of 1
[2025-08-05T06:07:53.228+0000] {taskinstance.py:2330} INFO - Executing <Task(PythonOperator): extract_data_task> on 2025-06-25 00:00:00+00:00
[2025-08-05T06:07:53.234+0000] {logging_mixin.py:188} WARNING - /home/***/.local/lib/python3.12/site-packages/***/task/task_runner/standard_task_runner.py:61 DeprecationWarning: This process (pid=282) is multi-threaded, use of fork() may lead to deadlocks in the child.
[2025-08-05T06:07:53.235+0000] {standard_task_runner.py:63} INFO - Started process 284 to run task
[2025-08-05T06:07:53.235+0000] {standard_task_runner.py:90} INFO - Running: ['***', 'tasks', 'run', 'dag_bbbbbbb', 'extract_data_task', 'scheduled__2025-06-25T00:00:00+00:00', '--job-id', '5', '--raw', '--subdir', 'DAGS_FOLDER/dag_generator.py', '--cfg-path', '/tmp/tmphc98hhai']
[2025-08-05T06:07:53.236+0000] {standard_task_runner.py:91} INFO - Job 5: Subtask extract_data_task
[2025-08-05T06:07:53.390+0000] {task_command.py:426} INFO - Running <TaskInstance: dag_bbbbbbb.extract_data_task scheduled__2025-06-25T00:00:00+00:00 [running]> on host 7ff11745cff6
[2025-08-05T06:07:53.460+0000] {taskinstance.py:2648} INFO - Exporting env vars: AIRFLOW_CTX_DAG_OWNER='***' AIRFLOW_CTX_DAG_ID='dag_bbbbbbb' AIRFLOW_CTX_TASK_ID='extract_data_task' AIRFLOW_CTX_EXECUTION_DATE='2025-06-25T00:00:00+00:00' AIRFLOW_CTX_TRY_NUMBER='1' AIRFLOW_CTX_DAG_RUN_ID='scheduled__2025-06-25T00:00:00+00:00'
[2025-08-05T06:07:53.461+0000] {taskinstance.py:430} INFO - ::endgroup::
[2025-08-05T06:07:53.470+0000] {__init__.py:82} INFO - 執行 extract_data (資料載入層)
[2025-08-05T06:07:53.470+0000] {__init__.py:43} INFO - 使用資料夾結構方法: csv_reader.standard
[2025-08-05T06:07:53.471+0000] {__init__.py:86} INFO - 呼叫方法 'csv_reader.standard' 來自模組 'processor.extract'
[2025-08-05T06:07:53.473+0000] {standard.py:13} INFO - 成功讀取 CSV: 3f2a4b93-b237-4545-bd50-5004d863567c.csv, 資料筆數: 6
[2025-08-05T06:07:53.473+0000] {__init__.py:97} INFO - 資料是 pd.DataFrame
[2025-08-05T06:07:53.504+0000] {__init__.py:107} INFO - 資料已存入 Redis，key=***_data:dag_bbbbbbb.extract_data_task
[2025-08-05T06:07:53.518+0000] {python.py:237} INFO - Done. Returned value was: None
[2025-08-05T06:07:53.518+0000] {taskinstance.py:441} INFO - ::group::Post task execution logs
[2025-08-05T06:07:53.527+0000] {taskinstance.py:1206} INFO - Marking task as SUCCESS. dag_id=dag_bbbbbbb, task_id=extract_data_task, run_id=scheduled__2025-06-25T00:00:00+00:00, execution_date=20250625T000000, start_date=20250805T060753, end_date=20250805T060753
[2025-08-05T06:07:53.568+0000] {local_task_job_runner.py:240} INFO - Task exited with return code 0
[2025-08-05T06:07:53.706+0000] {taskinstance.py:3503} INFO - 1 downstream tasks scheduled from follow-on schedule check
[2025-08-05T06:07:53.707+0000] {local_task_job_runner.py:222} INFO - ::endgroup::
[2025-08-05T06:25:11.490+0000] {local_task_job_runner.py:120} INFO - ::group::Pre task execution logs
[2025-08-05T06:25:11.510+0000] {taskinstance.py:2076} INFO - Dependencies all met for dep_context=non-requeueable deps ti=<TaskInstance: dag_bbbbbbb.extract_data_task scheduled__2025-06-25T00:00:00+00:00 [queued]>
[2025-08-05T06:25:11.515+0000] {taskinstance.py:2076} INFO - Dependencies all met for dep_context=requeueable deps ti=<TaskInstance: dag_bbbbbbb.extract_data_task scheduled__2025-06-25T00:00:00+00:00 [queued]>
[2025-08-05T06:25:11.515+0000] {taskinstance.py:2306} INFO - Starting attempt 1 of 1
[2025-08-05T06:25:11.523+0000] {taskinstance.py:2330} INFO - Executing <Task(PythonOperator): extract_data_task> on 2025-06-25 00:00:00+00:00
[2025-08-05T06:25:11.528+0000] {logging_mixin.py:188} WARNING - /home/***/.local/lib/python3.12/site-packages/***/task/task_runner/standard_task_runner.py:61 DeprecationWarning: This process (pid=283) is multi-threaded, use of fork() may lead to deadlocks in the child.
[2025-08-05T06:25:11.529+0000] {standard_task_runner.py:63} INFO - Started process 285 to run task
[2025-08-05T06:25:11.529+0000] {standard_task_runner.py:90} INFO - Running: ['***', 'tasks', 'run', 'dag_bbbbbbb', 'extract_data_task', 'scheduled__2025-06-25T00:00:00+00:00', '--job-id', '5', '--raw', '--subdir', 'DAGS_FOLDER/dag_generator.py', '--cfg-path', '/tmp/tmp4ot3e7e6']
[2025-08-05T06:25:11.530+0000] {standard_task_runner.py:91} INFO - Job 5: Subtask extract_data_task
[2025-08-05T06:25:11.680+0000] {task_command.py:426} INFO - Running <TaskInstance: dag_bbbbbbb.extract_data_task scheduled__2025-06-25T00:00:00+00:00 [running]> on host 6e5b85197be8
[2025-08-05T06:25:11.730+0000] {taskinstance.py:2648} INFO - Exporting env vars: AIRFLOW_CTX_DAG_OWNER='***' AIRFLOW_CTX_DAG_ID='dag_bbbbbbb' AIRFLOW_CTX_TASK_ID='extract_data_task' AIRFLOW_CTX_EXECUTION_DATE='2025-06-25T00:00:00+00:00' AIRFLOW_CTX_TRY_NUMBER='1' AIRFLOW_CTX_DAG_RUN_ID='scheduled__2025-06-25T00:00:00+00:00'
[2025-08-05T06:25:11.730+0000] {taskinstance.py:430} INFO - ::endgroup::
[2025-08-05T06:25:11.738+0000] {__init__.py:82} INFO - 執行 extract_data (資料載入層)
[2025-08-05T06:25:11.739+0000] {__init__.py:43} INFO - 使用資料夾結構方法: csv_reader.standard
[2025-08-05T06:25:11.739+0000] {__init__.py:86} INFO - 呼叫方法 'csv_reader.standard' 來自模組 'processor.extract'
[2025-08-05T06:25:11.742+0000] {standard.py:13} INFO - 成功讀取 CSV: 3f2a4b93-b237-4545-bd50-5004d863567c.csv, 資料筆數: 6
[2025-08-05T06:25:11.742+0000] {__init__.py:97} INFO - 資料是 pd.DataFrame
[2025-08-05T06:25:11.772+0000] {__init__.py:107} INFO - 資料已存入 Redis，key=***_data:dag_bbbbbbb.extract_data_task
[2025-08-05T06:25:11.784+0000] {python.py:237} INFO - Done. Returned value was: None
[2025-08-05T06:25:11.785+0000] {taskinstance.py:441} INFO - ::group::Post task execution logs
[2025-08-05T06:25:11.794+0000] {taskinstance.py:1206} INFO - Marking task as SUCCESS. dag_id=dag_bbbbbbb, task_id=extract_data_task, run_id=scheduled__2025-06-25T00:00:00+00:00, execution_date=20250625T000000, start_date=20250805T062511, end_date=20250805T062511
[2025-08-05T06:25:11.822+0000] {local_task_job_runner.py:240} INFO - Task exited with return code 0
[2025-08-05T06:25:11.942+0000] {taskinstance.py:3503} INFO - 1 downstream tasks scheduled from follow-on schedule check
[2025-08-05T06:25:11.943+0000] {local_task_job_runner.py:222} INFO - ::endgroup::
[2025-08-05T07:00:11.278+0000] {local_task_job_runner.py:120} INFO - ::group::Pre task execution logs
[2025-08-05T07:00:11.299+0000] {taskinstance.py:2076} INFO - Dependencies all met for dep_context=non-requeueable deps ti=<TaskInstance: dag_bbbbbbb.extract_data_task scheduled__2025-06-25T00:00:00+00:00 [queued]>
[2025-08-05T07:00:11.306+0000] {taskinstance.py:2076} INFO - Dependencies all met for dep_context=requeueable deps ti=<TaskInstance: dag_bbbbbbb.extract_data_task scheduled__2025-06-25T00:00:00+00:00 [queued]>
[2025-08-05T07:00:11.306+0000] {taskinstance.py:2306} INFO - Starting attempt 1 of 1
[2025-08-05T07:00:11.319+0000] {taskinstance.py:2330} INFO - Executing <Task(PythonOperator): extract_data_task> on 2025-06-25 00:00:00+00:00
[2025-08-05T07:00:11.325+0000] {logging_mixin.py:188} WARNING - /home/***/.local/lib/python3.12/site-packages/***/task/task_runner/standard_task_runner.py:61 DeprecationWarning: This process (pid=240) is multi-threaded, use of fork() may lead to deadlocks in the child.
[2025-08-05T07:00:11.326+0000] {standard_task_runner.py:63} INFO - Started process 242 to run task
[2025-08-05T07:00:11.326+0000] {standard_task_runner.py:90} INFO - Running: ['***', 'tasks', 'run', 'dag_bbbbbbb', 'extract_data_task', 'scheduled__2025-06-25T00:00:00+00:00', '--job-id', '5', '--raw', '--subdir', 'DAGS_FOLDER/dag_generator.py', '--cfg-path', '/tmp/tmpei_9yqno']
[2025-08-05T07:00:11.327+0000] {standard_task_runner.py:91} INFO - Job 5: Subtask extract_data_task
[2025-08-05T07:00:11.521+0000] {task_command.py:426} INFO - Running <TaskInstance: dag_bbbbbbb.extract_data_task scheduled__2025-06-25T00:00:00+00:00 [running]> on host 0ff0aea0cc43
[2025-08-05T07:00:11.622+0000] {taskinstance.py:2648} INFO - Exporting env vars: AIRFLOW_CTX_DAG_OWNER='***' AIRFLOW_CTX_DAG_ID='dag_bbbbbbb' AIRFLOW_CTX_TASK_ID='extract_data_task' AIRFLOW_CTX_EXECUTION_DATE='2025-06-25T00:00:00+00:00' AIRFLOW_CTX_TRY_NUMBER='1' AIRFLOW_CTX_DAG_RUN_ID='scheduled__2025-06-25T00:00:00+00:00'
[2025-08-05T07:00:11.623+0000] {taskinstance.py:430} INFO - ::endgroup::
[2025-08-05T07:00:11.631+0000] {__init__.py:82} INFO - 執行 extract_data (資料載入層)
[2025-08-05T07:00:11.631+0000] {__init__.py:43} INFO - 使用資料夾結構方法: csv_reader.standard
[2025-08-05T07:00:11.632+0000] {__init__.py:86} INFO - 呼叫方法 'csv_reader.standard' 來自模組 'processor.extract'
[2025-08-05T07:00:11.634+0000] {standard.py:13} INFO - 成功讀取 CSV: 3f2a4b93-b237-4545-bd50-5004d863567c.csv, 資料筆數: 6
[2025-08-05T07:00:11.634+0000] {__init__.py:97} INFO - 資料是 pd.DataFrame
[2025-08-05T07:00:11.664+0000] {__init__.py:107} INFO - 資料已存入 Redis，key=***_data:dag_bbbbbbb.extract_data_task
[2025-08-05T07:00:11.675+0000] {python.py:237} INFO - Done. Returned value was: None
[2025-08-05T07:00:11.676+0000] {taskinstance.py:441} INFO - ::group::Post task execution logs
[2025-08-05T07:00:11.685+0000] {taskinstance.py:1206} INFO - Marking task as SUCCESS. dag_id=dag_bbbbbbb, task_id=extract_data_task, run_id=scheduled__2025-06-25T00:00:00+00:00, execution_date=20250625T000000, start_date=20250805T070011, end_date=20250805T070011
[2025-08-05T07:00:11.739+0000] {local_task_job_runner.py:240} INFO - Task exited with return code 0
[2025-08-05T07:00:11.884+0000] {taskinstance.py:3503} INFO - 1 downstream tasks scheduled from follow-on schedule check
[2025-08-05T07:00:11.889+0000] {local_task_job_runner.py:222} INFO - ::endgroup::
