[2025-08-01T02:40:46.877+0000] {local_task_job_runner.py:120} INFO - ::group::Pre task execution logs
[2025-08-01T02:40:47.022+0000] {taskinstance.py:2076} INFO - Dependencies all met for dep_context=non-requeueable deps ti=<TaskInstance: dag_2222.extract_data_task scheduled__2025-06-29T00:00:00+00:00 [queued]>
[2025-08-01T02:40:47.029+0000] {taskinstance.py:2076} INFO - Dependencies all met for dep_context=requeueable deps ti=<TaskInstance: dag_2222.extract_data_task scheduled__2025-06-29T00:00:00+00:00 [queued]>
[2025-08-01T02:40:47.029+0000] {taskinstance.py:2306} INFO - Starting attempt 1 of 1
[2025-08-01T02:40:47.041+0000] {taskinstance.py:2330} INFO - Executing <Task(PythonOperator): extract_data_task> on 2025-06-29 00:00:00+00:00
[2025-08-01T02:40:47.049+0000] {logging_mixin.py:188} WARNING - /home/***/.local/lib/python3.12/site-packages/***/task/task_runner/standard_task_runner.py:61 DeprecationWarning: This process (pid=10316) is multi-threaded, use of fork() may lead to deadlocks in the child.
[2025-08-01T02:40:47.050+0000] {standard_task_runner.py:63} INFO - Started process 10318 to run task
[2025-08-01T02:40:47.050+0000] {standard_task_runner.py:90} INFO - Running: ['***', 'tasks', 'run', 'dag_2222', 'extract_data_task', 'scheduled__2025-06-29T00:00:00+00:00', '--job-id', '183', '--raw', '--subdir', 'DAGS_FOLDER/dag_generator.py', '--cfg-path', '/tmp/tmpoplfgsu3']
[2025-08-01T02:40:47.052+0000] {standard_task_runner.py:91} INFO - Job 183: Subtask extract_data_task
[2025-08-01T02:40:47.113+0000] {task_command.py:426} INFO - Running <TaskInstance: dag_2222.extract_data_task scheduled__2025-06-29T00:00:00+00:00 [running]> on host 14614e29d246
[2025-08-01T02:40:47.250+0000] {taskinstance.py:2648} INFO - Exporting env vars: AIRFLOW_CTX_DAG_OWNER='***' AIRFLOW_CTX_DAG_ID='dag_2222' AIRFLOW_CTX_TASK_ID='extract_data_task' AIRFLOW_CTX_EXECUTION_DATE='2025-06-29T00:00:00+00:00' AIRFLOW_CTX_TRY_NUMBER='1' AIRFLOW_CTX_DAG_RUN_ID='scheduled__2025-06-29T00:00:00+00:00'
[2025-08-01T02:40:47.251+0000] {taskinstance.py:430} INFO - ::endgroup::
[2025-08-01T02:40:47.261+0000] {__init__.py:57} INFO - 執行 extract_data (資料載入層)
[2025-08-01T02:40:47.262+0000] {__init__.py:61} INFO - 呼叫演算法 'test_csv' 來自模組 'processor.extract.readCSV'
[2025-08-01T02:40:47.266+0000] {__init__.py:71} INFO - 資料是 pd.DataFrame
[2025-08-01T02:40:47.279+0000] {__init__.py:82} INFO - 資料已存入 Redis，key=***_data:dag_2222.extract_data_task
[2025-08-01T02:40:47.290+0000] {python.py:237} INFO - Done. Returned value was: None
[2025-08-01T02:40:47.290+0000] {taskinstance.py:441} INFO - ::group::Post task execution logs
[2025-08-01T02:40:47.297+0000] {taskinstance.py:1206} INFO - Marking task as SUCCESS. dag_id=dag_2222, task_id=extract_data_task, run_id=scheduled__2025-06-29T00:00:00+00:00, execution_date=20250629T000000, start_date=20250801T024047, end_date=20250801T024047
[2025-08-01T02:40:47.343+0000] {local_task_job_runner.py:240} INFO - Task exited with return code 0
[2025-08-01T02:40:47.364+0000] {taskinstance.py:3503} INFO - 1 downstream tasks scheduled from follow-on schedule check
[2025-08-01T02:40:47.367+0000] {local_task_job_runner.py:222} INFO - ::endgroup::
