[2025-08-03T11:30:44.173+0000] {local_task_job_runner.py:120} INFO - ::group::Pre task execution logs
[2025-08-03T11:30:44.195+0000] {taskinstance.py:2076} INFO - Dependencies all met for dep_context=non-requeueable deps ti=<TaskInstance: dag_wwwwwwwbbbb.transform_data_task scheduled__2025-06-25T00:00:00+00:00 [queued]>
[2025-08-03T11:30:44.200+0000] {taskinstance.py:2076} INFO - Dependencies all met for dep_context=requeueable deps ti=<TaskInstance: dag_wwwwwwwbbbb.transform_data_task scheduled__2025-06-25T00:00:00+00:00 [queued]>
[2025-08-03T11:30:44.200+0000] {taskinstance.py:2306} INFO - Starting attempt 1 of 1
[2025-08-03T11:30:44.211+0000] {taskinstance.py:2330} INFO - Executing <Task(PythonOperator): transform_data_task> on 2025-06-25 00:00:00+00:00
[2025-08-03T11:30:44.219+0000] {logging_mixin.py:188} WARNING - /home/***/.local/lib/python3.12/site-packages/***/task/task_runner/standard_task_runner.py:61 DeprecationWarning: This process (pid=368) is multi-threaded, use of fork() may lead to deadlocks in the child.
[2025-08-03T11:30:44.220+0000] {standard_task_runner.py:63} INFO - Started process 370 to run task
[2025-08-03T11:30:44.220+0000] {standard_task_runner.py:90} INFO - Running: ['***', 'tasks', 'run', 'dag_wwwwwwwbbbb', 'transform_data_task', 'scheduled__2025-06-25T00:00:00+00:00', '--job-id', '94', '--raw', '--subdir', 'DAGS_FOLDER/dag_generator.py', '--cfg-path', '/tmp/tmpw98n44w1']
[2025-08-03T11:30:44.222+0000] {standard_task_runner.py:91} INFO - Job 94: Subtask transform_data_task
[2025-08-03T11:30:44.436+0000] {task_command.py:426} INFO - Running <TaskInstance: dag_wwwwwwwbbbb.transform_data_task scheduled__2025-06-25T00:00:00+00:00 [running]> on host 3c99774c3c5a
[2025-08-03T11:30:44.499+0000] {taskinstance.py:2648} INFO - Exporting env vars: AIRFLOW_CTX_DAG_OWNER='***' AIRFLOW_CTX_DAG_ID='dag_wwwwwwwbbbb' AIRFLOW_CTX_TASK_ID='transform_data_task' AIRFLOW_CTX_EXECUTION_DATE='2025-06-25T00:00:00+00:00' AIRFLOW_CTX_TRY_NUMBER='1' AIRFLOW_CTX_DAG_RUN_ID='scheduled__2025-06-25T00:00:00+00:00'
[2025-08-03T11:30:44.500+0000] {taskinstance.py:430} INFO - ::endgroup::
[2025-08-03T11:30:44.523+0000] {__init__.py:118} INFO - 執行 transform_data (資料轉換層)
[2025-08-03T11:30:44.523+0000] {__init__.py:58} INFO - _get_upstream_output_path 上游任務: {'extract_data_task'}
[2025-08-03T11:30:44.524+0000] {__init__.py:74} INFO - 任務 'transform_data_task' 從單一上游 'extract_data_task' 拉取資料
[2025-08-03T11:30:44.536+0000] {__init__.py:76} INFO - 拉取到的 redis_key: ***_data:dag_wwwwwwwbbbb.extract_data_task
[2025-08-03T11:30:44.540+0000] {__init__.py:43} INFO - 使用資料夾結構方法: product_analysis.aggregation
[2025-08-03T11:30:44.541+0000] {__init__.py:142} INFO - 呼叫方法 'product_analysis.aggregation' 來自模組 'processor.transform'
[2025-08-03T11:30:44.584+0000] {aggregation.py:22} INFO - 產品聚合分析完成, 產品數量: 4
[2025-08-03T11:30:44.584+0000] {__init__.py:153} INFO - 資料是 pd.DataFrame
[2025-08-03T11:30:44.586+0000] {__init__.py:163} INFO - 轉換後資料已存入 Redis，key=***_data:dag_wwwwwwwbbbb.transform_data_task
[2025-08-03T11:30:44.586+0000] {__init__.py:172} INFO - 刪除上游 Redis key: ***_data:dag_wwwwwwwbbbb.extract_data_task
[2025-08-03T11:30:44.599+0000] {python.py:237} INFO - Done. Returned value was: None
[2025-08-03T11:30:44.600+0000] {taskinstance.py:441} INFO - ::group::Post task execution logs
[2025-08-03T11:30:44.615+0000] {taskinstance.py:1206} INFO - Marking task as SUCCESS. dag_id=dag_wwwwwwwbbbb, task_id=transform_data_task, run_id=scheduled__2025-06-25T00:00:00+00:00, execution_date=20250625T000000, start_date=20250803T113044, end_date=20250803T113044
[2025-08-03T11:30:44.674+0000] {local_task_job_runner.py:240} INFO - Task exited with return code 0
[2025-08-03T11:30:44.820+0000] {taskinstance.py:3503} INFO - 1 downstream tasks scheduled from follow-on schedule check
[2025-08-03T11:30:44.826+0000] {local_task_job_runner.py:222} INFO - ::endgroup::
