[2025-07-30T13:57:41.203+0000] {local_task_job_runner.py:120} INFO - ::group::Pre task execution logs
[2025-07-30T13:57:41.392+0000] {taskinstance.py:2076} INFO - Dependencies all met for dep_context=non-requeueable deps ti=<TaskInstance: dag_hddddddddh.extract_data_task scheduled__2025-06-25T00:00:00+00:00 [queued]>
[2025-07-30T13:57:41.399+0000] {taskinstance.py:2076} INFO - Dependencies all met for dep_context=requeueable deps ti=<TaskInstance: dag_hddddddddh.extract_data_task scheduled__2025-06-25T00:00:00+00:00 [queued]>
[2025-07-30T13:57:41.399+0000] {taskinstance.py:2306} INFO - Starting attempt 1 of 1
[2025-07-30T13:57:41.414+0000] {taskinstance.py:2330} INFO - Executing <Task(PythonOperator): extract_data_task> on 2025-06-25 00:00:00+00:00
[2025-07-30T13:57:41.421+0000] {logging_mixin.py:188} WARNING - /home/***/.local/lib/python3.12/site-packages/***/task/task_runner/standard_task_runner.py:61 DeprecationWarning: This process (pid=7065) is multi-threaded, use of fork() may lead to deadlocks in the child.
[2025-07-30T13:57:41.422+0000] {standard_task_runner.py:63} INFO - Started process 7069 to run task
[2025-07-30T13:57:41.422+0000] {standard_task_runner.py:90} INFO - Running: ['***', 'tasks', 'run', 'dag_hddddddddh', 'extract_data_task', 'scheduled__2025-06-25T00:00:00+00:00', '--job-id', '81', '--raw', '--subdir', 'DAGS_FOLDER/dag_generator_python.py', '--cfg-path', '/tmp/tmp3y6_wmz3']
[2025-07-30T13:57:41.424+0000] {standard_task_runner.py:91} INFO - Job 81: Subtask extract_data_task
[2025-07-30T13:57:41.487+0000] {task_command.py:426} INFO - Running <TaskInstance: dag_hddddddddh.extract_data_task scheduled__2025-06-25T00:00:00+00:00 [running]> on host 14614e29d246
[2025-07-30T13:57:41.589+0000] {taskinstance.py:2648} INFO - Exporting env vars: AIRFLOW_CTX_DAG_OWNER='***' AIRFLOW_CTX_DAG_ID='dag_hddddddddh' AIRFLOW_CTX_TASK_ID='extract_data_task' AIRFLOW_CTX_EXECUTION_DATE='2025-06-25T00:00:00+00:00' AIRFLOW_CTX_TRY_NUMBER='1' AIRFLOW_CTX_DAG_RUN_ID='scheduled__2025-06-25T00:00:00+00:00'
[2025-07-30T13:57:41.590+0000] {taskinstance.py:430} INFO - ::endgroup::
[2025-07-30T13:57:41.600+0000] {__init__.py:73} INFO - 執行 extract_data (資料載入層)
[2025-07-30T13:57:41.601+0000] {__init__.py:77} INFO - 呼叫演算法 'test_csv' 來自模組 'processor.extract.readCSV'
[2025-07-30T13:57:41.601+0000] {logging_mixin.py:188} INFO - 3f2a4b93-b237-4545-bd50-5004d863567c.csv
[2025-07-30T13:57:41.620+0000] {__init__.py:92} INFO - 資料已存入 Redis，key=***_data:dag_hddddddddh.extract_data_task
[2025-07-30T13:57:41.635+0000] {python.py:237} INFO - Done. Returned value was: None
[2025-07-30T13:57:41.636+0000] {taskinstance.py:441} INFO - ::group::Post task execution logs
[2025-07-30T13:57:41.645+0000] {taskinstance.py:1206} INFO - Marking task as SUCCESS. dag_id=dag_hddddddddh, task_id=extract_data_task, run_id=scheduled__2025-06-25T00:00:00+00:00, execution_date=20250625T000000, start_date=20250730T135741, end_date=20250730T135741
[2025-07-30T13:57:41.676+0000] {local_task_job_runner.py:240} INFO - Task exited with return code 0
[2025-07-30T13:57:41.708+0000] {taskinstance.py:3503} INFO - 1 downstream tasks scheduled from follow-on schedule check
[2025-07-30T13:57:41.711+0000] {local_task_job_runner.py:222} INFO - ::endgroup::
