[2025-07-30T13:37:48.309+0000] {local_task_job_runner.py:120} INFO - ::group::Pre task execution logs
[2025-07-30T13:37:48.504+0000] {taskinstance.py:2076} INFO - Dependencies all met for dep_context=non-requeueable deps ti=<TaskInstance: dag_wwwwwwwww.transform_data_task scheduled__2025-06-25T00:00:00+00:00 [queued]>
[2025-07-30T13:37:48.516+0000] {taskinstance.py:2076} INFO - Dependencies all met for dep_context=requeueable deps ti=<TaskInstance: dag_wwwwwwwww.transform_data_task scheduled__2025-06-25T00:00:00+00:00 [queued]>
[2025-07-30T13:37:48.516+0000] {taskinstance.py:2306} INFO - Starting attempt 1 of 1
[2025-07-30T13:37:48.531+0000] {taskinstance.py:2330} INFO - Executing <Task(PythonOperator): transform_data_task> on 2025-06-25 00:00:00+00:00
[2025-07-30T13:37:48.540+0000] {logging_mixin.py:188} WARNING - /home/***/.local/lib/python3.12/site-packages/***/task/task_runner/standard_task_runner.py:61 DeprecationWarning: This process (pid=5838) is multi-threaded, use of fork() may lead to deadlocks in the child.
[2025-07-30T13:37:48.540+0000] {standard_task_runner.py:63} INFO - Started process 5840 to run task
[2025-07-30T13:37:48.540+0000] {standard_task_runner.py:90} INFO - Running: ['***', 'tasks', 'run', 'dag_wwwwwwwww', 'transform_data_task', 'scheduled__2025-06-25T00:00:00+00:00', '--job-id', '67', '--raw', '--subdir', 'DAGS_FOLDER/dag_generator_python.py', '--cfg-path', '/tmp/tmpyucy4wxp']
[2025-07-30T13:37:48.542+0000] {standard_task_runner.py:91} INFO - Job 67: Subtask transform_data_task
[2025-07-30T13:37:48.611+0000] {task_command.py:426} INFO - Running <TaskInstance: dag_wwwwwwwww.transform_data_task scheduled__2025-06-25T00:00:00+00:00 [running]> on host 14614e29d246
[2025-07-30T13:37:48.699+0000] {taskinstance.py:2648} INFO - Exporting env vars: AIRFLOW_CTX_DAG_OWNER='***' AIRFLOW_CTX_DAG_ID='dag_wwwwwwwww' AIRFLOW_CTX_TASK_ID='transform_data_task' AIRFLOW_CTX_EXECUTION_DATE='2025-06-25T00:00:00+00:00' AIRFLOW_CTX_TRY_NUMBER='1' AIRFLOW_CTX_DAG_RUN_ID='scheduled__2025-06-25T00:00:00+00:00'
[2025-07-30T13:37:48.700+0000] {taskinstance.py:430} INFO - ::endgroup::
[2025-07-30T13:37:48.711+0000] {__init__.py:104} INFO - 執行 transform_data (資料轉換層)
[2025-07-30T13:37:48.712+0000] {__init__.py:42} INFO - _get_upstream_output_path 上游任務: {'extract_data_task', 'extract_data_task2222'}
[2025-07-30T13:37:48.727+0000] {__init__.py:57} INFO - 多上游任務拉到的 XCom 清單: ['***_data:dag_wwwwwwwww.extract_data_task', '***_data:dag_wwwwwwwww.extract_data_task2222']
[2025-07-30T13:37:48.729+0000] {__init__.py:151} ERROR - transform_data 發生例外: '_io.BytesIO' object has no attribute 'append'
[2025-07-30T13:37:48.729+0000] {taskinstance.py:441} INFO - ::group::Post task execution logs
[2025-07-30T13:37:48.730+0000] {taskinstance.py:2905} ERROR - Task failed with exception
Traceback (most recent call last):
  File "/home/airflow/.local/lib/python3.12/site-packages/airflow/models/taskinstance.py", line 465, in _execute_task
    result = _execute_callable(context=context, **execute_callable_kwargs)
             ^^^^^^^^^^^^^^^^^^^^^^^^^^^^^^^^^^^^^^^^^^^^^^^^^^^^^^^^^^^^^
  File "/home/airflow/.local/lib/python3.12/site-packages/airflow/models/taskinstance.py", line 432, in _execute_callable
    return execute_callable(context=context, **execute_callable_kwargs)
           ^^^^^^^^^^^^^^^^^^^^^^^^^^^^^^^^^^^^^^^^^^^^^^^^^^^^^^^^^^^^
  File "/home/airflow/.local/lib/python3.12/site-packages/airflow/models/baseoperator.py", line 401, in wrapper
    return func(self, *args, **kwargs)
           ^^^^^^^^^^^^^^^^^^^^^^^^^^^
  File "/home/airflow/.local/lib/python3.12/site-packages/airflow/operators/python.py", line 235, in execute
    return_value = self.execute_callable()
                   ^^^^^^^^^^^^^^^^^^^^^^^
  File "/home/airflow/.local/lib/python3.12/site-packages/airflow/operators/python.py", line 252, in execute_callable
    return self.python_callable(*self.op_args, **self.op_kwargs)
           ^^^^^^^^^^^^^^^^^^^^^^^^^^^^^^^^^^^^^^^^^^^^^^^^^^^^^
  File "/opt/airflow/dags/processor/__init__.py", line 120, in transform_data
    data_list.append(data)
    ^^^^^^^^^^^^^^^^
AttributeError: '_io.BytesIO' object has no attribute 'append'
[2025-07-30T13:37:48.737+0000] {taskinstance.py:1206} INFO - Marking task as FAILED. dag_id=dag_wwwwwwwww, task_id=transform_data_task, run_id=scheduled__2025-06-25T00:00:00+00:00, execution_date=20250625T000000, start_date=20250730T133748, end_date=20250730T133748
[2025-07-30T13:37:48.749+0000] {standard_task_runner.py:110} ERROR - Failed to execute job 67 for task transform_data_task ('_io.BytesIO' object has no attribute 'append'; 5840)
[2025-07-30T13:37:48.794+0000] {local_task_job_runner.py:240} INFO - Task exited with return code 1
[2025-07-30T13:37:48.815+0000] {taskinstance.py:3503} INFO - 0 downstream tasks scheduled from follow-on schedule check
[2025-07-30T13:37:48.820+0000] {local_task_job_runner.py:222} INFO - ::endgroup::
