[2025-08-06T00:00:36.465+0000] {processor.py:161} INFO - Started process (PID=187) to work on /opt/airflow/dags/cleanup_logs.py
[2025-08-06T00:00:36.466+0000] {processor.py:830} INFO - Processing file /opt/airflow/dags/cleanup_logs.py for tasks to queue
[2025-08-06T00:00:36.468+0000] {logging_mixin.py:188} INFO - [2025-08-06T00:00:36.467+0000] {dagbag.py:545} INFO - Filling up the DagBag from /opt/airflow/dags/cleanup_logs.py
[2025-08-06T00:00:36.481+0000] {processor.py:840} INFO - DAG(s) 'cleanup_dag_logs' retrieved from /opt/airflow/dags/cleanup_logs.py
[2025-08-06T00:00:36.499+0000] {logging_mixin.py:188} INFO - [2025-08-06T00:00:36.499+0000] {dag.py:3096} INFO - Sync 1 DAGs
[2025-08-06T00:00:36.535+0000] {logging_mixin.py:188} INFO - [2025-08-06T00:00:36.535+0000] {dag.py:3954} INFO - Setting next_dagrun for cleanup_dag_logs to 2025-08-06 00:00:00+00:00, run_after=2025-08-07 00:00:00+00:00
[2025-08-06T00:00:36.551+0000] {processor.py:183} INFO - Processing /opt/airflow/dags/cleanup_logs.py took 0.092 seconds
[2025-08-06T00:01:06.765+0000] {processor.py:161} INFO - Started process (PID=228) to work on /opt/airflow/dags/cleanup_logs.py
[2025-08-06T00:01:06.766+0000] {processor.py:830} INFO - Processing file /opt/airflow/dags/cleanup_logs.py for tasks to queue
[2025-08-06T00:01:06.767+0000] {logging_mixin.py:188} INFO - [2025-08-06T00:01:06.767+0000] {dagbag.py:545} INFO - Filling up the DagBag from /opt/airflow/dags/cleanup_logs.py
[2025-08-06T00:01:06.776+0000] {processor.py:840} INFO - DAG(s) 'cleanup_dag_logs' retrieved from /opt/airflow/dags/cleanup_logs.py
[2025-08-06T00:01:06.945+0000] {logging_mixin.py:188} INFO - [2025-08-06T00:01:06.945+0000] {dag.py:3096} INFO - Sync 1 DAGs
[2025-08-06T00:01:06.958+0000] {logging_mixin.py:188} INFO - [2025-08-06T00:01:06.957+0000] {dag.py:3954} INFO - Setting next_dagrun for cleanup_dag_logs to 2025-08-06 00:00:00+00:00, run_after=2025-08-07 00:00:00+00:00
[2025-08-06T00:01:06.973+0000] {processor.py:183} INFO - Processing /opt/airflow/dags/cleanup_logs.py took 0.215 seconds
[2025-08-06T00:01:37.409+0000] {processor.py:161} INFO - Started process (PID=271) to work on /opt/airflow/dags/cleanup_logs.py
[2025-08-06T00:01:37.410+0000] {processor.py:830} INFO - Processing file /opt/airflow/dags/cleanup_logs.py for tasks to queue
[2025-08-06T00:01:37.411+0000] {logging_mixin.py:188} INFO - [2025-08-06T00:01:37.411+0000] {dagbag.py:545} INFO - Filling up the DagBag from /opt/airflow/dags/cleanup_logs.py
[2025-08-06T00:01:37.418+0000] {processor.py:840} INFO - DAG(s) 'cleanup_dag_logs' retrieved from /opt/airflow/dags/cleanup_logs.py
[2025-08-06T00:01:37.440+0000] {logging_mixin.py:188} INFO - [2025-08-06T00:01:37.439+0000] {dag.py:3096} INFO - Sync 1 DAGs
[2025-08-06T00:01:37.453+0000] {logging_mixin.py:188} INFO - [2025-08-06T00:01:37.453+0000] {dag.py:3954} INFO - Setting next_dagrun for cleanup_dag_logs to 2025-08-06 00:00:00+00:00, run_after=2025-08-07 00:00:00+00:00
[2025-08-06T00:01:37.463+0000] {processor.py:183} INFO - Processing /opt/airflow/dags/cleanup_logs.py took 0.059 seconds
[2025-08-06T00:02:07.798+0000] {processor.py:161} INFO - Started process (PID=309) to work on /opt/airflow/dags/cleanup_logs.py
[2025-08-06T00:02:07.799+0000] {processor.py:830} INFO - Processing file /opt/airflow/dags/cleanup_logs.py for tasks to queue
[2025-08-06T00:02:07.801+0000] {logging_mixin.py:188} INFO - [2025-08-06T00:02:07.800+0000] {dagbag.py:545} INFO - Filling up the DagBag from /opt/airflow/dags/cleanup_logs.py
[2025-08-06T00:02:07.808+0000] {processor.py:840} INFO - DAG(s) 'cleanup_dag_logs' retrieved from /opt/airflow/dags/cleanup_logs.py
[2025-08-06T00:02:07.826+0000] {logging_mixin.py:188} INFO - [2025-08-06T00:02:07.826+0000] {dag.py:3096} INFO - Sync 1 DAGs
[2025-08-06T00:02:07.839+0000] {logging_mixin.py:188} INFO - [2025-08-06T00:02:07.839+0000] {dag.py:3954} INFO - Setting next_dagrun for cleanup_dag_logs to 2025-08-06 00:00:00+00:00, run_after=2025-08-07 00:00:00+00:00
[2025-08-06T00:02:07.854+0000] {processor.py:183} INFO - Processing /opt/airflow/dags/cleanup_logs.py took 0.059 seconds
[2025-08-06T00:02:38.266+0000] {processor.py:161} INFO - Started process (PID=352) to work on /opt/airflow/dags/cleanup_logs.py
[2025-08-06T00:02:38.266+0000] {processor.py:830} INFO - Processing file /opt/airflow/dags/cleanup_logs.py for tasks to queue
[2025-08-06T00:02:38.267+0000] {logging_mixin.py:188} INFO - [2025-08-06T00:02:38.267+0000] {dagbag.py:545} INFO - Filling up the DagBag from /opt/airflow/dags/cleanup_logs.py
[2025-08-06T00:02:38.275+0000] {processor.py:840} INFO - DAG(s) 'cleanup_dag_logs' retrieved from /opt/airflow/dags/cleanup_logs.py
[2025-08-06T00:02:38.302+0000] {logging_mixin.py:188} INFO - [2025-08-06T00:02:38.302+0000] {dag.py:3096} INFO - Sync 1 DAGs
[2025-08-06T00:02:38.318+0000] {logging_mixin.py:188} INFO - [2025-08-06T00:02:38.318+0000] {dag.py:3954} INFO - Setting next_dagrun for cleanup_dag_logs to 2025-08-06 00:00:00+00:00, run_after=2025-08-07 00:00:00+00:00
[2025-08-06T00:02:38.335+0000] {processor.py:183} INFO - Processing /opt/airflow/dags/cleanup_logs.py took 0.073 seconds
[2025-08-06T00:03:08.773+0000] {processor.py:161} INFO - Started process (PID=390) to work on /opt/airflow/dags/cleanup_logs.py
[2025-08-06T00:03:08.774+0000] {processor.py:830} INFO - Processing file /opt/airflow/dags/cleanup_logs.py for tasks to queue
[2025-08-06T00:03:08.775+0000] {logging_mixin.py:188} INFO - [2025-08-06T00:03:08.775+0000] {dagbag.py:545} INFO - Filling up the DagBag from /opt/airflow/dags/cleanup_logs.py
[2025-08-06T00:03:08.782+0000] {processor.py:840} INFO - DAG(s) 'cleanup_dag_logs' retrieved from /opt/airflow/dags/cleanup_logs.py
[2025-08-06T00:03:08.805+0000] {logging_mixin.py:188} INFO - [2025-08-06T00:03:08.805+0000] {dag.py:3096} INFO - Sync 1 DAGs
[2025-08-06T00:03:08.819+0000] {logging_mixin.py:188} INFO - [2025-08-06T00:03:08.819+0000] {dag.py:3954} INFO - Setting next_dagrun for cleanup_dag_logs to 2025-08-06 00:00:00+00:00, run_after=2025-08-07 00:00:00+00:00
[2025-08-06T00:03:08.830+0000] {processor.py:183} INFO - Processing /opt/airflow/dags/cleanup_logs.py took 0.062 seconds
[2025-08-06T00:03:39.151+0000] {processor.py:161} INFO - Started process (PID=433) to work on /opt/airflow/dags/cleanup_logs.py
[2025-08-06T00:03:39.151+0000] {processor.py:830} INFO - Processing file /opt/airflow/dags/cleanup_logs.py for tasks to queue
[2025-08-06T00:03:39.153+0000] {logging_mixin.py:188} INFO - [2025-08-06T00:03:39.153+0000] {dagbag.py:545} INFO - Filling up the DagBag from /opt/airflow/dags/cleanup_logs.py
[2025-08-06T00:03:39.163+0000] {processor.py:840} INFO - DAG(s) 'cleanup_dag_logs' retrieved from /opt/airflow/dags/cleanup_logs.py
[2025-08-06T00:03:39.182+0000] {logging_mixin.py:188} INFO - [2025-08-06T00:03:39.182+0000] {dag.py:3096} INFO - Sync 1 DAGs
[2025-08-06T00:03:39.197+0000] {logging_mixin.py:188} INFO - [2025-08-06T00:03:39.196+0000] {dag.py:3954} INFO - Setting next_dagrun for cleanup_dag_logs to 2025-08-06 00:00:00+00:00, run_after=2025-08-07 00:00:00+00:00
[2025-08-06T00:03:39.208+0000] {processor.py:183} INFO - Processing /opt/airflow/dags/cleanup_logs.py took 0.062 seconds
[2025-08-06T00:04:09.693+0000] {processor.py:161} INFO - Started process (PID=478) to work on /opt/airflow/dags/cleanup_logs.py
[2025-08-06T00:04:09.694+0000] {processor.py:830} INFO - Processing file /opt/airflow/dags/cleanup_logs.py for tasks to queue
[2025-08-06T00:04:09.695+0000] {logging_mixin.py:188} INFO - [2025-08-06T00:04:09.695+0000] {dagbag.py:545} INFO - Filling up the DagBag from /opt/airflow/dags/cleanup_logs.py
[2025-08-06T00:04:09.702+0000] {processor.py:840} INFO - DAG(s) 'cleanup_dag_logs' retrieved from /opt/airflow/dags/cleanup_logs.py
[2025-08-06T00:04:09.719+0000] {logging_mixin.py:188} INFO - [2025-08-06T00:04:09.719+0000] {dag.py:3096} INFO - Sync 1 DAGs
[2025-08-06T00:04:09.734+0000] {logging_mixin.py:188} INFO - [2025-08-06T00:04:09.734+0000] {dag.py:3954} INFO - Setting next_dagrun for cleanup_dag_logs to 2025-08-06 00:00:00+00:00, run_after=2025-08-07 00:00:00+00:00
[2025-08-06T00:04:09.746+0000] {processor.py:183} INFO - Processing /opt/airflow/dags/cleanup_logs.py took 0.058 seconds
[2025-08-06T00:04:40.187+0000] {processor.py:161} INFO - Started process (PID=514) to work on /opt/airflow/dags/cleanup_logs.py
[2025-08-06T00:04:40.187+0000] {processor.py:830} INFO - Processing file /opt/airflow/dags/cleanup_logs.py for tasks to queue
[2025-08-06T00:04:40.189+0000] {logging_mixin.py:188} INFO - [2025-08-06T00:04:40.189+0000] {dagbag.py:545} INFO - Filling up the DagBag from /opt/airflow/dags/cleanup_logs.py
[2025-08-06T00:04:40.197+0000] {processor.py:840} INFO - DAG(s) 'cleanup_dag_logs' retrieved from /opt/airflow/dags/cleanup_logs.py
[2025-08-06T00:04:40.221+0000] {logging_mixin.py:188} INFO - [2025-08-06T00:04:40.221+0000] {dag.py:3096} INFO - Sync 1 DAGs
[2025-08-06T00:04:40.235+0000] {logging_mixin.py:188} INFO - [2025-08-06T00:04:40.235+0000] {dag.py:3954} INFO - Setting next_dagrun for cleanup_dag_logs to 2025-08-06 00:00:00+00:00, run_after=2025-08-07 00:00:00+00:00
[2025-08-06T00:04:40.250+0000] {processor.py:183} INFO - Processing /opt/airflow/dags/cleanup_logs.py took 0.070 seconds
[2025-08-06T00:05:10.669+0000] {processor.py:161} INFO - Started process (PID=559) to work on /opt/airflow/dags/cleanup_logs.py
[2025-08-06T00:05:10.670+0000] {processor.py:830} INFO - Processing file /opt/airflow/dags/cleanup_logs.py for tasks to queue
[2025-08-06T00:05:10.672+0000] {logging_mixin.py:188} INFO - [2025-08-06T00:05:10.671+0000] {dagbag.py:545} INFO - Filling up the DagBag from /opt/airflow/dags/cleanup_logs.py
[2025-08-06T00:05:10.682+0000] {processor.py:840} INFO - DAG(s) 'cleanup_dag_logs' retrieved from /opt/airflow/dags/cleanup_logs.py
[2025-08-06T00:05:10.699+0000] {logging_mixin.py:188} INFO - [2025-08-06T00:05:10.698+0000] {dag.py:3096} INFO - Sync 1 DAGs
[2025-08-06T00:05:10.712+0000] {logging_mixin.py:188} INFO - [2025-08-06T00:05:10.712+0000] {dag.py:3954} INFO - Setting next_dagrun for cleanup_dag_logs to 2025-08-06 00:00:00+00:00, run_after=2025-08-07 00:00:00+00:00
[2025-08-06T00:05:10.725+0000] {processor.py:183} INFO - Processing /opt/airflow/dags/cleanup_logs.py took 0.063 seconds
[2025-08-06T00:05:41.200+0000] {processor.py:161} INFO - Started process (PID=595) to work on /opt/airflow/dags/cleanup_logs.py
[2025-08-06T00:05:41.201+0000] {processor.py:830} INFO - Processing file /opt/airflow/dags/cleanup_logs.py for tasks to queue
[2025-08-06T00:05:41.202+0000] {logging_mixin.py:188} INFO - [2025-08-06T00:05:41.201+0000] {dagbag.py:545} INFO - Filling up the DagBag from /opt/airflow/dags/cleanup_logs.py
[2025-08-06T00:05:41.208+0000] {processor.py:840} INFO - DAG(s) 'cleanup_dag_logs' retrieved from /opt/airflow/dags/cleanup_logs.py
[2025-08-06T00:05:41.226+0000] {logging_mixin.py:188} INFO - [2025-08-06T00:05:41.226+0000] {dag.py:3096} INFO - Sync 1 DAGs
[2025-08-06T00:05:41.241+0000] {logging_mixin.py:188} INFO - [2025-08-06T00:05:41.241+0000] {dag.py:3954} INFO - Setting next_dagrun for cleanup_dag_logs to 2025-08-06 00:00:00+00:00, run_after=2025-08-07 00:00:00+00:00
[2025-08-06T00:05:41.257+0000] {processor.py:183} INFO - Processing /opt/airflow/dags/cleanup_logs.py took 0.062 seconds
[2025-08-06T00:06:11.703+0000] {processor.py:161} INFO - Started process (PID=639) to work on /opt/airflow/dags/cleanup_logs.py
[2025-08-06T00:06:11.704+0000] {processor.py:830} INFO - Processing file /opt/airflow/dags/cleanup_logs.py for tasks to queue
[2025-08-06T00:06:11.706+0000] {logging_mixin.py:188} INFO - [2025-08-06T00:06:11.705+0000] {dagbag.py:545} INFO - Filling up the DagBag from /opt/airflow/dags/cleanup_logs.py
[2025-08-06T00:06:11.717+0000] {processor.py:840} INFO - DAG(s) 'cleanup_dag_logs' retrieved from /opt/airflow/dags/cleanup_logs.py
[2025-08-06T00:06:11.748+0000] {logging_mixin.py:188} INFO - [2025-08-06T00:06:11.748+0000] {dag.py:3096} INFO - Sync 1 DAGs
[2025-08-06T00:06:11.766+0000] {logging_mixin.py:188} INFO - [2025-08-06T00:06:11.765+0000] {dag.py:3954} INFO - Setting next_dagrun for cleanup_dag_logs to 2025-08-06 00:00:00+00:00, run_after=2025-08-07 00:00:00+00:00
[2025-08-06T00:06:11.783+0000] {processor.py:183} INFO - Processing /opt/airflow/dags/cleanup_logs.py took 0.087 seconds
[2025-08-06T00:06:42.205+0000] {processor.py:161} INFO - Started process (PID=682) to work on /opt/airflow/dags/cleanup_logs.py
[2025-08-06T00:06:42.205+0000] {processor.py:830} INFO - Processing file /opt/airflow/dags/cleanup_logs.py for tasks to queue
[2025-08-06T00:06:42.206+0000] {logging_mixin.py:188} INFO - [2025-08-06T00:06:42.206+0000] {dagbag.py:545} INFO - Filling up the DagBag from /opt/airflow/dags/cleanup_logs.py
[2025-08-06T00:06:42.213+0000] {processor.py:840} INFO - DAG(s) 'cleanup_dag_logs' retrieved from /opt/airflow/dags/cleanup_logs.py
[2025-08-06T00:06:42.232+0000] {logging_mixin.py:188} INFO - [2025-08-06T00:06:42.232+0000] {dag.py:3096} INFO - Sync 1 DAGs
[2025-08-06T00:06:42.248+0000] {logging_mixin.py:188} INFO - [2025-08-06T00:06:42.248+0000] {dag.py:3954} INFO - Setting next_dagrun for cleanup_dag_logs to 2025-08-06 00:00:00+00:00, run_after=2025-08-07 00:00:00+00:00
[2025-08-06T00:06:42.259+0000] {processor.py:183} INFO - Processing /opt/airflow/dags/cleanup_logs.py took 0.058 seconds
[2025-08-06T00:07:12.719+0000] {processor.py:161} INFO - Started process (PID=721) to work on /opt/airflow/dags/cleanup_logs.py
[2025-08-06T00:07:12.720+0000] {processor.py:830} INFO - Processing file /opt/airflow/dags/cleanup_logs.py for tasks to queue
[2025-08-06T00:07:12.721+0000] {logging_mixin.py:188} INFO - [2025-08-06T00:07:12.721+0000] {dagbag.py:545} INFO - Filling up the DagBag from /opt/airflow/dags/cleanup_logs.py
[2025-08-06T00:07:12.730+0000] {processor.py:840} INFO - DAG(s) 'cleanup_dag_logs' retrieved from /opt/airflow/dags/cleanup_logs.py
[2025-08-06T00:07:12.747+0000] {logging_mixin.py:188} INFO - [2025-08-06T00:07:12.747+0000] {dag.py:3096} INFO - Sync 1 DAGs
[2025-08-06T00:07:12.768+0000] {logging_mixin.py:188} INFO - [2025-08-06T00:07:12.768+0000] {dag.py:3954} INFO - Setting next_dagrun for cleanup_dag_logs to 2025-08-06 00:00:00+00:00, run_after=2025-08-07 00:00:00+00:00
[2025-08-06T00:07:12.784+0000] {processor.py:183} INFO - Processing /opt/airflow/dags/cleanup_logs.py took 0.070 seconds
[2025-08-06T00:07:43.317+0000] {processor.py:161} INFO - Started process (PID=764) to work on /opt/airflow/dags/cleanup_logs.py
[2025-08-06T00:07:43.318+0000] {processor.py:830} INFO - Processing file /opt/airflow/dags/cleanup_logs.py for tasks to queue
[2025-08-06T00:07:43.320+0000] {logging_mixin.py:188} INFO - [2025-08-06T00:07:43.319+0000] {dagbag.py:545} INFO - Filling up the DagBag from /opt/airflow/dags/cleanup_logs.py
[2025-08-06T00:07:43.330+0000] {processor.py:840} INFO - DAG(s) 'cleanup_dag_logs' retrieved from /opt/airflow/dags/cleanup_logs.py
[2025-08-06T00:07:43.351+0000] {logging_mixin.py:188} INFO - [2025-08-06T00:07:43.351+0000] {dag.py:3096} INFO - Sync 1 DAGs
[2025-08-06T00:07:43.365+0000] {logging_mixin.py:188} INFO - [2025-08-06T00:07:43.365+0000] {dag.py:3954} INFO - Setting next_dagrun for cleanup_dag_logs to 2025-08-06 00:00:00+00:00, run_after=2025-08-07 00:00:00+00:00
[2025-08-06T00:07:43.380+0000] {processor.py:183} INFO - Processing /opt/airflow/dags/cleanup_logs.py took 0.068 seconds
[2025-08-06T00:08:13.862+0000] {processor.py:161} INFO - Started process (PID=802) to work on /opt/airflow/dags/cleanup_logs.py
[2025-08-06T00:08:13.863+0000] {processor.py:830} INFO - Processing file /opt/airflow/dags/cleanup_logs.py for tasks to queue
[2025-08-06T00:08:13.865+0000] {logging_mixin.py:188} INFO - [2025-08-06T00:08:13.865+0000] {dagbag.py:545} INFO - Filling up the DagBag from /opt/airflow/dags/cleanup_logs.py
[2025-08-06T00:08:13.875+0000] {processor.py:840} INFO - DAG(s) 'cleanup_dag_logs' retrieved from /opt/airflow/dags/cleanup_logs.py
[2025-08-06T00:08:13.904+0000] {logging_mixin.py:188} INFO - [2025-08-06T00:08:13.903+0000] {dag.py:3096} INFO - Sync 1 DAGs
[2025-08-06T00:08:13.919+0000] {logging_mixin.py:188} INFO - [2025-08-06T00:08:13.919+0000] {dag.py:3954} INFO - Setting next_dagrun for cleanup_dag_logs to 2025-08-06 00:00:00+00:00, run_after=2025-08-07 00:00:00+00:00
[2025-08-06T00:08:13.933+0000] {processor.py:183} INFO - Processing /opt/airflow/dags/cleanup_logs.py took 0.076 seconds
[2025-08-06T00:08:44.387+0000] {processor.py:161} INFO - Started process (PID=845) to work on /opt/airflow/dags/cleanup_logs.py
[2025-08-06T00:08:44.388+0000] {processor.py:830} INFO - Processing file /opt/airflow/dags/cleanup_logs.py for tasks to queue
[2025-08-06T00:08:44.388+0000] {logging_mixin.py:188} INFO - [2025-08-06T00:08:44.388+0000] {dagbag.py:545} INFO - Filling up the DagBag from /opt/airflow/dags/cleanup_logs.py
[2025-08-06T00:08:44.395+0000] {processor.py:840} INFO - DAG(s) 'cleanup_dag_logs' retrieved from /opt/airflow/dags/cleanup_logs.py
[2025-08-06T00:08:44.418+0000] {logging_mixin.py:188} INFO - [2025-08-06T00:08:44.418+0000] {dag.py:3096} INFO - Sync 1 DAGs
[2025-08-06T00:08:44.434+0000] {logging_mixin.py:188} INFO - [2025-08-06T00:08:44.434+0000] {dag.py:3954} INFO - Setting next_dagrun for cleanup_dag_logs to 2025-08-06 00:00:00+00:00, run_after=2025-08-07 00:00:00+00:00
[2025-08-06T00:08:44.448+0000] {processor.py:183} INFO - Processing /opt/airflow/dags/cleanup_logs.py took 0.066 seconds
[2025-08-06T00:09:14.969+0000] {processor.py:161} INFO - Started process (PID=890) to work on /opt/airflow/dags/cleanup_logs.py
[2025-08-06T00:09:14.970+0000] {processor.py:830} INFO - Processing file /opt/airflow/dags/cleanup_logs.py for tasks to queue
[2025-08-06T00:09:14.971+0000] {logging_mixin.py:188} INFO - [2025-08-06T00:09:14.971+0000] {dagbag.py:545} INFO - Filling up the DagBag from /opt/airflow/dags/cleanup_logs.py
[2025-08-06T00:09:14.979+0000] {processor.py:840} INFO - DAG(s) 'cleanup_dag_logs' retrieved from /opt/airflow/dags/cleanup_logs.py
[2025-08-06T00:09:15.003+0000] {logging_mixin.py:188} INFO - [2025-08-06T00:09:15.003+0000] {dag.py:3096} INFO - Sync 1 DAGs
[2025-08-06T00:09:15.016+0000] {logging_mixin.py:188} INFO - [2025-08-06T00:09:15.016+0000] {dag.py:3954} INFO - Setting next_dagrun for cleanup_dag_logs to 2025-08-06 00:00:00+00:00, run_after=2025-08-07 00:00:00+00:00
[2025-08-06T00:09:15.029+0000] {processor.py:183} INFO - Processing /opt/airflow/dags/cleanup_logs.py took 0.067 seconds
[2025-08-06T00:09:45.542+0000] {processor.py:161} INFO - Started process (PID=926) to work on /opt/airflow/dags/cleanup_logs.py
[2025-08-06T00:09:45.543+0000] {processor.py:830} INFO - Processing file /opt/airflow/dags/cleanup_logs.py for tasks to queue
[2025-08-06T00:09:45.544+0000] {logging_mixin.py:188} INFO - [2025-08-06T00:09:45.544+0000] {dagbag.py:545} INFO - Filling up the DagBag from /opt/airflow/dags/cleanup_logs.py
[2025-08-06T00:09:45.550+0000] {processor.py:840} INFO - DAG(s) 'cleanup_dag_logs' retrieved from /opt/airflow/dags/cleanup_logs.py
[2025-08-06T00:09:45.568+0000] {logging_mixin.py:188} INFO - [2025-08-06T00:09:45.568+0000] {dag.py:3096} INFO - Sync 1 DAGs
[2025-08-06T00:09:45.582+0000] {logging_mixin.py:188} INFO - [2025-08-06T00:09:45.582+0000] {dag.py:3954} INFO - Setting next_dagrun for cleanup_dag_logs to 2025-08-06 00:00:00+00:00, run_after=2025-08-07 00:00:00+00:00
[2025-08-06T00:09:45.596+0000] {processor.py:183} INFO - Processing /opt/airflow/dags/cleanup_logs.py took 0.059 seconds
[2025-08-06T00:10:16.122+0000] {processor.py:161} INFO - Started process (PID=971) to work on /opt/airflow/dags/cleanup_logs.py
[2025-08-06T00:10:16.122+0000] {processor.py:830} INFO - Processing file /opt/airflow/dags/cleanup_logs.py for tasks to queue
[2025-08-06T00:10:16.123+0000] {logging_mixin.py:188} INFO - [2025-08-06T00:10:16.123+0000] {dagbag.py:545} INFO - Filling up the DagBag from /opt/airflow/dags/cleanup_logs.py
[2025-08-06T00:10:16.130+0000] {processor.py:840} INFO - DAG(s) 'cleanup_dag_logs' retrieved from /opt/airflow/dags/cleanup_logs.py
[2025-08-06T00:10:16.156+0000] {logging_mixin.py:188} INFO - [2025-08-06T00:10:16.156+0000] {dag.py:3096} INFO - Sync 1 DAGs
[2025-08-06T00:10:16.177+0000] {logging_mixin.py:188} INFO - [2025-08-06T00:10:16.177+0000] {dag.py:3954} INFO - Setting next_dagrun for cleanup_dag_logs to 2025-08-06 00:00:00+00:00, run_after=2025-08-07 00:00:00+00:00
[2025-08-06T00:10:16.192+0000] {processor.py:183} INFO - Processing /opt/airflow/dags/cleanup_logs.py took 0.076 seconds
[2025-08-06T00:10:46.688+0000] {processor.py:161} INFO - Started process (PID=1007) to work on /opt/airflow/dags/cleanup_logs.py
[2025-08-06T00:10:46.689+0000] {processor.py:830} INFO - Processing file /opt/airflow/dags/cleanup_logs.py for tasks to queue
[2025-08-06T00:10:46.691+0000] {logging_mixin.py:188} INFO - [2025-08-06T00:10:46.690+0000] {dagbag.py:545} INFO - Filling up the DagBag from /opt/airflow/dags/cleanup_logs.py
[2025-08-06T00:10:46.700+0000] {processor.py:840} INFO - DAG(s) 'cleanup_dag_logs' retrieved from /opt/airflow/dags/cleanup_logs.py
[2025-08-06T00:10:46.724+0000] {logging_mixin.py:188} INFO - [2025-08-06T00:10:46.724+0000] {dag.py:3096} INFO - Sync 1 DAGs
[2025-08-06T00:10:46.744+0000] {logging_mixin.py:188} INFO - [2025-08-06T00:10:46.744+0000] {dag.py:3954} INFO - Setting next_dagrun for cleanup_dag_logs to 2025-08-06 00:00:00+00:00, run_after=2025-08-07 00:00:00+00:00
[2025-08-06T00:10:46.759+0000] {processor.py:183} INFO - Processing /opt/airflow/dags/cleanup_logs.py took 0.079 seconds
[2025-08-06T00:11:17.234+0000] {processor.py:161} INFO - Started process (PID=1052) to work on /opt/airflow/dags/cleanup_logs.py
[2025-08-06T00:11:17.235+0000] {processor.py:830} INFO - Processing file /opt/airflow/dags/cleanup_logs.py for tasks to queue
[2025-08-06T00:11:17.237+0000] {logging_mixin.py:188} INFO - [2025-08-06T00:11:17.236+0000] {dagbag.py:545} INFO - Filling up the DagBag from /opt/airflow/dags/cleanup_logs.py
[2025-08-06T00:11:17.244+0000] {processor.py:840} INFO - DAG(s) 'cleanup_dag_logs' retrieved from /opt/airflow/dags/cleanup_logs.py
[2025-08-06T00:11:17.261+0000] {logging_mixin.py:188} INFO - [2025-08-06T00:11:17.261+0000] {dag.py:3096} INFO - Sync 1 DAGs
[2025-08-06T00:11:17.275+0000] {logging_mixin.py:188} INFO - [2025-08-06T00:11:17.275+0000] {dag.py:3954} INFO - Setting next_dagrun for cleanup_dag_logs to 2025-08-06 00:00:00+00:00, run_after=2025-08-07 00:00:00+00:00
[2025-08-06T00:11:17.288+0000] {processor.py:183} INFO - Processing /opt/airflow/dags/cleanup_logs.py took 0.060 seconds
[2025-08-06T00:11:47.844+0000] {processor.py:161} INFO - Started process (PID=1095) to work on /opt/airflow/dags/cleanup_logs.py
[2025-08-06T00:11:47.845+0000] {processor.py:830} INFO - Processing file /opt/airflow/dags/cleanup_logs.py for tasks to queue
[2025-08-06T00:11:47.847+0000] {logging_mixin.py:188} INFO - [2025-08-06T00:11:47.846+0000] {dagbag.py:545} INFO - Filling up the DagBag from /opt/airflow/dags/cleanup_logs.py
[2025-08-06T00:11:47.858+0000] {processor.py:840} INFO - DAG(s) 'cleanup_dag_logs' retrieved from /opt/airflow/dags/cleanup_logs.py
[2025-08-06T00:11:47.884+0000] {logging_mixin.py:188} INFO - [2025-08-06T00:11:47.884+0000] {dag.py:3096} INFO - Sync 1 DAGs
[2025-08-06T00:11:47.900+0000] {logging_mixin.py:188} INFO - [2025-08-06T00:11:47.900+0000] {dag.py:3954} INFO - Setting next_dagrun for cleanup_dag_logs to 2025-08-06 00:00:00+00:00, run_after=2025-08-07 00:00:00+00:00
[2025-08-06T00:11:47.913+0000] {processor.py:183} INFO - Processing /opt/airflow/dags/cleanup_logs.py took 0.076 seconds
[2025-08-06T00:12:18.436+0000] {processor.py:161} INFO - Started process (PID=1133) to work on /opt/airflow/dags/cleanup_logs.py
[2025-08-06T00:12:18.437+0000] {processor.py:830} INFO - Processing file /opt/airflow/dags/cleanup_logs.py for tasks to queue
[2025-08-06T00:12:18.438+0000] {logging_mixin.py:188} INFO - [2025-08-06T00:12:18.438+0000] {dagbag.py:545} INFO - Filling up the DagBag from /opt/airflow/dags/cleanup_logs.py
[2025-08-06T00:12:18.456+0000] {processor.py:840} INFO - DAG(s) 'cleanup_dag_logs' retrieved from /opt/airflow/dags/cleanup_logs.py
[2025-08-06T00:12:18.489+0000] {logging_mixin.py:188} INFO - [2025-08-06T00:12:18.489+0000] {dag.py:3096} INFO - Sync 1 DAGs
[2025-08-06T00:12:18.526+0000] {logging_mixin.py:188} INFO - [2025-08-06T00:12:18.526+0000] {dag.py:3954} INFO - Setting next_dagrun for cleanup_dag_logs to 2025-08-06 00:00:00+00:00, run_after=2025-08-07 00:00:00+00:00
[2025-08-06T00:12:18.554+0000] {processor.py:183} INFO - Processing /opt/airflow/dags/cleanup_logs.py took 0.125 seconds
[2025-08-06T00:12:49.075+0000] {processor.py:161} INFO - Started process (PID=1176) to work on /opt/airflow/dags/cleanup_logs.py
[2025-08-06T00:12:49.075+0000] {processor.py:830} INFO - Processing file /opt/airflow/dags/cleanup_logs.py for tasks to queue
[2025-08-06T00:12:49.077+0000] {logging_mixin.py:188} INFO - [2025-08-06T00:12:49.077+0000] {dagbag.py:545} INFO - Filling up the DagBag from /opt/airflow/dags/cleanup_logs.py
[2025-08-06T00:12:49.086+0000] {processor.py:840} INFO - DAG(s) 'cleanup_dag_logs' retrieved from /opt/airflow/dags/cleanup_logs.py
[2025-08-06T00:12:49.106+0000] {logging_mixin.py:188} INFO - [2025-08-06T00:12:49.106+0000] {dag.py:3096} INFO - Sync 1 DAGs
[2025-08-06T00:12:49.119+0000] {logging_mixin.py:188} INFO - [2025-08-06T00:12:49.119+0000] {dag.py:3954} INFO - Setting next_dagrun for cleanup_dag_logs to 2025-08-06 00:00:00+00:00, run_after=2025-08-07 00:00:00+00:00
[2025-08-06T00:12:49.132+0000] {processor.py:183} INFO - Processing /opt/airflow/dags/cleanup_logs.py took 0.063 seconds
