[2025-07-31T02:08:50.528+0000] {local_task_job_runner.py:120} INFO - ::group::Pre task execution logs
[2025-07-31T02:08:50.641+0000] {taskinstance.py:2076} INFO - Dependencies all met for dep_context=non-requeueable deps ti=<TaskInstance: dag_3333www6ffsfsg.extract_data_task scheduled__2025-06-25T00:00:00+00:00 [queued]>
[2025-07-31T02:08:50.646+0000] {taskinstance.py:2076} INFO - Dependencies all met for dep_context=requeueable deps ti=<TaskInstance: dag_3333www6ffsfsg.extract_data_task scheduled__2025-06-25T00:00:00+00:00 [queued]>
[2025-07-31T02:08:50.646+0000] {taskinstance.py:2306} INFO - Starting attempt 1 of 1
[2025-07-31T02:08:50.657+0000] {taskinstance.py:2330} INFO - Executing <Task(PythonOperator): extract_data_task> on 2025-06-25 00:00:00+00:00
[2025-07-31T02:08:50.662+0000] {logging_mixin.py:188} WARNING - /home/***/.local/lib/python3.12/site-packages/***/task/task_runner/standard_task_runner.py:61 DeprecationWarning: This process (pid=7524) is multi-threaded, use of fork() may lead to deadlocks in the child.
[2025-07-31T02:08:50.663+0000] {standard_task_runner.py:63} INFO - Started process 7526 to run task
[2025-07-31T02:08:50.663+0000] {standard_task_runner.py:90} INFO - Running: ['***', 'tasks', 'run', 'dag_3333www6ffsfsg', 'extract_data_task', 'scheduled__2025-06-25T00:00:00+00:00', '--job-id', '132', '--raw', '--subdir', 'DAGS_FOLDER/dag_generator_python.py', '--cfg-path', '/tmp/tmpn0r1w81p']
[2025-07-31T02:08:50.665+0000] {standard_task_runner.py:91} INFO - Job 132: Subtask extract_data_task
[2025-07-31T02:08:50.738+0000] {task_command.py:426} INFO - Running <TaskInstance: dag_3333www6ffsfsg.extract_data_task scheduled__2025-06-25T00:00:00+00:00 [running]> on host 14614e29d246
[2025-07-31T02:08:50.853+0000] {taskinstance.py:2648} INFO - Exporting env vars: AIRFLOW_CTX_DAG_OWNER='***' AIRFLOW_CTX_DAG_ID='dag_3333www6ffsfsg' AIRFLOW_CTX_TASK_ID='extract_data_task' AIRFLOW_CTX_EXECUTION_DATE='2025-06-25T00:00:00+00:00' AIRFLOW_CTX_TRY_NUMBER='1' AIRFLOW_CTX_DAG_RUN_ID='scheduled__2025-06-25T00:00:00+00:00'
[2025-07-31T02:08:50.854+0000] {taskinstance.py:430} INFO - ::endgroup::
[2025-07-31T02:08:50.865+0000] {__init__.py:57} INFO - 執行 extract_data (資料載入層)
[2025-07-31T02:08:50.866+0000] {__init__.py:61} INFO - 呼叫演算法 'test_csv' 來自模組 'processor.extract.readNP'
[2025-07-31T02:08:50.866+0000] {logging_mixin.py:188} INFO - test.npy
[2025-07-31T02:08:50.867+0000] {__init__.py:65} INFO - 資料是 numpy.ndarray
[2025-07-31T02:08:50.868+0000] {__init__.py:82} INFO - 資料已存入 Redis，key=***_data:dag_3333www6ffsfsg.extract_data_task
[2025-07-31T02:08:50.879+0000] {python.py:237} INFO - Done. Returned value was: None
[2025-07-31T02:08:50.879+0000] {taskinstance.py:441} INFO - ::group::Post task execution logs
[2025-07-31T02:08:50.887+0000] {taskinstance.py:1206} INFO - Marking task as SUCCESS. dag_id=dag_3333www6ffsfsg, task_id=extract_data_task, run_id=scheduled__2025-06-25T00:00:00+00:00, execution_date=20250625T000000, start_date=20250731T020850, end_date=20250731T020850
[2025-07-31T02:08:50.916+0000] {local_task_job_runner.py:240} INFO - Task exited with return code 0
[2025-07-31T02:08:50.935+0000] {taskinstance.py:3503} INFO - 1 downstream tasks scheduled from follow-on schedule check
[2025-07-31T02:08:50.937+0000] {local_task_job_runner.py:222} INFO - ::endgroup::
