[2025-07-29T08:12:35.247+0000] {local_task_job_runner.py:120} INFO - ::group::Pre task execution logs
[2025-07-29T08:12:35.274+0000] {taskinstance.py:2076} INFO - Dependencies all met for dep_context=non-requeueable deps ti=<TaskInstance: dag_cccccc.transform_data_task scheduled__2025-06-25T00:00:00+00:00 [queued]>
[2025-07-29T08:12:35.279+0000] {taskinstance.py:2076} INFO - Dependencies all met for dep_context=requeueable deps ti=<TaskInstance: dag_cccccc.transform_data_task scheduled__2025-06-25T00:00:00+00:00 [queued]>
[2025-07-29T08:12:35.280+0000] {taskinstance.py:2306} INFO - Starting attempt 1 of 1
[2025-07-29T08:12:35.288+0000] {taskinstance.py:2330} INFO - Executing <Task(PythonOperator): transform_data_task> on 2025-06-25 00:00:00+00:00
[2025-07-29T08:12:35.294+0000] {logging_mixin.py:188} WARNING - /home/***/.local/lib/python3.12/site-packages/***/task/task_runner/standard_task_runner.py:61 DeprecationWarning: This process (pid=17027) is multi-threaded, use of fork() may lead to deadlocks in the child.
[2025-07-29T08:12:35.294+0000] {standard_task_runner.py:63} INFO - Started process 17029 to run task
[2025-07-29T08:12:35.295+0000] {standard_task_runner.py:90} INFO - Running: ['***', 'tasks', 'run', 'dag_cccccc', 'transform_data_task', 'scheduled__2025-06-25T00:00:00+00:00', '--job-id', '33', '--raw', '--subdir', 'DAGS_FOLDER/dag_generator_python.py', '--cfg-path', '/tmp/tmp5feyvh1w']
[2025-07-29T08:12:35.296+0000] {standard_task_runner.py:91} INFO - Job 33: Subtask transform_data_task
[2025-07-29T08:12:35.435+0000] {task_command.py:426} INFO - Running <TaskInstance: dag_cccccc.transform_data_task scheduled__2025-06-25T00:00:00+00:00 [running]> on host ee0266895495
[2025-07-29T08:12:35.514+0000] {taskinstance.py:2648} INFO - Exporting env vars: AIRFLOW_CTX_DAG_OWNER='***' AIRFLOW_CTX_DAG_ID='dag_cccccc' AIRFLOW_CTX_TASK_ID='transform_data_task' AIRFLOW_CTX_EXECUTION_DATE='2025-06-25T00:00:00+00:00' AIRFLOW_CTX_TRY_NUMBER='1' AIRFLOW_CTX_DAG_RUN_ID='scheduled__2025-06-25T00:00:00+00:00'
[2025-07-29T08:12:35.515+0000] {taskinstance.py:430} INFO - ::endgroup::
[2025-07-29T08:12:35.526+0000] {logging_mixin.py:188} INFO - 測試轉換層
[2025-07-29T08:12:35.526+0000] {logging_mixin.py:188} INFO - Fetching data from Redis key: ***_data:dag_cccccc
[2025-07-29T08:12:35.529+0000] {logging_mixin.py:188} INFO - Applying algorithm 'aggregate_product_data' from module 'processor.transform.algos_1'
[2025-07-29T08:12:35.552+0000] {logging_mixin.py:188} INFO - Transformed data stored back to Redis with key: ***_data:dag_cccccc
[2025-07-29T08:12:35.561+0000] {python.py:237} INFO - Done. Returned value was: None
[2025-07-29T08:12:35.561+0000] {taskinstance.py:441} INFO - ::group::Post task execution logs
[2025-07-29T08:12:35.567+0000] {taskinstance.py:1206} INFO - Marking task as SUCCESS. dag_id=dag_cccccc, task_id=transform_data_task, run_id=scheduled__2025-06-25T00:00:00+00:00, execution_date=20250625T000000, start_date=20250729T081235, end_date=20250729T081235
[2025-07-29T08:12:35.588+0000] {local_task_job_runner.py:240} INFO - Task exited with return code 0
[2025-07-29T08:12:35.704+0000] {taskinstance.py:3503} INFO - 1 downstream tasks scheduled from follow-on schedule check
[2025-07-29T08:12:35.706+0000] {local_task_job_runner.py:222} INFO - ::endgroup::
[2025-07-29T08:25:17.938+0000] {local_task_job_runner.py:120} INFO - ::group::Pre task execution logs
[2025-07-29T08:25:17.960+0000] {taskinstance.py:2076} INFO - Dependencies all met for dep_context=non-requeueable deps ti=<TaskInstance: dag_cccccc.transform_data_task scheduled__2025-06-25T00:00:00+00:00 [queued]>
[2025-07-29T08:25:17.966+0000] {taskinstance.py:2076} INFO - Dependencies all met for dep_context=requeueable deps ti=<TaskInstance: dag_cccccc.transform_data_task scheduled__2025-06-25T00:00:00+00:00 [queued]>
[2025-07-29T08:25:17.966+0000] {taskinstance.py:2306} INFO - Starting attempt 1 of 1
[2025-07-29T08:25:17.976+0000] {taskinstance.py:2330} INFO - Executing <Task(PythonOperator): transform_data_task> on 2025-06-25 00:00:00+00:00
[2025-07-29T08:25:17.984+0000] {logging_mixin.py:188} WARNING - /home/***/.local/lib/python3.12/site-packages/***/task/task_runner/standard_task_runner.py:61 DeprecationWarning: This process (pid=17803) is multi-threaded, use of fork() may lead to deadlocks in the child.
[2025-07-29T08:25:17.984+0000] {standard_task_runner.py:63} INFO - Started process 17805 to run task
[2025-07-29T08:25:17.985+0000] {standard_task_runner.py:90} INFO - Running: ['***', 'tasks', 'run', 'dag_cccccc', 'transform_data_task', 'scheduled__2025-06-25T00:00:00+00:00', '--job-id', '36', '--raw', '--subdir', 'DAGS_FOLDER/dag_generator_python.py', '--cfg-path', '/tmp/tmpcm2syo_4']
[2025-07-29T08:25:17.987+0000] {standard_task_runner.py:91} INFO - Job 36: Subtask transform_data_task
[2025-07-29T08:25:18.131+0000] {task_command.py:426} INFO - Running <TaskInstance: dag_cccccc.transform_data_task scheduled__2025-06-25T00:00:00+00:00 [running]> on host ee0266895495
[2025-07-29T08:25:18.199+0000] {taskinstance.py:2648} INFO - Exporting env vars: AIRFLOW_CTX_DAG_OWNER='***' AIRFLOW_CTX_DAG_ID='dag_cccccc' AIRFLOW_CTX_TASK_ID='transform_data_task' AIRFLOW_CTX_EXECUTION_DATE='2025-06-25T00:00:00+00:00' AIRFLOW_CTX_TRY_NUMBER='1' AIRFLOW_CTX_DAG_RUN_ID='scheduled__2025-06-25T00:00:00+00:00'
[2025-07-29T08:25:18.200+0000] {taskinstance.py:430} INFO - ::endgroup::
[2025-07-29T08:25:18.214+0000] {logging_mixin.py:188} INFO - 測試轉換層
[2025-07-29T08:25:18.214+0000] {logging_mixin.py:188} INFO - Fetching data from Redis key: ***_data:dag_cccccc
[2025-07-29T08:25:18.217+0000] {logging_mixin.py:188} INFO - Applying algorithm 'aggregate_product_data' from module 'processor.transform.algos_1'
[2025-07-29T08:25:18.239+0000] {logging_mixin.py:188} INFO - Transformed data stored back to Redis with key: ***_data:dag_cccccc
[2025-07-29T08:25:18.251+0000] {python.py:237} INFO - Done. Returned value was: None
[2025-07-29T08:25:18.252+0000] {taskinstance.py:441} INFO - ::group::Post task execution logs
[2025-07-29T08:25:18.260+0000] {taskinstance.py:1206} INFO - Marking task as SUCCESS. dag_id=dag_cccccc, task_id=transform_data_task, run_id=scheduled__2025-06-25T00:00:00+00:00, execution_date=20250625T000000, start_date=20250729T082517, end_date=20250729T082518
[2025-07-29T08:25:18.318+0000] {local_task_job_runner.py:240} INFO - Task exited with return code 0
[2025-07-29T08:25:18.443+0000] {taskinstance.py:3503} INFO - 1 downstream tasks scheduled from follow-on schedule check
[2025-07-29T08:25:18.449+0000] {local_task_job_runner.py:222} INFO - ::endgroup::
