[2025-08-01T05:30:36.677+0000] {local_task_job_runner.py:120} INFO - ::group::Pre task execution logs
[2025-08-01T05:30:36.794+0000] {taskinstance.py:2076} INFO - Dependencies all met for dep_context=non-requeueable deps ti=<TaskInstance: dag_bbbbbbb.extract_data_task manual__2025-08-01T05:30:36.106060+00:00 [queued]>
[2025-08-01T05:30:36.800+0000] {taskinstance.py:2076} INFO - Dependencies all met for dep_context=requeueable deps ti=<TaskInstance: dag_bbbbbbb.extract_data_task manual__2025-08-01T05:30:36.106060+00:00 [queued]>
[2025-08-01T05:30:36.800+0000] {taskinstance.py:2306} INFO - Starting attempt 1 of 1
[2025-08-01T05:30:36.811+0000] {taskinstance.py:2330} INFO - Executing <Task(PythonOperator): extract_data_task> on 2025-08-01 05:30:36.106060+00:00
[2025-08-01T05:30:36.816+0000] {logging_mixin.py:188} WARNING - /home/***/.local/lib/python3.12/site-packages/***/task/task_runner/standard_task_runner.py:61 DeprecationWarning: This process (pid=15348) is multi-threaded, use of fork() may lead to deadlocks in the child.
[2025-08-01T05:30:36.816+0000] {standard_task_runner.py:63} INFO - Started process 15350 to run task
[2025-08-01T05:30:36.817+0000] {standard_task_runner.py:90} INFO - Running: ['***', 'tasks', 'run', 'dag_bbbbbbb', 'extract_data_task', 'manual__2025-08-01T05:30:36.106060+00:00', '--job-id', '202', '--raw', '--subdir', 'DAGS_FOLDER/dag_generator.py', '--cfg-path', '/tmp/tmp1e6ql4pi']
[2025-08-01T05:30:36.818+0000] {standard_task_runner.py:91} INFO - Job 202: Subtask extract_data_task
[2025-08-01T05:30:36.850+0000] {task_command.py:426} INFO - Running <TaskInstance: dag_bbbbbbb.extract_data_task manual__2025-08-01T05:30:36.106060+00:00 [running]> on host 14614e29d246
[2025-08-01T05:30:36.923+0000] {taskinstance.py:2648} INFO - Exporting env vars: AIRFLOW_CTX_DAG_OWNER='***' AIRFLOW_CTX_DAG_ID='dag_bbbbbbb' AIRFLOW_CTX_TASK_ID='extract_data_task' AIRFLOW_CTX_EXECUTION_DATE='2025-08-01T05:30:36.106060+00:00' AIRFLOW_CTX_TRY_NUMBER='1' AIRFLOW_CTX_DAG_RUN_ID='manual__2025-08-01T05:30:36.106060+00:00'
[2025-08-01T05:30:36.924+0000] {taskinstance.py:430} INFO - ::endgroup::
[2025-08-01T05:30:36.938+0000] {__init__.py:57} INFO - 執行 extract_data (資料載入層)
[2025-08-01T05:30:36.939+0000] {__init__.py:61} INFO - 呼叫演算法 'test_csv' 來自模組 'processor.extract.readCSV'
[2025-08-01T05:30:36.943+0000] {__init__.py:71} INFO - 資料是 pd.DataFrame
[2025-08-01T05:30:36.956+0000] {__init__.py:82} INFO - 資料已存入 Redis，key=***_data:dag_bbbbbbb.extract_data_task
[2025-08-01T05:30:36.970+0000] {python.py:237} INFO - Done. Returned value was: None
[2025-08-01T05:30:36.970+0000] {taskinstance.py:441} INFO - ::group::Post task execution logs
[2025-08-01T05:30:36.980+0000] {taskinstance.py:1206} INFO - Marking task as SUCCESS. dag_id=dag_bbbbbbb, task_id=extract_data_task, run_id=manual__2025-08-01T05:30:36.106060+00:00, execution_date=20250801T053036, start_date=20250801T053036, end_date=20250801T053036
[2025-08-01T05:30:37.030+0000] {local_task_job_runner.py:240} INFO - Task exited with return code 0
[2025-08-01T05:30:37.059+0000] {taskinstance.py:3503} INFO - 1 downstream tasks scheduled from follow-on schedule check
[2025-08-01T05:30:37.062+0000] {local_task_job_runner.py:222} INFO - ::endgroup::
