[2025-08-04T00:05:56.857+0000] {local_task_job_runner.py:120} INFO - ::group::Pre task execution logs
[2025-08-04T00:05:56.884+0000] {taskinstance.py:2076} INFO - Dependencies all met for dep_context=non-requeueable deps ti=<TaskInstance: cleanup_dag_logs.clean_old_logs scheduled__2025-08-03T00:00:00+00:00 [queued]>
[2025-08-04T00:05:56.892+0000] {taskinstance.py:2076} INFO - Dependencies all met for dep_context=requeueable deps ti=<TaskInstance: cleanup_dag_logs.clean_old_logs scheduled__2025-08-03T00:00:00+00:00 [queued]>
[2025-08-04T00:05:56.892+0000] {taskinstance.py:2306} INFO - Starting attempt 1 of 2
[2025-08-04T00:05:56.911+0000] {taskinstance.py:2330} INFO - Executing <Task(PythonOperator): clean_old_logs> on 2025-08-03 00:00:00+00:00
[2025-08-04T00:05:56.918+0000] {logging_mixin.py:188} WARNING - /home/***/.local/lib/python3.12/site-packages/***/task/task_runner/standard_task_runner.py:61 DeprecationWarning: This process (pid=187) is multi-threaded, use of fork() may lead to deadlocks in the child.
[2025-08-04T00:05:56.919+0000] {standard_task_runner.py:63} INFO - Started process 199 to run task
[2025-08-04T00:05:56.920+0000] {standard_task_runner.py:90} INFO - Running: ['***', 'tasks', 'run', 'cleanup_dag_logs', 'clean_old_logs', 'scheduled__2025-08-03T00:00:00+00:00', '--job-id', '109', '--raw', '--subdir', 'DAGS_FOLDER/cleanup_logs.py', '--cfg-path', '/tmp/tmp7ieg5k22']
[2025-08-04T00:05:56.922+0000] {standard_task_runner.py:91} INFO - Job 109: Subtask clean_old_logs
[2025-08-04T00:05:56.972+0000] {task_command.py:426} INFO - Running <TaskInstance: cleanup_dag_logs.clean_old_logs scheduled__2025-08-03T00:00:00+00:00 [running]> on host 09e70cadbe97
[2025-08-04T00:05:57.092+0000] {taskinstance.py:2648} INFO - Exporting env vars: AIRFLOW_CTX_DAG_OWNER='***' AIRFLOW_CTX_DAG_ID='cleanup_dag_logs' AIRFLOW_CTX_TASK_ID='clean_old_logs' AIRFLOW_CTX_EXECUTION_DATE='2025-08-03T00:00:00+00:00' AIRFLOW_CTX_TRY_NUMBER='1' AIRFLOW_CTX_DAG_RUN_ID='scheduled__2025-08-03T00:00:00+00:00'
[2025-08-04T00:05:57.092+0000] {taskinstance.py:430} INFO - ::endgroup::
[2025-08-04T00:05:57.105+0000] {logging_mixin.py:188} INFO - 刪除日誌資料夾: /opt/***/logs/dag_id=dag_3f2a4b93-b237-4545-bd50-666666666
[2025-08-04T00:05:57.106+0000] {logging_mixin.py:188} INFO - 刪除日誌資料夾: /opt/***/logs/dag_id=55555555555555555
[2025-08-04T00:05:57.108+0000] {logging_mixin.py:188} INFO - 刪除日誌資料夾: /opt/***/logs/dag_id=dag_3ssssssss
[2025-08-04T00:05:57.117+0000] {logging_mixin.py:188} INFO - 刪除日誌資料夾: /opt/***/logs/dag_id=dag_3f2a4b93-b237-4545-bd50-5004d863567c123/run_id=manual__2025-07-27T12:35:06.295493+00:00
[2025-08-04T00:05:57.120+0000] {logging_mixin.py:188} INFO - 刪除日誌資料夾: /opt/***/logs/dag_id=dag_3f2a4b93-b237-4545-bd50-5004d863567c123/run_id=scheduled__2025-06-25T00:00:00+00:00
[2025-08-04T00:05:57.142+0000] {logging_mixin.py:188} INFO - 刪除日誌資料夾: /opt/***/logs/scheduler/2025-07-27
[2025-08-04T00:05:57.222+0000] {python.py:237} INFO - Done. Returned value was: None
[2025-08-04T00:05:57.222+0000] {taskinstance.py:441} INFO - ::group::Post task execution logs
[2025-08-04T00:05:57.227+0000] {taskinstance.py:1206} INFO - Marking task as SUCCESS. dag_id=cleanup_dag_logs, task_id=clean_old_logs, run_id=scheduled__2025-08-03T00:00:00+00:00, execution_date=20250803T000000, start_date=20250804T000556, end_date=20250804T000557
[2025-08-04T00:05:57.254+0000] {local_task_job_runner.py:240} INFO - Task exited with return code 0
[2025-08-04T00:05:57.265+0000] {taskinstance.py:3503} INFO - 0 downstream tasks scheduled from follow-on schedule check
[2025-08-04T00:05:57.266+0000] {local_task_job_runner.py:222} INFO - ::endgroup::
