[2025-07-31T01:44:25.012+0000] {local_task_job_runner.py:120} INFO - ::group::Pre task execution logs
[2025-07-31T01:44:25.136+0000] {taskinstance.py:2076} INFO - Dependencies all met for dep_context=non-requeueable deps ti=<TaskInstance: dag_dsssssssw2222.transform_data_task scheduled__2025-06-25T00:00:00+00:00 [queued]>
[2025-07-31T01:44:25.141+0000] {taskinstance.py:2076} INFO - Dependencies all met for dep_context=requeueable deps ti=<TaskInstance: dag_dsssssssw2222.transform_data_task scheduled__2025-06-25T00:00:00+00:00 [queued]>
[2025-07-31T01:44:25.141+0000] {taskinstance.py:2306} INFO - Starting attempt 1 of 1
[2025-07-31T01:44:25.149+0000] {taskinstance.py:2330} INFO - Executing <Task(PythonOperator): transform_data_task> on 2025-06-25 00:00:00+00:00
[2025-07-31T01:44:25.155+0000] {logging_mixin.py:188} WARNING - /home/***/.local/lib/python3.12/site-packages/***/task/task_runner/standard_task_runner.py:61 DeprecationWarning: This process (pid=6025) is multi-threaded, use of fork() may lead to deadlocks in the child.
[2025-07-31T01:44:25.155+0000] {standard_task_runner.py:63} INFO - Started process 6027 to run task
[2025-07-31T01:44:25.156+0000] {standard_task_runner.py:90} INFO - Running: ['***', 'tasks', 'run', 'dag_dsssssssw2222', 'transform_data_task', 'scheduled__2025-06-25T00:00:00+00:00', '--job-id', '117', '--raw', '--subdir', 'DAGS_FOLDER/dag_generator_python.py', '--cfg-path', '/tmp/tmpnzc7ld4a']
[2025-07-31T01:44:25.157+0000] {standard_task_runner.py:91} INFO - Job 117: Subtask transform_data_task
[2025-07-31T01:44:25.209+0000] {task_command.py:426} INFO - Running <TaskInstance: dag_dsssssssw2222.transform_data_task scheduled__2025-06-25T00:00:00+00:00 [running]> on host 14614e29d246
[2025-07-31T01:44:25.294+0000] {taskinstance.py:2648} INFO - Exporting env vars: AIRFLOW_CTX_DAG_OWNER='***' AIRFLOW_CTX_DAG_ID='dag_dsssssssw2222' AIRFLOW_CTX_TASK_ID='transform_data_task' AIRFLOW_CTX_EXECUTION_DATE='2025-06-25T00:00:00+00:00' AIRFLOW_CTX_TRY_NUMBER='1' AIRFLOW_CTX_DAG_RUN_ID='scheduled__2025-06-25T00:00:00+00:00'
[2025-07-31T01:44:25.295+0000] {taskinstance.py:430} INFO - ::endgroup::
[2025-07-31T01:44:25.307+0000] {__init__.py:92} INFO - 執行 transform_data (資料轉換層)
[2025-07-31T01:44:25.307+0000] {__init__.py:34} INFO - _get_upstream_output_path 上游任務: {'extract_data_task'}
[2025-07-31T01:44:25.307+0000] {__init__.py:50} INFO - 任務 'transform_data_task' 從單一上游 'extract_data_task' 拉取資料
[2025-07-31T01:44:25.313+0000] {__init__.py:52} INFO - 拉取到的 redis_key: ***_data:dag_dsssssssw2222.extract_data_task
[2025-07-31T01:44:25.314+0000] {__init__.py:115} INFO - 呼叫演算法 'add_test' 來自模組 'processor.transform.algos_2'
[2025-07-31T01:44:25.314+0000] {__init__.py:139} ERROR - transform_data 發生例外: expected str, bytes or os.PathLike object, not list
[2025-07-31T01:44:25.314+0000] {taskinstance.py:441} INFO - ::group::Post task execution logs
[2025-07-31T01:44:25.315+0000] {taskinstance.py:2905} ERROR - Task failed with exception
Traceback (most recent call last):
  File "/home/airflow/.local/lib/python3.12/site-packages/airflow/models/taskinstance.py", line 465, in _execute_task
    result = _execute_callable(context=context, **execute_callable_kwargs)
             ^^^^^^^^^^^^^^^^^^^^^^^^^^^^^^^^^^^^^^^^^^^^^^^^^^^^^^^^^^^^^
  File "/home/airflow/.local/lib/python3.12/site-packages/airflow/models/taskinstance.py", line 432, in _execute_callable
    return execute_callable(context=context, **execute_callable_kwargs)
           ^^^^^^^^^^^^^^^^^^^^^^^^^^^^^^^^^^^^^^^^^^^^^^^^^^^^^^^^^^^^
  File "/home/airflow/.local/lib/python3.12/site-packages/airflow/models/baseoperator.py", line 401, in wrapper
    return func(self, *args, **kwargs)
           ^^^^^^^^^^^^^^^^^^^^^^^^^^^
  File "/home/airflow/.local/lib/python3.12/site-packages/airflow/operators/python.py", line 235, in execute
    return_value = self.execute_callable()
                   ^^^^^^^^^^^^^^^^^^^^^^^
  File "/home/airflow/.local/lib/python3.12/site-packages/airflow/operators/python.py", line 252, in execute_callable
    return self.python_callable(*self.op_args, **self.op_kwargs)
           ^^^^^^^^^^^^^^^^^^^^^^^^^^^^^^^^^^^^^^^^^^^^^^^^^^^^^
  File "/opt/airflow/dags/processor/__init__.py", line 117, in transform_data
    processed_data = func(data_list, **algo_kwargs)
                     ^^^^^^^^^^^^^^^^^^^^^^^^^^^^^^
  File "/opt/airflow/dags/processor/transform/algos_2.py", line 5, in add_test
    data = np.load(data, allow_pickle=True)
           ^^^^^^^^^^^^^^^^^^^^^^^^^^^^^^^^
  File "/home/airflow/.local/lib/python3.12/site-packages/numpy/lib/npyio.py", line 427, in load
    fid = stack.enter_context(open(os_fspath(file), "rb"))
                                   ^^^^^^^^^^^^^^^
TypeError: expected str, bytes or os.PathLike object, not list
[2025-07-31T01:44:25.325+0000] {taskinstance.py:1206} INFO - Marking task as FAILED. dag_id=dag_dsssssssw2222, task_id=transform_data_task, run_id=scheduled__2025-06-25T00:00:00+00:00, execution_date=20250625T000000, start_date=20250731T014425, end_date=20250731T014425
[2025-07-31T01:44:25.337+0000] {standard_task_runner.py:110} ERROR - Failed to execute job 117 for task transform_data_task (expected str, bytes or os.PathLike object, not list; 6027)
[2025-07-31T01:44:25.369+0000] {local_task_job_runner.py:240} INFO - Task exited with return code 1
[2025-07-31T01:44:25.394+0000] {taskinstance.py:3503} INFO - 0 downstream tasks scheduled from follow-on schedule check
[2025-07-31T01:44:25.399+0000] {local_task_job_runner.py:222} INFO - ::endgroup::
