[2025-08-04T00:05:56.677+0000] {processor.py:161} INFO - Started process (PID=183) to work on /opt/airflow/dags/cleanup_logs.py
[2025-08-04T00:05:56.677+0000] {processor.py:830} INFO - Processing file /opt/airflow/dags/cleanup_logs.py for tasks to queue
[2025-08-04T00:05:56.678+0000] {logging_mixin.py:188} INFO - [2025-08-04T00:05:56.678+0000] {dagbag.py:545} INFO - Filling up the DagBag from /opt/airflow/dags/cleanup_logs.py
[2025-08-04T00:05:56.685+0000] {processor.py:840} INFO - DAG(s) 'cleanup_dag_logs' retrieved from /opt/airflow/dags/cleanup_logs.py
[2025-08-04T00:05:56.710+0000] {logging_mixin.py:188} INFO - [2025-08-04T00:05:56.710+0000] {dag.py:3096} INFO - Sync 1 DAGs
[2025-08-04T00:05:56.732+0000] {logging_mixin.py:188} INFO - [2025-08-04T00:05:56.732+0000] {dag.py:3954} INFO - Setting next_dagrun for cleanup_dag_logs to 2025-08-04 00:00:00+00:00, run_after=2025-08-05 00:00:00+00:00
[2025-08-04T00:05:56.757+0000] {processor.py:183} INFO - Processing /opt/airflow/dags/cleanup_logs.py took 0.084 seconds
[2025-08-04T00:06:27.143+0000] {processor.py:161} INFO - Started process (PID=234) to work on /opt/airflow/dags/cleanup_logs.py
[2025-08-04T00:06:27.144+0000] {processor.py:830} INFO - Processing file /opt/airflow/dags/cleanup_logs.py for tasks to queue
[2025-08-04T00:06:27.145+0000] {logging_mixin.py:188} INFO - [2025-08-04T00:06:27.145+0000] {dagbag.py:545} INFO - Filling up the DagBag from /opt/airflow/dags/cleanup_logs.py
[2025-08-04T00:06:27.152+0000] {processor.py:840} INFO - DAG(s) 'cleanup_dag_logs' retrieved from /opt/airflow/dags/cleanup_logs.py
[2025-08-04T00:06:27.172+0000] {logging_mixin.py:188} INFO - [2025-08-04T00:06:27.172+0000] {dag.py:3096} INFO - Sync 1 DAGs
[2025-08-04T00:06:27.188+0000] {logging_mixin.py:188} INFO - [2025-08-04T00:06:27.188+0000] {dag.py:3954} INFO - Setting next_dagrun for cleanup_dag_logs to 2025-08-04 00:00:00+00:00, run_after=2025-08-05 00:00:00+00:00
[2025-08-04T00:06:27.198+0000] {processor.py:183} INFO - Processing /opt/airflow/dags/cleanup_logs.py took 0.060 seconds
[2025-08-04T00:06:57.435+0000] {processor.py:161} INFO - Started process (PID=269) to work on /opt/airflow/dags/cleanup_logs.py
[2025-08-04T00:06:57.437+0000] {processor.py:830} INFO - Processing file /opt/airflow/dags/cleanup_logs.py for tasks to queue
[2025-08-04T00:06:57.438+0000] {logging_mixin.py:188} INFO - [2025-08-04T00:06:57.438+0000] {dagbag.py:545} INFO - Filling up the DagBag from /opt/airflow/dags/cleanup_logs.py
[2025-08-04T00:06:57.444+0000] {processor.py:840} INFO - DAG(s) 'cleanup_dag_logs' retrieved from /opt/airflow/dags/cleanup_logs.py
[2025-08-04T00:06:57.467+0000] {logging_mixin.py:188} INFO - [2025-08-04T00:06:57.467+0000] {dag.py:3096} INFO - Sync 1 DAGs
[2025-08-04T00:06:57.481+0000] {logging_mixin.py:188} INFO - [2025-08-04T00:06:57.481+0000] {dag.py:3954} INFO - Setting next_dagrun for cleanup_dag_logs to 2025-08-04 00:00:00+00:00, run_after=2025-08-05 00:00:00+00:00
[2025-08-04T00:06:57.493+0000] {processor.py:183} INFO - Processing /opt/airflow/dags/cleanup_logs.py took 0.062 seconds
[2025-08-04T00:07:27.675+0000] {processor.py:161} INFO - Started process (PID=313) to work on /opt/airflow/dags/cleanup_logs.py
[2025-08-04T00:07:27.677+0000] {processor.py:830} INFO - Processing file /opt/airflow/dags/cleanup_logs.py for tasks to queue
[2025-08-04T00:07:27.678+0000] {logging_mixin.py:188} INFO - [2025-08-04T00:07:27.678+0000] {dagbag.py:545} INFO - Filling up the DagBag from /opt/airflow/dags/cleanup_logs.py
[2025-08-04T00:07:27.685+0000] {processor.py:840} INFO - DAG(s) 'cleanup_dag_logs' retrieved from /opt/airflow/dags/cleanup_logs.py
[2025-08-04T00:07:27.705+0000] {logging_mixin.py:188} INFO - [2025-08-04T00:07:27.705+0000] {dag.py:3096} INFO - Sync 1 DAGs
[2025-08-04T00:07:27.720+0000] {logging_mixin.py:188} INFO - [2025-08-04T00:07:27.719+0000] {dag.py:3954} INFO - Setting next_dagrun for cleanup_dag_logs to 2025-08-04 00:00:00+00:00, run_after=2025-08-05 00:00:00+00:00
[2025-08-04T00:07:27.734+0000] {processor.py:183} INFO - Processing /opt/airflow/dags/cleanup_logs.py took 0.062 seconds
[2025-08-04T00:07:57.973+0000] {processor.py:161} INFO - Started process (PID=348) to work on /opt/airflow/dags/cleanup_logs.py
[2025-08-04T00:07:57.975+0000] {processor.py:830} INFO - Processing file /opt/airflow/dags/cleanup_logs.py for tasks to queue
[2025-08-04T00:07:57.976+0000] {logging_mixin.py:188} INFO - [2025-08-04T00:07:57.976+0000] {dagbag.py:545} INFO - Filling up the DagBag from /opt/airflow/dags/cleanup_logs.py
[2025-08-04T00:07:57.985+0000] {processor.py:840} INFO - DAG(s) 'cleanup_dag_logs' retrieved from /opt/airflow/dags/cleanup_logs.py
[2025-08-04T00:07:58.002+0000] {logging_mixin.py:188} INFO - [2025-08-04T00:07:58.001+0000] {dag.py:3096} INFO - Sync 1 DAGs
[2025-08-04T00:07:58.020+0000] {logging_mixin.py:188} INFO - [2025-08-04T00:07:58.020+0000] {dag.py:3954} INFO - Setting next_dagrun for cleanup_dag_logs to 2025-08-04 00:00:00+00:00, run_after=2025-08-05 00:00:00+00:00
[2025-08-04T00:07:58.031+0000] {processor.py:183} INFO - Processing /opt/airflow/dags/cleanup_logs.py took 0.065 seconds
[2025-08-04T00:08:28.283+0000] {processor.py:161} INFO - Started process (PID=392) to work on /opt/airflow/dags/cleanup_logs.py
[2025-08-04T00:08:28.284+0000] {processor.py:830} INFO - Processing file /opt/airflow/dags/cleanup_logs.py for tasks to queue
[2025-08-04T00:08:28.285+0000] {logging_mixin.py:188} INFO - [2025-08-04T00:08:28.285+0000] {dagbag.py:545} INFO - Filling up the DagBag from /opt/airflow/dags/cleanup_logs.py
[2025-08-04T00:08:28.292+0000] {processor.py:840} INFO - DAG(s) 'cleanup_dag_logs' retrieved from /opt/airflow/dags/cleanup_logs.py
[2025-08-04T00:08:28.309+0000] {logging_mixin.py:188} INFO - [2025-08-04T00:08:28.309+0000] {dag.py:3096} INFO - Sync 1 DAGs
[2025-08-04T00:08:28.322+0000] {logging_mixin.py:188} INFO - [2025-08-04T00:08:28.322+0000] {dag.py:3954} INFO - Setting next_dagrun for cleanup_dag_logs to 2025-08-04 00:00:00+00:00, run_after=2025-08-05 00:00:00+00:00
[2025-08-04T00:08:28.335+0000] {processor.py:183} INFO - Processing /opt/airflow/dags/cleanup_logs.py took 0.057 seconds
[2025-08-04T00:08:58.598+0000] {processor.py:161} INFO - Started process (PID=427) to work on /opt/airflow/dags/cleanup_logs.py
[2025-08-04T00:08:58.600+0000] {processor.py:830} INFO - Processing file /opt/airflow/dags/cleanup_logs.py for tasks to queue
[2025-08-04T00:08:58.602+0000] {logging_mixin.py:188} INFO - [2025-08-04T00:08:58.601+0000] {dagbag.py:545} INFO - Filling up the DagBag from /opt/airflow/dags/cleanup_logs.py
[2025-08-04T00:08:58.614+0000] {processor.py:840} INFO - DAG(s) 'cleanup_dag_logs' retrieved from /opt/airflow/dags/cleanup_logs.py
[2025-08-04T00:08:58.635+0000] {logging_mixin.py:188} INFO - [2025-08-04T00:08:58.635+0000] {dag.py:3096} INFO - Sync 1 DAGs
[2025-08-04T00:08:58.649+0000] {logging_mixin.py:188} INFO - [2025-08-04T00:08:58.648+0000] {dag.py:3954} INFO - Setting next_dagrun for cleanup_dag_logs to 2025-08-04 00:00:00+00:00, run_after=2025-08-05 00:00:00+00:00
[2025-08-04T00:08:58.664+0000] {processor.py:183} INFO - Processing /opt/airflow/dags/cleanup_logs.py took 0.073 seconds
[2025-08-04T00:09:28.908+0000] {processor.py:161} INFO - Started process (PID=471) to work on /opt/airflow/dags/cleanup_logs.py
[2025-08-04T00:09:28.909+0000] {processor.py:830} INFO - Processing file /opt/airflow/dags/cleanup_logs.py for tasks to queue
[2025-08-04T00:09:28.910+0000] {logging_mixin.py:188} INFO - [2025-08-04T00:09:28.910+0000] {dagbag.py:545} INFO - Filling up the DagBag from /opt/airflow/dags/cleanup_logs.py
[2025-08-04T00:09:28.917+0000] {processor.py:840} INFO - DAG(s) 'cleanup_dag_logs' retrieved from /opt/airflow/dags/cleanup_logs.py
[2025-08-04T00:09:28.932+0000] {logging_mixin.py:188} INFO - [2025-08-04T00:09:28.932+0000] {dag.py:3096} INFO - Sync 1 DAGs
[2025-08-04T00:09:28.946+0000] {logging_mixin.py:188} INFO - [2025-08-04T00:09:28.946+0000] {dag.py:3954} INFO - Setting next_dagrun for cleanup_dag_logs to 2025-08-04 00:00:00+00:00, run_after=2025-08-05 00:00:00+00:00
[2025-08-04T00:09:28.957+0000] {processor.py:183} INFO - Processing /opt/airflow/dags/cleanup_logs.py took 0.053 seconds
[2025-08-04T00:09:59.184+0000] {processor.py:161} INFO - Started process (PID=513) to work on /opt/airflow/dags/cleanup_logs.py
[2025-08-04T00:09:59.186+0000] {processor.py:830} INFO - Processing file /opt/airflow/dags/cleanup_logs.py for tasks to queue
[2025-08-04T00:09:59.187+0000] {logging_mixin.py:188} INFO - [2025-08-04T00:09:59.187+0000] {dagbag.py:545} INFO - Filling up the DagBag from /opt/airflow/dags/cleanup_logs.py
[2025-08-04T00:09:59.194+0000] {processor.py:840} INFO - DAG(s) 'cleanup_dag_logs' retrieved from /opt/airflow/dags/cleanup_logs.py
[2025-08-04T00:09:59.213+0000] {logging_mixin.py:188} INFO - [2025-08-04T00:09:59.213+0000] {dag.py:3096} INFO - Sync 1 DAGs
[2025-08-04T00:09:59.227+0000] {logging_mixin.py:188} INFO - [2025-08-04T00:09:59.227+0000] {dag.py:3954} INFO - Setting next_dagrun for cleanup_dag_logs to 2025-08-04 00:00:00+00:00, run_after=2025-08-05 00:00:00+00:00
[2025-08-04T00:09:59.242+0000] {processor.py:183} INFO - Processing /opt/airflow/dags/cleanup_logs.py took 0.063 seconds
[2025-08-04T00:10:29.489+0000] {processor.py:161} INFO - Started process (PID=550) to work on /opt/airflow/dags/cleanup_logs.py
[2025-08-04T00:10:29.490+0000] {processor.py:830} INFO - Processing file /opt/airflow/dags/cleanup_logs.py for tasks to queue
[2025-08-04T00:10:29.491+0000] {logging_mixin.py:188} INFO - [2025-08-04T00:10:29.491+0000] {dagbag.py:545} INFO - Filling up the DagBag from /opt/airflow/dags/cleanup_logs.py
[2025-08-04T00:10:29.499+0000] {processor.py:840} INFO - DAG(s) 'cleanup_dag_logs' retrieved from /opt/airflow/dags/cleanup_logs.py
[2025-08-04T00:10:29.521+0000] {logging_mixin.py:188} INFO - [2025-08-04T00:10:29.520+0000] {dag.py:3096} INFO - Sync 1 DAGs
[2025-08-04T00:10:29.535+0000] {logging_mixin.py:188} INFO - [2025-08-04T00:10:29.535+0000] {dag.py:3954} INFO - Setting next_dagrun for cleanup_dag_logs to 2025-08-04 00:00:00+00:00, run_after=2025-08-05 00:00:00+00:00
[2025-08-04T00:10:29.551+0000] {processor.py:183} INFO - Processing /opt/airflow/dags/cleanup_logs.py took 0.066 seconds
[2025-08-04T00:10:59.793+0000] {processor.py:161} INFO - Started process (PID=592) to work on /opt/airflow/dags/cleanup_logs.py
[2025-08-04T00:10:59.794+0000] {processor.py:830} INFO - Processing file /opt/airflow/dags/cleanup_logs.py for tasks to queue
[2025-08-04T00:10:59.796+0000] {logging_mixin.py:188} INFO - [2025-08-04T00:10:59.795+0000] {dagbag.py:545} INFO - Filling up the DagBag from /opt/airflow/dags/cleanup_logs.py
[2025-08-04T00:10:59.803+0000] {processor.py:840} INFO - DAG(s) 'cleanup_dag_logs' retrieved from /opt/airflow/dags/cleanup_logs.py
[2025-08-04T00:10:59.820+0000] {logging_mixin.py:188} INFO - [2025-08-04T00:10:59.820+0000] {dag.py:3096} INFO - Sync 1 DAGs
[2025-08-04T00:10:59.833+0000] {logging_mixin.py:188} INFO - [2025-08-04T00:10:59.833+0000] {dag.py:3954} INFO - Setting next_dagrun for cleanup_dag_logs to 2025-08-04 00:00:00+00:00, run_after=2025-08-05 00:00:00+00:00
[2025-08-04T00:10:59.844+0000] {processor.py:183} INFO - Processing /opt/airflow/dags/cleanup_logs.py took 0.056 seconds
[2025-08-04T00:11:30.051+0000] {processor.py:161} INFO - Started process (PID=629) to work on /opt/airflow/dags/cleanup_logs.py
[2025-08-04T00:11:30.053+0000] {processor.py:830} INFO - Processing file /opt/airflow/dags/cleanup_logs.py for tasks to queue
[2025-08-04T00:11:30.054+0000] {logging_mixin.py:188} INFO - [2025-08-04T00:11:30.054+0000] {dagbag.py:545} INFO - Filling up the DagBag from /opt/airflow/dags/cleanup_logs.py
[2025-08-04T00:11:30.060+0000] {processor.py:840} INFO - DAG(s) 'cleanup_dag_logs' retrieved from /opt/airflow/dags/cleanup_logs.py
[2025-08-04T00:11:30.078+0000] {logging_mixin.py:188} INFO - [2025-08-04T00:11:30.077+0000] {dag.py:3096} INFO - Sync 1 DAGs
[2025-08-04T00:11:30.093+0000] {logging_mixin.py:188} INFO - [2025-08-04T00:11:30.093+0000] {dag.py:3954} INFO - Setting next_dagrun for cleanup_dag_logs to 2025-08-04 00:00:00+00:00, run_after=2025-08-05 00:00:00+00:00
[2025-08-04T00:11:30.105+0000] {processor.py:183} INFO - Processing /opt/airflow/dags/cleanup_logs.py took 0.058 seconds
[2025-08-04T00:12:00.305+0000] {processor.py:161} INFO - Started process (PID=673) to work on /opt/airflow/dags/cleanup_logs.py
[2025-08-04T00:12:00.307+0000] {processor.py:830} INFO - Processing file /opt/airflow/dags/cleanup_logs.py for tasks to queue
[2025-08-04T00:12:00.308+0000] {logging_mixin.py:188} INFO - [2025-08-04T00:12:00.307+0000] {dagbag.py:545} INFO - Filling up the DagBag from /opt/airflow/dags/cleanup_logs.py
[2025-08-04T00:12:00.314+0000] {processor.py:840} INFO - DAG(s) 'cleanup_dag_logs' retrieved from /opt/airflow/dags/cleanup_logs.py
[2025-08-04T00:12:00.331+0000] {logging_mixin.py:188} INFO - [2025-08-04T00:12:00.331+0000] {dag.py:3096} INFO - Sync 1 DAGs
[2025-08-04T00:12:00.345+0000] {logging_mixin.py:188} INFO - [2025-08-04T00:12:00.345+0000] {dag.py:3954} INFO - Setting next_dagrun for cleanup_dag_logs to 2025-08-04 00:00:00+00:00, run_after=2025-08-05 00:00:00+00:00
[2025-08-04T00:12:00.357+0000] {processor.py:183} INFO - Processing /opt/airflow/dags/cleanup_logs.py took 0.056 seconds
[2025-08-04T00:12:30.571+0000] {processor.py:161} INFO - Started process (PID=709) to work on /opt/airflow/dags/cleanup_logs.py
[2025-08-04T00:12:30.572+0000] {processor.py:830} INFO - Processing file /opt/airflow/dags/cleanup_logs.py for tasks to queue
[2025-08-04T00:12:30.573+0000] {logging_mixin.py:188} INFO - [2025-08-04T00:12:30.573+0000] {dagbag.py:545} INFO - Filling up the DagBag from /opt/airflow/dags/cleanup_logs.py
[2025-08-04T00:12:30.580+0000] {processor.py:840} INFO - DAG(s) 'cleanup_dag_logs' retrieved from /opt/airflow/dags/cleanup_logs.py
[2025-08-04T00:12:30.597+0000] {logging_mixin.py:188} INFO - [2025-08-04T00:12:30.597+0000] {dag.py:3096} INFO - Sync 1 DAGs
[2025-08-04T00:12:30.611+0000] {logging_mixin.py:188} INFO - [2025-08-04T00:12:30.611+0000] {dag.py:3954} INFO - Setting next_dagrun for cleanup_dag_logs to 2025-08-04 00:00:00+00:00, run_after=2025-08-05 00:00:00+00:00
[2025-08-04T00:12:30.628+0000] {processor.py:183} INFO - Processing /opt/airflow/dags/cleanup_logs.py took 0.061 seconds
[2025-08-04T00:13:00.833+0000] {processor.py:161} INFO - Started process (PID=753) to work on /opt/airflow/dags/cleanup_logs.py
[2025-08-04T00:13:00.835+0000] {processor.py:830} INFO - Processing file /opt/airflow/dags/cleanup_logs.py for tasks to queue
[2025-08-04T00:13:00.836+0000] {logging_mixin.py:188} INFO - [2025-08-04T00:13:00.835+0000] {dagbag.py:545} INFO - Filling up the DagBag from /opt/airflow/dags/cleanup_logs.py
[2025-08-04T00:13:00.843+0000] {processor.py:840} INFO - DAG(s) 'cleanup_dag_logs' retrieved from /opt/airflow/dags/cleanup_logs.py
[2025-08-04T00:13:00.866+0000] {logging_mixin.py:188} INFO - [2025-08-04T00:13:00.866+0000] {dag.py:3096} INFO - Sync 1 DAGs
[2025-08-04T00:13:00.887+0000] {logging_mixin.py:188} INFO - [2025-08-04T00:13:00.886+0000] {dag.py:3954} INFO - Setting next_dagrun for cleanup_dag_logs to 2025-08-04 00:00:00+00:00, run_after=2025-08-05 00:00:00+00:00
[2025-08-04T00:13:00.900+0000] {processor.py:183} INFO - Processing /opt/airflow/dags/cleanup_logs.py took 0.070 seconds
[2025-08-04T00:13:31.104+0000] {processor.py:161} INFO - Started process (PID=796) to work on /opt/airflow/dags/cleanup_logs.py
[2025-08-04T00:13:31.105+0000] {processor.py:830} INFO - Processing file /opt/airflow/dags/cleanup_logs.py for tasks to queue
[2025-08-04T00:13:31.106+0000] {logging_mixin.py:188} INFO - [2025-08-04T00:13:31.106+0000] {dagbag.py:545} INFO - Filling up the DagBag from /opt/airflow/dags/cleanup_logs.py
[2025-08-04T00:13:31.113+0000] {processor.py:840} INFO - DAG(s) 'cleanup_dag_logs' retrieved from /opt/airflow/dags/cleanup_logs.py
[2025-08-04T00:13:31.132+0000] {logging_mixin.py:188} INFO - [2025-08-04T00:13:31.132+0000] {dag.py:3096} INFO - Sync 1 DAGs
[2025-08-04T00:13:31.145+0000] {logging_mixin.py:188} INFO - [2025-08-04T00:13:31.145+0000] {dag.py:3954} INFO - Setting next_dagrun for cleanup_dag_logs to 2025-08-04 00:00:00+00:00, run_after=2025-08-05 00:00:00+00:00
[2025-08-04T00:13:31.158+0000] {processor.py:183} INFO - Processing /opt/airflow/dags/cleanup_logs.py took 0.058 seconds
[2025-08-04T00:14:01.371+0000] {processor.py:161} INFO - Started process (PID=833) to work on /opt/airflow/dags/cleanup_logs.py
[2025-08-04T00:14:01.372+0000] {processor.py:830} INFO - Processing file /opt/airflow/dags/cleanup_logs.py for tasks to queue
[2025-08-04T00:14:01.373+0000] {logging_mixin.py:188} INFO - [2025-08-04T00:14:01.373+0000] {dagbag.py:545} INFO - Filling up the DagBag from /opt/airflow/dags/cleanup_logs.py
[2025-08-04T00:14:01.380+0000] {processor.py:840} INFO - DAG(s) 'cleanup_dag_logs' retrieved from /opt/airflow/dags/cleanup_logs.py
[2025-08-04T00:14:01.400+0000] {logging_mixin.py:188} INFO - [2025-08-04T00:14:01.400+0000] {dag.py:3096} INFO - Sync 1 DAGs
[2025-08-04T00:14:01.417+0000] {logging_mixin.py:188} INFO - [2025-08-04T00:14:01.416+0000] {dag.py:3954} INFO - Setting next_dagrun for cleanup_dag_logs to 2025-08-04 00:00:00+00:00, run_after=2025-08-05 00:00:00+00:00
[2025-08-04T00:14:01.429+0000] {processor.py:183} INFO - Processing /opt/airflow/dags/cleanup_logs.py took 0.062 seconds
