[2025-08-04T00:05:56.628+0000] {processor.py:161} INFO - Started process (PID=175) to work on /opt/airflow/dags/cleanup_paused_dags.py
[2025-08-04T00:05:56.629+0000] {processor.py:830} INFO - Processing file /opt/airflow/dags/cleanup_paused_dags.py for tasks to queue
[2025-08-04T00:05:56.630+0000] {logging_mixin.py:188} INFO - [2025-08-04T00:05:56.630+0000] {dagbag.py:545} INFO - Filling up the DagBag from /opt/airflow/dags/cleanup_paused_dags.py
[2025-08-04T00:05:56.640+0000] {processor.py:840} INFO - DAG(s) 'cleanup_paused_dags' retrieved from /opt/airflow/dags/cleanup_paused_dags.py
[2025-08-04T00:05:56.674+0000] {logging_mixin.py:188} INFO - [2025-08-04T00:05:56.673+0000] {dag.py:3096} INFO - Sync 1 DAGs
[2025-08-04T00:05:56.690+0000] {logging_mixin.py:188} INFO - [2025-08-04T00:05:56.689+0000] {dag.py:3954} INFO - Setting next_dagrun for cleanup_paused_dags to 2025-08-04 00:04:00+00:00, run_after=2025-08-04 00:05:00+00:00
[2025-08-04T00:05:56.704+0000] {processor.py:183} INFO - Processing /opt/airflow/dags/cleanup_paused_dags.py took 0.082 seconds
[2025-08-04T00:06:27.094+0000] {processor.py:161} INFO - Started process (PID=226) to work on /opt/airflow/dags/cleanup_paused_dags.py
[2025-08-04T00:06:27.096+0000] {processor.py:830} INFO - Processing file /opt/airflow/dags/cleanup_paused_dags.py for tasks to queue
[2025-08-04T00:06:27.097+0000] {logging_mixin.py:188} INFO - [2025-08-04T00:06:27.097+0000] {dagbag.py:545} INFO - Filling up the DagBag from /opt/airflow/dags/cleanup_paused_dags.py
[2025-08-04T00:06:27.104+0000] {processor.py:840} INFO - DAG(s) 'cleanup_paused_dags' retrieved from /opt/airflow/dags/cleanup_paused_dags.py
[2025-08-04T00:06:27.124+0000] {logging_mixin.py:188} INFO - [2025-08-04T00:06:27.124+0000] {dag.py:3096} INFO - Sync 1 DAGs
[2025-08-04T00:06:27.141+0000] {logging_mixin.py:188} INFO - [2025-08-04T00:06:27.140+0000] {dag.py:3954} INFO - Setting next_dagrun for cleanup_paused_dags to 2025-08-04 00:06:00+00:00, run_after=2025-08-04 00:07:00+00:00
[2025-08-04T00:06:27.153+0000] {processor.py:183} INFO - Processing /opt/airflow/dags/cleanup_paused_dags.py took 0.062 seconds
[2025-08-04T00:06:57.375+0000] {processor.py:161} INFO - Started process (PID=261) to work on /opt/airflow/dags/cleanup_paused_dags.py
[2025-08-04T00:06:57.378+0000] {processor.py:830} INFO - Processing file /opt/airflow/dags/cleanup_paused_dags.py for tasks to queue
[2025-08-04T00:06:57.380+0000] {logging_mixin.py:188} INFO - [2025-08-04T00:06:57.380+0000] {dagbag.py:545} INFO - Filling up the DagBag from /opt/airflow/dags/cleanup_paused_dags.py
[2025-08-04T00:06:57.392+0000] {processor.py:840} INFO - DAG(s) 'cleanup_paused_dags' retrieved from /opt/airflow/dags/cleanup_paused_dags.py
[2025-08-04T00:06:57.426+0000] {logging_mixin.py:188} INFO - [2025-08-04T00:06:57.426+0000] {dag.py:3096} INFO - Sync 1 DAGs
[2025-08-04T00:06:57.441+0000] {logging_mixin.py:188} INFO - [2025-08-04T00:06:57.441+0000] {dag.py:3954} INFO - Setting next_dagrun for cleanup_paused_dags to 2025-08-04 00:06:00+00:00, run_after=2025-08-04 00:07:00+00:00
[2025-08-04T00:06:57.452+0000] {processor.py:183} INFO - Processing /opt/airflow/dags/cleanup_paused_dags.py took 0.083 seconds
[2025-08-04T00:07:27.633+0000] {processor.py:161} INFO - Started process (PID=305) to work on /opt/airflow/dags/cleanup_paused_dags.py
[2025-08-04T00:07:27.636+0000] {processor.py:830} INFO - Processing file /opt/airflow/dags/cleanup_paused_dags.py for tasks to queue
[2025-08-04T00:07:27.638+0000] {logging_mixin.py:188} INFO - [2025-08-04T00:07:27.638+0000] {dagbag.py:545} INFO - Filling up the DagBag from /opt/airflow/dags/cleanup_paused_dags.py
[2025-08-04T00:07:27.646+0000] {processor.py:840} INFO - DAG(s) 'cleanup_paused_dags' retrieved from /opt/airflow/dags/cleanup_paused_dags.py
[2025-08-04T00:07:27.666+0000] {logging_mixin.py:188} INFO - [2025-08-04T00:07:27.665+0000] {dag.py:3096} INFO - Sync 1 DAGs
[2025-08-04T00:07:27.679+0000] {logging_mixin.py:188} INFO - [2025-08-04T00:07:27.679+0000] {dag.py:3954} INFO - Setting next_dagrun for cleanup_paused_dags to 2025-08-04 00:07:00+00:00, run_after=2025-08-04 00:08:00+00:00
[2025-08-04T00:07:27.691+0000] {processor.py:183} INFO - Processing /opt/airflow/dags/cleanup_paused_dags.py took 0.063 seconds
[2025-08-04T00:07:57.922+0000] {processor.py:161} INFO - Started process (PID=340) to work on /opt/airflow/dags/cleanup_paused_dags.py
[2025-08-04T00:07:57.925+0000] {processor.py:830} INFO - Processing file /opt/airflow/dags/cleanup_paused_dags.py for tasks to queue
[2025-08-04T00:07:57.927+0000] {logging_mixin.py:188} INFO - [2025-08-04T00:07:57.927+0000] {dagbag.py:545} INFO - Filling up the DagBag from /opt/airflow/dags/cleanup_paused_dags.py
[2025-08-04T00:07:57.938+0000] {processor.py:840} INFO - DAG(s) 'cleanup_paused_dags' retrieved from /opt/airflow/dags/cleanup_paused_dags.py
[2025-08-04T00:07:57.967+0000] {logging_mixin.py:188} INFO - [2025-08-04T00:07:57.967+0000] {dag.py:3096} INFO - Sync 1 DAGs
[2025-08-04T00:07:57.987+0000] {logging_mixin.py:188} INFO - [2025-08-04T00:07:57.987+0000] {dag.py:3954} INFO - Setting next_dagrun for cleanup_paused_dags to 2025-08-04 00:07:00+00:00, run_after=2025-08-04 00:08:00+00:00
[2025-08-04T00:07:58.001+0000] {processor.py:183} INFO - Processing /opt/airflow/dags/cleanup_paused_dags.py took 0.085 seconds
[2025-08-04T00:08:28.226+0000] {processor.py:161} INFO - Started process (PID=384) to work on /opt/airflow/dags/cleanup_paused_dags.py
[2025-08-04T00:08:28.229+0000] {processor.py:830} INFO - Processing file /opt/airflow/dags/cleanup_paused_dags.py for tasks to queue
[2025-08-04T00:08:28.231+0000] {logging_mixin.py:188} INFO - [2025-08-04T00:08:28.231+0000] {dagbag.py:545} INFO - Filling up the DagBag from /opt/airflow/dags/cleanup_paused_dags.py
[2025-08-04T00:08:28.241+0000] {processor.py:840} INFO - DAG(s) 'cleanup_paused_dags' retrieved from /opt/airflow/dags/cleanup_paused_dags.py
[2025-08-04T00:08:28.274+0000] {logging_mixin.py:188} INFO - [2025-08-04T00:08:28.273+0000] {dag.py:3096} INFO - Sync 1 DAGs
[2025-08-04T00:08:28.288+0000] {logging_mixin.py:188} INFO - [2025-08-04T00:08:28.288+0000] {dag.py:3954} INFO - Setting next_dagrun for cleanup_paused_dags to 2025-08-04 00:08:00+00:00, run_after=2025-08-04 00:09:00+00:00
[2025-08-04T00:08:28.300+0000] {processor.py:183} INFO - Processing /opt/airflow/dags/cleanup_paused_dags.py took 0.081 seconds
[2025-08-04T00:08:58.533+0000] {processor.py:161} INFO - Started process (PID=419) to work on /opt/airflow/dags/cleanup_paused_dags.py
[2025-08-04T00:08:58.536+0000] {processor.py:830} INFO - Processing file /opt/airflow/dags/cleanup_paused_dags.py for tasks to queue
[2025-08-04T00:08:58.538+0000] {logging_mixin.py:188} INFO - [2025-08-04T00:08:58.538+0000] {dagbag.py:545} INFO - Filling up the DagBag from /opt/airflow/dags/cleanup_paused_dags.py
[2025-08-04T00:08:58.551+0000] {processor.py:840} INFO - DAG(s) 'cleanup_paused_dags' retrieved from /opt/airflow/dags/cleanup_paused_dags.py
[2025-08-04T00:08:58.581+0000] {logging_mixin.py:188} INFO - [2025-08-04T00:08:58.580+0000] {dag.py:3096} INFO - Sync 1 DAGs
[2025-08-04T00:08:58.609+0000] {logging_mixin.py:188} INFO - [2025-08-04T00:08:58.608+0000] {dag.py:3954} INFO - Setting next_dagrun for cleanup_paused_dags to 2025-08-04 00:08:00+00:00, run_after=2025-08-04 00:09:00+00:00
[2025-08-04T00:08:58.628+0000] {processor.py:183} INFO - Processing /opt/airflow/dags/cleanup_paused_dags.py took 0.101 seconds
[2025-08-04T00:09:28.855+0000] {processor.py:161} INFO - Started process (PID=463) to work on /opt/airflow/dags/cleanup_paused_dags.py
[2025-08-04T00:09:28.857+0000] {processor.py:830} INFO - Processing file /opt/airflow/dags/cleanup_paused_dags.py for tasks to queue
[2025-08-04T00:09:28.860+0000] {logging_mixin.py:188} INFO - [2025-08-04T00:09:28.859+0000] {dagbag.py:545} INFO - Filling up the DagBag from /opt/airflow/dags/cleanup_paused_dags.py
[2025-08-04T00:09:28.868+0000] {processor.py:840} INFO - DAG(s) 'cleanup_paused_dags' retrieved from /opt/airflow/dags/cleanup_paused_dags.py
[2025-08-04T00:09:28.897+0000] {logging_mixin.py:188} INFO - [2025-08-04T00:09:28.897+0000] {dag.py:3096} INFO - Sync 1 DAGs
[2025-08-04T00:09:28.913+0000] {logging_mixin.py:188} INFO - [2025-08-04T00:09:28.913+0000] {dag.py:3954} INFO - Setting next_dagrun for cleanup_paused_dags to 2025-08-04 00:09:00+00:00, run_after=2025-08-04 00:10:00+00:00
[2025-08-04T00:09:28.924+0000] {processor.py:183} INFO - Processing /opt/airflow/dags/cleanup_paused_dags.py took 0.076 seconds
[2025-08-04T00:09:59.143+0000] {processor.py:161} INFO - Started process (PID=505) to work on /opt/airflow/dags/cleanup_paused_dags.py
[2025-08-04T00:09:59.146+0000] {processor.py:830} INFO - Processing file /opt/airflow/dags/cleanup_paused_dags.py for tasks to queue
[2025-08-04T00:09:59.147+0000] {logging_mixin.py:188} INFO - [2025-08-04T00:09:59.147+0000] {dagbag.py:545} INFO - Filling up the DagBag from /opt/airflow/dags/cleanup_paused_dags.py
[2025-08-04T00:09:59.154+0000] {processor.py:840} INFO - DAG(s) 'cleanup_paused_dags' retrieved from /opt/airflow/dags/cleanup_paused_dags.py
[2025-08-04T00:09:59.174+0000] {logging_mixin.py:188} INFO - [2025-08-04T00:09:59.174+0000] {dag.py:3096} INFO - Sync 1 DAGs
[2025-08-04T00:09:59.189+0000] {logging_mixin.py:188} INFO - [2025-08-04T00:09:59.189+0000] {dag.py:3954} INFO - Setting next_dagrun for cleanup_paused_dags to 2025-08-04 00:09:00+00:00, run_after=2025-08-04 00:10:00+00:00
[2025-08-04T00:09:59.203+0000] {processor.py:183} INFO - Processing /opt/airflow/dags/cleanup_paused_dags.py took 0.065 seconds
[2025-08-04T00:10:29.427+0000] {processor.py:161} INFO - Started process (PID=542) to work on /opt/airflow/dags/cleanup_paused_dags.py
[2025-08-04T00:10:29.431+0000] {processor.py:830} INFO - Processing file /opt/airflow/dags/cleanup_paused_dags.py for tasks to queue
[2025-08-04T00:10:29.433+0000] {logging_mixin.py:188} INFO - [2025-08-04T00:10:29.433+0000] {dagbag.py:545} INFO - Filling up the DagBag from /opt/airflow/dags/cleanup_paused_dags.py
[2025-08-04T00:10:29.444+0000] {processor.py:840} INFO - DAG(s) 'cleanup_paused_dags' retrieved from /opt/airflow/dags/cleanup_paused_dags.py
[2025-08-04T00:10:29.478+0000] {logging_mixin.py:188} INFO - [2025-08-04T00:10:29.478+0000] {dag.py:3096} INFO - Sync 1 DAGs
[2025-08-04T00:10:29.495+0000] {logging_mixin.py:188} INFO - [2025-08-04T00:10:29.495+0000] {dag.py:3954} INFO - Setting next_dagrun for cleanup_paused_dags to 2025-08-04 00:10:00+00:00, run_after=2025-08-04 00:11:00+00:00
[2025-08-04T00:10:29.508+0000] {processor.py:183} INFO - Processing /opt/airflow/dags/cleanup_paused_dags.py took 0.089 seconds
[2025-08-04T00:10:59.739+0000] {processor.py:161} INFO - Started process (PID=584) to work on /opt/airflow/dags/cleanup_paused_dags.py
[2025-08-04T00:10:59.743+0000] {processor.py:830} INFO - Processing file /opt/airflow/dags/cleanup_paused_dags.py for tasks to queue
[2025-08-04T00:10:59.745+0000] {logging_mixin.py:188} INFO - [2025-08-04T00:10:59.744+0000] {dagbag.py:545} INFO - Filling up the DagBag from /opt/airflow/dags/cleanup_paused_dags.py
[2025-08-04T00:10:59.754+0000] {processor.py:840} INFO - DAG(s) 'cleanup_paused_dags' retrieved from /opt/airflow/dags/cleanup_paused_dags.py
[2025-08-04T00:10:59.782+0000] {logging_mixin.py:188} INFO - [2025-08-04T00:10:59.781+0000] {dag.py:3096} INFO - Sync 1 DAGs
[2025-08-04T00:10:59.799+0000] {logging_mixin.py:188} INFO - [2025-08-04T00:10:59.799+0000] {dag.py:3954} INFO - Setting next_dagrun for cleanup_paused_dags to 2025-08-04 00:10:00+00:00, run_after=2025-08-04 00:11:00+00:00
[2025-08-04T00:10:59.814+0000] {processor.py:183} INFO - Processing /opt/airflow/dags/cleanup_paused_dags.py took 0.082 seconds
[2025-08-04T00:11:30.005+0000] {processor.py:161} INFO - Started process (PID=621) to work on /opt/airflow/dags/cleanup_paused_dags.py
[2025-08-04T00:11:30.007+0000] {processor.py:830} INFO - Processing file /opt/airflow/dags/cleanup_paused_dags.py for tasks to queue
[2025-08-04T00:11:30.009+0000] {logging_mixin.py:188} INFO - [2025-08-04T00:11:30.009+0000] {dagbag.py:545} INFO - Filling up the DagBag from /opt/airflow/dags/cleanup_paused_dags.py
[2025-08-04T00:11:30.018+0000] {processor.py:840} INFO - DAG(s) 'cleanup_paused_dags' retrieved from /opt/airflow/dags/cleanup_paused_dags.py
[2025-08-04T00:11:30.042+0000] {logging_mixin.py:188} INFO - [2025-08-04T00:11:30.042+0000] {dag.py:3096} INFO - Sync 1 DAGs
[2025-08-04T00:11:30.056+0000] {logging_mixin.py:188} INFO - [2025-08-04T00:11:30.056+0000] {dag.py:3954} INFO - Setting next_dagrun for cleanup_paused_dags to 2025-08-04 00:11:00+00:00, run_after=2025-08-04 00:12:00+00:00
[2025-08-04T00:11:30.067+0000] {processor.py:183} INFO - Processing /opt/airflow/dags/cleanup_paused_dags.py took 0.070 seconds
[2025-08-04T00:12:00.258+0000] {processor.py:161} INFO - Started process (PID=665) to work on /opt/airflow/dags/cleanup_paused_dags.py
[2025-08-04T00:12:00.260+0000] {processor.py:830} INFO - Processing file /opt/airflow/dags/cleanup_paused_dags.py for tasks to queue
[2025-08-04T00:12:00.261+0000] {logging_mixin.py:188} INFO - [2025-08-04T00:12:00.261+0000] {dagbag.py:545} INFO - Filling up the DagBag from /opt/airflow/dags/cleanup_paused_dags.py
[2025-08-04T00:12:00.268+0000] {processor.py:840} INFO - DAG(s) 'cleanup_paused_dags' retrieved from /opt/airflow/dags/cleanup_paused_dags.py
[2025-08-04T00:12:00.295+0000] {logging_mixin.py:188} INFO - [2025-08-04T00:12:00.295+0000] {dag.py:3096} INFO - Sync 1 DAGs
[2025-08-04T00:12:00.315+0000] {logging_mixin.py:188} INFO - [2025-08-04T00:12:00.315+0000] {dag.py:3954} INFO - Setting next_dagrun for cleanup_paused_dags to 2025-08-04 00:12:00+00:00, run_after=2025-08-04 00:13:00+00:00
[2025-08-04T00:12:00.330+0000] {processor.py:183} INFO - Processing /opt/airflow/dags/cleanup_paused_dags.py took 0.076 seconds
[2025-08-04T00:12:30.513+0000] {processor.py:161} INFO - Started process (PID=701) to work on /opt/airflow/dags/cleanup_paused_dags.py
[2025-08-04T00:12:30.517+0000] {processor.py:830} INFO - Processing file /opt/airflow/dags/cleanup_paused_dags.py for tasks to queue
[2025-08-04T00:12:30.519+0000] {logging_mixin.py:188} INFO - [2025-08-04T00:12:30.519+0000] {dagbag.py:545} INFO - Filling up the DagBag from /opt/airflow/dags/cleanup_paused_dags.py
[2025-08-04T00:12:30.532+0000] {processor.py:840} INFO - DAG(s) 'cleanup_paused_dags' retrieved from /opt/airflow/dags/cleanup_paused_dags.py
[2025-08-04T00:12:30.563+0000] {logging_mixin.py:188} INFO - [2025-08-04T00:12:30.563+0000] {dag.py:3096} INFO - Sync 1 DAGs
[2025-08-04T00:12:30.577+0000] {logging_mixin.py:188} INFO - [2025-08-04T00:12:30.577+0000] {dag.py:3954} INFO - Setting next_dagrun for cleanup_paused_dags to 2025-08-04 00:12:00+00:00, run_after=2025-08-04 00:13:00+00:00
[2025-08-04T00:12:30.587+0000] {processor.py:183} INFO - Processing /opt/airflow/dags/cleanup_paused_dags.py took 0.081 seconds
[2025-08-04T00:13:00.791+0000] {processor.py:161} INFO - Started process (PID=745) to work on /opt/airflow/dags/cleanup_paused_dags.py
[2025-08-04T00:13:00.793+0000] {processor.py:830} INFO - Processing file /opt/airflow/dags/cleanup_paused_dags.py for tasks to queue
[2025-08-04T00:13:00.794+0000] {logging_mixin.py:188} INFO - [2025-08-04T00:13:00.794+0000] {dagbag.py:545} INFO - Filling up the DagBag from /opt/airflow/dags/cleanup_paused_dags.py
[2025-08-04T00:13:00.803+0000] {processor.py:840} INFO - DAG(s) 'cleanup_paused_dags' retrieved from /opt/airflow/dags/cleanup_paused_dags.py
[2025-08-04T00:13:00.822+0000] {logging_mixin.py:188} INFO - [2025-08-04T00:13:00.822+0000] {dag.py:3096} INFO - Sync 1 DAGs
[2025-08-04T00:13:00.837+0000] {logging_mixin.py:188} INFO - [2025-08-04T00:13:00.837+0000] {dag.py:3954} INFO - Setting next_dagrun for cleanup_paused_dags to 2025-08-04 00:13:00+00:00, run_after=2025-08-04 00:14:00+00:00
[2025-08-04T00:13:00.852+0000] {processor.py:183} INFO - Processing /opt/airflow/dags/cleanup_paused_dags.py took 0.067 seconds
[2025-08-04T00:13:31.059+0000] {processor.py:161} INFO - Started process (PID=788) to work on /opt/airflow/dags/cleanup_paused_dags.py
[2025-08-04T00:13:31.062+0000] {processor.py:830} INFO - Processing file /opt/airflow/dags/cleanup_paused_dags.py for tasks to queue
[2025-08-04T00:13:31.064+0000] {logging_mixin.py:188} INFO - [2025-08-04T00:13:31.064+0000] {dagbag.py:545} INFO - Filling up the DagBag from /opt/airflow/dags/cleanup_paused_dags.py
[2025-08-04T00:13:31.072+0000] {processor.py:840} INFO - DAG(s) 'cleanup_paused_dags' retrieved from /opt/airflow/dags/cleanup_paused_dags.py
[2025-08-04T00:13:31.091+0000] {logging_mixin.py:188} INFO - [2025-08-04T00:13:31.091+0000] {dag.py:3096} INFO - Sync 1 DAGs
[2025-08-04T00:13:31.105+0000] {logging_mixin.py:188} INFO - [2025-08-04T00:13:31.105+0000] {dag.py:3954} INFO - Setting next_dagrun for cleanup_paused_dags to 2025-08-04 00:13:00+00:00, run_after=2025-08-04 00:14:00+00:00
[2025-08-04T00:13:31.120+0000] {processor.py:183} INFO - Processing /opt/airflow/dags/cleanup_paused_dags.py took 0.066 seconds
[2025-08-04T00:14:01.322+0000] {processor.py:161} INFO - Started process (PID=825) to work on /opt/airflow/dags/cleanup_paused_dags.py
[2025-08-04T00:14:01.324+0000] {processor.py:830} INFO - Processing file /opt/airflow/dags/cleanup_paused_dags.py for tasks to queue
[2025-08-04T00:14:01.326+0000] {logging_mixin.py:188} INFO - [2025-08-04T00:14:01.325+0000] {dagbag.py:545} INFO - Filling up the DagBag from /opt/airflow/dags/cleanup_paused_dags.py
[2025-08-04T00:14:01.334+0000] {processor.py:840} INFO - DAG(s) 'cleanup_paused_dags' retrieved from /opt/airflow/dags/cleanup_paused_dags.py
[2025-08-04T00:14:01.357+0000] {logging_mixin.py:188} INFO - [2025-08-04T00:14:01.357+0000] {dag.py:3096} INFO - Sync 1 DAGs
[2025-08-04T00:14:01.377+0000] {logging_mixin.py:188} INFO - [2025-08-04T00:14:01.377+0000] {dag.py:3954} INFO - Setting next_dagrun for cleanup_paused_dags to 2025-08-04 00:14:00+00:00, run_after=2025-08-04 00:15:00+00:00
[2025-08-04T00:14:01.392+0000] {processor.py:183} INFO - Processing /opt/airflow/dags/cleanup_paused_dags.py took 0.078 seconds
