[2025-08-04T00:05:56.630+0000] {processor.py:161} INFO - Started process (PID=178) to work on /opt/airflow/dags/dag_generator.py
[2025-08-04T00:05:56.631+0000] {processor.py:830} INFO - Processing file /opt/airflow/dags/dag_generator.py for tasks to queue
[2025-08-04T00:05:56.632+0000] {logging_mixin.py:188} INFO - [2025-08-04T00:05:56.632+0000] {dagbag.py:545} INFO - Filling up the DagBag from /opt/airflow/dags/dag_generator.py
[2025-08-04T00:05:56.649+0000] {processor.py:842} WARNING - No viable dags retrieved from /opt/airflow/dags/dag_generator.py
[2025-08-04T00:05:56.660+0000] {processor.py:183} INFO - Processing /opt/airflow/dags/dag_generator.py took 0.034 seconds
[2025-08-04T00:06:27.100+0000] {processor.py:161} INFO - Started process (PID=229) to work on /opt/airflow/dags/dag_generator.py
[2025-08-04T00:06:27.101+0000] {processor.py:830} INFO - Processing file /opt/airflow/dags/dag_generator.py for tasks to queue
[2025-08-04T00:06:27.102+0000] {logging_mixin.py:188} INFO - [2025-08-04T00:06:27.102+0000] {dagbag.py:545} INFO - Filling up the DagBag from /opt/airflow/dags/dag_generator.py
[2025-08-04T00:06:27.112+0000] {processor.py:842} WARNING - No viable dags retrieved from /opt/airflow/dags/dag_generator.py
[2025-08-04T00:06:27.123+0000] {processor.py:183} INFO - Processing /opt/airflow/dags/dag_generator.py took 0.028 seconds
[2025-08-04T00:06:57.381+0000] {processor.py:161} INFO - Started process (PID=264) to work on /opt/airflow/dags/dag_generator.py
[2025-08-04T00:06:57.382+0000] {processor.py:830} INFO - Processing file /opt/airflow/dags/dag_generator.py for tasks to queue
[2025-08-04T00:06:57.383+0000] {logging_mixin.py:188} INFO - [2025-08-04T00:06:57.383+0000] {dagbag.py:545} INFO - Filling up the DagBag from /opt/airflow/dags/dag_generator.py
[2025-08-04T00:06:57.396+0000] {processor.py:842} WARNING - No viable dags retrieved from /opt/airflow/dags/dag_generator.py
[2025-08-04T00:06:57.412+0000] {processor.py:183} INFO - Processing /opt/airflow/dags/dag_generator.py took 0.037 seconds
[2025-08-04T00:07:27.635+0000] {processor.py:161} INFO - Started process (PID=308) to work on /opt/airflow/dags/dag_generator.py
[2025-08-04T00:07:27.637+0000] {processor.py:830} INFO - Processing file /opt/airflow/dags/dag_generator.py for tasks to queue
[2025-08-04T00:07:27.637+0000] {logging_mixin.py:188} INFO - [2025-08-04T00:07:27.637+0000] {dagbag.py:545} INFO - Filling up the DagBag from /opt/airflow/dags/dag_generator.py
[2025-08-04T00:07:27.646+0000] {processor.py:842} WARNING - No viable dags retrieved from /opt/airflow/dags/dag_generator.py
[2025-08-04T00:07:27.657+0000] {processor.py:183} INFO - Processing /opt/airflow/dags/dag_generator.py took 0.026 seconds
[2025-08-04T00:07:57.927+0000] {processor.py:161} INFO - Started process (PID=343) to work on /opt/airflow/dags/dag_generator.py
[2025-08-04T00:07:57.928+0000] {processor.py:830} INFO - Processing file /opt/airflow/dags/dag_generator.py for tasks to queue
[2025-08-04T00:07:57.930+0000] {logging_mixin.py:188} INFO - [2025-08-04T00:07:57.930+0000] {dagbag.py:545} INFO - Filling up the DagBag from /opt/airflow/dags/dag_generator.py
[2025-08-04T00:07:57.940+0000] {processor.py:842} WARNING - No viable dags retrieved from /opt/airflow/dags/dag_generator.py
[2025-08-04T00:07:57.948+0000] {processor.py:183} INFO - Processing /opt/airflow/dags/dag_generator.py took 0.027 seconds
[2025-08-04T00:08:28.230+0000] {processor.py:161} INFO - Started process (PID=387) to work on /opt/airflow/dags/dag_generator.py
[2025-08-04T00:08:28.231+0000] {processor.py:830} INFO - Processing file /opt/airflow/dags/dag_generator.py for tasks to queue
[2025-08-04T00:08:28.233+0000] {logging_mixin.py:188} INFO - [2025-08-04T00:08:28.232+0000] {dagbag.py:545} INFO - Filling up the DagBag from /opt/airflow/dags/dag_generator.py
[2025-08-04T00:08:28.243+0000] {processor.py:842} WARNING - No viable dags retrieved from /opt/airflow/dags/dag_generator.py
[2025-08-04T00:08:28.258+0000] {processor.py:183} INFO - Processing /opt/airflow/dags/dag_generator.py took 0.035 seconds
[2025-08-04T00:08:58.539+0000] {processor.py:161} INFO - Started process (PID=422) to work on /opt/airflow/dags/dag_generator.py
[2025-08-04T00:08:58.540+0000] {processor.py:830} INFO - Processing file /opt/airflow/dags/dag_generator.py for tasks to queue
[2025-08-04T00:08:58.542+0000] {logging_mixin.py:188} INFO - [2025-08-04T00:08:58.542+0000] {dagbag.py:545} INFO - Filling up the DagBag from /opt/airflow/dags/dag_generator.py
[2025-08-04T00:08:58.554+0000] {processor.py:842} WARNING - No viable dags retrieved from /opt/airflow/dags/dag_generator.py
[2025-08-04T00:08:58.570+0000] {processor.py:183} INFO - Processing /opt/airflow/dags/dag_generator.py took 0.037 seconds
[2025-08-04T00:09:28.860+0000] {processor.py:161} INFO - Started process (PID=466) to work on /opt/airflow/dags/dag_generator.py
[2025-08-04T00:09:28.861+0000] {processor.py:830} INFO - Processing file /opt/airflow/dags/dag_generator.py for tasks to queue
[2025-08-04T00:09:28.862+0000] {logging_mixin.py:188} INFO - [2025-08-04T00:09:28.862+0000] {dagbag.py:545} INFO - Filling up the DagBag from /opt/airflow/dags/dag_generator.py
[2025-08-04T00:09:28.871+0000] {processor.py:842} WARNING - No viable dags retrieved from /opt/airflow/dags/dag_generator.py
[2025-08-04T00:09:28.885+0000] {processor.py:183} INFO - Processing /opt/airflow/dags/dag_generator.py took 0.033 seconds
[2025-08-04T00:09:59.146+0000] {processor.py:161} INFO - Started process (PID=508) to work on /opt/airflow/dags/dag_generator.py
[2025-08-04T00:09:59.147+0000] {processor.py:830} INFO - Processing file /opt/airflow/dags/dag_generator.py for tasks to queue
[2025-08-04T00:09:59.148+0000] {logging_mixin.py:188} INFO - [2025-08-04T00:09:59.148+0000] {dagbag.py:545} INFO - Filling up the DagBag from /opt/airflow/dags/dag_generator.py
[2025-08-04T00:09:59.156+0000] {processor.py:842} WARNING - No viable dags retrieved from /opt/airflow/dags/dag_generator.py
[2025-08-04T00:09:59.166+0000] {processor.py:183} INFO - Processing /opt/airflow/dags/dag_generator.py took 0.025 seconds
[2025-08-04T00:10:29.433+0000] {processor.py:161} INFO - Started process (PID=545) to work on /opt/airflow/dags/dag_generator.py
[2025-08-04T00:10:29.434+0000] {processor.py:830} INFO - Processing file /opt/airflow/dags/dag_generator.py for tasks to queue
[2025-08-04T00:10:29.435+0000] {logging_mixin.py:188} INFO - [2025-08-04T00:10:29.435+0000] {dagbag.py:545} INFO - Filling up the DagBag from /opt/airflow/dags/dag_generator.py
[2025-08-04T00:10:29.447+0000] {processor.py:842} WARNING - No viable dags retrieved from /opt/airflow/dags/dag_generator.py
[2025-08-04T00:10:29.463+0000] {processor.py:183} INFO - Processing /opt/airflow/dags/dag_generator.py took 0.037 seconds
[2025-08-04T00:10:59.743+0000] {processor.py:161} INFO - Started process (PID=587) to work on /opt/airflow/dags/dag_generator.py
[2025-08-04T00:10:59.744+0000] {processor.py:830} INFO - Processing file /opt/airflow/dags/dag_generator.py for tasks to queue
[2025-08-04T00:10:59.746+0000] {logging_mixin.py:188} INFO - [2025-08-04T00:10:59.746+0000] {dagbag.py:545} INFO - Filling up the DagBag from /opt/airflow/dags/dag_generator.py
[2025-08-04T00:10:59.756+0000] {processor.py:842} WARNING - No viable dags retrieved from /opt/airflow/dags/dag_generator.py
[2025-08-04T00:10:59.771+0000] {processor.py:183} INFO - Processing /opt/airflow/dags/dag_generator.py took 0.033 seconds
[2025-08-04T00:11:30.010+0000] {processor.py:161} INFO - Started process (PID=624) to work on /opt/airflow/dags/dag_generator.py
[2025-08-04T00:11:30.011+0000] {processor.py:830} INFO - Processing file /opt/airflow/dags/dag_generator.py for tasks to queue
[2025-08-04T00:11:30.012+0000] {logging_mixin.py:188} INFO - [2025-08-04T00:11:30.012+0000] {dagbag.py:545} INFO - Filling up the DagBag from /opt/airflow/dags/dag_generator.py
[2025-08-04T00:11:30.021+0000] {processor.py:842} WARNING - No viable dags retrieved from /opt/airflow/dags/dag_generator.py
[2025-08-04T00:11:30.030+0000] {processor.py:183} INFO - Processing /opt/airflow/dags/dag_generator.py took 0.027 seconds
[2025-08-04T00:12:00.261+0000] {processor.py:161} INFO - Started process (PID=668) to work on /opt/airflow/dags/dag_generator.py
[2025-08-04T00:12:00.262+0000] {processor.py:830} INFO - Processing file /opt/airflow/dags/dag_generator.py for tasks to queue
[2025-08-04T00:12:00.263+0000] {logging_mixin.py:188} INFO - [2025-08-04T00:12:00.262+0000] {dagbag.py:545} INFO - Filling up the DagBag from /opt/airflow/dags/dag_generator.py
[2025-08-04T00:12:00.270+0000] {processor.py:842} WARNING - No viable dags retrieved from /opt/airflow/dags/dag_generator.py
[2025-08-04T00:12:00.282+0000] {processor.py:183} INFO - Processing /opt/airflow/dags/dag_generator.py took 0.024 seconds
[2025-08-04T00:12:30.517+0000] {processor.py:161} INFO - Started process (PID=704) to work on /opt/airflow/dags/dag_generator.py
[2025-08-04T00:12:30.518+0000] {processor.py:830} INFO - Processing file /opt/airflow/dags/dag_generator.py for tasks to queue
[2025-08-04T00:12:30.520+0000] {logging_mixin.py:188} INFO - [2025-08-04T00:12:30.520+0000] {dagbag.py:545} INFO - Filling up the DagBag from /opt/airflow/dags/dag_generator.py
[2025-08-04T00:12:30.533+0000] {processor.py:842} WARNING - No viable dags retrieved from /opt/airflow/dags/dag_generator.py
[2025-08-04T00:12:30.549+0000] {processor.py:183} INFO - Processing /opt/airflow/dags/dag_generator.py took 0.037 seconds
[2025-08-04T00:13:00.796+0000] {processor.py:161} INFO - Started process (PID=748) to work on /opt/airflow/dags/dag_generator.py
[2025-08-04T00:13:00.797+0000] {processor.py:830} INFO - Processing file /opt/airflow/dags/dag_generator.py for tasks to queue
[2025-08-04T00:13:00.798+0000] {logging_mixin.py:188} INFO - [2025-08-04T00:13:00.798+0000] {dagbag.py:545} INFO - Filling up the DagBag from /opt/airflow/dags/dag_generator.py
[2025-08-04T00:13:00.806+0000] {processor.py:842} WARNING - No viable dags retrieved from /opt/airflow/dags/dag_generator.py
[2025-08-04T00:13:00.813+0000] {processor.py:183} INFO - Processing /opt/airflow/dags/dag_generator.py took 0.022 seconds
[2025-08-04T00:13:31.063+0000] {processor.py:161} INFO - Started process (PID=791) to work on /opt/airflow/dags/dag_generator.py
[2025-08-04T00:13:31.064+0000] {processor.py:830} INFO - Processing file /opt/airflow/dags/dag_generator.py for tasks to queue
[2025-08-04T00:13:31.065+0000] {logging_mixin.py:188} INFO - [2025-08-04T00:13:31.065+0000] {dagbag.py:545} INFO - Filling up the DagBag from /opt/airflow/dags/dag_generator.py
[2025-08-04T00:13:31.073+0000] {processor.py:842} WARNING - No viable dags retrieved from /opt/airflow/dags/dag_generator.py
[2025-08-04T00:13:31.083+0000] {processor.py:183} INFO - Processing /opt/airflow/dags/dag_generator.py took 0.024 seconds
[2025-08-04T00:14:01.327+0000] {processor.py:161} INFO - Started process (PID=828) to work on /opt/airflow/dags/dag_generator.py
[2025-08-04T00:14:01.328+0000] {processor.py:830} INFO - Processing file /opt/airflow/dags/dag_generator.py for tasks to queue
[2025-08-04T00:14:01.330+0000] {logging_mixin.py:188} INFO - [2025-08-04T00:14:01.329+0000] {dagbag.py:545} INFO - Filling up the DagBag from /opt/airflow/dags/dag_generator.py
[2025-08-04T00:14:01.339+0000] {processor.py:842} WARNING - No viable dags retrieved from /opt/airflow/dags/dag_generator.py
[2025-08-04T00:14:01.348+0000] {processor.py:183} INFO - Processing /opt/airflow/dags/dag_generator.py took 0.029 seconds
