[2025-08-03T11:28:36.694+0000] {manager.py:470} INFO - Processing files using up to 2 processes at a time 
[2025-08-03T11:28:36.694+0000] {manager.py:471} INFO - Process each file at most once every 30 seconds
[2025-08-03T11:28:36.695+0000] {manager.py:472} INFO - Checking for new files in /opt/airflow/dags every 5 seconds
[2025-08-03T11:28:36.695+0000] {manager.py:737} INFO - Searching for files in /opt/airflow/dags
[2025-08-03T11:28:36.704+0000] {manager.py:740} INFO - There are 4 files in /opt/airflow/dags
[2025-08-03T11:28:36.869+0000] {manager.py:878} INFO - 
================================================================================
DAG File Processing Stats

File Path                                   PID  Runtime      # DAGs    # Errors  Last Runtime    Last Run
----------------------------------------  -----  ---------  --------  ----------  --------------  ----------
/opt/airflow/dags/cleanup_paused_dags.py    183  0.07s             0           0
/opt/airflow/dags/cleanup_logs.py                                  0           0
/opt/airflow/dags/dag_generator.py          186  0.06s             0           0
/opt/airflow/dags/processor/__init__.py                            0           0
================================================================================
[2025-08-03T11:28:42.035+0000] {manager.py:737} INFO - Searching for files in /opt/airflow/dags
[2025-08-03T11:28:42.039+0000] {manager.py:740} INFO - There are 4 files in /opt/airflow/dags
[2025-08-03T11:28:47.057+0000] {manager.py:737} INFO - Searching for files in /opt/airflow/dags
[2025-08-03T11:28:47.061+0000] {manager.py:740} INFO - There are 4 files in /opt/airflow/dags
[2025-08-03T11:28:52.083+0000] {manager.py:737} INFO - Searching for files in /opt/airflow/dags
[2025-08-03T11:28:52.089+0000] {manager.py:740} INFO - There are 4 files in /opt/airflow/dags
[2025-08-03T11:28:57.116+0000] {manager.py:737} INFO - Searching for files in /opt/airflow/dags
[2025-08-03T11:28:57.123+0000] {manager.py:740} INFO - There are 4 files in /opt/airflow/dags
[2025-08-03T11:29:02.156+0000] {manager.py:737} INFO - Searching for files in /opt/airflow/dags
[2025-08-03T11:29:02.162+0000] {manager.py:740} INFO - There are 4 files in /opt/airflow/dags
[2025-08-03T11:29:07.189+0000] {manager.py:737} INFO - Searching for files in /opt/airflow/dags
[2025-08-03T11:29:07.198+0000] {manager.py:740} INFO - There are 4 files in /opt/airflow/dags
[2025-08-03T11:29:07.220+0000] {manager.py:878} INFO - 
================================================================================
DAG File Processing Stats

File Path                                   PID  Runtime      # DAGs    # Errors  Last Runtime    Last Run
----------------------------------------  -----  ---------  --------  ----------  --------------  -------------------
/opt/airflow/dags/processor/__init__.py                            0           0  1.62s           2025-08-03T11:28:38
/opt/airflow/dags/cleanup_paused_dags.py    220  0.01s             1           0  0.17s           2025-08-03T11:28:36
/opt/airflow/dags/cleanup_logs.py                                  1           0  0.12s           2025-08-03T11:28:37
/opt/airflow/dags/dag_generator.py          223  0.00s             0           0  0.08s           2025-08-03T11:28:36
================================================================================
[2025-08-03T11:29:12.508+0000] {manager.py:737} INFO - Searching for files in /opt/airflow/dags
[2025-08-03T11:29:12.515+0000] {manager.py:740} INFO - There are 4 files in /opt/airflow/dags
[2025-08-03T11:29:17.552+0000] {manager.py:737} INFO - Searching for files in /opt/airflow/dags
[2025-08-03T11:29:17.559+0000] {manager.py:740} INFO - There are 4 files in /opt/airflow/dags
[2025-08-03T11:29:22.590+0000] {manager.py:737} INFO - Searching for files in /opt/airflow/dags
[2025-08-03T11:29:22.597+0000] {manager.py:740} INFO - There are 4 files in /opt/airflow/dags
[2025-08-03T11:29:27.634+0000] {manager.py:737} INFO - Searching for files in /opt/airflow/dags
[2025-08-03T11:29:27.645+0000] {manager.py:740} INFO - There are 4 files in /opt/airflow/dags
[2025-08-03T11:29:32.681+0000] {manager.py:737} INFO - Searching for files in /opt/airflow/dags
[2025-08-03T11:29:32.687+0000] {manager.py:740} INFO - There are 4 files in /opt/airflow/dags
[2025-08-03T11:29:37.719+0000] {manager.py:737} INFO - Searching for files in /opt/airflow/dags
[2025-08-03T11:29:37.729+0000] {manager.py:740} INFO - There are 4 files in /opt/airflow/dags
[2025-08-03T11:29:37.773+0000] {manager.py:878} INFO - 
================================================================================
DAG File Processing Stats

File Path                                   PID  Runtime      # DAGs    # Errors  Last Runtime    Last Run
----------------------------------------  -----  ---------  --------  ----------  --------------  -------------------
/opt/airflow/dags/cleanup_paused_dags.py    262  0.03s             1           0  0.27s           2025-08-03T11:29:07
/opt/airflow/dags/processor/__init__.py                            0           0  0.24s           2025-08-03T11:29:09
/opt/airflow/dags/cleanup_logs.py                                  1           0  0.21s           2025-08-03T11:29:07
/opt/airflow/dags/dag_generator.py          265  0.01s             0           0  0.06s           2025-08-03T11:29:07
================================================================================
[2025-08-03T11:29:42.831+0000] {manager.py:737} INFO - Searching for files in /opt/airflow/dags
[2025-08-03T11:29:42.837+0000] {manager.py:740} INFO - There are 4 files in /opt/airflow/dags
[2025-08-03T11:29:47.862+0000] {manager.py:737} INFO - Searching for files in /opt/airflow/dags
[2025-08-03T11:29:47.869+0000] {manager.py:740} INFO - There are 4 files in /opt/airflow/dags
[2025-08-03T11:29:52.903+0000] {manager.py:737} INFO - Searching for files in /opt/airflow/dags
[2025-08-03T11:29:52.909+0000] {manager.py:740} INFO - There are 4 files in /opt/airflow/dags
[2025-08-03T11:29:57.937+0000] {manager.py:737} INFO - Searching for files in /opt/airflow/dags
[2025-08-03T11:29:57.940+0000] {manager.py:740} INFO - There are 4 files in /opt/airflow/dags
[2025-08-03T11:30:02.975+0000] {manager.py:737} INFO - Searching for files in /opt/airflow/dags
[2025-08-03T11:30:02.982+0000] {manager.py:740} INFO - There are 4 files in /opt/airflow/dags
[2025-08-03T11:30:08.015+0000] {manager.py:737} INFO - Searching for files in /opt/airflow/dags
[2025-08-03T11:30:08.023+0000] {manager.py:740} INFO - There are 4 files in /opt/airflow/dags
[2025-08-03T11:30:08.054+0000] {manager.py:878} INFO - 
================================================================================
DAG File Processing Stats

File Path                                   PID  Runtime      # DAGs    # Errors  Last Runtime    Last Run
----------------------------------------  -----  ---------  --------  ----------  --------------  -------------------
/opt/airflow/dags/dag_generator.py                                 1           0  1.05s           2025-08-03T11:29:38
/opt/airflow/dags/processor/__init__.py                            0           0  0.30s           2025-08-03T11:29:40
/opt/airflow/dags/cleanup_logs.py                                  1           0  0.26s           2025-08-03T11:29:38
/opt/airflow/dags/cleanup_paused_dags.py    300  0.01s             1           0  0.22s           2025-08-03T11:29:37
================================================================================
[2025-08-03T11:30:13.218+0000] {manager.py:737} INFO - Searching for files in /opt/airflow/dags
[2025-08-03T11:30:13.226+0000] {manager.py:740} INFO - There are 4 files in /opt/airflow/dags
[2025-08-03T11:30:18.261+0000] {manager.py:737} INFO - Searching for files in /opt/airflow/dags
[2025-08-03T11:30:18.265+0000] {manager.py:740} INFO - There are 4 files in /opt/airflow/dags
[2025-08-03T11:30:23.293+0000] {manager.py:737} INFO - Searching for files in /opt/airflow/dags
[2025-08-03T11:30:23.296+0000] {manager.py:740} INFO - There are 4 files in /opt/airflow/dags
[2025-08-03T11:30:28.332+0000] {manager.py:737} INFO - Searching for files in /opt/airflow/dags
[2025-08-03T11:30:28.339+0000] {manager.py:740} INFO - There are 4 files in /opt/airflow/dags
[2025-08-03T11:30:33.374+0000] {manager.py:737} INFO - Searching for files in /opt/airflow/dags
[2025-08-03T11:30:33.379+0000] {manager.py:740} INFO - There are 4 files in /opt/airflow/dags
[2025-08-03T11:30:38.409+0000] {manager.py:737} INFO - Searching for files in /opt/airflow/dags
[2025-08-03T11:30:38.415+0000] {manager.py:740} INFO - There are 4 files in /opt/airflow/dags
[2025-08-03T11:30:38.438+0000] {manager.py:878} INFO - 
================================================================================
DAG File Processing Stats

File Path                                   PID  Runtime      # DAGs    # Errors  Last Runtime    Last Run
----------------------------------------  -----  ---------  --------  ----------  --------------  -------------------
/opt/airflow/dags/dag_generator.py                                 1           0  0.56s           2025-08-03T11:30:09
/opt/airflow/dags/processor/__init__.py                            0           0  0.34s           2025-08-03T11:30:10
/opt/airflow/dags/cleanup_paused_dags.py    343  0.01s             1           0  0.15s           2025-08-03T11:30:08
/opt/airflow/dags/cleanup_logs.py                                  1           0  0.12s           2025-08-03T11:30:09
================================================================================
[2025-08-03T11:30:43.951+0000] {manager.py:737} INFO - Searching for files in /opt/airflow/dags
[2025-08-03T11:30:43.954+0000] {manager.py:740} INFO - There are 4 files in /opt/airflow/dags
[2025-08-03T11:30:48.976+0000] {manager.py:737} INFO - Searching for files in /opt/airflow/dags
[2025-08-03T11:30:48.993+0000] {manager.py:740} INFO - There are 4 files in /opt/airflow/dags
[2025-08-03T11:30:54.028+0000] {manager.py:737} INFO - Searching for files in /opt/airflow/dags
[2025-08-03T11:30:54.035+0000] {manager.py:740} INFO - There are 4 files in /opt/airflow/dags
[2025-08-03T11:30:59.068+0000] {manager.py:737} INFO - Searching for files in /opt/airflow/dags
[2025-08-03T11:30:59.070+0000] {manager.py:740} INFO - There are 4 files in /opt/airflow/dags
[2025-08-03T11:31:04.091+0000] {manager.py:737} INFO - Searching for files in /opt/airflow/dags
[2025-08-03T11:31:04.095+0000] {manager.py:740} INFO - There are 4 files in /opt/airflow/dags
[2025-08-03T11:31:09.131+0000] {manager.py:737} INFO - Searching for files in /opt/airflow/dags
[2025-08-03T11:31:09.138+0000] {manager.py:740} INFO - There are 4 files in /opt/airflow/dags
[2025-08-03T11:31:09.151+0000] {manager.py:878} INFO - 
================================================================================
DAG File Processing Stats

File Path                                   PID  Runtime      # DAGs    # Errors  Last Runtime    Last Run
----------------------------------------  -----  ---------  --------  ----------  --------------  -------------------
/opt/airflow/dags/dag_generator.py                                 2           0  0.67s           2025-08-03T11:30:41
/opt/airflow/dags/processor/__init__.py                            0           0  0.34s           2025-08-03T11:30:40
/opt/airflow/dags/cleanup_paused_dags.py    405  0.00s             1           0  0.16s           2025-08-03T11:30:38
/opt/airflow/dags/cleanup_logs.py                                  1           0  0.15s           2025-08-03T11:30:39
================================================================================
[2025-08-03T11:31:14.671+0000] {manager.py:737} INFO - Searching for files in /opt/airflow/dags
[2025-08-03T11:31:14.675+0000] {manager.py:740} INFO - There are 4 files in /opt/airflow/dags
[2025-08-03T11:31:19.706+0000] {manager.py:737} INFO - Searching for files in /opt/airflow/dags
[2025-08-03T11:31:19.712+0000] {manager.py:740} INFO - There are 4 files in /opt/airflow/dags
[2025-08-03T11:31:24.746+0000] {manager.py:737} INFO - Searching for files in /opt/airflow/dags
[2025-08-03T11:31:24.752+0000] {manager.py:740} INFO - There are 4 files in /opt/airflow/dags
[2025-08-03T11:31:29.786+0000] {manager.py:737} INFO - Searching for files in /opt/airflow/dags
[2025-08-03T11:31:29.795+0000] {manager.py:740} INFO - There are 4 files in /opt/airflow/dags
[2025-08-03T11:31:34.824+0000] {manager.py:737} INFO - Searching for files in /opt/airflow/dags
[2025-08-03T11:31:34.827+0000] {manager.py:740} INFO - There are 4 files in /opt/airflow/dags
[2025-08-03T11:31:39.859+0000] {manager.py:737} INFO - Searching for files in /opt/airflow/dags
[2025-08-03T11:31:39.865+0000] {manager.py:740} INFO - There are 4 files in /opt/airflow/dags
[2025-08-03T11:31:39.881+0000] {manager.py:878} INFO - 
================================================================================
DAG File Processing Stats

File Path                                   PID  Runtime      # DAGs    # Errors  Last Runtime    Last Run
----------------------------------------  -----  ---------  --------  ----------  --------------  -------------------
/opt/airflow/dags/dag_generator.py                                 1           0  0.45s           2025-08-03T11:31:11
/opt/airflow/dags/processor/__init__.py                            0           0  0.39s           2025-08-03T11:31:11
/opt/airflow/dags/cleanup_logs.py                                  1           0  0.11s           2025-08-03T11:31:10
/opt/airflow/dags/cleanup_paused_dags.py    448  0.00s             1           0  0.10s           2025-08-03T11:31:09
================================================================================
[2025-08-03T11:31:45.264+0000] {manager.py:737} INFO - Searching for files in /opt/airflow/dags
[2025-08-03T11:31:45.270+0000] {manager.py:740} INFO - There are 4 files in /opt/airflow/dags
[2025-08-03T11:31:50.301+0000] {manager.py:737} INFO - Searching for files in /opt/airflow/dags
[2025-08-03T11:31:50.307+0000] {manager.py:740} INFO - There are 4 files in /opt/airflow/dags
[2025-08-03T11:31:55.153+0000] {manager.py:452} INFO - Exiting gracefully upon receiving signal 15
[2025-08-03T11:32:26.494+0000] {manager.py:470} INFO - Processing files using up to 2 processes at a time 
[2025-08-03T11:32:26.495+0000] {manager.py:471} INFO - Process each file at most once every 30 seconds
[2025-08-03T11:32:26.495+0000] {manager.py:472} INFO - Checking for new files in /opt/airflow/dags every 300 seconds
[2025-08-03T11:32:26.495+0000] {manager.py:737} INFO - Searching for files in /opt/airflow/dags
[2025-08-03T11:32:26.499+0000] {manager.py:740} INFO - There are 4 files in /opt/airflow/dags
[2025-08-03T11:32:26.631+0000] {manager.py:878} INFO - 
================================================================================
DAG File Processing Stats

File Path                                   PID  Runtime      # DAGs    # Errors  Last Runtime    Last Run
----------------------------------------  -----  ---------  --------  ----------  --------------  ----------
/opt/airflow/dags/cleanup_paused_dags.py    182  0.08s             0           0
/opt/airflow/dags/cleanup_logs.py                                  0           0
/opt/airflow/dags/dag_generator.py          185  0.07s             0           0
/opt/airflow/dags/processor/__init__.py                            0           0
================================================================================
[2025-08-03T11:32:57.267+0000] {manager.py:878} INFO - 
================================================================================
DAG File Processing Stats

File Path                                   PID  Runtime      # DAGs    # Errors  Last Runtime    Last Run
----------------------------------------  -----  ---------  --------  ----------  --------------  -------------------
/opt/airflow/dags/dag_generator.py                                 1           0  1.58s           2025-08-03T11:32:28
/opt/airflow/dags/processor/__init__.py                            0           0  1.26s           2025-08-03T11:32:28
/opt/airflow/dags/cleanup_paused_dags.py    221  0.02s             1           0  0.17s           2025-08-03T11:32:26
/opt/airflow/dags/cleanup_logs.py           224  0.01s             1           0  0.11s           2025-08-03T11:32:26
================================================================================
[2025-08-03T11:33:27.944+0000] {manager.py:878} INFO - 
================================================================================
DAG File Processing Stats

File Path                                   PID  Runtime      # DAGs    # Errors  Last Runtime    Last Run
----------------------------------------  -----  ---------  --------  ----------  --------------  -------------------
/opt/airflow/dags/dag_generator.py                                 1           0  0.47s           2025-08-03T11:32:58
/opt/airflow/dags/cleanup_paused_dags.py    266  0.01s             1           0  0.28s           2025-08-03T11:32:57
/opt/airflow/dags/cleanup_logs.py           269  0.00s             1           0  0.26s           2025-08-03T11:32:57
/opt/airflow/dags/processor/__init__.py                            0           0  0.26s           2025-08-03T11:32:58
================================================================================
[2025-08-03T11:33:58.421+0000] {manager.py:878} INFO - 
================================================================================
DAG File Processing Stats

File Path                                   PID  Runtime      # DAGs    # Errors  Last Runtime    Last Run
----------------------------------------  -----  ---------  --------  ----------  --------------  -------------------
/opt/airflow/dags/dag_generator.py                                 1           0  0.38s           2025-08-03T11:33:29
/opt/airflow/dags/processor/__init__.py                            0           0  0.24s           2025-08-03T11:33:29
/opt/airflow/dags/cleanup_paused_dags.py    309  0.01s             1           0  0.08s           2025-08-03T11:33:28
/opt/airflow/dags/cleanup_logs.py           312  0.00s             1           0  0.07s           2025-08-03T11:33:28
================================================================================
[2025-08-03T11:34:28.843+0000] {manager.py:878} INFO - 
================================================================================
DAG File Processing Stats

File Path                                   PID  Runtime      # DAGs    # Errors  Last Runtime    Last Run
----------------------------------------  -----  ---------  --------  ----------  --------------  -------------------
/opt/airflow/dags/dag_generator.py                                 1           0  0.38s           2025-08-03T11:33:59
/opt/airflow/dags/processor/__init__.py                            0           0  0.23s           2025-08-03T11:33:59
/opt/airflow/dags/cleanup_paused_dags.py    347  0.01s             1           0  0.08s           2025-08-03T11:33:58
/opt/airflow/dags/cleanup_logs.py           350  0.01s             1           0  0.07s           2025-08-03T11:33:58
================================================================================
[2025-08-03T11:34:59.296+0000] {manager.py:878} INFO - 
================================================================================
DAG File Processing Stats

File Path                                   PID  Runtime      # DAGs    # Errors  Last Runtime    Last Run
----------------------------------------  -----  ---------  --------  ----------  --------------  -------------------
/opt/airflow/dags/dag_generator.py                                 1           0  0.41s           2025-08-03T11:34:30
/opt/airflow/dags/processor/__init__.py                            0           0  0.24s           2025-08-03T11:34:30
/opt/airflow/dags/cleanup_paused_dags.py    390  0.01s             1           0  0.10s           2025-08-03T11:34:28
/opt/airflow/dags/cleanup_logs.py           393  0.00s             1           0  0.09s           2025-08-03T11:34:28
================================================================================
[2025-08-03T11:35:29.721+0000] {manager.py:878} INFO - 
================================================================================
DAG File Processing Stats

File Path                                   PID  Runtime      # DAGs    # Errors  Last Runtime    Last Run
----------------------------------------  -----  ---------  --------  ----------  --------------  -------------------
/opt/airflow/dags/dag_generator.py                                 1           0  0.39s           2025-08-03T11:35:00
/opt/airflow/dags/processor/__init__.py                            0           0  0.23s           2025-08-03T11:35:00
/opt/airflow/dags/cleanup_paused_dags.py    428  0.01s             1           0  0.09s           2025-08-03T11:34:59
/opt/airflow/dags/cleanup_logs.py           431  0.00s             1           0  0.08s           2025-08-03T11:34:59
================================================================================
[2025-08-03T11:36:00.186+0000] {manager.py:878} INFO - 
================================================================================
DAG File Processing Stats

File Path                                   PID  Runtime      # DAGs    # Errors  Last Runtime    Last Run
----------------------------------------  -----  ---------  --------  ----------  --------------  -------------------
/opt/airflow/dags/dag_generator.py                                 1           0  0.42s           2025-08-03T11:35:31
/opt/airflow/dags/processor/__init__.py                            0           0  0.26s           2025-08-03T11:35:31
/opt/airflow/dags/cleanup_paused_dags.py    471  0.01s             1           0  0.09s           2025-08-03T11:35:29
/opt/airflow/dags/cleanup_logs.py           474  0.00s             1           0  0.08s           2025-08-03T11:35:29
================================================================================
[2025-08-03T11:36:30.613+0000] {manager.py:878} INFO - 
================================================================================
DAG File Processing Stats

File Path                                   PID  Runtime      # DAGs    # Errors  Last Runtime    Last Run
----------------------------------------  -----  ---------  --------  ----------  --------------  -------------------
/opt/airflow/dags/dag_generator.py                                 1           0  0.38s           2025-08-03T11:36:01
/opt/airflow/dags/processor/__init__.py                            0           0  0.23s           2025-08-03T11:36:01
/opt/airflow/dags/cleanup_paused_dags.py    509  0.01s             1           0  0.08s           2025-08-03T11:36:00
/opt/airflow/dags/cleanup_logs.py           512  0.00s             1           0  0.07s           2025-08-03T11:36:00
================================================================================
[2025-08-03T11:37:01.145+0000] {manager.py:878} INFO - 
================================================================================
DAG File Processing Stats

File Path                                   PID  Runtime      # DAGs    # Errors  Last Runtime    Last Run
----------------------------------------  -----  ---------  --------  ----------  --------------  -------------------
/opt/airflow/dags/dag_generator.py                                 1           0  0.40s           2025-08-03T11:36:32
/opt/airflow/dags/processor/__init__.py                            0           0  0.34s           2025-08-03T11:36:31
/opt/airflow/dags/cleanup_paused_dags.py    553  0.01s             1           0  0.09s           2025-08-03T11:36:30
/opt/airflow/dags/cleanup_logs.py           556  0.00s             1           0  0.09s           2025-08-03T11:36:30
================================================================================
[2025-08-03T11:37:26.539+0000] {manager.py:737} INFO - Searching for files in /opt/airflow/dags
[2025-08-03T11:37:26.544+0000] {manager.py:740} INFO - There are 4 files in /opt/airflow/dags
[2025-08-03T11:37:31.595+0000] {manager.py:878} INFO - 
================================================================================
DAG File Processing Stats

File Path                                   PID  Runtime      # DAGs    # Errors  Last Runtime    Last Run
----------------------------------------  -----  ---------  --------  ----------  --------------  -------------------
/opt/airflow/dags/dag_generator.py                                 1           0  0.39s           2025-08-03T11:37:02
/opt/airflow/dags/processor/__init__.py                            0           0  0.24s           2025-08-03T11:37:02
/opt/airflow/dags/cleanup_paused_dags.py    597  0.01s             1           0  0.08s           2025-08-03T11:37:01
/opt/airflow/dags/cleanup_logs.py           600  0.00s             1           0  0.08s           2025-08-03T11:37:01
================================================================================
[2025-08-03T11:38:02.101+0000] {manager.py:878} INFO - 
================================================================================
DAG File Processing Stats

File Path                                   PID  Runtime      # DAGs    # Errors  Last Runtime    Last Run
----------------------------------------  -----  ---------  --------  ----------  --------------  -------------------
/opt/airflow/dags/dag_generator.py                                 1           0  0.40s           2025-08-03T11:37:33
/opt/airflow/dags/processor/__init__.py                            0           0  0.24s           2025-08-03T11:37:32
/opt/airflow/dags/cleanup_paused_dags.py    635  0.02s             1           0  0.09s           2025-08-03T11:37:31
/opt/airflow/dags/cleanup_logs.py           638  0.01s             1           0  0.08s           2025-08-03T11:37:31
================================================================================
[2025-08-03T11:38:32.942+0000] {manager.py:878} INFO - 
================================================================================
DAG File Processing Stats

File Path                                   PID  Runtime      # DAGs    # Errors  Last Runtime    Last Run
----------------------------------------  -----  ---------  --------  ----------  --------------  -------------------
/opt/airflow/dags/dag_generator.py                                 1           0  0.62s           2025-08-03T11:38:03
/opt/airflow/dags/processor/__init__.py                            0           0  0.53s           2025-08-03T11:38:03
/opt/airflow/dags/cleanup_paused_dags.py    678  0.01s             1           0  0.13s           2025-08-03T11:38:02
/opt/airflow/dags/cleanup_logs.py           681  0.01s             1           0  0.13s           2025-08-03T11:38:02
================================================================================
[2025-08-03T11:39:03.437+0000] {manager.py:878} INFO - 
================================================================================
DAG File Processing Stats

File Path                                   PID  Runtime      # DAGs    # Errors  Last Runtime    Last Run
----------------------------------------  -----  ---------  --------  ----------  --------------  -------------------
/opt/airflow/dags/dag_generator.py                                 1           0  0.56s           2025-08-03T11:38:34
/opt/airflow/dags/processor/__init__.py                            0           0  0.30s           2025-08-03T11:38:34
/opt/airflow/dags/cleanup_paused_dags.py    717  0.01s             1           0  0.30s           2025-08-03T11:38:33
/opt/airflow/dags/cleanup_logs.py           720  0.00s             1           0  0.29s           2025-08-03T11:38:33
================================================================================
[2025-08-03T11:39:33.959+0000] {manager.py:878} INFO - 
================================================================================
DAG File Processing Stats

File Path                                   PID  Runtime      # DAGs    # Errors  Last Runtime    Last Run
----------------------------------------  -----  ---------  --------  ----------  --------------  -------------------
/opt/airflow/dags/processor/__init__.py                            0           0  0.27s           2025-08-03T11:39:04
/opt/airflow/dags/cleanup_logs.py           762  0.01s             1           0  0.09s           2025-08-03T11:39:03
/opt/airflow/dags/cleanup_paused_dags.py    759  0.01s             1           0  0.08s           2025-08-03T11:39:03
/opt/airflow/dags/dag_generator.py                                 0           0  0.05s           2025-08-03T11:39:04
================================================================================
[2025-08-03T11:40:04.251+0000] {manager.py:878} INFO - 
================================================================================
DAG File Processing Stats

File Path                                   PID  Runtime      # DAGs    # Errors  Last Runtime    Last Run
----------------------------------------  -----  ---------  --------  ----------  --------------  -------------------
/opt/airflow/dags/processor/__init__.py                            0           0  0.24s           2025-08-03T11:39:35
/opt/airflow/dags/cleanup_paused_dags.py    803  0.01s             1           0  0.09s           2025-08-03T11:39:34
/opt/airflow/dags/cleanup_logs.py           806  0.00s             1           0  0.08s           2025-08-03T11:39:34
/opt/airflow/dags/dag_generator.py                                 0           0  0.05s           2025-08-03T11:39:35
================================================================================
[2025-08-04T00:05:56.580+0000] {manager.py:470} INFO - Processing files using up to 2 processes at a time 
[2025-08-04T00:05:56.581+0000] {manager.py:471} INFO - Process each file at most once every 30 seconds
[2025-08-04T00:05:56.581+0000] {manager.py:472} INFO - Checking for new files in /opt/airflow/dags every 300 seconds
[2025-08-04T00:05:56.581+0000] {manager.py:737} INFO - Searching for files in /opt/airflow/dags
[2025-08-04T00:05:56.589+0000] {manager.py:740} INFO - There are 4 files in /opt/airflow/dags
[2025-08-04T00:06:11.323+0000] {manager.py:878} INFO - 
================================================================================
DAG File Processing Stats

File Path                                 PID    Runtime      # DAGs    # Errors  Last Runtime    Last Run
----------------------------------------  -----  ---------  --------  ----------  --------------  -------------------
/opt/airflow/dags/processor/__init__.py                            0           0  0.56s           2025-08-04T00:05:57
/opt/airflow/dags/cleanup_logs.py                                  1           0  0.11s           2025-08-04T00:05:56
/opt/airflow/dags/cleanup_paused_dags.py                           1           0  0.09s           2025-08-04T00:05:56
/opt/airflow/dags/dag_generator.py                                 0           0  0.05s           2025-08-04T00:05:56
================================================================================
[2025-08-04T00:06:44.289+0000] {manager.py:878} INFO - 
================================================================================
DAG File Processing Stats

File Path                                 PID    Runtime      # DAGs    # Errors  Last Runtime    Last Run
----------------------------------------  -----  ---------  --------  ----------  --------------  -------------------
/opt/airflow/dags/processor/__init__.py                            0           0  0.24s           2025-08-04T00:06:28
/opt/airflow/dags/cleanup_paused_dags.py                           1           0  0.07s           2025-08-04T00:06:27
/opt/airflow/dags/cleanup_logs.py                                  1           0  0.07s           2025-08-04T00:06:27
/opt/airflow/dags/dag_generator.py                                 0           0  0.04s           2025-08-04T00:06:27
================================================================================
[2025-08-04T00:07:14.573+0000] {manager.py:878} INFO - 
================================================================================
DAG File Processing Stats

File Path                                 PID    Runtime      # DAGs    # Errors  Last Runtime    Last Run
----------------------------------------  -----  ---------  --------  ----------  --------------  -------------------
/opt/airflow/dags/processor/__init__.py                            0           0  0.33s           2025-08-04T00:06:58
/opt/airflow/dags/cleanup_paused_dags.py                           1           0  0.10s           2025-08-04T00:06:57
/opt/airflow/dags/cleanup_logs.py                                  1           0  0.08s           2025-08-04T00:06:57
/opt/airflow/dags/dag_generator.py                                 0           0  0.06s           2025-08-04T00:06:57
================================================================================
[2025-08-04T00:07:44.835+0000] {manager.py:878} INFO - 
================================================================================
DAG File Processing Stats

File Path                                 PID    Runtime      # DAGs    # Errors  Last Runtime    Last Run
----------------------------------------  -----  ---------  --------  ----------  --------------  -------------------
/opt/airflow/dags/processor/__init__.py                            0           0  0.23s           2025-08-04T00:07:29
/opt/airflow/dags/cleanup_logs.py                                  1           0  0.08s           2025-08-04T00:07:27
/opt/airflow/dags/cleanup_paused_dags.py                           1           0  0.07s           2025-08-04T00:07:27
/opt/airflow/dags/dag_generator.py                                 0           0  0.04s           2025-08-04T00:07:27
================================================================================
[2025-08-04T00:08:15.134+0000] {manager.py:878} INFO - 
================================================================================
DAG File Processing Stats

File Path                                 PID    Runtime      # DAGs    # Errors  Last Runtime    Last Run
----------------------------------------  -----  ---------  --------  ----------  --------------  -------------------
/opt/airflow/dags/processor/__init__.py                            0           0  0.25s           2025-08-04T00:08:00
/opt/airflow/dags/cleanup_paused_dags.py                           1           0  0.10s           2025-08-04T00:07:58
/opt/airflow/dags/cleanup_logs.py                                  1           0  0.08s           2025-08-04T00:07:58
/opt/airflow/dags/dag_generator.py                                 0           0  0.04s           2025-08-04T00:07:57
================================================================================
[2025-08-04T00:08:45.444+0000] {manager.py:878} INFO - 
================================================================================
DAG File Processing Stats

File Path                                 PID    Runtime      # DAGs    # Errors  Last Runtime    Last Run
----------------------------------------  -----  ---------  --------  ----------  --------------  -------------------
/opt/airflow/dags/processor/__init__.py                            0           0  0.23s           2025-08-04T00:08:30
/opt/airflow/dags/cleanup_paused_dags.py                           1           0  0.10s           2025-08-04T00:08:28
/opt/airflow/dags/cleanup_logs.py                                  1           0  0.07s           2025-08-04T00:08:28
/opt/airflow/dags/dag_generator.py                                 0           0  0.05s           2025-08-04T00:08:28
================================================================================
[2025-08-04T00:09:15.759+0000] {manager.py:878} INFO - 
================================================================================
DAG File Processing Stats

File Path                                 PID    Runtime      # DAGs    # Errors  Last Runtime    Last Run
----------------------------------------  -----  ---------  --------  ----------  --------------  -------------------
/opt/airflow/dags/processor/__init__.py                            0           0  0.31s           2025-08-04T00:09:00
/opt/airflow/dags/cleanup_paused_dags.py                           1           0  0.11s           2025-08-04T00:08:58
/opt/airflow/dags/cleanup_logs.py                                  1           0  0.09s           2025-08-04T00:08:58
/opt/airflow/dags/dag_generator.py                                 0           0  0.05s           2025-08-04T00:08:58
================================================================================
[2025-08-04T00:09:46.061+0000] {manager.py:878} INFO - 
================================================================================
DAG File Processing Stats

File Path                                 PID    Runtime      # DAGs    # Errors  Last Runtime    Last Run
----------------------------------------  -----  ---------  --------  ----------  --------------  -------------------
/opt/airflow/dags/processor/__init__.py                            0           0  0.31s           2025-08-04T00:09:31
/opt/airflow/dags/cleanup_paused_dags.py                           1           0  0.09s           2025-08-04T00:09:28
/opt/airflow/dags/cleanup_logs.py                                  1           0  0.07s           2025-08-04T00:09:28
/opt/airflow/dags/dag_generator.py                                 0           0  0.05s           2025-08-04T00:09:28
================================================================================
[2025-08-04T00:10:16.338+0000] {manager.py:878} INFO - 
================================================================================
DAG File Processing Stats

File Path                                 PID    Runtime      # DAGs    # Errors  Last Runtime    Last Run
----------------------------------------  -----  ---------  --------  ----------  --------------  -------------------
/opt/airflow/dags/processor/__init__.py                            0           0  0.23s           2025-08-04T00:10:02
/opt/airflow/dags/cleanup_paused_dags.py                           1           0  0.08s           2025-08-04T00:09:59
/opt/airflow/dags/cleanup_logs.py                                  1           0  0.08s           2025-08-04T00:09:59
/opt/airflow/dags/dag_generator.py                                 0           0  0.04s           2025-08-04T00:09:59
================================================================================
[2025-08-04T00:10:46.645+0000] {manager.py:878} INFO - 
================================================================================
DAG File Processing Stats

File Path                                 PID    Runtime      # DAGs    # Errors  Last Runtime    Last Run
----------------------------------------  -----  ---------  --------  ----------  --------------  -------------------
/opt/airflow/dags/processor/__init__.py                            0           0  0.23s           2025-08-04T00:10:32
/opt/airflow/dags/cleanup_paused_dags.py                           1           0  0.11s           2025-08-04T00:10:29
/opt/airflow/dags/cleanup_logs.py                                  1           0  0.08s           2025-08-04T00:10:29
/opt/airflow/dags/dag_generator.py                                 0           0  0.06s           2025-08-04T00:10:29
================================================================================
[2025-08-04T00:10:56.697+0000] {manager.py:737} INFO - Searching for files in /opt/airflow/dags
[2025-08-04T00:10:56.702+0000] {manager.py:740} INFO - There are 4 files in /opt/airflow/dags
[2025-08-04T00:11:16.920+0000] {manager.py:878} INFO - 
================================================================================
DAG File Processing Stats

File Path                                 PID    Runtime      # DAGs    # Errors  Last Runtime    Last Run
----------------------------------------  -----  ---------  --------  ----------  --------------  -------------------
/opt/airflow/dags/processor/__init__.py                            0           0  0.31s           2025-08-04T00:11:03
/opt/airflow/dags/cleanup_paused_dags.py                           1           0  0.10s           2025-08-04T00:10:59
/opt/airflow/dags/cleanup_logs.py                                  1           0  0.07s           2025-08-04T00:10:59
/opt/airflow/dags/dag_generator.py                                 0           0  0.05s           2025-08-04T00:10:59
================================================================================
[2025-08-04T00:11:47.185+0000] {manager.py:878} INFO - 
================================================================================
DAG File Processing Stats

File Path                                 PID    Runtime      # DAGs    # Errors  Last Runtime    Last Run
----------------------------------------  -----  ---------  --------  ----------  --------------  -------------------
/opt/airflow/dags/processor/__init__.py                            0           0  0.32s           2025-08-04T00:11:34
/opt/airflow/dags/cleanup_paused_dags.py                           1           0  0.09s           2025-08-04T00:11:30
/opt/airflow/dags/cleanup_logs.py                                  1           0  0.07s           2025-08-04T00:11:30
/opt/airflow/dags/dag_generator.py                                 0           0  0.04s           2025-08-04T00:11:30
================================================================================
[2025-08-04T00:12:17.435+0000] {manager.py:878} INFO - 
================================================================================
DAG File Processing Stats

File Path                                 PID    Runtime      # DAGs    # Errors  Last Runtime    Last Run
----------------------------------------  -----  ---------  --------  ----------  --------------  -------------------
/opt/airflow/dags/processor/__init__.py                            0           0  0.24s           2025-08-04T00:12:05
/opt/airflow/dags/cleanup_paused_dags.py                           1           0  0.09s           2025-08-04T00:12:00
/opt/airflow/dags/cleanup_logs.py                                  1           0  0.07s           2025-08-04T00:12:00
/opt/airflow/dags/dag_generator.py                                 0           0  0.04s           2025-08-04T00:12:00
================================================================================
[2025-08-04T00:12:47.705+0000] {manager.py:878} INFO - 
================================================================================
DAG File Processing Stats

File Path                                 PID    Runtime      # DAGs    # Errors  Last Runtime    Last Run
----------------------------------------  -----  ---------  --------  ----------  --------------  -------------------
/opt/airflow/dags/processor/__init__.py                            0           0  0.23s           2025-08-04T00:12:35
/opt/airflow/dags/cleanup_paused_dags.py                           1           0  0.10s           2025-08-04T00:12:30
/opt/airflow/dags/cleanup_logs.py                                  1           0  0.08s           2025-08-04T00:12:30
/opt/airflow/dags/dag_generator.py                                 0           0  0.06s           2025-08-04T00:12:30
================================================================================
[2025-08-04T00:13:17.985+0000] {manager.py:878} INFO - 
================================================================================
DAG File Processing Stats

File Path                                 PID    Runtime      # DAGs    # Errors  Last Runtime    Last Run
----------------------------------------  -----  ---------  --------  ----------  --------------  -------------------
/opt/airflow/dags/processor/__init__.py                            0           0  0.34s           2025-08-04T00:13:06
/opt/airflow/dags/cleanup_logs.py                                  1           0  0.08s           2025-08-04T00:13:00
/opt/airflow/dags/cleanup_paused_dags.py                           1           0  0.08s           2025-08-04T00:13:00
/opt/airflow/dags/dag_generator.py                                 0           0  0.04s           2025-08-04T00:13:00
================================================================================
[2025-08-04T00:13:48.240+0000] {manager.py:878} INFO - 
================================================================================
DAG File Processing Stats

File Path                                 PID    Runtime      # DAGs    # Errors  Last Runtime    Last Run
----------------------------------------  -----  ---------  --------  ----------  --------------  -------------------
/opt/airflow/dags/processor/__init__.py                            0           0  0.32s           2025-08-04T00:13:37
/opt/airflow/dags/cleanup_paused_dags.py                           1           0  0.08s           2025-08-04T00:13:31
/opt/airflow/dags/cleanup_logs.py                                  1           0  0.07s           2025-08-04T00:13:31
/opt/airflow/dags/dag_generator.py                                 0           0  0.04s           2025-08-04T00:13:31
================================================================================
[2025-08-04T00:14:18.500+0000] {manager.py:878} INFO - 
================================================================================
DAG File Processing Stats

File Path                                 PID    Runtime      # DAGs    # Errors  Last Runtime    Last Run
----------------------------------------  -----  ---------  --------  ----------  --------------  -------------------
/opt/airflow/dags/processor/__init__.py                            0           0  0.25s           2025-08-04T00:14:08
/opt/airflow/dags/cleanup_paused_dags.py                           1           0  0.09s           2025-08-04T00:14:01
/opt/airflow/dags/cleanup_logs.py                                  1           0  0.08s           2025-08-04T00:14:01
/opt/airflow/dags/dag_generator.py                                 0           0  0.04s           2025-08-04T00:14:01
================================================================================
