[2025-07-29T02:50:24.107+0000] {local_task_job_runner.py:120} INFO - ::group::Pre task execution logs
[2025-07-29T02:50:24.130+0000] {taskinstance.py:2076} INFO - Dependencies all met for dep_context=non-requeueable deps ti=<TaskInstance: dag_wwwwwwwwwwwwwwwwwwwwwwww.transform_data_task scheduled__2025-06-25T00:00:00+00:00 [queued]>
[2025-07-29T02:50:24.136+0000] {taskinstance.py:2076} INFO - Dependencies all met for dep_context=requeueable deps ti=<TaskInstance: dag_wwwwwwwwwwwwwwwwwwwwwwww.transform_data_task scheduled__2025-06-25T00:00:00+00:00 [queued]>
[2025-07-29T02:50:24.136+0000] {taskinstance.py:2306} INFO - Starting attempt 1 of 1
[2025-07-29T02:50:24.146+0000] {taskinstance.py:2330} INFO - Executing <Task(PythonOperator): transform_data_task> on 2025-06-25 00:00:00+00:00
[2025-07-29T02:50:24.154+0000] {logging_mixin.py:188} WARNING - /home/***/.local/lib/python3.12/site-packages/***/task/task_runner/standard_task_runner.py:61 DeprecationWarning: This process (pid=6185) is multi-threaded, use of fork() may lead to deadlocks in the child.
[2025-07-29T02:50:24.155+0000] {standard_task_runner.py:63} INFO - Started process 6187 to run task
[2025-07-29T02:50:24.154+0000] {standard_task_runner.py:90} INFO - Running: ['***', 'tasks', 'run', 'dag_wwwwwwwwwwwwwwwwwwwwwwww', 'transform_data_task', 'scheduled__2025-06-25T00:00:00+00:00', '--job-id', '12', '--raw', '--subdir', 'DAGS_FOLDER/dag_generator_python.py', '--cfg-path', '/tmp/tmpan1fh4ou']
[2025-07-29T02:50:24.156+0000] {standard_task_runner.py:91} INFO - Job 12: Subtask transform_data_task
[2025-07-29T02:50:24.363+0000] {task_command.py:426} INFO - Running <TaskInstance: dag_wwwwwwwwwwwwwwwwwwwwwwww.transform_data_task scheduled__2025-06-25T00:00:00+00:00 [running]> on host ee0266895495
[2025-07-29T02:50:24.494+0000] {taskinstance.py:2648} INFO - Exporting env vars: AIRFLOW_CTX_DAG_OWNER='***' AIRFLOW_CTX_DAG_ID='dag_wwwwwwwwwwwwwwwwwwwwwwww' AIRFLOW_CTX_TASK_ID='transform_data_task' AIRFLOW_CTX_EXECUTION_DATE='2025-06-25T00:00:00+00:00' AIRFLOW_CTX_TRY_NUMBER='1' AIRFLOW_CTX_DAG_RUN_ID='scheduled__2025-06-25T00:00:00+00:00'
[2025-07-29T02:50:24.495+0000] {taskinstance.py:430} INFO - ::endgroup::
[2025-07-29T02:50:24.511+0000] {logging_mixin.py:188} INFO - Fetching data from Redis key: ***_data:dag_wwwwwwwwwwwwwwwwwwwwwwww
[2025-07-29T02:50:24.513+0000] {logging_mixin.py:188} INFO - Applying algorithm 'aggregate_product_data' from module 'processor.transform.algos_1'
[2025-07-29T02:50:24.538+0000] {logging_mixin.py:188} INFO - Transformed data stored back to Redis with key: ***_data:dag_wwwwwwwwwwwwwwwwwwwwwwww
[2025-07-29T02:50:24.550+0000] {python.py:237} INFO - Done. Returned value was: None
[2025-07-29T02:50:24.550+0000] {taskinstance.py:441} INFO - ::group::Post task execution logs
[2025-07-29T02:50:24.557+0000] {taskinstance.py:1206} INFO - Marking task as SUCCESS. dag_id=dag_wwwwwwwwwwwwwwwwwwwwwwww, task_id=transform_data_task, run_id=scheduled__2025-06-25T00:00:00+00:00, execution_date=20250625T000000, start_date=20250729T025024, end_date=20250729T025024
[2025-07-29T02:50:24.609+0000] {local_task_job_runner.py:240} INFO - Task exited with return code 0
[2025-07-29T02:50:24.789+0000] {taskinstance.py:3503} INFO - 1 downstream tasks scheduled from follow-on schedule check
[2025-07-29T02:50:24.795+0000] {local_task_job_runner.py:222} INFO - ::endgroup::
