[2025-08-04T00:52:25.673+0000] {local_task_job_runner.py:120} INFO - ::group::Pre task execution logs
[2025-08-04T00:52:25.838+0000] {taskinstance.py:2076} INFO - Dependencies all met for dep_context=non-requeueable deps ti=<TaskInstance: dag_cccbbbbb.extract_data_task scheduled__2025-06-25T00:00:00+00:00 [queued]>
[2025-08-04T00:52:25.848+0000] {taskinstance.py:2076} INFO - Dependencies all met for dep_context=requeueable deps ti=<TaskInstance: dag_cccbbbbb.extract_data_task scheduled__2025-06-25T00:00:00+00:00 [queued]>
[2025-08-04T00:52:25.849+0000] {taskinstance.py:2306} INFO - Starting attempt 1 of 1
[2025-08-04T00:52:25.858+0000] {taskinstance.py:2330} INFO - Executing <Task(PythonOperator): extract_data_task> on 2025-06-25 00:00:00+00:00
[2025-08-04T00:52:25.866+0000] {logging_mixin.py:188} WARNING - /home/***/.local/lib/python3.12/site-packages/***/task/task_runner/standard_task_runner.py:61 DeprecationWarning: This process (pid=355) is multi-threaded, use of fork() may lead to deadlocks in the child.
[2025-08-04T00:52:25.866+0000] {standard_task_runner.py:63} INFO - Started process 357 to run task
[2025-08-04T00:52:25.866+0000] {standard_task_runner.py:90} INFO - Running: ['***', 'tasks', 'run', 'dag_cccbbbbb', 'extract_data_task', 'scheduled__2025-06-25T00:00:00+00:00', '--job-id', '21', '--raw', '--subdir', 'DAGS_FOLDER/dag_generator.py', '--cfg-path', '/tmp/tmpc2c0ohvc']
[2025-08-04T00:52:25.868+0000] {standard_task_runner.py:91} INFO - Job 21: Subtask extract_data_task
[2025-08-04T00:52:25.914+0000] {task_command.py:426} INFO - Running <TaskInstance: dag_cccbbbbb.extract_data_task scheduled__2025-06-25T00:00:00+00:00 [running]> on host 8032ab58e64f
[2025-08-04T00:52:26.008+0000] {taskinstance.py:2648} INFO - Exporting env vars: AIRFLOW_CTX_DAG_OWNER='***' AIRFLOW_CTX_DAG_ID='dag_cccbbbbb' AIRFLOW_CTX_TASK_ID='extract_data_task' AIRFLOW_CTX_EXECUTION_DATE='2025-06-25T00:00:00+00:00' AIRFLOW_CTX_TRY_NUMBER='1' AIRFLOW_CTX_DAG_RUN_ID='scheduled__2025-06-25T00:00:00+00:00'
[2025-08-04T00:52:26.011+0000] {taskinstance.py:430} INFO - ::endgroup::
[2025-08-04T00:52:26.034+0000] {__init__.py:82} INFO - 執行 extract_data (資料載入層)
[2025-08-04T00:52:26.035+0000] {__init__.py:43} INFO - 使用資料夾結構方法: csv_reader.standard
[2025-08-04T00:52:26.035+0000] {__init__.py:86} INFO - 呼叫方法 'csv_reader.standard' 來自模組 'processor.extract'
[2025-08-04T00:52:26.039+0000] {standard.py:13} INFO - 成功讀取 CSV: 3f2a4b93-b237-4545-bd50-5004d863567c.csv, 資料筆數: 6
[2025-08-04T00:52:26.039+0000] {__init__.py:97} INFO - 資料是 pd.DataFrame
[2025-08-04T00:52:26.054+0000] {__init__.py:107} INFO - 資料已存入 Redis，key=***_data:dag_cccbbbbb.extract_data_task
[2025-08-04T00:52:26.069+0000] {python.py:237} INFO - Done. Returned value was: None
[2025-08-04T00:52:26.070+0000] {taskinstance.py:441} INFO - ::group::Post task execution logs
[2025-08-04T00:52:26.078+0000] {taskinstance.py:1206} INFO - Marking task as SUCCESS. dag_id=dag_cccbbbbb, task_id=extract_data_task, run_id=scheduled__2025-06-25T00:00:00+00:00, execution_date=20250625T000000, start_date=20250804T005225, end_date=20250804T005226
[2025-08-04T00:52:26.120+0000] {local_task_job_runner.py:240} INFO - Task exited with return code 0
[2025-08-04T00:52:26.158+0000] {taskinstance.py:3503} INFO - 2 downstream tasks scheduled from follow-on schedule check
[2025-08-04T00:52:26.160+0000] {local_task_job_runner.py:222} INFO - ::endgroup::
