[2025-07-30T08:21:41.530+0000] {local_task_job_runner.py:120} INFO - ::group::Pre task execution logs
[2025-07-30T08:21:41.562+0000] {taskinstance.py:2076} INFO - Dependencies all met for dep_context=non-requeueable deps ti=<TaskInstance: dag_ooooooooooooooooooooooo.extract_data_task scheduled__2025-06-25T00:00:00+00:00 [queued]>
[2025-07-30T08:21:41.569+0000] {taskinstance.py:2076} INFO - Dependencies all met for dep_context=requeueable deps ti=<TaskInstance: dag_ooooooooooooooooooooooo.extract_data_task scheduled__2025-06-25T00:00:00+00:00 [queued]>
[2025-07-30T08:21:41.569+0000] {taskinstance.py:2306} INFO - Starting attempt 1 of 1
[2025-07-30T08:21:41.582+0000] {taskinstance.py:2330} INFO - Executing <Task(PythonOperator): extract_data_task> on 2025-06-25 00:00:00+00:00
[2025-07-30T08:21:41.591+0000] {logging_mixin.py:188} WARNING - /home/***/.local/lib/python3.12/site-packages/***/task/task_runner/standard_task_runner.py:61 DeprecationWarning: This process (pid=5619) is multi-threaded, use of fork() may lead to deadlocks in the child.
[2025-07-30T08:21:41.592+0000] {standard_task_runner.py:63} INFO - Started process 5621 to run task
[2025-07-30T08:21:41.591+0000] {standard_task_runner.py:90} INFO - Running: ['***', 'tasks', 'run', 'dag_ooooooooooooooooooooooo', 'extract_data_task', 'scheduled__2025-06-25T00:00:00+00:00', '--job-id', '31', '--raw', '--subdir', 'DAGS_FOLDER/dag_generator_python.py', '--cfg-path', '/tmp/tmpc2qxx49l']
[2025-07-30T08:21:41.593+0000] {standard_task_runner.py:91} INFO - Job 31: Subtask extract_data_task
[2025-07-30T08:21:41.823+0000] {task_command.py:426} INFO - Running <TaskInstance: dag_ooooooooooooooooooooooo.extract_data_task scheduled__2025-06-25T00:00:00+00:00 [running]> on host 14614e29d246
[2025-07-30T08:21:41.912+0000] {taskinstance.py:2648} INFO - Exporting env vars: AIRFLOW_CTX_DAG_OWNER='***' AIRFLOW_CTX_DAG_ID='dag_ooooooooooooooooooooooo' AIRFLOW_CTX_TASK_ID='extract_data_task' AIRFLOW_CTX_EXECUTION_DATE='2025-06-25T00:00:00+00:00' AIRFLOW_CTX_TRY_NUMBER='1' AIRFLOW_CTX_DAG_RUN_ID='scheduled__2025-06-25T00:00:00+00:00'
[2025-07-30T08:21:41.913+0000] {taskinstance.py:430} INFO - ::endgroup::
[2025-07-30T08:21:41.924+0000] {logging_mixin.py:188} INFO - 測試載入層
[2025-07-30T08:21:41.925+0000] {logging_mixin.py:188} INFO - Applying algorithm 'test_csv' from module 'processor.extract.readCSV'
[2025-07-30T08:21:41.925+0000] {logging_mixin.py:188} INFO - 3f2a4b93-b237-4545-bd50-5004d863567c.csv
[2025-07-30T08:21:41.939+0000] {taskinstance.py:441} INFO - ::group::Post task execution logs
[2025-07-30T08:21:41.940+0000] {taskinstance.py:2905} ERROR - Task failed with exception
Traceback (most recent call last):
  File "/home/airflow/.local/lib/python3.12/site-packages/airflow/models/taskinstance.py", line 465, in _execute_task
    result = _execute_callable(context=context, **execute_callable_kwargs)
             ^^^^^^^^^^^^^^^^^^^^^^^^^^^^^^^^^^^^^^^^^^^^^^^^^^^^^^^^^^^^^
  File "/home/airflow/.local/lib/python3.12/site-packages/airflow/models/taskinstance.py", line 432, in _execute_callable
    return execute_callable(context=context, **execute_callable_kwargs)
           ^^^^^^^^^^^^^^^^^^^^^^^^^^^^^^^^^^^^^^^^^^^^^^^^^^^^^^^^^^^^
  File "/home/airflow/.local/lib/python3.12/site-packages/airflow/models/baseoperator.py", line 401, in wrapper
    return func(self, *args, **kwargs)
           ^^^^^^^^^^^^^^^^^^^^^^^^^^^
  File "/home/airflow/.local/lib/python3.12/site-packages/airflow/operators/python.py", line 235, in execute
    return_value = self.execute_callable()
                   ^^^^^^^^^^^^^^^^^^^^^^^
  File "/home/airflow/.local/lib/python3.12/site-packages/airflow/operators/python.py", line 252, in execute_callable
    return self.python_callable(*self.op_args, **self.op_kwargs)
           ^^^^^^^^^^^^^^^^^^^^^^^^^^^^^^^^^^^^^^^^^^^^^^^^^^^^^
  File "/opt/airflow/dags/processor/__init__.py", line 65, in extract_data
    redis_key = _get_redis_key(ti.task_ids)
                               ^^^^^^^^^^^
AttributeError: 'TaskInstance' object has no attribute 'task_ids'. Did you mean: 'task_id'?
[2025-07-30T08:21:41.949+0000] {taskinstance.py:1206} INFO - Marking task as FAILED. dag_id=dag_ooooooooooooooooooooooo, task_id=extract_data_task, run_id=scheduled__2025-06-25T00:00:00+00:00, execution_date=20250625T000000, start_date=20250730T082141, end_date=20250730T082141
[2025-07-30T08:21:41.959+0000] {standard_task_runner.py:110} ERROR - Failed to execute job 31 for task extract_data_task ('TaskInstance' object has no attribute 'task_ids'; 5621)
[2025-07-30T08:21:42.006+0000] {local_task_job_runner.py:240} INFO - Task exited with return code 1
[2025-07-30T08:21:42.229+0000] {taskinstance.py:3503} INFO - 0 downstream tasks scheduled from follow-on schedule check
[2025-07-30T08:21:42.233+0000] {local_task_job_runner.py:222} INFO - ::endgroup::
