[2025-08-01T07:30:24.311+0000] {local_task_job_runner.py:120} INFO - ::group::Pre task execution logs
[2025-08-01T07:30:24.497+0000] {taskinstance.py:2076} INFO - Dependencies all met for dep_context=non-requeueable deps ti=<TaskInstance: dag_bbbbbbb3.load_data_task scheduled__2025-06-25T00:00:00+00:00 [queued]>
[2025-08-01T07:30:24.506+0000] {taskinstance.py:2076} INFO - Dependencies all met for dep_context=requeueable deps ti=<TaskInstance: dag_bbbbbbb3.load_data_task scheduled__2025-06-25T00:00:00+00:00 [queued]>
[2025-08-01T07:30:24.506+0000] {taskinstance.py:2306} INFO - Starting attempt 1 of 1
[2025-08-01T07:30:24.521+0000] {taskinstance.py:2330} INFO - Executing <Task(PythonOperator): load_data_task> on 2025-06-25 00:00:00+00:00
[2025-08-01T07:30:24.529+0000] {logging_mixin.py:188} WARNING - /home/***/.local/lib/python3.12/site-packages/***/task/task_runner/standard_task_runner.py:61 DeprecationWarning: This process (pid=20453) is multi-threaded, use of fork() may lead to deadlocks in the child.
[2025-08-01T07:30:24.530+0000] {standard_task_runner.py:63} INFO - Started process 20461 to run task
[2025-08-01T07:30:24.529+0000] {standard_task_runner.py:90} INFO - Running: ['***', 'tasks', 'run', 'dag_bbbbbbb3', 'load_data_task', 'scheduled__2025-06-25T00:00:00+00:00', '--job-id', '221', '--raw', '--subdir', 'DAGS_FOLDER/dag_generator.py', '--cfg-path', '/tmp/tmpmcagcbhf']
[2025-08-01T07:30:24.531+0000] {standard_task_runner.py:91} INFO - Job 221: Subtask load_data_task
[2025-08-01T07:30:24.572+0000] {task_command.py:426} INFO - Running <TaskInstance: dag_bbbbbbb3.load_data_task scheduled__2025-06-25T00:00:00+00:00 [running]> on host 14614e29d246
[2025-08-01T07:30:24.648+0000] {taskinstance.py:2648} INFO - Exporting env vars: AIRFLOW_CTX_DAG_OWNER='***' AIRFLOW_CTX_DAG_ID='dag_bbbbbbb3' AIRFLOW_CTX_TASK_ID='load_data_task' AIRFLOW_CTX_EXECUTION_DATE='2025-06-25T00:00:00+00:00' AIRFLOW_CTX_TRY_NUMBER='1' AIRFLOW_CTX_DAG_RUN_ID='scheduled__2025-06-25T00:00:00+00:00'
[2025-08-01T07:30:24.649+0000] {taskinstance.py:430} INFO - ::endgroup::
[2025-08-01T07:30:24.660+0000] {__init__.py:157} INFO - 執行 load_data (資料匯入層)
[2025-08-01T07:30:24.661+0000] {__init__.py:34} INFO - _get_upstream_output_path 上游任務: {'transform_data_task'}
[2025-08-01T07:30:24.661+0000] {__init__.py:50} INFO - 任務 'load_data_task' 從單一上游 'transform_data_task' 拉取資料
[2025-08-01T07:30:24.671+0000] {__init__.py:52} INFO - 拉取到的 redis_key: ***_data:dag_bbbbbbb3.transform_data_task
[2025-08-01T07:30:24.672+0000] {__init__.py:170} INFO - 從 Redis 讀取資料，key=***_data:dag_bbbbbbb3.transform_data_task
[2025-08-01T07:30:24.675+0000] {__init__.py:180} INFO - 呼叫演算法 'test_csv' 來自模組 'processor.load.saveCSV'
[2025-08-01T07:30:24.707+0000] {logging_mixin.py:188} INFO - Saved output CSV to: /opt/***/data/output/3f2a4b93-b237-4545-bd50-5004d863567c.csv
[2025-08-01T07:30:24.708+0000] {__init__.py:186} INFO - 刪除上游 Redis key: ***_data:dag_bbbbbbb3.transform_data_task
[2025-08-01T07:30:24.708+0000] {python.py:237} INFO - Done. Returned value was: None
[2025-08-01T07:30:24.709+0000] {taskinstance.py:441} INFO - ::group::Post task execution logs
[2025-08-01T07:30:24.717+0000] {taskinstance.py:1206} INFO - Marking task as SUCCESS. dag_id=dag_bbbbbbb3, task_id=load_data_task, run_id=scheduled__2025-06-25T00:00:00+00:00, execution_date=20250625T000000, start_date=20250801T073024, end_date=20250801T073024
[2025-08-01T07:30:24.743+0000] {local_task_job_runner.py:240} INFO - Task exited with return code 0
[2025-08-01T07:30:24.759+0000] {taskinstance.py:3503} INFO - 0 downstream tasks scheduled from follow-on schedule check
[2025-08-01T07:30:24.760+0000] {local_task_job_runner.py:222} INFO - ::endgroup::
[2025-08-01T08:04:54.583+0000] {local_task_job_runner.py:120} INFO - ::group::Pre task execution logs
[2025-08-01T08:04:54.696+0000] {taskinstance.py:2076} INFO - Dependencies all met for dep_context=non-requeueable deps ti=<TaskInstance: dag_bbbbbbb3.load_data_task scheduled__2025-06-25T00:00:00+00:00 [queued]>
[2025-08-01T08:04:54.701+0000] {taskinstance.py:2076} INFO - Dependencies all met for dep_context=requeueable deps ti=<TaskInstance: dag_bbbbbbb3.load_data_task scheduled__2025-06-25T00:00:00+00:00 [queued]>
[2025-08-01T08:04:54.701+0000] {taskinstance.py:2306} INFO - Starting attempt 1 of 1
[2025-08-01T08:04:54.712+0000] {taskinstance.py:2330} INFO - Executing <Task(PythonOperator): load_data_task> on 2025-06-25 00:00:00+00:00
[2025-08-01T08:04:54.717+0000] {logging_mixin.py:188} WARNING - /home/***/.local/lib/python3.12/site-packages/***/task/task_runner/standard_task_runner.py:61 DeprecationWarning: This process (pid=22550) is multi-threaded, use of fork() may lead to deadlocks in the child.
[2025-08-01T08:04:54.718+0000] {standard_task_runner.py:63} INFO - Started process 22552 to run task
[2025-08-01T08:04:54.718+0000] {standard_task_runner.py:90} INFO - Running: ['***', 'tasks', 'run', 'dag_bbbbbbb3', 'load_data_task', 'scheduled__2025-06-25T00:00:00+00:00', '--job-id', '226', '--raw', '--subdir', 'DAGS_FOLDER/dag_generator.py', '--cfg-path', '/tmp/tmpm2vns_q_']
[2025-08-01T08:04:54.719+0000] {standard_task_runner.py:91} INFO - Job 226: Subtask load_data_task
[2025-08-01T08:04:54.759+0000] {task_command.py:426} INFO - Running <TaskInstance: dag_bbbbbbb3.load_data_task scheduled__2025-06-25T00:00:00+00:00 [running]> on host 14614e29d246
[2025-08-01T08:04:54.841+0000] {taskinstance.py:2648} INFO - Exporting env vars: AIRFLOW_CTX_DAG_OWNER='***' AIRFLOW_CTX_DAG_ID='dag_bbbbbbb3' AIRFLOW_CTX_TASK_ID='load_data_task' AIRFLOW_CTX_EXECUTION_DATE='2025-06-25T00:00:00+00:00' AIRFLOW_CTX_TRY_NUMBER='1' AIRFLOW_CTX_DAG_RUN_ID='scheduled__2025-06-25T00:00:00+00:00'
[2025-08-01T08:04:54.843+0000] {taskinstance.py:430} INFO - ::endgroup::
[2025-08-01T08:04:54.858+0000] {__init__.py:157} INFO - 執行 load_data (資料匯入層)
[2025-08-01T08:04:54.859+0000] {__init__.py:34} INFO - _get_upstream_output_path 上游任務: {'transform_data_task'}
[2025-08-01T08:04:54.859+0000] {__init__.py:50} INFO - 任務 'load_data_task' 從單一上游 'transform_data_task' 拉取資料
[2025-08-01T08:04:54.868+0000] {__init__.py:52} INFO - 拉取到的 redis_key: ***_data:dag_bbbbbbb3.transform_data_task
[2025-08-01T08:04:54.868+0000] {__init__.py:170} INFO - 從 Redis 讀取資料，key=***_data:dag_bbbbbbb3.transform_data_task
[2025-08-01T08:04:54.870+0000] {__init__.py:180} INFO - 呼叫演算法 'test_csv' 來自模組 'processor.load.saveCSV'
[2025-08-01T08:04:54.894+0000] {logging_mixin.py:188} INFO - Saved output CSV to: /opt/***/data/output/3f2a4b93-b237-4545-bd50-5004d863567c.csv
[2025-08-01T08:04:54.895+0000] {__init__.py:186} INFO - 刪除上游 Redis key: ***_data:dag_bbbbbbb3.transform_data_task
[2025-08-01T08:04:54.895+0000] {python.py:237} INFO - Done. Returned value was: None
[2025-08-01T08:04:54.895+0000] {taskinstance.py:441} INFO - ::group::Post task execution logs
[2025-08-01T08:04:54.901+0000] {taskinstance.py:1206} INFO - Marking task as SUCCESS. dag_id=dag_bbbbbbb3, task_id=load_data_task, run_id=scheduled__2025-06-25T00:00:00+00:00, execution_date=20250625T000000, start_date=20250801T080454, end_date=20250801T080454
[2025-08-01T08:04:54.931+0000] {local_task_job_runner.py:240} INFO - Task exited with return code 0
[2025-08-01T08:04:54.953+0000] {taskinstance.py:3503} INFO - 0 downstream tasks scheduled from follow-on schedule check
[2025-08-01T08:04:54.956+0000] {local_task_job_runner.py:222} INFO - ::endgroup::
