[2025-08-03T06:54:44.802+0000] {local_task_job_runner.py:120} INFO - ::group::Pre task execution logs
[2025-08-03T06:54:44.827+0000] {taskinstance.py:2076} INFO - Dependencies all met for dep_context=non-requeueable deps ti=<TaskInstance: dag_bccwwwww.load_data_task scheduled__2025-06-25T00:00:00+00:00 [queued]>
[2025-08-03T06:54:44.832+0000] {taskinstance.py:2076} INFO - Dependencies all met for dep_context=requeueable deps ti=<TaskInstance: dag_bccwwwww.load_data_task scheduled__2025-06-25T00:00:00+00:00 [queued]>
[2025-08-03T06:54:44.832+0000] {taskinstance.py:2306} INFO - Starting attempt 1 of 1
[2025-08-03T06:54:44.842+0000] {taskinstance.py:2330} INFO - Executing <Task(PythonOperator): load_data_task> on 2025-06-25 00:00:00+00:00
[2025-08-03T06:54:44.847+0000] {logging_mixin.py:188} WARNING - /home/***/.local/lib/python3.12/site-packages/***/task/task_runner/standard_task_runner.py:61 DeprecationWarning: This process (pid=1223) is multi-threaded, use of fork() may lead to deadlocks in the child.
[2025-08-03T06:54:44.848+0000] {standard_task_runner.py:63} INFO - Started process 1229 to run task
[2025-08-03T06:54:44.848+0000] {standard_task_runner.py:90} INFO - Running: ['***', 'tasks', 'run', 'dag_bccwwwww', 'load_data_task', 'scheduled__2025-06-25T00:00:00+00:00', '--job-id', '31', '--raw', '--subdir', 'DAGS_FOLDER/dag_generator.py', '--cfg-path', '/tmp/tmp6bi6bzo0']
[2025-08-03T06:54:44.849+0000] {standard_task_runner.py:91} INFO - Job 31: Subtask load_data_task
[2025-08-03T06:54:45.002+0000] {task_command.py:426} INFO - Running <TaskInstance: dag_bccwwwww.load_data_task scheduled__2025-06-25T00:00:00+00:00 [running]> on host 19828dfd2b76
[2025-08-03T06:54:45.057+0000] {taskinstance.py:2648} INFO - Exporting env vars: AIRFLOW_CTX_DAG_OWNER='***' AIRFLOW_CTX_DAG_ID='dag_bccwwwww' AIRFLOW_CTX_TASK_ID='load_data_task' AIRFLOW_CTX_EXECUTION_DATE='2025-06-25T00:00:00+00:00' AIRFLOW_CTX_TRY_NUMBER='1' AIRFLOW_CTX_DAG_RUN_ID='scheduled__2025-06-25T00:00:00+00:00'
[2025-08-03T06:54:45.058+0000] {taskinstance.py:430} INFO - ::endgroup::
[2025-08-03T06:54:45.067+0000] {__init__.py:157} INFO - 執行 load_data (資料匯入層)
[2025-08-03T06:54:45.067+0000] {__init__.py:34} INFO - _get_upstream_output_path 上游任務: {'transform_data_task'}
[2025-08-03T06:54:45.067+0000] {__init__.py:50} INFO - 任務 'load_data_task' 從單一上游 'transform_data_task' 拉取資料
[2025-08-03T06:54:45.076+0000] {__init__.py:52} INFO - 拉取到的 redis_key: ***_data:dag_bccwwwww.transform_data_task
[2025-08-03T06:54:45.077+0000] {__init__.py:170} INFO - 從 Redis 讀取資料，key=***_data:dag_bccwwwww.transform_data_task
[2025-08-03T06:54:45.079+0000] {__init__.py:180} INFO - 呼叫演算法 'test_csv' 來自模組 'processor.load.saveCSV'
[2025-08-03T06:54:45.097+0000] {logging_mixin.py:188} INFO - Saved output CSV to: /opt/***/data/output/3f2a4b93-b237-4545-bd50-5004d863567c.csv
[2025-08-03T06:54:45.098+0000] {__init__.py:186} INFO - 刪除上游 Redis key: ***_data:dag_bccwwwww.transform_data_task
[2025-08-03T06:54:45.098+0000] {python.py:237} INFO - Done. Returned value was: None
[2025-08-03T06:54:45.098+0000] {taskinstance.py:441} INFO - ::group::Post task execution logs
[2025-08-03T06:54:45.103+0000] {taskinstance.py:1206} INFO - Marking task as SUCCESS. dag_id=dag_bccwwwww, task_id=load_data_task, run_id=scheduled__2025-06-25T00:00:00+00:00, execution_date=20250625T000000, start_date=20250803T065444, end_date=20250803T065445
[2025-08-03T06:54:45.141+0000] {local_task_job_runner.py:240} INFO - Task exited with return code 0
[2025-08-03T06:54:45.272+0000] {taskinstance.py:3503} INFO - 0 downstream tasks scheduled from follow-on schedule check
[2025-08-03T06:54:45.277+0000] {local_task_job_runner.py:222} INFO - ::endgroup::
[2025-08-03T07:03:24.998+0000] {local_task_job_runner.py:120} INFO - ::group::Pre task execution logs
[2025-08-03T07:03:25.020+0000] {taskinstance.py:2076} INFO - Dependencies all met for dep_context=non-requeueable deps ti=<TaskInstance: dag_bccwwwww.load_data_task scheduled__2025-06-25T00:00:00+00:00 [queued]>
[2025-08-03T07:03:25.024+0000] {taskinstance.py:2076} INFO - Dependencies all met for dep_context=requeueable deps ti=<TaskInstance: dag_bccwwwww.load_data_task scheduled__2025-06-25T00:00:00+00:00 [queued]>
[2025-08-03T07:03:25.024+0000] {taskinstance.py:2306} INFO - Starting attempt 1 of 1
[2025-08-03T07:03:25.031+0000] {taskinstance.py:2330} INFO - Executing <Task(PythonOperator): load_data_task> on 2025-06-25 00:00:00+00:00
[2025-08-03T07:03:25.037+0000] {logging_mixin.py:188} WARNING - /home/***/.local/lib/python3.12/site-packages/***/task/task_runner/standard_task_runner.py:61 DeprecationWarning: This process (pid=1893) is multi-threaded, use of fork() may lead to deadlocks in the child.
[2025-08-03T07:03:25.037+0000] {standard_task_runner.py:63} INFO - Started process 1895 to run task
[2025-08-03T07:03:25.037+0000] {standard_task_runner.py:90} INFO - Running: ['***', 'tasks', 'run', 'dag_bccwwwww', 'load_data_task', 'scheduled__2025-06-25T00:00:00+00:00', '--job-id', '48', '--raw', '--subdir', 'DAGS_FOLDER/dag_generator.py', '--cfg-path', '/tmp/tmpx2t5dc3e']
[2025-08-03T07:03:25.039+0000] {standard_task_runner.py:91} INFO - Job 48: Subtask load_data_task
[2025-08-03T07:03:25.197+0000] {task_command.py:426} INFO - Running <TaskInstance: dag_bccwwwww.load_data_task scheduled__2025-06-25T00:00:00+00:00 [running]> on host 19828dfd2b76
[2025-08-03T07:03:25.271+0000] {taskinstance.py:2648} INFO - Exporting env vars: AIRFLOW_CTX_DAG_OWNER='***' AIRFLOW_CTX_DAG_ID='dag_bccwwwww' AIRFLOW_CTX_TASK_ID='load_data_task' AIRFLOW_CTX_EXECUTION_DATE='2025-06-25T00:00:00+00:00' AIRFLOW_CTX_TRY_NUMBER='1' AIRFLOW_CTX_DAG_RUN_ID='scheduled__2025-06-25T00:00:00+00:00'
[2025-08-03T07:03:25.272+0000] {taskinstance.py:430} INFO - ::endgroup::
[2025-08-03T07:03:25.283+0000] {__init__.py:157} INFO - 執行 load_data (資料匯入層)
[2025-08-03T07:03:25.283+0000] {__init__.py:34} INFO - _get_upstream_output_path 上游任務: {'transform_data_task'}
[2025-08-03T07:03:25.283+0000] {__init__.py:50} INFO - 任務 'load_data_task' 從單一上游 'transform_data_task' 拉取資料
[2025-08-03T07:03:25.289+0000] {__init__.py:52} INFO - 拉取到的 redis_key: ***_data:dag_bccwwwww.transform_data_task
[2025-08-03T07:03:25.289+0000] {__init__.py:170} INFO - 從 Redis 讀取資料，key=***_data:dag_bccwwwww.transform_data_task
[2025-08-03T07:03:25.290+0000] {__init__.py:180} INFO - 呼叫演算法 'test_csv' 來自模組 'processor.load.saveCSV'
[2025-08-03T07:03:25.307+0000] {logging_mixin.py:188} INFO - Saved output CSV to: /opt/***/data/output/3f2a4b93-b237-4545-bd50-5004d863567c.csv
[2025-08-03T07:03:25.307+0000] {__init__.py:186} INFO - 刪除上游 Redis key: ***_data:dag_bccwwwww.transform_data_task
[2025-08-03T07:03:25.307+0000] {python.py:237} INFO - Done. Returned value was: None
[2025-08-03T07:03:25.308+0000] {taskinstance.py:441} INFO - ::group::Post task execution logs
[2025-08-03T07:03:25.313+0000] {taskinstance.py:1206} INFO - Marking task as SUCCESS. dag_id=dag_bccwwwww, task_id=load_data_task, run_id=scheduled__2025-06-25T00:00:00+00:00, execution_date=20250625T000000, start_date=20250803T070325, end_date=20250803T070325
[2025-08-03T07:03:25.330+0000] {local_task_job_runner.py:240} INFO - Task exited with return code 0
[2025-08-03T07:03:25.349+0000] {taskinstance.py:3503} INFO - 0 downstream tasks scheduled from follow-on schedule check
[2025-08-03T07:03:25.351+0000] {local_task_job_runner.py:222} INFO - ::endgroup::
[2025-08-03T07:04:25.215+0000] {local_task_job_runner.py:120} INFO - ::group::Pre task execution logs
[2025-08-03T07:04:25.252+0000] {taskinstance.py:2076} INFO - Dependencies all met for dep_context=non-requeueable deps ti=<TaskInstance: dag_bccwwwww.load_data_task scheduled__2025-06-25T00:00:00+00:00 [queued]>
[2025-08-03T07:04:25.259+0000] {taskinstance.py:2076} INFO - Dependencies all met for dep_context=requeueable deps ti=<TaskInstance: dag_bccwwwww.load_data_task scheduled__2025-06-25T00:00:00+00:00 [queued]>
[2025-08-03T07:04:25.260+0000] {taskinstance.py:2306} INFO - Starting attempt 1 of 1
[2025-08-03T07:04:25.270+0000] {taskinstance.py:2330} INFO - Executing <Task(PythonOperator): load_data_task> on 2025-06-25 00:00:00+00:00
[2025-08-03T07:04:25.279+0000] {logging_mixin.py:188} WARNING - /home/***/.local/lib/python3.12/site-packages/***/task/task_runner/standard_task_runner.py:61 DeprecationWarning: This process (pid=1986) is multi-threaded, use of fork() may lead to deadlocks in the child.
[2025-08-03T07:04:25.279+0000] {standard_task_runner.py:63} INFO - Started process 1988 to run task
[2025-08-03T07:04:25.279+0000] {standard_task_runner.py:90} INFO - Running: ['***', 'tasks', 'run', 'dag_bccwwwww', 'load_data_task', 'scheduled__2025-06-25T00:00:00+00:00', '--job-id', '52', '--raw', '--subdir', 'DAGS_FOLDER/dag_generator.py', '--cfg-path', '/tmp/tmpbclwxoxg']
[2025-08-03T07:04:25.282+0000] {standard_task_runner.py:91} INFO - Job 52: Subtask load_data_task
[2025-08-03T07:04:25.447+0000] {task_command.py:426} INFO - Running <TaskInstance: dag_bccwwwww.load_data_task scheduled__2025-06-25T00:00:00+00:00 [running]> on host 19828dfd2b76
[2025-08-03T07:04:25.528+0000] {taskinstance.py:2648} INFO - Exporting env vars: AIRFLOW_CTX_DAG_OWNER='***' AIRFLOW_CTX_DAG_ID='dag_bccwwwww' AIRFLOW_CTX_TASK_ID='load_data_task' AIRFLOW_CTX_EXECUTION_DATE='2025-06-25T00:00:00+00:00' AIRFLOW_CTX_TRY_NUMBER='1' AIRFLOW_CTX_DAG_RUN_ID='scheduled__2025-06-25T00:00:00+00:00'
[2025-08-03T07:04:25.529+0000] {taskinstance.py:430} INFO - ::endgroup::
[2025-08-03T07:04:25.540+0000] {__init__.py:157} INFO - 執行 load_data (資料匯入層)
[2025-08-03T07:04:25.541+0000] {__init__.py:34} INFO - _get_upstream_output_path 上游任務: {'transform_data_task'}
[2025-08-03T07:04:25.541+0000] {__init__.py:50} INFO - 任務 'load_data_task' 從單一上游 'transform_data_task' 拉取資料
[2025-08-03T07:04:25.550+0000] {__init__.py:52} INFO - 拉取到的 redis_key: ***_data:dag_bccwwwww.transform_data_task
[2025-08-03T07:04:25.551+0000] {__init__.py:170} INFO - 從 Redis 讀取資料，key=***_data:dag_bccwwwww.transform_data_task
[2025-08-03T07:04:25.554+0000] {__init__.py:180} INFO - 呼叫演算法 'test_csv' 來自模組 'processor.load.saveCSV'
[2025-08-03T07:04:25.581+0000] {logging_mixin.py:188} INFO - Saved output CSV to: /opt/***/data/output/3f2a4b93-b237-4545-bd50-5004d863567c.csv
[2025-08-03T07:04:25.581+0000] {__init__.py:186} INFO - 刪除上游 Redis key: ***_data:dag_bccwwwww.transform_data_task
[2025-08-03T07:04:25.581+0000] {python.py:237} INFO - Done. Returned value was: None
[2025-08-03T07:04:25.581+0000] {taskinstance.py:441} INFO - ::group::Post task execution logs
[2025-08-03T07:04:25.590+0000] {taskinstance.py:1206} INFO - Marking task as SUCCESS. dag_id=dag_bccwwwww, task_id=load_data_task, run_id=scheduled__2025-06-25T00:00:00+00:00, execution_date=20250625T000000, start_date=20250803T070425, end_date=20250803T070425
[2025-08-03T07:04:25.654+0000] {local_task_job_runner.py:240} INFO - Task exited with return code 0
[2025-08-03T07:04:25.678+0000] {taskinstance.py:3503} INFO - 0 downstream tasks scheduled from follow-on schedule check
[2025-08-03T07:04:25.681+0000] {local_task_job_runner.py:222} INFO - ::endgroup::
