[2025-07-31T02:19:33.422+0000] {local_task_job_runner.py:120} INFO - ::group::Pre task execution logs
[2025-07-31T02:19:33.525+0000] {taskinstance.py:2076} INFO - Dependencies all met for dep_context=non-requeueable deps ti=<TaskInstance: dag_99999dddwww6ffsfsg.load_data_task scheduled__2025-06-25T00:00:00+00:00 [queued]>
[2025-07-31T02:19:33.530+0000] {taskinstance.py:2076} INFO - Dependencies all met for dep_context=requeueable deps ti=<TaskInstance: dag_99999dddwww6ffsfsg.load_data_task scheduled__2025-06-25T00:00:00+00:00 [queued]>
[2025-07-31T02:19:33.530+0000] {taskinstance.py:2306} INFO - Starting attempt 1 of 1
[2025-07-31T02:19:33.538+0000] {taskinstance.py:2330} INFO - Executing <Task(PythonOperator): load_data_task> on 2025-06-25 00:00:00+00:00
[2025-07-31T02:19:33.543+0000] {logging_mixin.py:188} WARNING - /home/***/.local/lib/python3.12/site-packages/***/task/task_runner/standard_task_runner.py:61 DeprecationWarning: This process (pid=8231) is multi-threaded, use of fork() may lead to deadlocks in the child.
[2025-07-31T02:19:33.544+0000] {standard_task_runner.py:63} INFO - Started process 8233 to run task
[2025-07-31T02:19:33.544+0000] {standard_task_runner.py:90} INFO - Running: ['***', 'tasks', 'run', 'dag_99999dddwww6ffsfsg', 'load_data_task', 'scheduled__2025-06-25T00:00:00+00:00', '--job-id', '151', '--raw', '--subdir', 'DAGS_FOLDER/dag_generator_python.py', '--cfg-path', '/tmp/tmpv5wpmenb']
[2025-07-31T02:19:33.545+0000] {standard_task_runner.py:91} INFO - Job 151: Subtask load_data_task
[2025-07-31T02:19:33.577+0000] {task_command.py:426} INFO - Running <TaskInstance: dag_99999dddwww6ffsfsg.load_data_task scheduled__2025-06-25T00:00:00+00:00 [running]> on host 14614e29d246
[2025-07-31T02:19:33.630+0000] {taskinstance.py:2648} INFO - Exporting env vars: AIRFLOW_CTX_DAG_OWNER='***' AIRFLOW_CTX_DAG_ID='dag_99999dddwww6ffsfsg' AIRFLOW_CTX_TASK_ID='load_data_task' AIRFLOW_CTX_EXECUTION_DATE='2025-06-25T00:00:00+00:00' AIRFLOW_CTX_TRY_NUMBER='1' AIRFLOW_CTX_DAG_RUN_ID='scheduled__2025-06-25T00:00:00+00:00'
[2025-07-31T02:19:33.631+0000] {taskinstance.py:430} INFO - ::endgroup::
[2025-07-31T02:19:33.641+0000] {__init__.py:157} INFO - 執行 load_data (資料匯入層)
[2025-07-31T02:19:33.641+0000] {__init__.py:34} INFO - _get_upstream_output_path 上游任務: {'transform_data_task'}
[2025-07-31T02:19:33.641+0000] {__init__.py:50} INFO - 任務 'load_data_task' 從單一上游 'transform_data_task' 拉取資料
[2025-07-31T02:19:33.648+0000] {__init__.py:52} INFO - 拉取到的 redis_key: ***_data:dag_99999dddwww6ffsfsg.transform_data_task
[2025-07-31T02:19:33.649+0000] {__init__.py:170} INFO - 從 Redis 讀取資料，key=***_data:dag_99999dddwww6ffsfsg.transform_data_task
[2025-07-31T02:19:33.650+0000] {__init__.py:180} INFO - 呼叫演算法 'test_csv' 來自模組 'processor.load.saveNP'
[2025-07-31T02:19:33.651+0000] {logging_mixin.py:188} INFO - Saved output CSV to: /opt/***/data/output/qwewqeqwewqewqe.npy
[2025-07-31T02:19:33.651+0000] {__init__.py:186} INFO - 刪除上游 Redis key: ***_data:dag_99999dddwww6ffsfsg.transform_data_task
[2025-07-31T02:19:33.651+0000] {python.py:237} INFO - Done. Returned value was: None
[2025-07-31T02:19:33.651+0000] {taskinstance.py:441} INFO - ::group::Post task execution logs
[2025-07-31T02:19:33.658+0000] {taskinstance.py:1206} INFO - Marking task as SUCCESS. dag_id=dag_99999dddwww6ffsfsg, task_id=load_data_task, run_id=scheduled__2025-06-25T00:00:00+00:00, execution_date=20250625T000000, start_date=20250731T021933, end_date=20250731T021933
[2025-07-31T02:19:33.676+0000] {local_task_job_runner.py:240} INFO - Task exited with return code 0
[2025-07-31T02:19:33.688+0000] {taskinstance.py:3503} INFO - 0 downstream tasks scheduled from follow-on schedule check
[2025-07-31T02:19:33.690+0000] {local_task_job_runner.py:222} INFO - ::endgroup::
