[2025-07-31T01:51:30.122+0000] {local_task_job_runner.py:120} INFO - ::group::Pre task execution logs
[2025-07-31T01:51:30.221+0000] {taskinstance.py:2076} INFO - Dependencies all met for dep_context=non-requeueable deps ti=<TaskInstance: dag_zzzzzzzzaaaaaaaaaaaa.extract_data_task scheduled__2025-06-25T00:00:00+00:00 [queued]>
[2025-07-31T01:51:30.226+0000] {taskinstance.py:2076} INFO - Dependencies all met for dep_context=requeueable deps ti=<TaskInstance: dag_zzzzzzzzaaaaaaaaaaaa.extract_data_task scheduled__2025-06-25T00:00:00+00:00 [queued]>
[2025-07-31T01:51:30.226+0000] {taskinstance.py:2306} INFO - Starting attempt 1 of 1
[2025-07-31T01:51:30.236+0000] {taskinstance.py:2330} INFO - Executing <Task(PythonOperator): extract_data_task> on 2025-06-25 00:00:00+00:00
[2025-07-31T01:51:30.241+0000] {logging_mixin.py:188} WARNING - /home/***/.local/lib/python3.12/site-packages/***/task/task_runner/standard_task_runner.py:61 DeprecationWarning: This process (pid=6461) is multi-threaded, use of fork() may lead to deadlocks in the child.
[2025-07-31T01:51:30.242+0000] {standard_task_runner.py:63} INFO - Started process 6463 to run task
[2025-07-31T01:51:30.242+0000] {standard_task_runner.py:90} INFO - Running: ['***', 'tasks', 'run', 'dag_zzzzzzzzaaaaaaaaaaaa', 'extract_data_task', 'scheduled__2025-06-25T00:00:00+00:00', '--job-id', '120', '--raw', '--subdir', 'DAGS_FOLDER/dag_generator_python.py', '--cfg-path', '/tmp/tmpwcp5b9g_']
[2025-07-31T01:51:30.244+0000] {standard_task_runner.py:91} INFO - Job 120: Subtask extract_data_task
[2025-07-31T01:51:30.308+0000] {task_command.py:426} INFO - Running <TaskInstance: dag_zzzzzzzzaaaaaaaaaaaa.extract_data_task scheduled__2025-06-25T00:00:00+00:00 [running]> on host 14614e29d246
[2025-07-31T01:51:30.395+0000] {taskinstance.py:2648} INFO - Exporting env vars: AIRFLOW_CTX_DAG_OWNER='***' AIRFLOW_CTX_DAG_ID='dag_zzzzzzzzaaaaaaaaaaaa' AIRFLOW_CTX_TASK_ID='extract_data_task' AIRFLOW_CTX_EXECUTION_DATE='2025-06-25T00:00:00+00:00' AIRFLOW_CTX_TRY_NUMBER='1' AIRFLOW_CTX_DAG_RUN_ID='scheduled__2025-06-25T00:00:00+00:00'
[2025-07-31T01:51:30.397+0000] {taskinstance.py:430} INFO - ::endgroup::
[2025-07-31T01:51:30.411+0000] {__init__.py:57} INFO - 執行 extract_data (資料載入層)
[2025-07-31T01:51:30.412+0000] {__init__.py:61} INFO - 呼叫演算法 'test_csv' 來自模組 'processor.extract.readNP'
[2025-07-31T01:51:30.412+0000] {logging_mixin.py:188} INFO - test.npy
[2025-07-31T01:51:30.413+0000] {__init__.py:65} INFO - 資料是 numpy.ndarray
[2025-07-31T01:51:30.414+0000] {__init__.py:82} INFO - 資料已存入 Redis，key=***_data:dag_zzzzzzzzaaaaaaaaaaaa.extract_data_task
[2025-07-31T01:51:30.427+0000] {python.py:237} INFO - Done. Returned value was: None
[2025-07-31T01:51:30.428+0000] {taskinstance.py:441} INFO - ::group::Post task execution logs
[2025-07-31T01:51:30.444+0000] {taskinstance.py:1206} INFO - Marking task as SUCCESS. dag_id=dag_zzzzzzzzaaaaaaaaaaaa, task_id=extract_data_task, run_id=scheduled__2025-06-25T00:00:00+00:00, execution_date=20250625T000000, start_date=20250731T015130, end_date=20250731T015130
[2025-07-31T01:51:30.495+0000] {local_task_job_runner.py:240} INFO - Task exited with return code 0
[2025-07-31T01:51:30.538+0000] {taskinstance.py:3503} INFO - 1 downstream tasks scheduled from follow-on schedule check
[2025-07-31T01:51:30.539+0000] {local_task_job_runner.py:222} INFO - ::endgroup::
