[2025-07-30T13:13:50.520+0000] {local_task_job_runner.py:120} INFO - ::group::Pre task execution logs
[2025-07-30T13:13:50.637+0000] {taskinstance.py:2076} INFO - Dependencies all met for dep_context=non-requeueable deps ti=<TaskInstance: dag_cccccaaaaaabbbb.transform_data_task scheduled__2025-06-25T00:00:00+00:00 [queued]>
[2025-07-30T13:13:50.642+0000] {taskinstance.py:2076} INFO - Dependencies all met for dep_context=requeueable deps ti=<TaskInstance: dag_cccccaaaaaabbbb.transform_data_task scheduled__2025-06-25T00:00:00+00:00 [queued]>
[2025-07-30T13:13:50.643+0000] {taskinstance.py:2306} INFO - Starting attempt 1 of 1
[2025-07-30T13:13:50.654+0000] {taskinstance.py:2330} INFO - Executing <Task(PythonOperator): transform_data_task> on 2025-06-25 00:00:00+00:00
[2025-07-30T13:13:50.660+0000] {logging_mixin.py:188} WARNING - /home/***/.local/lib/python3.12/site-packages/***/task/task_runner/standard_task_runner.py:61 DeprecationWarning: This process (pid=4375) is multi-threaded, use of fork() may lead to deadlocks in the child.
[2025-07-30T13:13:50.660+0000] {standard_task_runner.py:63} INFO - Started process 4377 to run task
[2025-07-30T13:13:50.660+0000] {standard_task_runner.py:90} INFO - Running: ['***', 'tasks', 'run', 'dag_cccccaaaaaabbbb', 'transform_data_task', 'scheduled__2025-06-25T00:00:00+00:00', '--job-id', '60', '--raw', '--subdir', 'DAGS_FOLDER/dag_generator_python.py', '--cfg-path', '/tmp/tmprudkaiu1']
[2025-07-30T13:13:50.662+0000] {standard_task_runner.py:91} INFO - Job 60: Subtask transform_data_task
[2025-07-30T13:13:50.711+0000] {task_command.py:426} INFO - Running <TaskInstance: dag_cccccaaaaaabbbb.transform_data_task scheduled__2025-06-25T00:00:00+00:00 [running]> on host 14614e29d246
[2025-07-30T13:13:50.793+0000] {taskinstance.py:2648} INFO - Exporting env vars: AIRFLOW_CTX_DAG_OWNER='***' AIRFLOW_CTX_DAG_ID='dag_cccccaaaaaabbbb' AIRFLOW_CTX_TASK_ID='transform_data_task' AIRFLOW_CTX_EXECUTION_DATE='2025-06-25T00:00:00+00:00' AIRFLOW_CTX_TRY_NUMBER='1' AIRFLOW_CTX_DAG_RUN_ID='scheduled__2025-06-25T00:00:00+00:00'
[2025-07-30T13:13:50.794+0000] {taskinstance.py:430} INFO - ::endgroup::
[2025-07-30T13:13:50.808+0000] {__init__.py:111} INFO - 執行 transform_data (資料轉換層)
[2025-07-30T13:13:50.808+0000] {__init__.py:42} INFO - _get_upstream_output_path 上游任務: {'extract_data_task', 'extract_data_task2222'}
[2025-07-30T13:13:50.823+0000] {__init__.py:64} INFO - 多上游任務拉到的 XCom 清單: ['***_data:dag_cccccaaaaaabbbb.extract_data_task', '***_data:dag_cccccaaaaaabbbb.extract_data_task2222']
[2025-07-30T13:13:50.823+0000] {logging_mixin.py:188} INFO - 1111111111111111111111111111111
[2025-07-30T13:13:50.824+0000] {__init__.py:122} WARNING - 多個上游 redis_key，暫用第一筆 ***_data:dag_cccccaaaaaabbbb.extract_data_task
[2025-07-30T13:13:50.824+0000] {__init__.py:129} INFO - 從 Redis key 讀取資料: ***_data:dag_cccccaaaaaabbbb.extract_data_task
[2025-07-30T13:13:50.827+0000] {__init__.py:141} INFO - 呼叫演算法 'aggregate_product_data' 來自模組 'processor.transform.algos_1'
[2025-07-30T13:13:50.860+0000] {__init__.py:156} INFO - 轉換後資料已存入 Redis，key=***_data:dag_cccccaaaaaabbbb.transform_data_task
[2025-07-30T13:13:50.873+0000] {python.py:237} INFO - Done. Returned value was: None
[2025-07-30T13:13:50.874+0000] {taskinstance.py:441} INFO - ::group::Post task execution logs
[2025-07-30T13:13:50.884+0000] {taskinstance.py:1206} INFO - Marking task as SUCCESS. dag_id=dag_cccccaaaaaabbbb, task_id=transform_data_task, run_id=scheduled__2025-06-25T00:00:00+00:00, execution_date=20250625T000000, start_date=20250730T131350, end_date=20250730T131350
[2025-07-30T13:13:50.914+0000] {local_task_job_runner.py:240} INFO - Task exited with return code 0
[2025-07-30T13:13:50.940+0000] {taskinstance.py:3503} INFO - 1 downstream tasks scheduled from follow-on schedule check
[2025-07-30T13:13:50.943+0000] {local_task_job_runner.py:222} INFO - ::endgroup::
