[2025-07-29T02:57:32.000+0000] {local_task_job_runner.py:120} INFO - ::group::Pre task execution logs
[2025-07-29T02:57:32.018+0000] {taskinstance.py:2076} INFO - Dependencies all met for dep_context=non-requeueable deps ti=<TaskInstance: dag_ccccccccc.transform_data_task scheduled__2025-06-25T00:00:00+00:00 [queued]>
[2025-07-29T02:57:32.022+0000] {taskinstance.py:2076} INFO - Dependencies all met for dep_context=requeueable deps ti=<TaskInstance: dag_ccccccccc.transform_data_task scheduled__2025-06-25T00:00:00+00:00 [queued]>
[2025-07-29T02:57:32.022+0000] {taskinstance.py:2306} INFO - Starting attempt 1 of 1
[2025-07-29T02:57:32.030+0000] {taskinstance.py:2330} INFO - Executing <Task(PythonOperator): transform_data_task> on 2025-06-25 00:00:00+00:00
[2025-07-29T02:57:32.036+0000] {logging_mixin.py:188} WARNING - /home/***/.local/lib/python3.12/site-packages/***/task/task_runner/standard_task_runner.py:61 DeprecationWarning: This process (pid=6633) is multi-threaded, use of fork() may lead to deadlocks in the child.
[2025-07-29T02:57:32.037+0000] {standard_task_runner.py:63} INFO - Started process 6642 to run task
[2025-07-29T02:57:32.037+0000] {standard_task_runner.py:90} INFO - Running: ['***', 'tasks', 'run', 'dag_ccccccccc', 'transform_data_task', 'scheduled__2025-06-25T00:00:00+00:00', '--job-id', '15', '--raw', '--subdir', 'DAGS_FOLDER/dag_generator_python.py', '--cfg-path', '/tmp/tmpygd8p3zn']
[2025-07-29T02:57:32.039+0000] {standard_task_runner.py:91} INFO - Job 15: Subtask transform_data_task
[2025-07-29T02:57:32.176+0000] {task_command.py:426} INFO - Running <TaskInstance: dag_ccccccccc.transform_data_task scheduled__2025-06-25T00:00:00+00:00 [running]> on host ee0266895495
[2025-07-29T02:57:32.828+0000] {taskinstance.py:2648} INFO - Exporting env vars: AIRFLOW_CTX_DAG_OWNER='***' AIRFLOW_CTX_DAG_ID='dag_ccccccccc' AIRFLOW_CTX_TASK_ID='transform_data_task' AIRFLOW_CTX_EXECUTION_DATE='2025-06-25T00:00:00+00:00' AIRFLOW_CTX_TRY_NUMBER='1' AIRFLOW_CTX_DAG_RUN_ID='scheduled__2025-06-25T00:00:00+00:00'
[2025-07-29T02:57:32.828+0000] {taskinstance.py:430} INFO - ::endgroup::
[2025-07-29T02:57:32.835+0000] {logging_mixin.py:188} INFO - 測試轉換層
[2025-07-29T02:57:32.835+0000] {logging_mixin.py:188} INFO - Fetching data from Redis key: ***_data:dag_ccccccccc
[2025-07-29T02:57:32.836+0000] {logging_mixin.py:188} INFO - Applying algorithm 'aggregate_product_data' from module 'processor.transform.algos_1'
[2025-07-29T02:57:32.857+0000] {logging_mixin.py:188} INFO - Transformed data stored back to Redis with key: ***_data:dag_ccccccccc
[2025-07-29T02:57:32.867+0000] {python.py:237} INFO - Done. Returned value was: None
[2025-07-29T02:57:32.867+0000] {taskinstance.py:441} INFO - ::group::Post task execution logs
[2025-07-29T02:57:32.874+0000] {taskinstance.py:1206} INFO - Marking task as SUCCESS. dag_id=dag_ccccccccc, task_id=transform_data_task, run_id=scheduled__2025-06-25T00:00:00+00:00, execution_date=20250625T000000, start_date=20250729T025732, end_date=20250729T025732
[2025-07-29T02:57:32.925+0000] {local_task_job_runner.py:240} INFO - Task exited with return code 0
[2025-07-29T02:57:33.039+0000] {taskinstance.py:3503} INFO - 1 downstream tasks scheduled from follow-on schedule check
[2025-07-29T02:57:33.042+0000] {local_task_job_runner.py:222} INFO - ::endgroup::
