[2025-07-28T14:01:38.805+0000] {local_task_job_runner.py:120} INFO - ::group::Pre task execution logs
[2025-07-28T14:01:39.045+0000] {taskinstance.py:2076} INFO - Dependencies all met for dep_context=non-requeueable deps ti=<TaskInstance: dag_qeeeeeeeeeqq.load_data_task scheduled__2025-06-25T00:00:00+00:00 [queued]>
[2025-07-28T14:01:39.054+0000] {taskinstance.py:2076} INFO - Dependencies all met for dep_context=requeueable deps ti=<TaskInstance: dag_qeeeeeeeeeqq.load_data_task scheduled__2025-06-25T00:00:00+00:00 [queued]>
[2025-07-28T14:01:39.054+0000] {taskinstance.py:2306} INFO - Starting attempt 1 of 1
[2025-07-28T14:01:39.067+0000] {taskinstance.py:2330} INFO - Executing <Task(PythonOperator): load_data_task> on 2025-06-25 00:00:00+00:00
[2025-07-28T14:01:39.079+0000] {logging_mixin.py:188} WARNING - /home/***/.local/lib/python3.12/site-packages/***/task/task_runner/standard_task_runner.py:61 DeprecationWarning: This process (pid=8309) is multi-threaded, use of fork() may lead to deadlocks in the child.
[2025-07-28T14:01:39.080+0000] {standard_task_runner.py:63} INFO - Started process 8311 to run task
[2025-07-28T14:01:39.079+0000] {standard_task_runner.py:90} INFO - Running: ['***', 'tasks', 'run', 'dag_qeeeeeeeeeqq', 'load_data_task', 'scheduled__2025-06-25T00:00:00+00:00', '--job-id', '56', '--raw', '--subdir', 'DAGS_FOLDER/dag_generator_python.py', '--cfg-path', '/tmp/tmpny3htoee']
[2025-07-28T14:01:39.080+0000] {standard_task_runner.py:91} INFO - Job 56: Subtask load_data_task
[2025-07-28T14:01:39.123+0000] {task_command.py:426} INFO - Running <TaskInstance: dag_qeeeeeeeeeqq.load_data_task scheduled__2025-06-25T00:00:00+00:00 [running]> on host 1171f9d2ced8
[2025-07-28T14:01:39.196+0000] {taskinstance.py:2648} INFO - Exporting env vars: AIRFLOW_CTX_DAG_OWNER='***' AIRFLOW_CTX_DAG_ID='dag_qeeeeeeeeeqq' AIRFLOW_CTX_TASK_ID='load_data_task' AIRFLOW_CTX_EXECUTION_DATE='2025-06-25T00:00:00+00:00' AIRFLOW_CTX_TRY_NUMBER='1' AIRFLOW_CTX_DAG_RUN_ID='scheduled__2025-06-25T00:00:00+00:00'
[2025-07-28T14:01:39.196+0000] {taskinstance.py:430} INFO - ::endgroup::
[2025-07-28T14:01:39.206+0000] {logging_mixin.py:188} INFO - Loading data from Redis key: ***_data:dag_qeeeeeeeeeqq
[2025-07-28T14:01:39.232+0000] {logging_mixin.py:188} INFO - 666666666666666666666666666666666
[2025-07-28T14:01:39.235+0000] {logging_mixin.py:188} INFO - Saved output CSV to: /opt/***/data/output/3f2a4b93-b237-4545-bd50-5004d863567c.csv
[2025-07-28T14:01:39.236+0000] {python.py:237} INFO - Done. Returned value was: None
[2025-07-28T14:01:39.236+0000] {taskinstance.py:441} INFO - ::group::Post task execution logs
[2025-07-28T14:01:39.250+0000] {taskinstance.py:1206} INFO - Marking task as SUCCESS. dag_id=dag_qeeeeeeeeeqq, task_id=load_data_task, run_id=scheduled__2025-06-25T00:00:00+00:00, execution_date=20250625T000000, start_date=20250728T140139, end_date=20250728T140139
[2025-07-28T14:01:39.294+0000] {local_task_job_runner.py:240} INFO - Task exited with return code 0
[2025-07-28T14:01:39.325+0000] {taskinstance.py:3503} INFO - 0 downstream tasks scheduled from follow-on schedule check
[2025-07-28T14:01:39.329+0000] {local_task_job_runner.py:222} INFO - ::endgroup::
