[2025-08-01T01:11:46.896+0000] {local_task_job_runner.py:120} INFO - ::group::Pre task execution logs
[2025-08-01T01:11:47.073+0000] {taskinstance.py:2076} INFO - Dependencies all met for dep_context=non-requeueable deps ti=<TaskInstance: dag_8888.load_data_task scheduled__2025-06-25T00:00:00+00:00 [queued]>
[2025-08-01T01:11:47.088+0000] {taskinstance.py:2076} INFO - Dependencies all met for dep_context=requeueable deps ti=<TaskInstance: dag_8888.load_data_task scheduled__2025-06-25T00:00:00+00:00 [queued]>
[2025-08-01T01:11:47.089+0000] {taskinstance.py:2306} INFO - Starting attempt 1 of 1
[2025-08-01T01:11:47.105+0000] {taskinstance.py:2330} INFO - Executing <Task(PythonOperator): load_data_task> on 2025-06-25 00:00:00+00:00
[2025-08-01T01:11:47.113+0000] {logging_mixin.py:188} WARNING - /home/***/.local/lib/python3.12/site-packages/***/task/task_runner/standard_task_runner.py:61 DeprecationWarning: This process (pid=5045) is multi-threaded, use of fork() may lead to deadlocks in the child.
[2025-08-01T01:11:47.114+0000] {standard_task_runner.py:63} INFO - Started process 5047 to run task
[2025-08-01T01:11:47.114+0000] {standard_task_runner.py:90} INFO - Running: ['***', 'tasks', 'run', 'dag_8888', 'load_data_task', 'scheduled__2025-06-25T00:00:00+00:00', '--job-id', '176', '--raw', '--subdir', 'DAGS_FOLDER/dag_generator.py', '--cfg-path', '/tmp/tmpl2999dth']
[2025-08-01T01:11:47.116+0000] {standard_task_runner.py:91} INFO - Job 176: Subtask load_data_task
[2025-08-01T01:11:47.167+0000] {task_command.py:426} INFO - Running <TaskInstance: dag_8888.load_data_task scheduled__2025-06-25T00:00:00+00:00 [running]> on host 14614e29d246
[2025-08-01T01:11:47.267+0000] {taskinstance.py:2648} INFO - Exporting env vars: AIRFLOW_CTX_DAG_OWNER='***' AIRFLOW_CTX_DAG_ID='dag_8888' AIRFLOW_CTX_TASK_ID='load_data_task' AIRFLOW_CTX_EXECUTION_DATE='2025-06-25T00:00:00+00:00' AIRFLOW_CTX_TRY_NUMBER='1' AIRFLOW_CTX_DAG_RUN_ID='scheduled__2025-06-25T00:00:00+00:00'
[2025-08-01T01:11:47.268+0000] {taskinstance.py:430} INFO - ::endgroup::
[2025-08-01T01:11:47.284+0000] {__init__.py:160} INFO - 執行 load_data (資料匯入層)
[2025-08-01T01:11:47.284+0000] {__init__.py:37} INFO - _get_upstream_output_path 上游任務: {'transform_data_task'}
[2025-08-01T01:11:47.284+0000] {__init__.py:53} INFO - 任務 'load_data_task' 從單一上游 'transform_data_task' 拉取資料
[2025-08-01T01:11:47.296+0000] {__init__.py:55} INFO - 拉取到的 redis_key: ***_data:dag_8888.transform_data_task
[2025-08-01T01:11:47.296+0000] {__init__.py:173} INFO - 從 Redis 讀取資料，key=***_data:dag_8888.transform_data_task
[2025-08-01T01:11:47.299+0000] {__init__.py:183} INFO - 呼叫演算法 'test_csv' 來自模組 'processor.load.saveCSV'
[2025-08-01T01:11:47.320+0000] {logging_mixin.py:188} INFO - Saved output CSV to: /opt/***/data/output/3f2a4b93-b237-4545-bd50-5004d863567c.csv
[2025-08-01T01:11:47.321+0000] {__init__.py:189} INFO - 刪除上游 Redis key: ***_data:dag_8888.transform_data_task
[2025-08-01T01:11:47.321+0000] {python.py:237} INFO - Done. Returned value was: None
[2025-08-01T01:11:47.321+0000] {taskinstance.py:441} INFO - ::group::Post task execution logs
[2025-08-01T01:11:47.330+0000] {taskinstance.py:1206} INFO - Marking task as SUCCESS. dag_id=dag_8888, task_id=load_data_task, run_id=scheduled__2025-06-25T00:00:00+00:00, execution_date=20250625T000000, start_date=20250801T011147, end_date=20250801T011147
[2025-08-01T01:11:47.368+0000] {local_task_job_runner.py:240} INFO - Task exited with return code 0
[2025-08-01T01:11:47.381+0000] {taskinstance.py:3503} INFO - 0 downstream tasks scheduled from follow-on schedule check
[2025-08-01T01:11:47.384+0000] {local_task_job_runner.py:222} INFO - ::endgroup::
