[2025-07-31T01:36:44.395+0000] {local_task_job_runner.py:120} INFO - ::group::Pre task execution logs
[2025-07-31T01:36:44.532+0000] {taskinstance.py:2076} INFO - Dependencies all met for dep_context=non-requeueable deps ti=<TaskInstance: dag_ccccc1.extract_data_task scheduled__2025-06-25T00:00:00+00:00 [queued]>
[2025-07-31T01:36:44.540+0000] {taskinstance.py:2076} INFO - Dependencies all met for dep_context=requeueable deps ti=<TaskInstance: dag_ccccc1.extract_data_task scheduled__2025-06-25T00:00:00+00:00 [queued]>
[2025-07-31T01:36:44.540+0000] {taskinstance.py:2306} INFO - Starting attempt 1 of 1
[2025-07-31T01:36:44.553+0000] {taskinstance.py:2330} INFO - Executing <Task(PythonOperator): extract_data_task> on 2025-06-25 00:00:00+00:00
[2025-07-31T01:36:44.561+0000] {logging_mixin.py:188} WARNING - /home/***/.local/lib/python3.12/site-packages/***/task/task_runner/standard_task_runner.py:61 DeprecationWarning: This process (pid=5542) is multi-threaded, use of fork() may lead to deadlocks in the child.
[2025-07-31T01:36:44.562+0000] {standard_task_runner.py:63} INFO - Started process 5544 to run task
[2025-07-31T01:36:44.562+0000] {standard_task_runner.py:90} INFO - Running: ['***', 'tasks', 'run', 'dag_ccccc1', 'extract_data_task', 'scheduled__2025-06-25T00:00:00+00:00', '--job-id', '109', '--raw', '--subdir', 'DAGS_FOLDER/dag_generator_python.py', '--cfg-path', '/tmp/tmp22yt7mfl']
[2025-07-31T01:36:44.563+0000] {standard_task_runner.py:91} INFO - Job 109: Subtask extract_data_task
[2025-07-31T01:36:44.626+0000] {task_command.py:426} INFO - Running <TaskInstance: dag_ccccc1.extract_data_task scheduled__2025-06-25T00:00:00+00:00 [running]> on host 14614e29d246
[2025-07-31T01:36:44.768+0000] {taskinstance.py:2648} INFO - Exporting env vars: AIRFLOW_CTX_DAG_OWNER='***' AIRFLOW_CTX_DAG_ID='dag_ccccc1' AIRFLOW_CTX_TASK_ID='extract_data_task' AIRFLOW_CTX_EXECUTION_DATE='2025-06-25T00:00:00+00:00' AIRFLOW_CTX_TRY_NUMBER='1' AIRFLOW_CTX_DAG_RUN_ID='scheduled__2025-06-25T00:00:00+00:00'
[2025-07-31T01:36:44.770+0000] {taskinstance.py:430} INFO - ::endgroup::
[2025-07-31T01:36:44.784+0000] {__init__.py:56} INFO - 執行 extract_data (資料載入層)
[2025-07-31T01:36:44.784+0000] {__init__.py:60} INFO - 呼叫演算法 'test_csv' 來自模組 'processor.extract.readNP'
[2025-07-31T01:36:44.785+0000] {logging_mixin.py:188} INFO - test.npy
[2025-07-31T01:36:44.785+0000] {__init__.py:86} ERROR - extract_data 發生例外: name 'np' is not defined
[2025-07-31T01:36:44.785+0000] {taskinstance.py:441} INFO - ::group::Post task execution logs
[2025-07-31T01:36:44.786+0000] {taskinstance.py:2905} ERROR - Task failed with exception
Traceback (most recent call last):
  File "/home/airflow/.local/lib/python3.12/site-packages/airflow/models/taskinstance.py", line 465, in _execute_task
    result = _execute_callable(context=context, **execute_callable_kwargs)
             ^^^^^^^^^^^^^^^^^^^^^^^^^^^^^^^^^^^^^^^^^^^^^^^^^^^^^^^^^^^^^
  File "/home/airflow/.local/lib/python3.12/site-packages/airflow/models/taskinstance.py", line 432, in _execute_callable
    return execute_callable(context=context, **execute_callable_kwargs)
           ^^^^^^^^^^^^^^^^^^^^^^^^^^^^^^^^^^^^^^^^^^^^^^^^^^^^^^^^^^^^
  File "/home/airflow/.local/lib/python3.12/site-packages/airflow/models/baseoperator.py", line 401, in wrapper
    return func(self, *args, **kwargs)
           ^^^^^^^^^^^^^^^^^^^^^^^^^^^
  File "/home/airflow/.local/lib/python3.12/site-packages/airflow/operators/python.py", line 235, in execute
    return_value = self.execute_callable()
                   ^^^^^^^^^^^^^^^^^^^^^^^
  File "/home/airflow/.local/lib/python3.12/site-packages/airflow/operators/python.py", line 252, in execute_callable
    return self.python_callable(*self.op_args, **self.op_kwargs)
           ^^^^^^^^^^^^^^^^^^^^^^^^^^^^^^^^^^^^^^^^^^^^^^^^^^^^^
  File "/opt/airflow/dags/processor/__init__.py", line 63, in extract_data
    if isinstance(data, np.ndarray):
                        ^^
NameError: name 'np' is not defined
[2025-07-31T01:36:44.792+0000] {taskinstance.py:1206} INFO - Marking task as FAILED. dag_id=dag_ccccc1, task_id=extract_data_task, run_id=scheduled__2025-06-25T00:00:00+00:00, execution_date=20250625T000000, start_date=20250731T013644, end_date=20250731T013644
[2025-07-31T01:36:44.801+0000] {standard_task_runner.py:110} ERROR - Failed to execute job 109 for task extract_data_task (name 'np' is not defined; 5544)
[2025-07-31T01:36:44.815+0000] {local_task_job_runner.py:240} INFO - Task exited with return code 1
[2025-07-31T01:36:44.852+0000] {taskinstance.py:3503} INFO - 0 downstream tasks scheduled from follow-on schedule check
[2025-07-31T01:36:44.857+0000] {local_task_job_runner.py:222} INFO - ::endgroup::
