[2025-07-28T14:05:41.967+0000] {local_task_job_runner.py:120} INFO - ::group::Pre task execution logs
[2025-07-28T14:05:42.078+0000] {taskinstance.py:2076} INFO - Dependencies all met for dep_context=non-requeueable deps ti=<TaskInstance: dag_cccccccccccccccc.transform_data_task scheduled__2025-06-25T00:00:00+00:00 [queued]>
[2025-07-28T14:05:42.088+0000] {taskinstance.py:2076} INFO - Dependencies all met for dep_context=requeueable deps ti=<TaskInstance: dag_cccccccccccccccc.transform_data_task scheduled__2025-06-25T00:00:00+00:00 [queued]>
[2025-07-28T14:05:42.088+0000] {taskinstance.py:2306} INFO - Starting attempt 1 of 1
[2025-07-28T14:05:42.101+0000] {taskinstance.py:2330} INFO - Executing <Task(PythonOperator): transform_data_task> on 2025-06-25 00:00:00+00:00
[2025-07-28T14:05:42.109+0000] {logging_mixin.py:188} WARNING - /home/***/.local/lib/python3.12/site-packages/***/task/task_runner/standard_task_runner.py:61 DeprecationWarning: This process (pid=8597) is multi-threaded, use of fork() may lead to deadlocks in the child.
[2025-07-28T14:05:42.109+0000] {standard_task_runner.py:63} INFO - Started process 8599 to run task
[2025-07-28T14:05:42.108+0000] {standard_task_runner.py:90} INFO - Running: ['***', 'tasks', 'run', 'dag_cccccccccccccccc', 'transform_data_task', 'scheduled__2025-06-25T00:00:00+00:00', '--job-id', '63', '--raw', '--subdir', 'DAGS_FOLDER/dag_generator_python.py', '--cfg-path', '/tmp/tmptq9uxaon']
[2025-07-28T14:05:42.109+0000] {standard_task_runner.py:91} INFO - Job 63: Subtask transform_data_task
[2025-07-28T14:05:42.158+0000] {task_command.py:426} INFO - Running <TaskInstance: dag_cccccccccccccccc.transform_data_task scheduled__2025-06-25T00:00:00+00:00 [running]> on host 1171f9d2ced8
[2025-07-28T14:05:42.212+0000] {taskinstance.py:2648} INFO - Exporting env vars: AIRFLOW_CTX_DAG_OWNER='***' AIRFLOW_CTX_DAG_ID='dag_cccccccccccccccc' AIRFLOW_CTX_TASK_ID='transform_data_task' AIRFLOW_CTX_EXECUTION_DATE='2025-06-25T00:00:00+00:00' AIRFLOW_CTX_TRY_NUMBER='1' AIRFLOW_CTX_DAG_RUN_ID='scheduled__2025-06-25T00:00:00+00:00'
[2025-07-28T14:05:42.213+0000] {taskinstance.py:430} INFO - ::endgroup::
[2025-07-28T14:05:42.225+0000] {logging_mixin.py:188} INFO - Fetching data from Redis key: ***_data:dag_cccccccccccccccc
[2025-07-28T14:05:42.241+0000] {logging_mixin.py:188} INFO - Applying algorithm 'aggregate_product_data' from module 'processor.transform.algos_1'
[2025-07-28T14:05:42.248+0000] {logging_mixin.py:188} INFO - Transformed data stored back to Redis with key: ***_data:dag_cccccccccccccccc
[2025-07-28T14:05:42.257+0000] {python.py:237} INFO - Done. Returned value was: None
[2025-07-28T14:05:42.258+0000] {taskinstance.py:441} INFO - ::group::Post task execution logs
[2025-07-28T14:05:42.263+0000] {taskinstance.py:1206} INFO - Marking task as SUCCESS. dag_id=dag_cccccccccccccccc, task_id=transform_data_task, run_id=scheduled__2025-06-25T00:00:00+00:00, execution_date=20250625T000000, start_date=20250728T140542, end_date=20250728T140542
[2025-07-28T14:05:42.286+0000] {local_task_job_runner.py:240} INFO - Task exited with return code 0
[2025-07-28T14:05:42.311+0000] {taskinstance.py:3503} INFO - 1 downstream tasks scheduled from follow-on schedule check
[2025-07-28T14:05:42.314+0000] {local_task_job_runner.py:222} INFO - ::endgroup::
