[2025-08-05T05:08:34.957+0000] {processor.py:161} INFO - Started process (PID=193) to work on /opt/airflow/dags/processor/__init__.py
[2025-08-05T05:08:34.958+0000] {processor.py:830} INFO - Processing file /opt/airflow/dags/processor/__init__.py for tasks to queue
[2025-08-05T05:08:34.959+0000] {logging_mixin.py:188} INFO - [2025-08-05T05:08:34.959+0000] {dagbag.py:545} INFO - Filling up the DagBag from /opt/airflow/dags/processor/__init__.py
[2025-08-05T05:08:35.243+0000] {processor.py:842} WARNING - No viable dags retrieved from /opt/airflow/dags/processor/__init__.py
[2025-08-05T05:08:35.251+0000] {processor.py:183} INFO - Processing /opt/airflow/dags/processor/__init__.py took 0.301 seconds
[2025-08-05T05:09:05.597+0000] {processor.py:161} INFO - Started process (PID=241) to work on /opt/airflow/dags/processor/__init__.py
[2025-08-05T05:09:05.599+0000] {processor.py:830} INFO - Processing file /opt/airflow/dags/processor/__init__.py for tasks to queue
[2025-08-05T05:09:05.600+0000] {logging_mixin.py:188} INFO - [2025-08-05T05:09:05.600+0000] {dagbag.py:545} INFO - Filling up the DagBag from /opt/airflow/dags/processor/__init__.py
[2025-08-05T05:09:05.800+0000] {processor.py:842} WARNING - No viable dags retrieved from /opt/airflow/dags/processor/__init__.py
[2025-08-05T05:09:05.810+0000] {processor.py:183} INFO - Processing /opt/airflow/dags/processor/__init__.py took 0.216 seconds
[2025-08-05T05:09:36.125+0000] {processor.py:161} INFO - Started process (PID=277) to work on /opt/airflow/dags/processor/__init__.py
[2025-08-05T05:09:36.126+0000] {processor.py:830} INFO - Processing file /opt/airflow/dags/processor/__init__.py for tasks to queue
[2025-08-05T05:09:36.128+0000] {logging_mixin.py:188} INFO - [2025-08-05T05:09:36.127+0000] {dagbag.py:545} INFO - Filling up the DagBag from /opt/airflow/dags/processor/__init__.py
[2025-08-05T05:09:36.317+0000] {processor.py:842} WARNING - No viable dags retrieved from /opt/airflow/dags/processor/__init__.py
[2025-08-05T05:09:36.328+0000] {processor.py:183} INFO - Processing /opt/airflow/dags/processor/__init__.py took 0.207 seconds
[2025-08-05T05:10:06.604+0000] {processor.py:161} INFO - Started process (PID=322) to work on /opt/airflow/dags/processor/__init__.py
[2025-08-05T05:10:06.606+0000] {processor.py:830} INFO - Processing file /opt/airflow/dags/processor/__init__.py for tasks to queue
[2025-08-05T05:10:06.607+0000] {logging_mixin.py:188} INFO - [2025-08-05T05:10:06.607+0000] {dagbag.py:545} INFO - Filling up the DagBag from /opt/airflow/dags/processor/__init__.py
[2025-08-05T05:10:06.800+0000] {processor.py:842} WARNING - No viable dags retrieved from /opt/airflow/dags/processor/__init__.py
[2025-08-05T05:10:06.812+0000] {processor.py:183} INFO - Processing /opt/airflow/dags/processor/__init__.py took 0.212 seconds
