[2025-07-28T12:40:41.328+0000] {local_task_job_runner.py:120} INFO - ::group::Pre task execution logs
[2025-07-28T12:40:41.526+0000] {taskinstance.py:2076} INFO - Dependencies all met for dep_context=non-requeueable deps ti=<TaskInstance: dag_bbbbbbb.extract_data_task scheduled__2025-06-25T00:00:00+00:00 [queued]>
[2025-07-28T12:40:41.535+0000] {taskinstance.py:2076} INFO - Dependencies all met for dep_context=requeueable deps ti=<TaskInstance: dag_bbbbbbb.extract_data_task scheduled__2025-06-25T00:00:00+00:00 [queued]>
[2025-07-28T12:40:41.535+0000] {taskinstance.py:2306} INFO - Starting attempt 1 of 1
[2025-07-28T12:40:41.550+0000] {taskinstance.py:2330} INFO - Executing <Task(PythonOperator): extract_data_task> on 2025-06-25 00:00:00+00:00
[2025-07-28T12:40:41.562+0000] {logging_mixin.py:188} WARNING - /home/***/.local/lib/python3.12/site-packages/***/task/task_runner/standard_task_runner.py:61 DeprecationWarning: This process (pid=3410) is multi-threaded, use of fork() may lead to deadlocks in the child.
[2025-07-28T12:40:41.561+0000] {standard_task_runner.py:90} INFO - Running: ['***', 'tasks', 'run', 'dag_bbbbbbb', 'extract_data_task', 'scheduled__2025-06-25T00:00:00+00:00', '--job-id', '43', '--raw', '--subdir', 'DAGS_FOLDER/dag_generator_python.py', '--cfg-path', '/tmp/tmpzs1v5g8m']
[2025-07-28T12:40:41.562+0000] {standard_task_runner.py:63} INFO - Started process 3412 to run task
[2025-07-28T12:40:41.562+0000] {standard_task_runner.py:91} INFO - Job 43: Subtask extract_data_task
[2025-07-28T12:40:41.629+0000] {task_command.py:426} INFO - Running <TaskInstance: dag_bbbbbbb.extract_data_task scheduled__2025-06-25T00:00:00+00:00 [running]> on host 1171f9d2ced8
[2025-07-28T12:40:41.756+0000] {taskinstance.py:2648} INFO - Exporting env vars: AIRFLOW_CTX_DAG_OWNER='***' AIRFLOW_CTX_DAG_ID='dag_bbbbbbb' AIRFLOW_CTX_TASK_ID='extract_data_task' AIRFLOW_CTX_EXECUTION_DATE='2025-06-25T00:00:00+00:00' AIRFLOW_CTX_TRY_NUMBER='1' AIRFLOW_CTX_DAG_RUN_ID='scheduled__2025-06-25T00:00:00+00:00'
[2025-07-28T12:40:41.757+0000] {taskinstance.py:430} INFO - ::endgroup::
[2025-07-28T12:40:41.771+0000] {logging_mixin.py:188} INFO - <TaskInstance: dag_bbbbbbb.extract_data_task scheduled__2025-06-25T00:00:00+00:00 [running]>
[2025-07-28T12:40:41.772+0000] {logging_mixin.py:188} INFO - Applying algorithm 'test_csv' from module 'processor.extract.readCSV'
[2025-07-28T12:40:41.772+0000] {logging_mixin.py:188} INFO - 3f2a4b93-b237-4545-bd50-5004d863567c.csv
[2025-07-28T12:40:41.789+0000] {logging_mixin.py:188} INFO - Data stored in Redis key: ***_data:dag_bbbbbbb
[2025-07-28T12:40:41.803+0000] {python.py:237} INFO - Done. Returned value was: None
[2025-07-28T12:40:41.803+0000] {taskinstance.py:441} INFO - ::group::Post task execution logs
[2025-07-28T12:40:41.817+0000] {taskinstance.py:1206} INFO - Marking task as SUCCESS. dag_id=dag_bbbbbbb, task_id=extract_data_task, run_id=scheduled__2025-06-25T00:00:00+00:00, execution_date=20250625T000000, start_date=20250728T124041, end_date=20250728T124041
[2025-07-28T12:40:41.856+0000] {local_task_job_runner.py:240} INFO - Task exited with return code 0
[2025-07-28T12:40:41.903+0000] {taskinstance.py:3503} INFO - 1 downstream tasks scheduled from follow-on schedule check
[2025-07-28T12:40:41.906+0000] {local_task_job_runner.py:222} INFO - ::endgroup::
[2025-07-29T00:35:41.454+0000] {local_task_job_runner.py:120} INFO - ::group::Pre task execution logs
[2025-07-29T00:35:41.487+0000] {taskinstance.py:2076} INFO - Dependencies all met for dep_context=non-requeueable deps ti=<TaskInstance: dag_bbbbbbb.extract_data_task scheduled__2025-06-25T00:00:00+00:00 [queued]>
[2025-07-29T00:35:41.495+0000] {taskinstance.py:2076} INFO - Dependencies all met for dep_context=requeueable deps ti=<TaskInstance: dag_bbbbbbb.extract_data_task scheduled__2025-06-25T00:00:00+00:00 [queued]>
[2025-07-29T00:35:41.496+0000] {taskinstance.py:2306} INFO - Starting attempt 1 of 1
[2025-07-29T00:35:41.505+0000] {taskinstance.py:2330} INFO - Executing <Task(PythonOperator): extract_data_task> on 2025-06-25 00:00:00+00:00
[2025-07-29T00:35:41.511+0000] {logging_mixin.py:188} WARNING - /home/***/.local/lib/python3.12/site-packages/***/task/task_runner/standard_task_runner.py:61 DeprecationWarning: This process (pid=563) is multi-threaded, use of fork() may lead to deadlocks in the child.
[2025-07-29T00:35:41.511+0000] {standard_task_runner.py:63} INFO - Started process 565 to run task
[2025-07-29T00:35:41.511+0000] {standard_task_runner.py:90} INFO - Running: ['***', 'tasks', 'run', 'dag_bbbbbbb', 'extract_data_task', 'scheduled__2025-06-25T00:00:00+00:00', '--job-id', '2', '--raw', '--subdir', 'DAGS_FOLDER/dag_generator_python.py', '--cfg-path', '/tmp/tmpsbd7ie66']
[2025-07-29T00:35:41.512+0000] {standard_task_runner.py:91} INFO - Job 2: Subtask extract_data_task
[2025-07-29T00:35:41.649+0000] {task_command.py:426} INFO - Running <TaskInstance: dag_bbbbbbb.extract_data_task scheduled__2025-06-25T00:00:00+00:00 [running]> on host ee0266895495
[2025-07-29T00:35:41.717+0000] {taskinstance.py:2648} INFO - Exporting env vars: AIRFLOW_CTX_DAG_OWNER='***' AIRFLOW_CTX_DAG_ID='dag_bbbbbbb' AIRFLOW_CTX_TASK_ID='extract_data_task' AIRFLOW_CTX_EXECUTION_DATE='2025-06-25T00:00:00+00:00' AIRFLOW_CTX_TRY_NUMBER='1' AIRFLOW_CTX_DAG_RUN_ID='scheduled__2025-06-25T00:00:00+00:00'
[2025-07-29T00:35:41.717+0000] {taskinstance.py:430} INFO - ::endgroup::
[2025-07-29T00:35:41.740+0000] {logging_mixin.py:188} INFO - <TaskInstance: dag_bbbbbbb.extract_data_task scheduled__2025-06-25T00:00:00+00:00 [running]>
[2025-07-29T00:35:41.740+0000] {logging_mixin.py:188} INFO - Applying algorithm 'test_csv' from module 'processor.extract.readCSV'
[2025-07-29T00:35:41.740+0000] {logging_mixin.py:188} INFO - 3f2a4b93-b237-4545-bd50-5004d863567c.csv
[2025-07-29T00:35:41.784+0000] {logging_mixin.py:188} INFO - Data stored in Redis key: ***_data:dag_bbbbbbb
[2025-07-29T00:35:41.799+0000] {python.py:237} INFO - Done. Returned value was: None
[2025-07-29T00:35:41.800+0000] {taskinstance.py:441} INFO - ::group::Post task execution logs
[2025-07-29T00:35:41.811+0000] {taskinstance.py:1206} INFO - Marking task as SUCCESS. dag_id=dag_bbbbbbb, task_id=extract_data_task, run_id=scheduled__2025-06-25T00:00:00+00:00, execution_date=20250625T000000, start_date=20250729T003541, end_date=20250729T003541
[2025-07-29T00:35:41.845+0000] {local_task_job_runner.py:240} INFO - Task exited with return code 0
[2025-07-29T00:35:41.974+0000] {taskinstance.py:3503} INFO - 1 downstream tasks scheduled from follow-on schedule check
[2025-07-29T00:35:41.977+0000] {local_task_job_runner.py:222} INFO - ::endgroup::
[2025-07-29T06:01:53.000+0000] {local_task_job_runner.py:120} INFO - ::group::Pre task execution logs
[2025-07-29T06:01:53.034+0000] {taskinstance.py:2076} INFO - Dependencies all met for dep_context=non-requeueable deps ti=<TaskInstance: dag_bbbbbbb.extract_data_task scheduled__2025-06-25T00:00:00+00:00 [queued]>
[2025-07-29T06:01:53.045+0000] {taskinstance.py:2076} INFO - Dependencies all met for dep_context=requeueable deps ti=<TaskInstance: dag_bbbbbbb.extract_data_task scheduled__2025-06-25T00:00:00+00:00 [queued]>
[2025-07-29T06:01:53.046+0000] {taskinstance.py:2306} INFO - Starting attempt 1 of 1
[2025-07-29T06:01:53.055+0000] {taskinstance.py:2330} INFO - Executing <Task(PythonOperator): extract_data_task> on 2025-06-25 00:00:00+00:00
[2025-07-29T06:01:53.060+0000] {logging_mixin.py:188} WARNING - /home/***/.local/lib/python3.12/site-packages/***/task/task_runner/standard_task_runner.py:61 DeprecationWarning: This process (pid=9374) is multi-threaded, use of fork() may lead to deadlocks in the child.
[2025-07-29T06:01:53.061+0000] {standard_task_runner.py:63} INFO - Started process 9376 to run task
[2025-07-29T06:01:53.061+0000] {standard_task_runner.py:90} INFO - Running: ['***', 'tasks', 'run', 'dag_bbbbbbb', 'extract_data_task', 'scheduled__2025-06-25T00:00:00+00:00', '--job-id', '20', '--raw', '--subdir', 'DAGS_FOLDER/dag_generator_python.py', '--cfg-path', '/tmp/tmp7sppa_bj']
[2025-07-29T06:01:53.062+0000] {standard_task_runner.py:91} INFO - Job 20: Subtask extract_data_task
[2025-07-29T06:01:53.196+0000] {task_command.py:426} INFO - Running <TaskInstance: dag_bbbbbbb.extract_data_task scheduled__2025-06-25T00:00:00+00:00 [running]> on host ee0266895495
[2025-07-29T06:01:53.272+0000] {taskinstance.py:2648} INFO - Exporting env vars: AIRFLOW_CTX_DAG_OWNER='***' AIRFLOW_CTX_DAG_ID='dag_bbbbbbb' AIRFLOW_CTX_TASK_ID='extract_data_task' AIRFLOW_CTX_EXECUTION_DATE='2025-06-25T00:00:00+00:00' AIRFLOW_CTX_TRY_NUMBER='1' AIRFLOW_CTX_DAG_RUN_ID='scheduled__2025-06-25T00:00:00+00:00'
[2025-07-29T06:01:53.273+0000] {taskinstance.py:430} INFO - ::endgroup::
[2025-07-29T06:01:53.283+0000] {logging_mixin.py:188} INFO - 測試載入層
[2025-07-29T06:01:53.284+0000] {logging_mixin.py:188} INFO - Applying algorithm 'test_csv' from module 'processor.extract.readCSV'
[2025-07-29T06:01:53.284+0000] {logging_mixin.py:188} INFO - 3f2a4b93-b237-4545-bd50-5004d863567c.csv
[2025-07-29T06:01:53.298+0000] {logging_mixin.py:188} INFO - Data stored in Redis key: ***_data:dag_bbbbbbb
[2025-07-29T06:01:53.312+0000] {python.py:237} INFO - Done. Returned value was: None
[2025-07-29T06:01:53.313+0000] {taskinstance.py:441} INFO - ::group::Post task execution logs
[2025-07-29T06:01:53.323+0000] {taskinstance.py:1206} INFO - Marking task as SUCCESS. dag_id=dag_bbbbbbb, task_id=extract_data_task, run_id=scheduled__2025-06-25T00:00:00+00:00, execution_date=20250625T000000, start_date=20250729T060153, end_date=20250729T060153
[2025-07-29T06:01:53.354+0000] {local_task_job_runner.py:240} INFO - Task exited with return code 0
[2025-07-29T06:01:53.474+0000] {taskinstance.py:3503} INFO - 1 downstream tasks scheduled from follow-on schedule check
[2025-07-29T06:01:53.476+0000] {local_task_job_runner.py:222} INFO - ::endgroup::
[2025-07-29T06:02:23.564+0000] {local_task_job_runner.py:120} INFO - ::group::Pre task execution logs
[2025-07-29T06:02:23.594+0000] {taskinstance.py:2076} INFO - Dependencies all met for dep_context=non-requeueable deps ti=<TaskInstance: dag_bbbbbbb.extract_data_task scheduled__2025-06-25T00:00:00+00:00 [queued]>
[2025-07-29T06:02:23.602+0000] {taskinstance.py:2076} INFO - Dependencies all met for dep_context=requeueable deps ti=<TaskInstance: dag_bbbbbbb.extract_data_task scheduled__2025-06-25T00:00:00+00:00 [queued]>
[2025-07-29T06:02:23.602+0000] {taskinstance.py:2306} INFO - Starting attempt 1 of 1
[2025-07-29T06:02:23.615+0000] {taskinstance.py:2330} INFO - Executing <Task(PythonOperator): extract_data_task> on 2025-06-25 00:00:00+00:00
[2025-07-29T06:02:23.621+0000] {logging_mixin.py:188} WARNING - /home/***/.local/lib/python3.12/site-packages/***/task/task_runner/standard_task_runner.py:61 DeprecationWarning: This process (pid=9428) is multi-threaded, use of fork() may lead to deadlocks in the child.
[2025-07-29T06:02:23.622+0000] {standard_task_runner.py:63} INFO - Started process 9430 to run task
[2025-07-29T06:02:23.622+0000] {standard_task_runner.py:90} INFO - Running: ['***', 'tasks', 'run', 'dag_bbbbbbb', 'extract_data_task', 'scheduled__2025-06-25T00:00:00+00:00', '--job-id', '23', '--raw', '--subdir', 'DAGS_FOLDER/dag_generator_python.py', '--cfg-path', '/tmp/tmpu6ddujdt']
[2025-07-29T06:02:23.623+0000] {standard_task_runner.py:91} INFO - Job 23: Subtask extract_data_task
[2025-07-29T06:02:23.770+0000] {task_command.py:426} INFO - Running <TaskInstance: dag_bbbbbbb.extract_data_task scheduled__2025-06-25T00:00:00+00:00 [running]> on host ee0266895495
[2025-07-29T06:02:23.853+0000] {taskinstance.py:2648} INFO - Exporting env vars: AIRFLOW_CTX_DAG_OWNER='***' AIRFLOW_CTX_DAG_ID='dag_bbbbbbb' AIRFLOW_CTX_TASK_ID='extract_data_task' AIRFLOW_CTX_EXECUTION_DATE='2025-06-25T00:00:00+00:00' AIRFLOW_CTX_TRY_NUMBER='1' AIRFLOW_CTX_DAG_RUN_ID='scheduled__2025-06-25T00:00:00+00:00'
[2025-07-29T06:02:23.854+0000] {taskinstance.py:430} INFO - ::endgroup::
[2025-07-29T06:02:23.868+0000] {logging_mixin.py:188} INFO - 測試載入層
[2025-07-29T06:02:23.869+0000] {logging_mixin.py:188} INFO - Applying algorithm 'test_csv' from module 'processor.extract.readCSV'
[2025-07-29T06:02:23.869+0000] {logging_mixin.py:188} INFO - 3f2a4b93-b237-4545-bd50-5004d863567c.csv
[2025-07-29T06:02:23.882+0000] {logging_mixin.py:188} INFO - Data stored in Redis key: ***_data:dag_bbbbbbb
[2025-07-29T06:02:23.894+0000] {python.py:237} INFO - Done. Returned value was: None
[2025-07-29T06:02:23.895+0000] {taskinstance.py:441} INFO - ::group::Post task execution logs
[2025-07-29T06:02:23.903+0000] {taskinstance.py:1206} INFO - Marking task as SUCCESS. dag_id=dag_bbbbbbb, task_id=extract_data_task, run_id=scheduled__2025-06-25T00:00:00+00:00, execution_date=20250625T000000, start_date=20250729T060223, end_date=20250729T060223
[2025-07-29T06:02:23.956+0000] {local_task_job_runner.py:240} INFO - Task exited with return code 0
[2025-07-29T06:02:24.088+0000] {taskinstance.py:3503} INFO - 1 downstream tasks scheduled from follow-on schedule check
[2025-07-29T06:02:24.094+0000] {local_task_job_runner.py:222} INFO - ::endgroup::
[2025-07-30T05:46:27.891+0000] {local_task_job_runner.py:120} INFO - ::group::Pre task execution logs
[2025-07-30T05:46:27.916+0000] {taskinstance.py:2076} INFO - Dependencies all met for dep_context=non-requeueable deps ti=<TaskInstance: dag_bbbbbbb.extract_data_task scheduled__2025-06-25T00:00:00+00:00 [queued]>
[2025-07-30T05:46:27.924+0000] {taskinstance.py:2076} INFO - Dependencies all met for dep_context=requeueable deps ti=<TaskInstance: dag_bbbbbbb.extract_data_task scheduled__2025-06-25T00:00:00+00:00 [queued]>
[2025-07-30T05:46:27.925+0000] {taskinstance.py:2306} INFO - Starting attempt 1 of 1
[2025-07-30T05:46:27.943+0000] {taskinstance.py:2330} INFO - Executing <Task(PythonOperator): extract_data_task> on 2025-06-25 00:00:00+00:00
[2025-07-30T05:46:27.952+0000] {logging_mixin.py:188} WARNING - /home/***/.local/lib/python3.12/site-packages/***/task/task_runner/standard_task_runner.py:61 DeprecationWarning: This process (pid=307) is multi-threaded, use of fork() may lead to deadlocks in the child.
[2025-07-30T05:46:27.953+0000] {standard_task_runner.py:63} INFO - Started process 309 to run task
[2025-07-30T05:46:27.952+0000] {standard_task_runner.py:90} INFO - Running: ['***', 'tasks', 'run', 'dag_bbbbbbb', 'extract_data_task', 'scheduled__2025-06-25T00:00:00+00:00', '--job-id', '2', '--raw', '--subdir', 'DAGS_FOLDER/dag_generator_python.py', '--cfg-path', '/tmp/tmp43nfz14r']
[2025-07-30T05:46:27.954+0000] {standard_task_runner.py:91} INFO - Job 2: Subtask extract_data_task
[2025-07-30T05:46:28.143+0000] {task_command.py:426} INFO - Running <TaskInstance: dag_bbbbbbb.extract_data_task scheduled__2025-06-25T00:00:00+00:00 [running]> on host 14614e29d246
[2025-07-30T05:46:28.231+0000] {taskinstance.py:2648} INFO - Exporting env vars: AIRFLOW_CTX_DAG_OWNER='***' AIRFLOW_CTX_DAG_ID='dag_bbbbbbb' AIRFLOW_CTX_TASK_ID='extract_data_task' AIRFLOW_CTX_EXECUTION_DATE='2025-06-25T00:00:00+00:00' AIRFLOW_CTX_TRY_NUMBER='1' AIRFLOW_CTX_DAG_RUN_ID='scheduled__2025-06-25T00:00:00+00:00'
[2025-07-30T05:46:28.232+0000] {taskinstance.py:430} INFO - ::endgroup::
[2025-07-30T05:46:28.262+0000] {logging_mixin.py:188} INFO - 測試載入層
[2025-07-30T05:46:28.263+0000] {logging_mixin.py:188} INFO - extract_data_task
[2025-07-30T05:46:28.263+0000] {logging_mixin.py:188} INFO - ['_AssociationProxy_dag_run_128923708805664_inst', '__abstract__', '__annotations__', '__class__', '__delattr__', '__dict__', '__dir__', '__doc__', '__eq__', '__format__', '__ge__', '__getattribute__', '__getstate__', '__gt__', '__hash__', '__init__', '__init_subclass__', '__le__', '__lt__', '__mapper__', '__module__', '__ne__', '__new__', '__reduce__', '__reduce_ex__', '__repr__', '__setattr__', '__sizeof__', '__str__', '__subclasshook__', '__table__', '__table_args__', '__tablename__', '__weakref__', '_check_and_change_state_before_execution', '_clear_xcom_data', '_command_as_list', '_create_logger_name', '_execute_task', '_execute_task_with_callbacks', '_get_dagrun', '_get_log', '_handle_reschedule', '_log', '_log_config_logger_name', '_logger_name', '_register_dataset_changes', '_run_execute_callback', '_run_raw_task', '_sa_class_manager', '_sa_instance_state', '_sa_registry', '_schedule_downstream_tasks', '_set_context', '_set_state', '_task_display_property_value', '_try_number', 'are_dependencies_met', 'are_dependents_done', 'check_and_change_state_before_execution', 'clear_db_references', 'clear_next_method_args', 'clear_xcom_data', 'command_as_list', 'current_state', 'custom_operator_name', 'dag_id', 'dag_model', 'dag_run', 'defer_task', 'dry_run', 'duration', 'email_alert', 'emit_state_change_metric', 'end_date', 'error', 'execution_date', 'executor_config', 'external_executor_id', 'fetch_handle_failure_context', 'filter_for_tis', 'generate_command', 'get_dagrun', 'get_email_subject_content', 'get_failed_dep_statuses', 'get_num_running_task_instances', 'get_previous_dagrun', 'get_previous_execution_date', 'get_previous_start_date', 'get_previous_ti', 'get_relevant_upstream_map_indexes', 'get_rendered_k8s_spec', 'get_rendered_template_fields', 'get_task_instance', 'get_template_context', 'get_truncated_error_traceback', 'handle_failure', 'hostname', 'init_on_load', 'init_run_context', 'insert_mapping', 'is_eligible_to_retry', 'is_premature', 'is_trigger_log_context', 'job_id', 'key', 'log', 'log_url', 'logger', 'map_index', 'mark_success_url', 'max_tries', 'metadata', 'next_kwargs', 'next_method', 'next_retry_datetime', 'next_try_number', 'note', 'operator', 'operator_name', 'overwrite_params_with_dag_run_conf', 'pid', 'pool', 'pool_slots', 'prev_attempted_tries', 'previous_start_date_success', 'previous_ti', 'previous_ti_success', 'priority_weight', 'queue', 'queued_by_job', 'queued_by_job_id', 'queued_dttm', 'raw', 'ready_for_retry', 'refresh_from_db', 'refresh_from_task', 'registry', 'render_k8s_pod_yaml', 'render_templates', 'rendered_map_index', 'rendered_task_instance_fields', 'run', 'run_as_user', 'run_id', 'save_to_db', 'schedule_downstream_tasks', 'set_duration', 'set_state', 'start_date', 'state', 'stats_tags', 'task', 'task_display_name', 'task_id', 'task_instance_note', 'test_mode', 'ti_selector_condition', 'trigger', 'trigger_id', 'trigger_timeout', 'triggerer_job', 'try_number', 'unixname', 'updated_at', 'xcom_pull', 'xcom_push']
[2025-07-30T05:46:28.263+0000] {logging_mixin.py:188} INFO - 1111111111111111111111111111111
[2025-07-30T05:46:28.263+0000] {logging_mixin.py:188} INFO - Applying algorithm 'test_csv' from module 'processor.extract.readCSV'
[2025-07-30T05:46:28.263+0000] {logging_mixin.py:188} INFO - 3f2a4b93-b237-4545-bd50-5004d863567c.csv
[2025-07-30T05:46:28.290+0000] {logging_mixin.py:188} INFO - Data stored in Redis key: ***_data:dag_bbbbbbb
[2025-07-30T05:46:28.301+0000] {python.py:237} INFO - Done. Returned value was: None
[2025-07-30T05:46:28.301+0000] {taskinstance.py:441} INFO - ::group::Post task execution logs
[2025-07-30T05:46:28.306+0000] {taskinstance.py:1206} INFO - Marking task as SUCCESS. dag_id=dag_bbbbbbb, task_id=extract_data_task, run_id=scheduled__2025-06-25T00:00:00+00:00, execution_date=20250625T000000, start_date=20250730T054627, end_date=20250730T054628
[2025-07-30T05:46:28.326+0000] {local_task_job_runner.py:240} INFO - Task exited with return code 0
[2025-07-30T05:46:28.450+0000] {taskinstance.py:3503} INFO - 1 downstream tasks scheduled from follow-on schedule check
[2025-07-30T05:46:28.455+0000] {local_task_job_runner.py:222} INFO - ::endgroup::
[2025-07-31T02:12:54.793+0000] {local_task_job_runner.py:120} INFO - ::group::Pre task execution logs
[2025-07-31T02:12:54.912+0000] {taskinstance.py:2076} INFO - Dependencies all met for dep_context=non-requeueable deps ti=<TaskInstance: dag_bbbbbbb.extract_data_task scheduled__2025-06-25T00:00:00+00:00 [queued]>
[2025-07-31T02:12:54.918+0000] {taskinstance.py:2076} INFO - Dependencies all met for dep_context=requeueable deps ti=<TaskInstance: dag_bbbbbbb.extract_data_task scheduled__2025-06-25T00:00:00+00:00 [queued]>
[2025-07-31T02:12:54.918+0000] {taskinstance.py:2306} INFO - Starting attempt 1 of 1
[2025-07-31T02:12:54.929+0000] {taskinstance.py:2330} INFO - Executing <Task(PythonOperator): extract_data_task> on 2025-06-25 00:00:00+00:00
[2025-07-31T02:12:54.935+0000] {logging_mixin.py:188} WARNING - /home/***/.local/lib/python3.12/site-packages/***/task/task_runner/standard_task_runner.py:61 DeprecationWarning: This process (pid=7784) is multi-threaded, use of fork() may lead to deadlocks in the child.
[2025-07-31T02:12:54.935+0000] {standard_task_runner.py:63} INFO - Started process 7789 to run task
[2025-07-31T02:12:54.935+0000] {standard_task_runner.py:90} INFO - Running: ['***', 'tasks', 'run', 'dag_bbbbbbb', 'extract_data_task', 'scheduled__2025-06-25T00:00:00+00:00', '--job-id', '138', '--raw', '--subdir', 'DAGS_FOLDER/dag_generator_python.py', '--cfg-path', '/tmp/tmpd1x2lrf8']
[2025-07-31T02:12:54.936+0000] {standard_task_runner.py:91} INFO - Job 138: Subtask extract_data_task
[2025-07-31T02:12:54.971+0000] {task_command.py:426} INFO - Running <TaskInstance: dag_bbbbbbb.extract_data_task scheduled__2025-06-25T00:00:00+00:00 [running]> on host 14614e29d246
[2025-07-31T02:12:55.029+0000] {taskinstance.py:2648} INFO - Exporting env vars: AIRFLOW_CTX_DAG_OWNER='***' AIRFLOW_CTX_DAG_ID='dag_bbbbbbb' AIRFLOW_CTX_TASK_ID='extract_data_task' AIRFLOW_CTX_EXECUTION_DATE='2025-06-25T00:00:00+00:00' AIRFLOW_CTX_TRY_NUMBER='1' AIRFLOW_CTX_DAG_RUN_ID='scheduled__2025-06-25T00:00:00+00:00'
[2025-07-31T02:12:55.030+0000] {taskinstance.py:430} INFO - ::endgroup::
[2025-07-31T02:12:55.040+0000] {__init__.py:57} INFO - 執行 extract_data (資料載入層)
[2025-07-31T02:12:55.040+0000] {__init__.py:61} INFO - 呼叫演算法 'test_csv' 來自模組 'processor.extract.readCSV'
[2025-07-31T02:12:55.040+0000] {logging_mixin.py:188} INFO - 3f2a4b93-b237-4545-bd50-5004d863567c.csv
[2025-07-31T02:12:55.046+0000] {__init__.py:71} INFO - 資料是 pd.DataFrame
[2025-07-31T02:12:55.080+0000] {__init__.py:82} INFO - 資料已存入 Redis，key=***_data:dag_bbbbbbb.extract_data_task
[2025-07-31T02:12:55.098+0000] {python.py:237} INFO - Done. Returned value was: None
[2025-07-31T02:12:55.099+0000] {taskinstance.py:441} INFO - ::group::Post task execution logs
[2025-07-31T02:12:55.112+0000] {taskinstance.py:1206} INFO - Marking task as SUCCESS. dag_id=dag_bbbbbbb, task_id=extract_data_task, run_id=scheduled__2025-06-25T00:00:00+00:00, execution_date=20250625T000000, start_date=20250731T021254, end_date=20250731T021255
[2025-07-31T02:12:55.148+0000] {local_task_job_runner.py:240} INFO - Task exited with return code 0
[2025-07-31T02:12:55.173+0000] {taskinstance.py:3503} INFO - 1 downstream tasks scheduled from follow-on schedule check
[2025-07-31T02:12:55.175+0000] {local_task_job_runner.py:222} INFO - ::endgroup::
[2025-08-01T05:19:08.411+0000] {local_task_job_runner.py:120} INFO - ::group::Pre task execution logs
[2025-08-01T05:19:08.580+0000] {taskinstance.py:2076} INFO - Dependencies all met for dep_context=non-requeueable deps ti=<TaskInstance: dag_bbbbbbb.extract_data_task scheduled__2025-06-25T00:00:00+00:00 [queued]>
[2025-08-01T05:19:08.590+0000] {taskinstance.py:2076} INFO - Dependencies all met for dep_context=requeueable deps ti=<TaskInstance: dag_bbbbbbb.extract_data_task scheduled__2025-06-25T00:00:00+00:00 [queued]>
[2025-08-01T05:19:08.590+0000] {taskinstance.py:2306} INFO - Starting attempt 1 of 1
[2025-08-01T05:19:08.600+0000] {taskinstance.py:2330} INFO - Executing <Task(PythonOperator): extract_data_task> on 2025-06-25 00:00:00+00:00
[2025-08-01T05:19:08.611+0000] {logging_mixin.py:188} WARNING - /home/***/.local/lib/python3.12/site-packages/***/task/task_runner/standard_task_runner.py:61 DeprecationWarning: This process (pid=14652) is multi-threaded, use of fork() may lead to deadlocks in the child.
[2025-08-01T05:19:08.611+0000] {standard_task_runner.py:63} INFO - Started process 14654 to run task
[2025-08-01T05:19:08.612+0000] {standard_task_runner.py:90} INFO - Running: ['***', 'tasks', 'run', 'dag_bbbbbbb', 'extract_data_task', 'scheduled__2025-06-25T00:00:00+00:00', '--job-id', '197', '--raw', '--subdir', 'DAGS_FOLDER/dag_generator.py', '--cfg-path', '/tmp/tmpv_mq75tp']
[2025-08-01T05:19:08.615+0000] {standard_task_runner.py:91} INFO - Job 197: Subtask extract_data_task
[2025-08-01T05:19:08.659+0000] {task_command.py:426} INFO - Running <TaskInstance: dag_bbbbbbb.extract_data_task scheduled__2025-06-25T00:00:00+00:00 [running]> on host 14614e29d246
[2025-08-01T05:19:08.741+0000] {taskinstance.py:2648} INFO - Exporting env vars: AIRFLOW_CTX_DAG_OWNER='***' AIRFLOW_CTX_DAG_ID='dag_bbbbbbb' AIRFLOW_CTX_TASK_ID='extract_data_task' AIRFLOW_CTX_EXECUTION_DATE='2025-06-25T00:00:00+00:00' AIRFLOW_CTX_TRY_NUMBER='1' AIRFLOW_CTX_DAG_RUN_ID='scheduled__2025-06-25T00:00:00+00:00'
[2025-08-01T05:19:08.742+0000] {taskinstance.py:430} INFO - ::endgroup::
[2025-08-01T05:19:08.753+0000] {__init__.py:57} INFO - 執行 extract_data (資料載入層)
[2025-08-01T05:19:08.754+0000] {__init__.py:61} INFO - 呼叫演算法 'test_csv' 來自模組 'processor.extract.readCSV'
[2025-08-01T05:19:08.758+0000] {__init__.py:71} INFO - 資料是 pd.DataFrame
[2025-08-01T05:19:08.770+0000] {__init__.py:82} INFO - 資料已存入 Redis，key=***_data:dag_bbbbbbb.extract_data_task
[2025-08-01T05:19:08.782+0000] {python.py:237} INFO - Done. Returned value was: None
[2025-08-01T05:19:08.782+0000] {taskinstance.py:441} INFO - ::group::Post task execution logs
[2025-08-01T05:19:08.796+0000] {taskinstance.py:1206} INFO - Marking task as SUCCESS. dag_id=dag_bbbbbbb, task_id=extract_data_task, run_id=scheduled__2025-06-25T00:00:00+00:00, execution_date=20250625T000000, start_date=20250801T051908, end_date=20250801T051908
[2025-08-01T05:19:08.865+0000] {local_task_job_runner.py:240} INFO - Task exited with return code 0
[2025-08-01T05:19:08.899+0000] {taskinstance.py:3503} INFO - 0 downstream tasks scheduled from follow-on schedule check
[2025-08-01T05:19:08.901+0000] {local_task_job_runner.py:222} INFO - ::endgroup::
[2025-08-03T06:45:03.357+0000] {local_task_job_runner.py:120} INFO - ::group::Pre task execution logs
[2025-08-03T06:45:03.381+0000] {taskinstance.py:2076} INFO - Dependencies all met for dep_context=non-requeueable deps ti=<TaskInstance: dag_bbbbbbb.extract_data_task scheduled__2025-06-25T00:00:00+00:00 [queued]>
[2025-08-03T06:45:03.385+0000] {taskinstance.py:2076} INFO - Dependencies all met for dep_context=requeueable deps ti=<TaskInstance: dag_bbbbbbb.extract_data_task scheduled__2025-06-25T00:00:00+00:00 [queued]>
[2025-08-03T06:45:03.385+0000] {taskinstance.py:2306} INFO - Starting attempt 1 of 1
[2025-08-03T06:45:03.394+0000] {taskinstance.py:2330} INFO - Executing <Task(PythonOperator): extract_data_task> on 2025-06-25 00:00:00+00:00
[2025-08-03T06:45:03.401+0000] {logging_mixin.py:188} WARNING - /home/***/.local/lib/python3.12/site-packages/***/task/task_runner/standard_task_runner.py:61 DeprecationWarning: This process (pid=418) is multi-threaded, use of fork() may lead to deadlocks in the child.
[2025-08-03T06:45:03.402+0000] {standard_task_runner.py:63} INFO - Started process 420 to run task
[2025-08-03T06:45:03.402+0000] {standard_task_runner.py:90} INFO - Running: ['***', 'tasks', 'run', 'dag_bbbbbbb', 'extract_data_task', 'scheduled__2025-06-25T00:00:00+00:00', '--job-id', '4', '--raw', '--subdir', 'DAGS_FOLDER/dag_generator.py', '--cfg-path', '/tmp/tmpgh4lhruu']
[2025-08-03T06:45:03.404+0000] {standard_task_runner.py:91} INFO - Job 4: Subtask extract_data_task
[2025-08-03T06:45:03.590+0000] {task_command.py:426} INFO - Running <TaskInstance: dag_bbbbbbb.extract_data_task scheduled__2025-06-25T00:00:00+00:00 [running]> on host 19828dfd2b76
[2025-08-03T06:45:03.673+0000] {taskinstance.py:2648} INFO - Exporting env vars: AIRFLOW_CTX_DAG_OWNER='***' AIRFLOW_CTX_DAG_ID='dag_bbbbbbb' AIRFLOW_CTX_TASK_ID='extract_data_task' AIRFLOW_CTX_EXECUTION_DATE='2025-06-25T00:00:00+00:00' AIRFLOW_CTX_TRY_NUMBER='1' AIRFLOW_CTX_DAG_RUN_ID='scheduled__2025-06-25T00:00:00+00:00'
[2025-08-03T06:45:03.674+0000] {taskinstance.py:430} INFO - ::endgroup::
[2025-08-03T06:45:03.689+0000] {__init__.py:57} INFO - 執行 extract_data (資料載入層)
[2025-08-03T06:45:03.690+0000] {__init__.py:61} INFO - 呼叫演算法 'test_csv' 來自模組 'processor.extract.readCSV'
[2025-08-03T06:45:03.697+0000] {__init__.py:71} INFO - 資料是 pd.DataFrame
[2025-08-03T06:45:03.756+0000] {__init__.py:82} INFO - 資料已存入 Redis，key=***_data:dag_bbbbbbb.extract_data_task
[2025-08-03T06:45:03.774+0000] {python.py:237} INFO - Done. Returned value was: None
[2025-08-03T06:45:03.774+0000] {taskinstance.py:441} INFO - ::group::Post task execution logs
[2025-08-03T06:45:03.791+0000] {taskinstance.py:1206} INFO - Marking task as SUCCESS. dag_id=dag_bbbbbbb, task_id=extract_data_task, run_id=scheduled__2025-06-25T00:00:00+00:00, execution_date=20250625T000000, start_date=20250803T064503, end_date=20250803T064503
[2025-08-03T06:45:03.856+0000] {local_task_job_runner.py:240} INFO - Task exited with return code 0
[2025-08-03T06:45:04.041+0000] {taskinstance.py:3503} INFO - 1 downstream tasks scheduled from follow-on schedule check
[2025-08-03T06:45:04.047+0000] {local_task_job_runner.py:222} INFO - ::endgroup::
[2025-08-03T06:45:33.619+0000] {local_task_job_runner.py:120} INFO - ::group::Pre task execution logs
[2025-08-03T06:45:33.647+0000] {taskinstance.py:2076} INFO - Dependencies all met for dep_context=non-requeueable deps ti=<TaskInstance: dag_bbbbbbb.extract_data_task scheduled__2025-06-25T00:00:00+00:00 [queued]>
[2025-08-03T06:45:33.654+0000] {taskinstance.py:2076} INFO - Dependencies all met for dep_context=requeueable deps ti=<TaskInstance: dag_bbbbbbb.extract_data_task scheduled__2025-06-25T00:00:00+00:00 [queued]>
[2025-08-03T06:45:33.655+0000] {taskinstance.py:2306} INFO - Starting attempt 1 of 1
[2025-08-03T06:45:33.667+0000] {taskinstance.py:2330} INFO - Executing <Task(PythonOperator): extract_data_task> on 2025-06-25 00:00:00+00:00
[2025-08-03T06:45:33.676+0000] {logging_mixin.py:188} WARNING - /home/***/.local/lib/python3.12/site-packages/***/task/task_runner/standard_task_runner.py:61 DeprecationWarning: This process (pid=475) is multi-threaded, use of fork() may lead to deadlocks in the child.
[2025-08-03T06:45:33.676+0000] {standard_task_runner.py:63} INFO - Started process 477 to run task
[2025-08-03T06:45:33.676+0000] {standard_task_runner.py:90} INFO - Running: ['***', 'tasks', 'run', 'dag_bbbbbbb', 'extract_data_task', 'scheduled__2025-06-25T00:00:00+00:00', '--job-id', '9', '--raw', '--subdir', 'DAGS_FOLDER/dag_generator.py', '--cfg-path', '/tmp/tmpbh5bds82']
[2025-08-03T06:45:33.678+0000] {standard_task_runner.py:91} INFO - Job 9: Subtask extract_data_task
[2025-08-03T06:45:33.834+0000] {task_command.py:426} INFO - Running <TaskInstance: dag_bbbbbbb.extract_data_task scheduled__2025-06-25T00:00:00+00:00 [running]> on host 19828dfd2b76
[2025-08-03T06:45:33.910+0000] {taskinstance.py:2648} INFO - Exporting env vars: AIRFLOW_CTX_DAG_OWNER='***' AIRFLOW_CTX_DAG_ID='dag_bbbbbbb' AIRFLOW_CTX_TASK_ID='extract_data_task' AIRFLOW_CTX_EXECUTION_DATE='2025-06-25T00:00:00+00:00' AIRFLOW_CTX_TRY_NUMBER='1' AIRFLOW_CTX_DAG_RUN_ID='scheduled__2025-06-25T00:00:00+00:00'
[2025-08-03T06:45:33.911+0000] {taskinstance.py:430} INFO - ::endgroup::
[2025-08-03T06:45:33.926+0000] {__init__.py:57} INFO - 執行 extract_data (資料載入層)
[2025-08-03T06:45:33.927+0000] {__init__.py:61} INFO - 呼叫演算法 'test_csv' 來自模組 'processor.extract.readCSV'
[2025-08-03T06:45:33.930+0000] {__init__.py:71} INFO - 資料是 pd.DataFrame
[2025-08-03T06:45:33.943+0000] {__init__.py:82} INFO - 資料已存入 Redis，key=***_data:dag_bbbbbbb.extract_data_task
[2025-08-03T06:45:33.957+0000] {python.py:237} INFO - Done. Returned value was: None
[2025-08-03T06:45:33.958+0000] {taskinstance.py:441} INFO - ::group::Post task execution logs
[2025-08-03T06:45:33.976+0000] {taskinstance.py:1206} INFO - Marking task as SUCCESS. dag_id=dag_bbbbbbb, task_id=extract_data_task, run_id=scheduled__2025-06-25T00:00:00+00:00, execution_date=20250625T000000, start_date=20250803T064533, end_date=20250803T064533
[2025-08-03T06:45:34.010+0000] {local_task_job_runner.py:240} INFO - Task exited with return code 0
[2025-08-03T06:45:34.176+0000] {taskinstance.py:3503} INFO - 1 downstream tasks scheduled from follow-on schedule check
[2025-08-03T06:45:34.181+0000] {local_task_job_runner.py:222} INFO - ::endgroup::
[2025-08-03T06:51:38.310+0000] {local_task_job_runner.py:120} INFO - ::group::Pre task execution logs
[2025-08-03T06:51:38.344+0000] {taskinstance.py:2076} INFO - Dependencies all met for dep_context=non-requeueable deps ti=<TaskInstance: dag_bbbbbbb.extract_data_task scheduled__2025-06-25T00:00:00+00:00 [queued]>
[2025-08-03T06:51:38.361+0000] {taskinstance.py:2076} INFO - Dependencies all met for dep_context=requeueable deps ti=<TaskInstance: dag_bbbbbbb.extract_data_task scheduled__2025-06-25T00:00:00+00:00 [queued]>
[2025-08-03T06:51:38.362+0000] {taskinstance.py:2306} INFO - Starting attempt 1 of 1
[2025-08-03T06:51:38.382+0000] {taskinstance.py:2330} INFO - Executing <Task(PythonOperator): extract_data_task> on 2025-06-25 00:00:00+00:00
[2025-08-03T06:51:38.396+0000] {logging_mixin.py:188} WARNING - /home/***/.local/lib/python3.12/site-packages/***/task/task_runner/standard_task_runner.py:61 DeprecationWarning: This process (pid=916) is multi-threaded, use of fork() may lead to deadlocks in the child.
[2025-08-03T06:51:38.398+0000] {standard_task_runner.py:63} INFO - Started process 918 to run task
[2025-08-03T06:51:38.396+0000] {standard_task_runner.py:90} INFO - Running: ['***', 'tasks', 'run', 'dag_bbbbbbb', 'extract_data_task', 'scheduled__2025-06-25T00:00:00+00:00', '--job-id', '16', '--raw', '--subdir', 'DAGS_FOLDER/dag_generator.py', '--cfg-path', '/tmp/tmp67sz7hde']
[2025-08-03T06:51:38.401+0000] {standard_task_runner.py:91} INFO - Job 16: Subtask extract_data_task
[2025-08-03T06:51:38.691+0000] {task_command.py:426} INFO - Running <TaskInstance: dag_bbbbbbb.extract_data_task scheduled__2025-06-25T00:00:00+00:00 [running]> on host 19828dfd2b76
[2025-08-03T06:51:38.810+0000] {taskinstance.py:2648} INFO - Exporting env vars: AIRFLOW_CTX_DAG_OWNER='***' AIRFLOW_CTX_DAG_ID='dag_bbbbbbb' AIRFLOW_CTX_TASK_ID='extract_data_task' AIRFLOW_CTX_EXECUTION_DATE='2025-06-25T00:00:00+00:00' AIRFLOW_CTX_TRY_NUMBER='1' AIRFLOW_CTX_DAG_RUN_ID='scheduled__2025-06-25T00:00:00+00:00'
[2025-08-03T06:51:38.810+0000] {taskinstance.py:430} INFO - ::endgroup::
[2025-08-03T06:51:38.824+0000] {__init__.py:57} INFO - 執行 extract_data (資料載入層)
[2025-08-03T06:51:38.824+0000] {__init__.py:61} INFO - 呼叫演算法 'test_csv' 來自模組 'processor.extract.readCSV'
[2025-08-03T06:51:38.827+0000] {__init__.py:71} INFO - 資料是 pd.DataFrame
[2025-08-03T06:51:38.843+0000] {__init__.py:82} INFO - 資料已存入 Redis，key=***_data:dag_bbbbbbb.extract_data_task
[2025-08-03T06:51:38.858+0000] {python.py:237} INFO - Done. Returned value was: None
[2025-08-03T06:51:38.859+0000] {taskinstance.py:441} INFO - ::group::Post task execution logs
[2025-08-03T06:51:38.869+0000] {taskinstance.py:1206} INFO - Marking task as SUCCESS. dag_id=dag_bbbbbbb, task_id=extract_data_task, run_id=scheduled__2025-06-25T00:00:00+00:00, execution_date=20250625T000000, start_date=20250803T065138, end_date=20250803T065138
[2025-08-03T06:51:38.894+0000] {local_task_job_runner.py:240} INFO - Task exited with return code 0
[2025-08-03T06:51:39.115+0000] {taskinstance.py:3503} INFO - 1 downstream tasks scheduled from follow-on schedule check
[2025-08-03T06:51:39.121+0000] {local_task_job_runner.py:222} INFO - ::endgroup::
[2025-08-03T06:53:10.427+0000] {local_task_job_runner.py:120} INFO - ::group::Pre task execution logs
[2025-08-03T06:53:10.446+0000] {taskinstance.py:2076} INFO - Dependencies all met for dep_context=non-requeueable deps ti=<TaskInstance: dag_bbbbbbb.extract_data_task scheduled__2025-06-25T00:00:00+00:00 [queued]>
[2025-08-03T06:53:10.450+0000] {taskinstance.py:2076} INFO - Dependencies all met for dep_context=requeueable deps ti=<TaskInstance: dag_bbbbbbb.extract_data_task scheduled__2025-06-25T00:00:00+00:00 [queued]>
[2025-08-03T06:53:10.451+0000] {taskinstance.py:2306} INFO - Starting attempt 1 of 1
[2025-08-03T06:53:10.459+0000] {taskinstance.py:2330} INFO - Executing <Task(PythonOperator): extract_data_task> on 2025-06-25 00:00:00+00:00
[2025-08-03T06:53:10.464+0000] {logging_mixin.py:188} WARNING - /home/***/.local/lib/python3.12/site-packages/***/task/task_runner/standard_task_runner.py:61 DeprecationWarning: This process (pid=1049) is multi-threaded, use of fork() may lead to deadlocks in the child.
[2025-08-03T06:53:10.465+0000] {standard_task_runner.py:63} INFO - Started process 1056 to run task
[2025-08-03T06:53:10.464+0000] {standard_task_runner.py:90} INFO - Running: ['***', 'tasks', 'run', 'dag_bbbbbbb', 'extract_data_task', 'scheduled__2025-06-25T00:00:00+00:00', '--job-id', '21', '--raw', '--subdir', 'DAGS_FOLDER/dag_generator.py', '--cfg-path', '/tmp/tmplcs2fr6v']
[2025-08-03T06:53:10.465+0000] {standard_task_runner.py:91} INFO - Job 21: Subtask extract_data_task
[2025-08-03T06:53:10.612+0000] {task_command.py:426} INFO - Running <TaskInstance: dag_bbbbbbb.extract_data_task scheduled__2025-06-25T00:00:00+00:00 [running]> on host 19828dfd2b76
[2025-08-03T06:53:10.663+0000] {taskinstance.py:2648} INFO - Exporting env vars: AIRFLOW_CTX_DAG_OWNER='***' AIRFLOW_CTX_DAG_ID='dag_bbbbbbb' AIRFLOW_CTX_TASK_ID='extract_data_task' AIRFLOW_CTX_EXECUTION_DATE='2025-06-25T00:00:00+00:00' AIRFLOW_CTX_TRY_NUMBER='1' AIRFLOW_CTX_DAG_RUN_ID='scheduled__2025-06-25T00:00:00+00:00'
[2025-08-03T06:53:10.663+0000] {taskinstance.py:430} INFO - ::endgroup::
[2025-08-03T06:53:10.671+0000] {__init__.py:57} INFO - 執行 extract_data (資料載入層)
[2025-08-03T06:53:10.671+0000] {__init__.py:61} INFO - 呼叫演算法 'test_csv' 來自模組 'processor.extract.readCSV'
[2025-08-03T06:53:10.674+0000] {__init__.py:71} INFO - 資料是 pd.DataFrame
[2025-08-03T06:53:10.684+0000] {__init__.py:82} INFO - 資料已存入 Redis，key=***_data:dag_bbbbbbb.extract_data_task
[2025-08-03T06:53:10.694+0000] {python.py:237} INFO - Done. Returned value was: None
[2025-08-03T06:53:10.695+0000] {taskinstance.py:441} INFO - ::group::Post task execution logs
[2025-08-03T06:53:10.703+0000] {taskinstance.py:1206} INFO - Marking task as SUCCESS. dag_id=dag_bbbbbbb, task_id=extract_data_task, run_id=scheduled__2025-06-25T00:00:00+00:00, execution_date=20250625T000000, start_date=20250803T065310, end_date=20250803T065310
[2025-08-03T06:53:10.758+0000] {local_task_job_runner.py:240} INFO - Task exited with return code 0
[2025-08-03T06:53:10.888+0000] {taskinstance.py:3503} INFO - 1 downstream tasks scheduled from follow-on schedule check
[2025-08-03T06:53:10.890+0000] {local_task_job_runner.py:222} INFO - ::endgroup::
[2025-08-03T06:56:14.023+0000] {local_task_job_runner.py:120} INFO - ::group::Pre task execution logs
[2025-08-03T06:56:14.042+0000] {taskinstance.py:2076} INFO - Dependencies all met for dep_context=non-requeueable deps ti=<TaskInstance: dag_bbbbbbb.extract_data_task scheduled__2025-06-25T00:00:00+00:00 [queued]>
[2025-08-03T06:56:14.046+0000] {taskinstance.py:2076} INFO - Dependencies all met for dep_context=requeueable deps ti=<TaskInstance: dag_bbbbbbb.extract_data_task scheduled__2025-06-25T00:00:00+00:00 [queued]>
[2025-08-03T06:56:14.047+0000] {taskinstance.py:2306} INFO - Starting attempt 1 of 1
[2025-08-03T06:56:14.054+0000] {taskinstance.py:2330} INFO - Executing <Task(PythonOperator): extract_data_task> on 2025-06-25 00:00:00+00:00
[2025-08-03T06:56:14.060+0000] {logging_mixin.py:188} WARNING - /home/***/.local/lib/python3.12/site-packages/***/task/task_runner/standard_task_runner.py:61 DeprecationWarning: This process (pid=1357) is multi-threaded, use of fork() may lead to deadlocks in the child.
[2025-08-03T06:56:14.060+0000] {standard_task_runner.py:63} INFO - Started process 1359 to run task
[2025-08-03T06:56:14.061+0000] {standard_task_runner.py:90} INFO - Running: ['***', 'tasks', 'run', 'dag_bbbbbbb', 'extract_data_task', 'scheduled__2025-06-25T00:00:00+00:00', '--job-id', '36', '--raw', '--subdir', 'DAGS_FOLDER/dag_generator.py', '--cfg-path', '/tmp/tmp5gi8my97']
[2025-08-03T06:56:14.062+0000] {standard_task_runner.py:91} INFO - Job 36: Subtask extract_data_task
[2025-08-03T06:56:14.213+0000] {task_command.py:426} INFO - Running <TaskInstance: dag_bbbbbbb.extract_data_task scheduled__2025-06-25T00:00:00+00:00 [running]> on host 19828dfd2b76
[2025-08-03T06:56:14.281+0000] {taskinstance.py:2648} INFO - Exporting env vars: AIRFLOW_CTX_DAG_OWNER='***' AIRFLOW_CTX_DAG_ID='dag_bbbbbbb' AIRFLOW_CTX_TASK_ID='extract_data_task' AIRFLOW_CTX_EXECUTION_DATE='2025-06-25T00:00:00+00:00' AIRFLOW_CTX_TRY_NUMBER='1' AIRFLOW_CTX_DAG_RUN_ID='scheduled__2025-06-25T00:00:00+00:00'
[2025-08-03T06:56:14.282+0000] {taskinstance.py:430} INFO - ::endgroup::
[2025-08-03T06:56:14.291+0000] {__init__.py:57} INFO - 執行 extract_data (資料載入層)
[2025-08-03T06:56:14.293+0000] {__init__.py:61} INFO - 呼叫演算法 'test_csv' 來自模組 'processor.extract.readCSV'
[2025-08-03T06:56:14.294+0000] {__init__.py:71} INFO - 資料是 pd.DataFrame
[2025-08-03T06:56:14.304+0000] {__init__.py:82} INFO - 資料已存入 Redis，key=***_data:dag_bbbbbbb.extract_data_task
[2025-08-03T06:56:14.314+0000] {python.py:237} INFO - Done. Returned value was: None
[2025-08-03T06:56:14.314+0000] {taskinstance.py:441} INFO - ::group::Post task execution logs
[2025-08-03T06:56:14.322+0000] {taskinstance.py:1206} INFO - Marking task as SUCCESS. dag_id=dag_bbbbbbb, task_id=extract_data_task, run_id=scheduled__2025-06-25T00:00:00+00:00, execution_date=20250625T000000, start_date=20250803T065614, end_date=20250803T065614
[2025-08-03T06:56:14.354+0000] {local_task_job_runner.py:240} INFO - Task exited with return code 0
[2025-08-03T06:56:14.487+0000] {taskinstance.py:3503} INFO - 1 downstream tasks scheduled from follow-on schedule check
[2025-08-03T06:56:14.492+0000] {local_task_job_runner.py:222} INFO - ::endgroup::
[2025-08-03T10:17:32.605+0000] {local_task_job_runner.py:120} INFO - ::group::Pre task execution logs
[2025-08-03T10:17:32.637+0000] {taskinstance.py:2076} INFO - Dependencies all met for dep_context=non-requeueable deps ti=<TaskInstance: dag_bbbbbbb.extract_data_task scheduled__2025-06-25T00:00:00+00:00 [queued]>
[2025-08-03T10:17:32.642+0000] {taskinstance.py:2076} INFO - Dependencies all met for dep_context=requeueable deps ti=<TaskInstance: dag_bbbbbbb.extract_data_task scheduled__2025-06-25T00:00:00+00:00 [queued]>
[2025-08-03T10:17:32.643+0000] {taskinstance.py:2306} INFO - Starting attempt 1 of 1
[2025-08-03T10:17:32.654+0000] {taskinstance.py:2330} INFO - Executing <Task(PythonOperator): extract_data_task> on 2025-06-25 00:00:00+00:00
[2025-08-03T10:17:32.663+0000] {logging_mixin.py:188} WARNING - /home/***/.local/lib/python3.12/site-packages/***/task/task_runner/standard_task_runner.py:61 DeprecationWarning: This process (pid=465) is multi-threaded, use of fork() may lead to deadlocks in the child.
[2025-08-03T10:17:32.664+0000] {standard_task_runner.py:63} INFO - Started process 467 to run task
[2025-08-03T10:17:32.664+0000] {standard_task_runner.py:90} INFO - Running: ['***', 'tasks', 'run', 'dag_bbbbbbb', 'extract_data_task', 'scheduled__2025-06-25T00:00:00+00:00', '--job-id', '3', '--raw', '--subdir', 'DAGS_FOLDER/dag_generator.py', '--cfg-path', '/tmp/tmpnw5ppvmi']
[2025-08-03T10:17:32.665+0000] {standard_task_runner.py:91} INFO - Job 3: Subtask extract_data_task
[2025-08-03T10:17:32.857+0000] {task_command.py:426} INFO - Running <TaskInstance: dag_bbbbbbb.extract_data_task scheduled__2025-06-25T00:00:00+00:00 [running]> on host e703672a2137
[2025-08-03T10:17:32.990+0000] {taskinstance.py:2648} INFO - Exporting env vars: AIRFLOW_CTX_DAG_OWNER='***' AIRFLOW_CTX_DAG_ID='dag_bbbbbbb' AIRFLOW_CTX_TASK_ID='extract_data_task' AIRFLOW_CTX_EXECUTION_DATE='2025-06-25T00:00:00+00:00' AIRFLOW_CTX_TRY_NUMBER='1' AIRFLOW_CTX_DAG_RUN_ID='scheduled__2025-06-25T00:00:00+00:00'
[2025-08-03T10:17:32.991+0000] {taskinstance.py:430} INFO - ::endgroup::
[2025-08-03T10:17:33.004+0000] {__init__.py:82} INFO - 執行 extract_data (資料載入層)
[2025-08-03T10:17:33.004+0000] {__init__.py:43} INFO - 使用資料夾結構方法: csv_reader.standard
[2025-08-03T10:17:33.004+0000] {__init__.py:86} INFO - 呼叫方法 'csv_reader.standard' 來自模組 'processor.extract'
[2025-08-03T10:17:33.007+0000] {standard.py:13} INFO - 成功讀取 CSV: 3f2a4b93-b237-4545-bd50-5004d863567c.csv, 資料筆數: 6
[2025-08-03T10:17:33.007+0000] {__init__.py:97} INFO - 資料是 pd.DataFrame
[2025-08-03T10:17:33.034+0000] {__init__.py:107} INFO - 資料已存入 Redis，key=***_data:dag_bbbbbbb.extract_data_task
[2025-08-03T10:17:33.047+0000] {python.py:237} INFO - Done. Returned value was: None
[2025-08-03T10:17:33.047+0000] {taskinstance.py:441} INFO - ::group::Post task execution logs
[2025-08-03T10:17:33.058+0000] {taskinstance.py:1206} INFO - Marking task as SUCCESS. dag_id=dag_bbbbbbb, task_id=extract_data_task, run_id=scheduled__2025-06-25T00:00:00+00:00, execution_date=20250625T000000, start_date=20250803T101732, end_date=20250803T101733
[2025-08-03T10:17:33.119+0000] {local_task_job_runner.py:240} INFO - Task exited with return code 0
[2025-08-03T10:17:33.319+0000] {taskinstance.py:3503} INFO - 1 downstream tasks scheduled from follow-on schedule check
[2025-08-03T10:17:33.321+0000] {local_task_job_runner.py:222} INFO - ::endgroup::
