[2025-08-05T06:06:51.810+0000] {processor.py:161} INFO - Started process (PID=196) to work on /opt/airflow/dags/processor/__init__.py
[2025-08-05T06:06:51.810+0000] {processor.py:830} INFO - Processing file /opt/airflow/dags/processor/__init__.py for tasks to queue
[2025-08-05T06:06:51.811+0000] {logging_mixin.py:188} INFO - [2025-08-05T06:06:51.811+0000] {dagbag.py:545} INFO - Filling up the DagBag from /opt/airflow/dags/processor/__init__.py
[2025-08-05T06:06:52.996+0000] {processor.py:842} WARNING - No viable dags retrieved from /opt/airflow/dags/processor/__init__.py
[2025-08-05T06:06:53.006+0000] {processor.py:183} INFO - Processing /opt/airflow/dags/processor/__init__.py took 1.200 seconds
[2025-08-05T06:07:23.183+0000] {processor.py:161} INFO - Started process (PID=239) to work on /opt/airflow/dags/processor/__init__.py
[2025-08-05T06:07:23.186+0000] {processor.py:830} INFO - Processing file /opt/airflow/dags/processor/__init__.py for tasks to queue
[2025-08-05T06:07:23.188+0000] {logging_mixin.py:188} INFO - [2025-08-05T06:07:23.188+0000] {dagbag.py:545} INFO - Filling up the DagBag from /opt/airflow/dags/processor/__init__.py
[2025-08-05T06:07:23.384+0000] {processor.py:842} WARNING - No viable dags retrieved from /opt/airflow/dags/processor/__init__.py
[2025-08-05T06:07:23.391+0000] {processor.py:183} INFO - Processing /opt/airflow/dags/processor/__init__.py took 0.213 seconds
[2025-08-05T06:07:53.531+0000] {processor.py:161} INFO - Started process (PID=285) to work on /opt/airflow/dags/processor/__init__.py
[2025-08-05T06:07:53.532+0000] {processor.py:830} INFO - Processing file /opt/airflow/dags/processor/__init__.py for tasks to queue
[2025-08-05T06:07:53.534+0000] {logging_mixin.py:188} INFO - [2025-08-05T06:07:53.534+0000] {dagbag.py:545} INFO - Filling up the DagBag from /opt/airflow/dags/processor/__init__.py
[2025-08-05T06:07:53.790+0000] {processor.py:842} WARNING - No viable dags retrieved from /opt/airflow/dags/processor/__init__.py
[2025-08-05T06:07:53.801+0000] {processor.py:183} INFO - Processing /opt/airflow/dags/processor/__init__.py took 0.277 seconds
[2025-08-05T06:08:24.083+0000] {processor.py:161} INFO - Started process (PID=349) to work on /opt/airflow/dags/processor/__init__.py
[2025-08-05T06:08:24.084+0000] {processor.py:830} INFO - Processing file /opt/airflow/dags/processor/__init__.py for tasks to queue
[2025-08-05T06:08:24.085+0000] {logging_mixin.py:188} INFO - [2025-08-05T06:08:24.085+0000] {dagbag.py:545} INFO - Filling up the DagBag from /opt/airflow/dags/processor/__init__.py
[2025-08-05T06:08:24.376+0000] {processor.py:842} WARNING - No viable dags retrieved from /opt/airflow/dags/processor/__init__.py
[2025-08-05T06:08:24.384+0000] {processor.py:183} INFO - Processing /opt/airflow/dags/processor/__init__.py took 0.306 seconds
[2025-08-05T06:08:54.705+0000] {processor.py:161} INFO - Started process (PID=385) to work on /opt/airflow/dags/processor/__init__.py
[2025-08-05T06:08:54.708+0000] {processor.py:830} INFO - Processing file /opt/airflow/dags/processor/__init__.py for tasks to queue
[2025-08-05T06:08:54.710+0000] {logging_mixin.py:188} INFO - [2025-08-05T06:08:54.709+0000] {dagbag.py:545} INFO - Filling up the DagBag from /opt/airflow/dags/processor/__init__.py
[2025-08-05T06:08:54.911+0000] {processor.py:842} WARNING - No viable dags retrieved from /opt/airflow/dags/processor/__init__.py
[2025-08-05T06:08:54.918+0000] {processor.py:183} INFO - Processing /opt/airflow/dags/processor/__init__.py took 0.220 seconds
[2025-08-05T06:09:25.345+0000] {processor.py:161} INFO - Started process (PID=430) to work on /opt/airflow/dags/processor/__init__.py
[2025-08-05T06:09:25.347+0000] {processor.py:830} INFO - Processing file /opt/airflow/dags/processor/__init__.py for tasks to queue
[2025-08-05T06:09:25.349+0000] {logging_mixin.py:188} INFO - [2025-08-05T06:09:25.348+0000] {dagbag.py:545} INFO - Filling up the DagBag from /opt/airflow/dags/processor/__init__.py
[2025-08-05T06:09:25.546+0000] {processor.py:842} WARNING - No viable dags retrieved from /opt/airflow/dags/processor/__init__.py
[2025-08-05T06:09:25.557+0000] {processor.py:183} INFO - Processing /opt/airflow/dags/processor/__init__.py took 0.219 seconds
[2025-08-05T06:09:55.596+0000] {processor.py:161} INFO - Started process (PID=463) to work on /opt/airflow/dags/processor/__init__.py
[2025-08-05T06:09:55.597+0000] {processor.py:830} INFO - Processing file /opt/airflow/dags/processor/__init__.py for tasks to queue
[2025-08-05T06:09:55.599+0000] {logging_mixin.py:188} INFO - [2025-08-05T06:09:55.599+0000] {dagbag.py:545} INFO - Filling up the DagBag from /opt/airflow/dags/processor/__init__.py
[2025-08-05T06:09:55.792+0000] {processor.py:842} WARNING - No viable dags retrieved from /opt/airflow/dags/processor/__init__.py
[2025-08-05T06:09:55.800+0000] {processor.py:183} INFO - Processing /opt/airflow/dags/processor/__init__.py took 0.210 seconds
[2025-08-05T06:10:26.084+0000] {processor.py:161} INFO - Started process (PID=508) to work on /opt/airflow/dags/processor/__init__.py
[2025-08-05T06:10:26.085+0000] {processor.py:830} INFO - Processing file /opt/airflow/dags/processor/__init__.py for tasks to queue
[2025-08-05T06:10:26.087+0000] {logging_mixin.py:188} INFO - [2025-08-05T06:10:26.086+0000] {dagbag.py:545} INFO - Filling up the DagBag from /opt/airflow/dags/processor/__init__.py
[2025-08-05T06:10:26.374+0000] {processor.py:842} WARNING - No viable dags retrieved from /opt/airflow/dags/processor/__init__.py
[2025-08-05T06:10:26.383+0000] {processor.py:183} INFO - Processing /opt/airflow/dags/processor/__init__.py took 0.305 seconds
[2025-08-05T06:10:56.611+0000] {processor.py:161} INFO - Started process (PID=551) to work on /opt/airflow/dags/processor/__init__.py
[2025-08-05T06:10:56.612+0000] {processor.py:830} INFO - Processing file /opt/airflow/dags/processor/__init__.py for tasks to queue
[2025-08-05T06:10:56.613+0000] {logging_mixin.py:188} INFO - [2025-08-05T06:10:56.613+0000] {dagbag.py:545} INFO - Filling up the DagBag from /opt/airflow/dags/processor/__init__.py
[2025-08-05T06:10:56.900+0000] {processor.py:842} WARNING - No viable dags retrieved from /opt/airflow/dags/processor/__init__.py
[2025-08-05T06:10:56.908+0000] {processor.py:183} INFO - Processing /opt/airflow/dags/processor/__init__.py took 0.302 seconds
[2025-08-05T06:11:27.141+0000] {processor.py:161} INFO - Started process (PID=589) to work on /opt/airflow/dags/processor/__init__.py
[2025-08-05T06:11:27.142+0000] {processor.py:830} INFO - Processing file /opt/airflow/dags/processor/__init__.py for tasks to queue
[2025-08-05T06:11:27.142+0000] {logging_mixin.py:188} INFO - [2025-08-05T06:11:27.142+0000] {dagbag.py:545} INFO - Filling up the DagBag from /opt/airflow/dags/processor/__init__.py
[2025-08-05T06:11:27.436+0000] {processor.py:842} WARNING - No viable dags retrieved from /opt/airflow/dags/processor/__init__.py
[2025-08-05T06:11:27.446+0000] {processor.py:183} INFO - Processing /opt/airflow/dags/processor/__init__.py took 0.311 seconds
[2025-08-05T06:11:57.692+0000] {processor.py:161} INFO - Started process (PID=632) to work on /opt/airflow/dags/processor/__init__.py
[2025-08-05T06:11:57.693+0000] {processor.py:830} INFO - Processing file /opt/airflow/dags/processor/__init__.py for tasks to queue
[2025-08-05T06:11:57.694+0000] {logging_mixin.py:188} INFO - [2025-08-05T06:11:57.694+0000] {dagbag.py:545} INFO - Filling up the DagBag from /opt/airflow/dags/processor/__init__.py
[2025-08-05T06:11:57.896+0000] {processor.py:842} WARNING - No viable dags retrieved from /opt/airflow/dags/processor/__init__.py
[2025-08-05T06:11:57.904+0000] {processor.py:183} INFO - Processing /opt/airflow/dags/processor/__init__.py took 0.219 seconds
[2025-08-05T06:12:28.116+0000] {processor.py:161} INFO - Started process (PID=670) to work on /opt/airflow/dags/processor/__init__.py
[2025-08-05T06:12:28.116+0000] {processor.py:830} INFO - Processing file /opt/airflow/dags/processor/__init__.py for tasks to queue
[2025-08-05T06:12:28.117+0000] {logging_mixin.py:188} INFO - [2025-08-05T06:12:28.117+0000] {dagbag.py:545} INFO - Filling up the DagBag from /opt/airflow/dags/processor/__init__.py
[2025-08-05T06:12:28.424+0000] {processor.py:842} WARNING - No viable dags retrieved from /opt/airflow/dags/processor/__init__.py
[2025-08-05T06:12:28.434+0000] {processor.py:183} INFO - Processing /opt/airflow/dags/processor/__init__.py took 0.323 seconds
[2025-08-05T06:12:58.660+0000] {processor.py:161} INFO - Started process (PID=713) to work on /opt/airflow/dags/processor/__init__.py
[2025-08-05T06:12:58.661+0000] {processor.py:830} INFO - Processing file /opt/airflow/dags/processor/__init__.py for tasks to queue
[2025-08-05T06:12:58.663+0000] {logging_mixin.py:188} INFO - [2025-08-05T06:12:58.662+0000] {dagbag.py:545} INFO - Filling up the DagBag from /opt/airflow/dags/processor/__init__.py
[2025-08-05T06:12:58.958+0000] {processor.py:842} WARNING - No viable dags retrieved from /opt/airflow/dags/processor/__init__.py
[2025-08-05T06:12:58.967+0000] {processor.py:183} INFO - Processing /opt/airflow/dags/processor/__init__.py took 0.313 seconds
[2025-08-05T06:13:29.240+0000] {processor.py:161} INFO - Started process (PID=758) to work on /opt/airflow/dags/processor/__init__.py
[2025-08-05T06:13:29.242+0000] {processor.py:830} INFO - Processing file /opt/airflow/dags/processor/__init__.py for tasks to queue
[2025-08-05T06:13:29.243+0000] {logging_mixin.py:188} INFO - [2025-08-05T06:13:29.243+0000] {dagbag.py:545} INFO - Filling up the DagBag from /opt/airflow/dags/processor/__init__.py
[2025-08-05T06:13:29.538+0000] {processor.py:842} WARNING - No viable dags retrieved from /opt/airflow/dags/processor/__init__.py
[2025-08-05T06:13:29.547+0000] {processor.py:183} INFO - Processing /opt/airflow/dags/processor/__init__.py took 0.310 seconds
[2025-08-05T06:22:31.297+0000] {processor.py:161} INFO - Started process (PID=197) to work on /opt/airflow/dags/processor/__init__.py
[2025-08-05T06:22:31.299+0000] {processor.py:830} INFO - Processing file /opt/airflow/dags/processor/__init__.py for tasks to queue
[2025-08-05T06:22:31.300+0000] {logging_mixin.py:188} INFO - [2025-08-05T06:22:31.300+0000] {dagbag.py:545} INFO - Filling up the DagBag from /opt/airflow/dags/processor/__init__.py
[2025-08-05T06:22:33.244+0000] {processor.py:842} WARNING - No viable dags retrieved from /opt/airflow/dags/processor/__init__.py
[2025-08-05T06:22:33.256+0000] {processor.py:183} INFO - Processing /opt/airflow/dags/processor/__init__.py took 1.965 seconds
[2025-08-05T06:23:03.529+0000] {processor.py:161} INFO - Started process (PID=238) to work on /opt/airflow/dags/processor/__init__.py
[2025-08-05T06:23:03.533+0000] {processor.py:830} INFO - Processing file /opt/airflow/dags/processor/__init__.py for tasks to queue
[2025-08-05T06:23:03.536+0000] {logging_mixin.py:188} INFO - [2025-08-05T06:23:03.535+0000] {dagbag.py:545} INFO - Filling up the DagBag from /opt/airflow/dags/processor/__init__.py
[2025-08-05T06:23:03.758+0000] {processor.py:842} WARNING - No viable dags retrieved from /opt/airflow/dags/processor/__init__.py
[2025-08-05T06:23:03.769+0000] {processor.py:183} INFO - Processing /opt/airflow/dags/processor/__init__.py took 0.252 seconds
[2025-08-05T06:23:33.817+0000] {processor.py:161} INFO - Started process (PID=280) to work on /opt/airflow/dags/processor/__init__.py
[2025-08-05T06:23:33.819+0000] {processor.py:830} INFO - Processing file /opt/airflow/dags/processor/__init__.py for tasks to queue
[2025-08-05T06:23:33.820+0000] {logging_mixin.py:188} INFO - [2025-08-05T06:23:33.820+0000] {dagbag.py:545} INFO - Filling up the DagBag from /opt/airflow/dags/processor/__init__.py
[2025-08-05T06:23:34.026+0000] {processor.py:842} WARNING - No viable dags retrieved from /opt/airflow/dags/processor/__init__.py
[2025-08-05T06:23:34.036+0000] {processor.py:183} INFO - Processing /opt/airflow/dags/processor/__init__.py took 0.225 seconds
[2025-08-05T06:24:09.936+0000] {processor.py:161} INFO - Started process (PID=198) to work on /opt/airflow/dags/processor/__init__.py
[2025-08-05T06:24:09.936+0000] {processor.py:830} INFO - Processing file /opt/airflow/dags/processor/__init__.py for tasks to queue
[2025-08-05T06:24:09.937+0000] {logging_mixin.py:188} INFO - [2025-08-05T06:24:09.937+0000] {dagbag.py:545} INFO - Filling up the DagBag from /opt/airflow/dags/processor/__init__.py
[2025-08-05T06:24:10.973+0000] {processor.py:842} WARNING - No viable dags retrieved from /opt/airflow/dags/processor/__init__.py
[2025-08-05T06:24:10.981+0000] {processor.py:183} INFO - Processing /opt/airflow/dags/processor/__init__.py took 1.049 seconds
[2025-08-05T06:24:41.201+0000] {processor.py:161} INFO - Started process (PID=238) to work on /opt/airflow/dags/processor/__init__.py
[2025-08-05T06:24:41.204+0000] {processor.py:830} INFO - Processing file /opt/airflow/dags/processor/__init__.py for tasks to queue
[2025-08-05T06:24:41.207+0000] {logging_mixin.py:188} INFO - [2025-08-05T06:24:41.206+0000] {dagbag.py:545} INFO - Filling up the DagBag from /opt/airflow/dags/processor/__init__.py
[2025-08-05T06:24:41.405+0000] {processor.py:842} WARNING - No viable dags retrieved from /opt/airflow/dags/processor/__init__.py
[2025-08-05T06:24:41.417+0000] {processor.py:183} INFO - Processing /opt/airflow/dags/processor/__init__.py took 0.224 seconds
[2025-08-05T06:25:11.677+0000] {processor.py:161} INFO - Started process (PID=286) to work on /opt/airflow/dags/processor/__init__.py
[2025-08-05T06:25:11.678+0000] {processor.py:830} INFO - Processing file /opt/airflow/dags/processor/__init__.py for tasks to queue
[2025-08-05T06:25:11.679+0000] {logging_mixin.py:188} INFO - [2025-08-05T06:25:11.679+0000] {dagbag.py:545} INFO - Filling up the DagBag from /opt/airflow/dags/processor/__init__.py
[2025-08-05T06:25:11.894+0000] {processor.py:842} WARNING - No viable dags retrieved from /opt/airflow/dags/processor/__init__.py
[2025-08-05T06:25:11.906+0000] {processor.py:183} INFO - Processing /opt/airflow/dags/processor/__init__.py took 0.233 seconds
[2025-08-05T06:25:42.195+0000] {processor.py:161} INFO - Started process (PID=349) to work on /opt/airflow/dags/processor/__init__.py
[2025-08-05T06:25:42.195+0000] {processor.py:830} INFO - Processing file /opt/airflow/dags/processor/__init__.py for tasks to queue
[2025-08-05T06:25:42.196+0000] {logging_mixin.py:188} INFO - [2025-08-05T06:25:42.196+0000] {dagbag.py:545} INFO - Filling up the DagBag from /opt/airflow/dags/processor/__init__.py
[2025-08-05T06:25:42.418+0000] {processor.py:842} WARNING - No viable dags retrieved from /opt/airflow/dags/processor/__init__.py
[2025-08-05T06:25:42.430+0000] {processor.py:183} INFO - Processing /opt/airflow/dags/processor/__init__.py took 0.240 seconds
[2025-08-05T06:26:12.461+0000] {processor.py:161} INFO - Started process (PID=384) to work on /opt/airflow/dags/processor/__init__.py
[2025-08-05T06:26:12.462+0000] {processor.py:830} INFO - Processing file /opt/airflow/dags/processor/__init__.py for tasks to queue
[2025-08-05T06:26:12.464+0000] {logging_mixin.py:188} INFO - [2025-08-05T06:26:12.464+0000] {dagbag.py:545} INFO - Filling up the DagBag from /opt/airflow/dags/processor/__init__.py
[2025-08-05T06:26:12.666+0000] {processor.py:842} WARNING - No viable dags retrieved from /opt/airflow/dags/processor/__init__.py
[2025-08-05T06:26:12.674+0000] {processor.py:183} INFO - Processing /opt/airflow/dags/processor/__init__.py took 0.218 seconds
[2025-08-05T06:26:42.859+0000] {processor.py:161} INFO - Started process (PID=424) to work on /opt/airflow/dags/processor/__init__.py
[2025-08-05T06:26:42.862+0000] {processor.py:830} INFO - Processing file /opt/airflow/dags/processor/__init__.py for tasks to queue
[2025-08-05T06:26:42.863+0000] {logging_mixin.py:188} INFO - [2025-08-05T06:26:42.863+0000] {dagbag.py:545} INFO - Filling up the DagBag from /opt/airflow/dags/processor/__init__.py
[2025-08-05T06:26:43.063+0000] {processor.py:842} WARNING - No viable dags retrieved from /opt/airflow/dags/processor/__init__.py
[2025-08-05T06:26:43.071+0000] {processor.py:183} INFO - Processing /opt/airflow/dags/processor/__init__.py took 0.218 seconds
[2025-08-05T06:27:13.347+0000] {processor.py:161} INFO - Started process (PID=465) to work on /opt/airflow/dags/processor/__init__.py
[2025-08-05T06:27:13.348+0000] {processor.py:830} INFO - Processing file /opt/airflow/dags/processor/__init__.py for tasks to queue
[2025-08-05T06:27:13.349+0000] {logging_mixin.py:188} INFO - [2025-08-05T06:27:13.349+0000] {dagbag.py:545} INFO - Filling up the DagBag from /opt/airflow/dags/processor/__init__.py
[2025-08-05T06:27:13.548+0000] {processor.py:842} WARNING - No viable dags retrieved from /opt/airflow/dags/processor/__init__.py
[2025-08-05T06:27:13.557+0000] {processor.py:183} INFO - Processing /opt/airflow/dags/processor/__init__.py took 0.214 seconds
[2025-08-05T06:27:43.787+0000] {processor.py:161} INFO - Started process (PID=508) to work on /opt/airflow/dags/processor/__init__.py
[2025-08-05T06:27:43.787+0000] {processor.py:830} INFO - Processing file /opt/airflow/dags/processor/__init__.py for tasks to queue
[2025-08-05T06:27:43.789+0000] {logging_mixin.py:188} INFO - [2025-08-05T06:27:43.789+0000] {dagbag.py:545} INFO - Filling up the DagBag from /opt/airflow/dags/processor/__init__.py
[2025-08-05T06:27:44.075+0000] {processor.py:842} WARNING - No viable dags retrieved from /opt/airflow/dags/processor/__init__.py
[2025-08-05T06:27:44.087+0000] {processor.py:183} INFO - Processing /opt/airflow/dags/processor/__init__.py took 0.307 seconds
[2025-08-05T06:28:14.314+0000] {processor.py:161} INFO - Started process (PID=546) to work on /opt/airflow/dags/processor/__init__.py
[2025-08-05T06:28:14.315+0000] {processor.py:830} INFO - Processing file /opt/airflow/dags/processor/__init__.py for tasks to queue
[2025-08-05T06:28:14.317+0000] {logging_mixin.py:188} INFO - [2025-08-05T06:28:14.317+0000] {dagbag.py:545} INFO - Filling up the DagBag from /opt/airflow/dags/processor/__init__.py
[2025-08-05T06:28:14.515+0000] {processor.py:842} WARNING - No viable dags retrieved from /opt/airflow/dags/processor/__init__.py
[2025-08-05T06:28:14.523+0000] {processor.py:183} INFO - Processing /opt/airflow/dags/processor/__init__.py took 0.215 seconds
[2025-08-05T06:28:44.842+0000] {processor.py:161} INFO - Started process (PID=589) to work on /opt/airflow/dags/processor/__init__.py
[2025-08-05T06:28:44.843+0000] {processor.py:830} INFO - Processing file /opt/airflow/dags/processor/__init__.py for tasks to queue
[2025-08-05T06:28:44.844+0000] {logging_mixin.py:188} INFO - [2025-08-05T06:28:44.844+0000] {dagbag.py:545} INFO - Filling up the DagBag from /opt/airflow/dags/processor/__init__.py
[2025-08-05T06:28:45.058+0000] {processor.py:842} WARNING - No viable dags retrieved from /opt/airflow/dags/processor/__init__.py
[2025-08-05T06:28:45.070+0000] {processor.py:183} INFO - Processing /opt/airflow/dags/processor/__init__.py took 0.235 seconds
[2025-08-05T06:29:15.250+0000] {processor.py:161} INFO - Started process (PID=631) to work on /opt/airflow/dags/processor/__init__.py
[2025-08-05T06:29:15.254+0000] {processor.py:830} INFO - Processing file /opt/airflow/dags/processor/__init__.py for tasks to queue
[2025-08-05T06:29:15.255+0000] {logging_mixin.py:188} INFO - [2025-08-05T06:29:15.255+0000] {dagbag.py:545} INFO - Filling up the DagBag from /opt/airflow/dags/processor/__init__.py
[2025-08-05T06:29:15.454+0000] {processor.py:842} WARNING - No viable dags retrieved from /opt/airflow/dags/processor/__init__.py
[2025-08-05T06:29:15.464+0000] {processor.py:183} INFO - Processing /opt/airflow/dags/processor/__init__.py took 0.220 seconds
[2025-08-05T06:29:45.669+0000] {processor.py:161} INFO - Started process (PID=668) to work on /opt/airflow/dags/processor/__init__.py
[2025-08-05T06:29:45.673+0000] {processor.py:830} INFO - Processing file /opt/airflow/dags/processor/__init__.py for tasks to queue
[2025-08-05T06:29:45.677+0000] {logging_mixin.py:188} INFO - [2025-08-05T06:29:45.676+0000] {dagbag.py:545} INFO - Filling up the DagBag from /opt/airflow/dags/processor/__init__.py
[2025-08-05T06:29:45.976+0000] {processor.py:842} WARNING - No viable dags retrieved from /opt/airflow/dags/processor/__init__.py
[2025-08-05T06:29:45.983+0000] {processor.py:183} INFO - Processing /opt/airflow/dags/processor/__init__.py took 0.327 seconds
[2025-08-05T06:30:16.235+0000] {processor.py:161} INFO - Started process (PID=716) to work on /opt/airflow/dags/processor/__init__.py
[2025-08-05T06:30:16.235+0000] {processor.py:830} INFO - Processing file /opt/airflow/dags/processor/__init__.py for tasks to queue
[2025-08-05T06:30:16.236+0000] {logging_mixin.py:188} INFO - [2025-08-05T06:30:16.236+0000] {dagbag.py:545} INFO - Filling up the DagBag from /opt/airflow/dags/processor/__init__.py
[2025-08-05T06:30:16.541+0000] {processor.py:842} WARNING - No viable dags retrieved from /opt/airflow/dags/processor/__init__.py
[2025-08-05T06:30:16.551+0000] {processor.py:183} INFO - Processing /opt/airflow/dags/processor/__init__.py took 0.319 seconds
[2025-08-05T06:30:46.783+0000] {processor.py:161} INFO - Started process (PID=752) to work on /opt/airflow/dags/processor/__init__.py
[2025-08-05T06:30:46.784+0000] {processor.py:830} INFO - Processing file /opt/airflow/dags/processor/__init__.py for tasks to queue
[2025-08-05T06:30:46.786+0000] {logging_mixin.py:188} INFO - [2025-08-05T06:30:46.785+0000] {dagbag.py:545} INFO - Filling up the DagBag from /opt/airflow/dags/processor/__init__.py
[2025-08-05T06:30:46.981+0000] {processor.py:842} WARNING - No viable dags retrieved from /opt/airflow/dags/processor/__init__.py
[2025-08-05T06:30:46.988+0000] {processor.py:183} INFO - Processing /opt/airflow/dags/processor/__init__.py took 0.212 seconds
[2025-08-05T06:59:40.349+0000] {processor.py:161} INFO - Started process (PID=198) to work on /opt/airflow/dags/processor/__init__.py
[2025-08-05T06:59:40.351+0000] {processor.py:830} INFO - Processing file /opt/airflow/dags/processor/__init__.py for tasks to queue
[2025-08-05T06:59:40.352+0000] {logging_mixin.py:188} INFO - [2025-08-05T06:59:40.352+0000] {dagbag.py:545} INFO - Filling up the DagBag from /opt/airflow/dags/processor/__init__.py
[2025-08-05T06:59:41.805+0000] {processor.py:842} WARNING - No viable dags retrieved from /opt/airflow/dags/processor/__init__.py
[2025-08-05T06:59:41.817+0000] {processor.py:183} INFO - Processing /opt/airflow/dags/processor/__init__.py took 1.473 seconds
[2025-08-05T07:00:12.566+0000] {processor.py:161} INFO - Started process (PID=246) to work on /opt/airflow/dags/processor/__init__.py
[2025-08-05T07:00:12.568+0000] {processor.py:830} INFO - Processing file /opt/airflow/dags/processor/__init__.py for tasks to queue
[2025-08-05T07:00:12.569+0000] {logging_mixin.py:188} INFO - [2025-08-05T07:00:12.569+0000] {dagbag.py:545} INFO - Filling up the DagBag from /opt/airflow/dags/processor/__init__.py
[2025-08-05T07:00:12.796+0000] {processor.py:842} WARNING - No viable dags retrieved from /opt/airflow/dags/processor/__init__.py
[2025-08-05T07:00:12.808+0000] {processor.py:183} INFO - Processing /opt/airflow/dags/processor/__init__.py took 0.246 seconds
[2025-08-05T07:00:42.917+0000] {processor.py:161} INFO - Started process (PID=306) to work on /opt/airflow/dags/processor/__init__.py
[2025-08-05T07:00:42.918+0000] {processor.py:830} INFO - Processing file /opt/airflow/dags/processor/__init__.py for tasks to queue
[2025-08-05T07:00:42.919+0000] {logging_mixin.py:188} INFO - [2025-08-05T07:00:42.919+0000] {dagbag.py:545} INFO - Filling up the DagBag from /opt/airflow/dags/processor/__init__.py
[2025-08-05T07:00:43.117+0000] {processor.py:842} WARNING - No viable dags retrieved from /opt/airflow/dags/processor/__init__.py
[2025-08-05T07:00:43.128+0000] {processor.py:183} INFO - Processing /opt/airflow/dags/processor/__init__.py took 0.216 seconds
