[2025-08-01T07:30:23.192+0000] {local_task_job_runner.py:120} INFO - ::group::Pre task execution logs
[2025-08-01T07:30:23.382+0000] {taskinstance.py:2076} INFO - Dependencies all met for dep_context=non-requeueable deps ti=<TaskInstance: dag_bbbbbbb1.transform_data_task scheduled__2025-06-25T00:00:00+00:00 [queued]>
[2025-08-01T07:30:23.392+0000] {taskinstance.py:2076} INFO - Dependencies all met for dep_context=requeueable deps ti=<TaskInstance: dag_bbbbbbb1.transform_data_task scheduled__2025-06-25T00:00:00+00:00 [queued]>
[2025-08-01T07:30:23.392+0000] {taskinstance.py:2306} INFO - Starting attempt 1 of 1
[2025-08-01T07:30:23.404+0000] {taskinstance.py:2330} INFO - Executing <Task(PythonOperator): transform_data_task> on 2025-06-25 00:00:00+00:00
[2025-08-01T07:30:23.412+0000] {logging_mixin.py:188} WARNING - /home/***/.local/lib/python3.12/site-packages/***/task/task_runner/standard_task_runner.py:61 DeprecationWarning: This process (pid=20415) is multi-threaded, use of fork() may lead to deadlocks in the child.
[2025-08-01T07:30:23.413+0000] {standard_task_runner.py:63} INFO - Started process 20426 to run task
[2025-08-01T07:30:23.412+0000] {standard_task_runner.py:90} INFO - Running: ['***', 'tasks', 'run', 'dag_bbbbbbb1', 'transform_data_task', 'scheduled__2025-06-25T00:00:00+00:00', '--job-id', '217', '--raw', '--subdir', 'DAGS_FOLDER/dag_generator.py', '--cfg-path', '/tmp/tmp6wl650qp']
[2025-08-01T07:30:23.414+0000] {standard_task_runner.py:91} INFO - Job 217: Subtask transform_data_task
[2025-08-01T07:30:23.455+0000] {task_command.py:426} INFO - Running <TaskInstance: dag_bbbbbbb1.transform_data_task scheduled__2025-06-25T00:00:00+00:00 [running]> on host 14614e29d246
[2025-08-01T07:30:23.550+0000] {taskinstance.py:2648} INFO - Exporting env vars: AIRFLOW_CTX_DAG_OWNER='***' AIRFLOW_CTX_DAG_ID='dag_bbbbbbb1' AIRFLOW_CTX_TASK_ID='transform_data_task' AIRFLOW_CTX_EXECUTION_DATE='2025-06-25T00:00:00+00:00' AIRFLOW_CTX_TRY_NUMBER='1' AIRFLOW_CTX_DAG_RUN_ID='scheduled__2025-06-25T00:00:00+00:00'
[2025-08-01T07:30:23.552+0000] {taskinstance.py:430} INFO - ::endgroup::
[2025-08-01T07:30:23.574+0000] {__init__.py:92} INFO - 執行 transform_data (資料轉換層)
[2025-08-01T07:30:23.574+0000] {__init__.py:34} INFO - _get_upstream_output_path 上游任務: {'extract_data_task'}
[2025-08-01T07:30:23.574+0000] {__init__.py:50} INFO - 任務 'transform_data_task' 從單一上游 'extract_data_task' 拉取資料
[2025-08-01T07:30:23.583+0000] {__init__.py:52} INFO - 拉取到的 redis_key: ***_data:dag_bbbbbbb1.extract_data_task
[2025-08-01T07:30:23.586+0000] {__init__.py:115} INFO - 呼叫演算法 'aggregate_product_data' 來自模組 'processor.transform.algos_1'
[2025-08-01T07:30:23.624+0000] {algos_1.py:29} INFO - 資料處理完成
[2025-08-01T07:30:23.624+0000] {__init__.py:127} INFO - 資料是 pd.DataFrame
[2025-08-01T07:30:23.627+0000] {__init__.py:138} INFO - 轉換後資料已存入 Redis，key=***_data:dag_bbbbbbb1.transform_data_task
[2025-08-01T07:30:23.628+0000] {__init__.py:147} INFO - 刪除上游 Redis key: ***_data:dag_bbbbbbb1.extract_data_task
[2025-08-01T07:30:23.643+0000] {python.py:237} INFO - Done. Returned value was: None
[2025-08-01T07:30:23.644+0000] {taskinstance.py:441} INFO - ::group::Post task execution logs
[2025-08-01T07:30:23.653+0000] {taskinstance.py:1206} INFO - Marking task as SUCCESS. dag_id=dag_bbbbbbb1, task_id=transform_data_task, run_id=scheduled__2025-06-25T00:00:00+00:00, execution_date=20250625T000000, start_date=20250801T073023, end_date=20250801T073023
[2025-08-01T07:30:23.706+0000] {local_task_job_runner.py:240} INFO - Task exited with return code 0
[2025-08-01T07:30:23.727+0000] {taskinstance.py:3503} INFO - 1 downstream tasks scheduled from follow-on schedule check
[2025-08-01T07:30:23.730+0000] {local_task_job_runner.py:222} INFO - ::endgroup::
