[2025-07-28T05:12:00.864+0000] {processor.py:161} INFO - Started process (PID=6780) to work on /opt/airflow/dags/processor/data_processor.py
[2025-07-28T05:12:00.865+0000] {processor.py:830} INFO - Processing file /opt/airflow/dags/processor/data_processor.py for tasks to queue
[2025-07-28T05:12:00.865+0000] {logging_mixin.py:188} INFO - [2025-07-28T05:12:00.865+0000] {dagbag.py:545} INFO - Filling up the DagBag from /opt/airflow/dags/processor/data_processor.py
[2025-07-28T05:12:01.141+0000] {processor.py:842} WARNING - No viable dags retrieved from /opt/airflow/dags/processor/data_processor.py
[2025-07-28T05:12:01.150+0000] {processor.py:183} INFO - Processing /opt/airflow/dags/processor/data_processor.py took 0.291 seconds
[2025-07-28T05:12:31.350+0000] {processor.py:161} INFO - Started process (PID=6824) to work on /opt/airflow/dags/processor/data_processor.py
[2025-07-28T05:12:31.354+0000] {processor.py:830} INFO - Processing file /opt/airflow/dags/processor/data_processor.py for tasks to queue
[2025-07-28T05:12:31.355+0000] {logging_mixin.py:188} INFO - [2025-07-28T05:12:31.354+0000] {dagbag.py:545} INFO - Filling up the DagBag from /opt/airflow/dags/processor/data_processor.py
[2025-07-28T05:12:31.638+0000] {processor.py:842} WARNING - No viable dags retrieved from /opt/airflow/dags/processor/data_processor.py
[2025-07-28T05:12:31.647+0000] {processor.py:183} INFO - Processing /opt/airflow/dags/processor/data_processor.py took 0.305 seconds
[2025-07-28T05:13:01.846+0000] {processor.py:161} INFO - Started process (PID=6861) to work on /opt/airflow/dags/processor/data_processor.py
[2025-07-28T05:13:01.849+0000] {processor.py:830} INFO - Processing file /opt/airflow/dags/processor/data_processor.py for tasks to queue
[2025-07-28T05:13:01.850+0000] {logging_mixin.py:188} INFO - [2025-07-28T05:13:01.850+0000] {dagbag.py:545} INFO - Filling up the DagBag from /opt/airflow/dags/processor/data_processor.py
[2025-07-28T05:13:02.193+0000] {processor.py:842} WARNING - No viable dags retrieved from /opt/airflow/dags/processor/data_processor.py
[2025-07-28T05:13:02.203+0000] {processor.py:183} INFO - Processing /opt/airflow/dags/processor/data_processor.py took 0.362 seconds
[2025-07-28T05:13:32.404+0000] {processor.py:161} INFO - Started process (PID=6905) to work on /opt/airflow/dags/processor/data_processor.py
[2025-07-28T05:13:32.406+0000] {processor.py:830} INFO - Processing file /opt/airflow/dags/processor/data_processor.py for tasks to queue
[2025-07-28T05:13:32.407+0000] {logging_mixin.py:188} INFO - [2025-07-28T05:13:32.407+0000] {dagbag.py:545} INFO - Filling up the DagBag from /opt/airflow/dags/processor/data_processor.py
[2025-07-28T05:13:32.697+0000] {processor.py:842} WARNING - No viable dags retrieved from /opt/airflow/dags/processor/data_processor.py
[2025-07-28T05:13:32.704+0000] {processor.py:183} INFO - Processing /opt/airflow/dags/processor/data_processor.py took 0.307 seconds
[2025-07-28T05:14:02.900+0000] {processor.py:161} INFO - Started process (PID=6949) to work on /opt/airflow/dags/processor/data_processor.py
[2025-07-28T05:14:02.902+0000] {processor.py:830} INFO - Processing file /opt/airflow/dags/processor/data_processor.py for tasks to queue
[2025-07-28T05:14:02.903+0000] {logging_mixin.py:188} INFO - [2025-07-28T05:14:02.902+0000] {dagbag.py:545} INFO - Filling up the DagBag from /opt/airflow/dags/processor/data_processor.py
[2025-07-28T05:14:03.237+0000] {processor.py:842} WARNING - No viable dags retrieved from /opt/airflow/dags/processor/data_processor.py
[2025-07-28T05:14:03.246+0000] {processor.py:183} INFO - Processing /opt/airflow/dags/processor/data_processor.py took 0.352 seconds
[2025-07-28T05:14:33.438+0000] {processor.py:161} INFO - Started process (PID=6986) to work on /opt/airflow/dags/processor/data_processor.py
[2025-07-28T05:14:33.439+0000] {processor.py:830} INFO - Processing file /opt/airflow/dags/processor/data_processor.py for tasks to queue
[2025-07-28T05:14:33.440+0000] {logging_mixin.py:188} INFO - [2025-07-28T05:14:33.439+0000] {dagbag.py:545} INFO - Filling up the DagBag from /opt/airflow/dags/processor/data_processor.py
[2025-07-28T05:14:33.739+0000] {processor.py:842} WARNING - No viable dags retrieved from /opt/airflow/dags/processor/data_processor.py
[2025-07-28T05:14:33.749+0000] {processor.py:183} INFO - Processing /opt/airflow/dags/processor/data_processor.py took 0.318 seconds
