[2025-07-28T05:17:00.945+0000] {processor.py:161} INFO - Started process (PID=7171) to work on /opt/airflow/dags/processor/data_processor1111.py
[2025-07-28T05:17:00.945+0000] {processor.py:830} INFO - Processing file /opt/airflow/dags/processor/data_processor1111.py for tasks to queue
[2025-07-28T05:17:00.946+0000] {logging_mixin.py:188} INFO - [2025-07-28T05:17:00.946+0000] {dagbag.py:545} INFO - Filling up the DagBag from /opt/airflow/dags/processor/data_processor1111.py
[2025-07-28T05:17:01.233+0000] {processor.py:842} WARNING - No viable dags retrieved from /opt/airflow/dags/processor/data_processor1111.py
[2025-07-28T05:17:01.240+0000] {processor.py:183} INFO - Processing /opt/airflow/dags/processor/data_processor1111.py took 0.302 seconds
[2025-07-28T05:17:31.768+0000] {processor.py:161} INFO - Started process (PID=7214) to work on /opt/airflow/dags/processor/data_processor1111.py
[2025-07-28T05:17:31.768+0000] {processor.py:830} INFO - Processing file /opt/airflow/dags/processor/data_processor1111.py for tasks to queue
[2025-07-28T05:17:31.769+0000] {logging_mixin.py:188} INFO - [2025-07-28T05:17:31.769+0000] {dagbag.py:545} INFO - Filling up the DagBag from /opt/airflow/dags/processor/data_processor1111.py
[2025-07-28T05:17:32.052+0000] {processor.py:842} WARNING - No viable dags retrieved from /opt/airflow/dags/processor/data_processor1111.py
[2025-07-28T05:17:32.059+0000] {processor.py:183} INFO - Processing /opt/airflow/dags/processor/data_processor1111.py took 0.297 seconds
[2025-07-28T05:18:02.279+0000] {processor.py:161} INFO - Started process (PID=7264) to work on /opt/airflow/dags/processor/data_processor1111.py
[2025-07-28T05:18:02.279+0000] {processor.py:830} INFO - Processing file /opt/airflow/dags/processor/data_processor1111.py for tasks to queue
[2025-07-28T05:18:02.280+0000] {logging_mixin.py:188} INFO - [2025-07-28T05:18:02.279+0000] {dagbag.py:545} INFO - Filling up the DagBag from /opt/airflow/dags/processor/data_processor1111.py
[2025-07-28T05:18:02.592+0000] {processor.py:842} WARNING - No viable dags retrieved from /opt/airflow/dags/processor/data_processor1111.py
[2025-07-28T05:18:02.601+0000] {processor.py:183} INFO - Processing /opt/airflow/dags/processor/data_processor1111.py took 0.328 seconds
[2025-07-28T05:18:32.824+0000] {processor.py:161} INFO - Started process (PID=7315) to work on /opt/airflow/dags/processor/data_processor1111.py
[2025-07-28T05:18:32.825+0000] {processor.py:830} INFO - Processing file /opt/airflow/dags/processor/data_processor1111.py for tasks to queue
[2025-07-28T05:18:32.825+0000] {logging_mixin.py:188} INFO - [2025-07-28T05:18:32.825+0000] {dagbag.py:545} INFO - Filling up the DagBag from /opt/airflow/dags/processor/data_processor1111.py
[2025-07-28T05:18:33.109+0000] {processor.py:842} WARNING - No viable dags retrieved from /opt/airflow/dags/processor/data_processor1111.py
[2025-07-28T05:18:33.116+0000] {processor.py:183} INFO - Processing /opt/airflow/dags/processor/data_processor1111.py took 0.297 seconds
[2025-07-28T05:19:03.631+0000] {processor.py:161} INFO - Started process (PID=7358) to work on /opt/airflow/dags/processor/data_processor1111.py
[2025-07-28T05:19:03.632+0000] {processor.py:830} INFO - Processing file /opt/airflow/dags/processor/data_processor1111.py for tasks to queue
[2025-07-28T05:19:03.633+0000] {logging_mixin.py:188} INFO - [2025-07-28T05:19:03.633+0000] {dagbag.py:545} INFO - Filling up the DagBag from /opt/airflow/dags/processor/data_processor1111.py
[2025-07-28T05:19:03.931+0000] {processor.py:842} WARNING - No viable dags retrieved from /opt/airflow/dags/processor/data_processor1111.py
[2025-07-28T05:19:03.940+0000] {processor.py:183} INFO - Processing /opt/airflow/dags/processor/data_processor1111.py took 0.315 seconds
[2025-07-28T05:19:34.181+0000] {processor.py:161} INFO - Started process (PID=7408) to work on /opt/airflow/dags/processor/data_processor1111.py
[2025-07-28T05:19:34.182+0000] {processor.py:830} INFO - Processing file /opt/airflow/dags/processor/data_processor1111.py for tasks to queue
[2025-07-28T05:19:34.182+0000] {logging_mixin.py:188} INFO - [2025-07-28T05:19:34.182+0000] {dagbag.py:545} INFO - Filling up the DagBag from /opt/airflow/dags/processor/data_processor1111.py
[2025-07-28T05:19:34.459+0000] {processor.py:842} WARNING - No viable dags retrieved from /opt/airflow/dags/processor/data_processor1111.py
[2025-07-28T05:19:34.469+0000] {processor.py:183} INFO - Processing /opt/airflow/dags/processor/data_processor1111.py took 0.293 seconds
[2025-07-28T05:20:04.778+0000] {processor.py:161} INFO - Started process (PID=7451) to work on /opt/airflow/dags/processor/data_processor1111.py
[2025-07-28T05:20:04.779+0000] {processor.py:830} INFO - Processing file /opt/airflow/dags/processor/data_processor1111.py for tasks to queue
[2025-07-28T05:20:04.780+0000] {logging_mixin.py:188} INFO - [2025-07-28T05:20:04.780+0000] {dagbag.py:545} INFO - Filling up the DagBag from /opt/airflow/dags/processor/data_processor1111.py
[2025-07-28T05:20:05.103+0000] {processor.py:842} WARNING - No viable dags retrieved from /opt/airflow/dags/processor/data_processor1111.py
[2025-07-28T05:20:05.111+0000] {processor.py:183} INFO - Processing /opt/airflow/dags/processor/data_processor1111.py took 0.338 seconds
[2025-07-28T05:20:35.363+0000] {processor.py:161} INFO - Started process (PID=7501) to work on /opt/airflow/dags/processor/data_processor1111.py
[2025-07-28T05:20:35.364+0000] {processor.py:830} INFO - Processing file /opt/airflow/dags/processor/data_processor1111.py for tasks to queue
[2025-07-28T05:20:35.364+0000] {logging_mixin.py:188} INFO - [2025-07-28T05:20:35.364+0000] {dagbag.py:545} INFO - Filling up the DagBag from /opt/airflow/dags/processor/data_processor1111.py
[2025-07-28T05:20:35.653+0000] {processor.py:842} WARNING - No viable dags retrieved from /opt/airflow/dags/processor/data_processor1111.py
[2025-07-28T05:20:35.660+0000] {processor.py:183} INFO - Processing /opt/airflow/dags/processor/data_processor1111.py took 0.303 seconds
[2025-07-28T05:21:05.967+0000] {processor.py:161} INFO - Started process (PID=7551) to work on /opt/airflow/dags/processor/data_processor1111.py
[2025-07-28T05:21:05.968+0000] {processor.py:830} INFO - Processing file /opt/airflow/dags/processor/data_processor1111.py for tasks to queue
[2025-07-28T05:21:05.969+0000] {logging_mixin.py:188} INFO - [2025-07-28T05:21:05.968+0000] {dagbag.py:545} INFO - Filling up the DagBag from /opt/airflow/dags/processor/data_processor1111.py
[2025-07-28T05:21:06.249+0000] {processor.py:842} WARNING - No viable dags retrieved from /opt/airflow/dags/processor/data_processor1111.py
[2025-07-28T05:21:06.256+0000] {processor.py:183} INFO - Processing /opt/airflow/dags/processor/data_processor1111.py took 0.295 seconds
[2025-07-28T05:21:36.549+0000] {processor.py:161} INFO - Started process (PID=7594) to work on /opt/airflow/dags/processor/data_processor1111.py
[2025-07-28T05:21:36.550+0000] {processor.py:830} INFO - Processing file /opt/airflow/dags/processor/data_processor1111.py for tasks to queue
[2025-07-28T05:21:36.551+0000] {logging_mixin.py:188} INFO - [2025-07-28T05:21:36.551+0000] {dagbag.py:545} INFO - Filling up the DagBag from /opt/airflow/dags/processor/data_processor1111.py
[2025-07-28T05:21:36.864+0000] {processor.py:842} WARNING - No viable dags retrieved from /opt/airflow/dags/processor/data_processor1111.py
[2025-07-28T05:21:36.871+0000] {processor.py:183} INFO - Processing /opt/airflow/dags/processor/data_processor1111.py took 0.334 seconds
[2025-07-28T05:22:07.118+0000] {processor.py:161} INFO - Started process (PID=7708) to work on /opt/airflow/dags/processor/data_processor1111.py
[2025-07-28T05:22:07.118+0000] {processor.py:830} INFO - Processing file /opt/airflow/dags/processor/data_processor1111.py for tasks to queue
[2025-07-28T05:22:07.119+0000] {logging_mixin.py:188} INFO - [2025-07-28T05:22:07.119+0000] {dagbag.py:545} INFO - Filling up the DagBag from /opt/airflow/dags/processor/data_processor1111.py
[2025-07-28T05:22:07.463+0000] {processor.py:842} WARNING - No viable dags retrieved from /opt/airflow/dags/processor/data_processor1111.py
[2025-07-28T05:22:07.475+0000] {processor.py:183} INFO - Processing /opt/airflow/dags/processor/data_processor1111.py took 0.364 seconds
[2025-07-28T05:28:26.418+0000] {processor.py:161} INFO - Started process (PID=178) to work on /opt/airflow/dags/processor/data_processor1111.py
[2025-07-28T05:28:26.419+0000] {processor.py:830} INFO - Processing file /opt/airflow/dags/processor/data_processor1111.py for tasks to queue
[2025-07-28T05:28:26.424+0000] {logging_mixin.py:188} INFO - [2025-07-28T05:28:26.421+0000] {dagbag.py:545} INFO - Filling up the DagBag from /opt/airflow/dags/processor/data_processor1111.py
[2025-07-28T05:28:27.706+0000] {processor.py:842} WARNING - No viable dags retrieved from /opt/airflow/dags/processor/data_processor1111.py
[2025-07-28T05:28:27.717+0000] {processor.py:183} INFO - Processing /opt/airflow/dags/processor/data_processor1111.py took 1.308 seconds
[2025-07-28T05:28:58.247+0000] {processor.py:161} INFO - Started process (PID=229) to work on /opt/airflow/dags/processor/data_processor1111.py
[2025-07-28T05:28:58.249+0000] {processor.py:830} INFO - Processing file /opt/airflow/dags/processor/data_processor1111.py for tasks to queue
[2025-07-28T05:28:58.251+0000] {logging_mixin.py:188} INFO - [2025-07-28T05:28:58.250+0000] {dagbag.py:545} INFO - Filling up the DagBag from /opt/airflow/dags/processor/data_processor1111.py
[2025-07-28T05:28:58.441+0000] {processor.py:842} WARNING - No viable dags retrieved from /opt/airflow/dags/processor/data_processor1111.py
[2025-07-28T05:28:58.452+0000] {processor.py:183} INFO - Processing /opt/airflow/dags/processor/data_processor1111.py took 0.212 seconds
[2025-07-28T05:29:28.947+0000] {processor.py:161} INFO - Started process (PID=279) to work on /opt/airflow/dags/processor/data_processor1111.py
[2025-07-28T05:29:28.948+0000] {processor.py:830} INFO - Processing file /opt/airflow/dags/processor/data_processor1111.py for tasks to queue
[2025-07-28T05:29:28.949+0000] {logging_mixin.py:188} INFO - [2025-07-28T05:29:28.949+0000] {dagbag.py:545} INFO - Filling up the DagBag from /opt/airflow/dags/processor/data_processor1111.py
[2025-07-28T05:29:29.141+0000] {processor.py:842} WARNING - No viable dags retrieved from /opt/airflow/dags/processor/data_processor1111.py
[2025-07-28T05:29:29.152+0000] {processor.py:183} INFO - Processing /opt/airflow/dags/processor/data_processor1111.py took 0.210 seconds
[2025-07-28T05:29:59.670+0000] {processor.py:161} INFO - Started process (PID=322) to work on /opt/airflow/dags/processor/data_processor1111.py
[2025-07-28T05:29:59.671+0000] {processor.py:830} INFO - Processing file /opt/airflow/dags/processor/data_processor1111.py for tasks to queue
[2025-07-28T05:29:59.672+0000] {logging_mixin.py:188} INFO - [2025-07-28T05:29:59.672+0000] {dagbag.py:545} INFO - Filling up the DagBag from /opt/airflow/dags/processor/data_processor1111.py
[2025-07-28T05:29:59.862+0000] {processor.py:842} WARNING - No viable dags retrieved from /opt/airflow/dags/processor/data_processor1111.py
[2025-07-28T05:29:59.873+0000] {processor.py:183} INFO - Processing /opt/airflow/dags/processor/data_processor1111.py took 0.208 seconds
[2025-07-28T05:30:30.365+0000] {processor.py:161} INFO - Started process (PID=372) to work on /opt/airflow/dags/processor/data_processor1111.py
[2025-07-28T05:30:30.366+0000] {processor.py:830} INFO - Processing file /opt/airflow/dags/processor/data_processor1111.py for tasks to queue
[2025-07-28T05:30:30.367+0000] {logging_mixin.py:188} INFO - [2025-07-28T05:30:30.367+0000] {dagbag.py:545} INFO - Filling up the DagBag from /opt/airflow/dags/processor/data_processor1111.py
[2025-07-28T05:30:30.558+0000] {processor.py:842} WARNING - No viable dags retrieved from /opt/airflow/dags/processor/data_processor1111.py
[2025-07-28T05:30:30.567+0000] {processor.py:183} INFO - Processing /opt/airflow/dags/processor/data_processor1111.py took 0.209 seconds
[2025-07-28T05:31:01.047+0000] {processor.py:161} INFO - Started process (PID=415) to work on /opt/airflow/dags/processor/data_processor1111.py
[2025-07-28T05:31:01.047+0000] {processor.py:830} INFO - Processing file /opt/airflow/dags/processor/data_processor1111.py for tasks to queue
[2025-07-28T05:31:01.049+0000] {logging_mixin.py:188} INFO - [2025-07-28T05:31:01.049+0000] {dagbag.py:545} INFO - Filling up the DagBag from /opt/airflow/dags/processor/data_processor1111.py
[2025-07-28T05:31:01.244+0000] {processor.py:842} WARNING - No viable dags retrieved from /opt/airflow/dags/processor/data_processor1111.py
[2025-07-28T05:31:01.254+0000] {processor.py:183} INFO - Processing /opt/airflow/dags/processor/data_processor1111.py took 0.215 seconds
[2025-07-28T05:31:31.401+0000] {processor.py:161} INFO - Started process (PID=465) to work on /opt/airflow/dags/processor/data_processor1111.py
[2025-07-28T05:31:31.402+0000] {processor.py:830} INFO - Processing file /opt/airflow/dags/processor/data_processor1111.py for tasks to queue
[2025-07-28T05:31:31.404+0000] {logging_mixin.py:188} INFO - [2025-07-28T05:31:31.404+0000] {dagbag.py:545} INFO - Filling up the DagBag from /opt/airflow/dags/processor/data_processor1111.py
[2025-07-28T05:31:31.610+0000] {processor.py:842} WARNING - No viable dags retrieved from /opt/airflow/dags/processor/data_processor1111.py
[2025-07-28T05:31:31.619+0000] {processor.py:183} INFO - Processing /opt/airflow/dags/processor/data_processor1111.py took 0.225 seconds
[2025-07-28T05:32:02.119+0000] {processor.py:161} INFO - Started process (PID=515) to work on /opt/airflow/dags/processor/data_processor1111.py
[2025-07-28T05:32:02.120+0000] {processor.py:830} INFO - Processing file /opt/airflow/dags/processor/data_processor1111.py for tasks to queue
[2025-07-28T05:32:02.122+0000] {logging_mixin.py:188} INFO - [2025-07-28T05:32:02.122+0000] {dagbag.py:545} INFO - Filling up the DagBag from /opt/airflow/dags/processor/data_processor1111.py
[2025-07-28T05:32:02.314+0000] {processor.py:842} WARNING - No viable dags retrieved from /opt/airflow/dags/processor/data_processor1111.py
[2025-07-28T05:32:02.325+0000] {processor.py:183} INFO - Processing /opt/airflow/dags/processor/data_processor1111.py took 0.211 seconds
[2025-07-28T05:32:32.550+0000] {processor.py:161} INFO - Started process (PID=559) to work on /opt/airflow/dags/processor/data_processor1111.py
[2025-07-28T05:32:32.551+0000] {processor.py:830} INFO - Processing file /opt/airflow/dags/processor/data_processor1111.py for tasks to queue
[2025-07-28T05:32:32.552+0000] {logging_mixin.py:188} INFO - [2025-07-28T05:32:32.552+0000] {dagbag.py:545} INFO - Filling up the DagBag from /opt/airflow/dags/processor/data_processor1111.py
[2025-07-28T05:32:32.744+0000] {processor.py:842} WARNING - No viable dags retrieved from /opt/airflow/dags/processor/data_processor1111.py
[2025-07-28T05:32:32.755+0000] {processor.py:183} INFO - Processing /opt/airflow/dags/processor/data_processor1111.py took 0.212 seconds
[2025-07-28T05:33:03.161+0000] {processor.py:161} INFO - Started process (PID=610) to work on /opt/airflow/dags/processor/data_processor1111.py
[2025-07-28T05:33:03.162+0000] {processor.py:830} INFO - Processing file /opt/airflow/dags/processor/data_processor1111.py for tasks to queue
[2025-07-28T05:33:03.163+0000] {logging_mixin.py:188} INFO - [2025-07-28T05:33:03.163+0000] {dagbag.py:545} INFO - Filling up the DagBag from /opt/airflow/dags/processor/data_processor1111.py
[2025-07-28T05:33:03.359+0000] {processor.py:842} WARNING - No viable dags retrieved from /opt/airflow/dags/processor/data_processor1111.py
[2025-07-28T05:33:03.370+0000] {processor.py:183} INFO - Processing /opt/airflow/dags/processor/data_processor1111.py took 0.214 seconds
[2025-07-28T05:33:33.794+0000] {processor.py:161} INFO - Started process (PID=661) to work on /opt/airflow/dags/processor/data_processor1111.py
[2025-07-28T05:33:33.794+0000] {processor.py:830} INFO - Processing file /opt/airflow/dags/processor/data_processor1111.py for tasks to queue
[2025-07-28T05:33:33.795+0000] {logging_mixin.py:188} INFO - [2025-07-28T05:33:33.795+0000] {dagbag.py:545} INFO - Filling up the DagBag from /opt/airflow/dags/processor/data_processor1111.py
[2025-07-28T05:33:33.996+0000] {processor.py:842} WARNING - No viable dags retrieved from /opt/airflow/dags/processor/data_processor1111.py
[2025-07-28T05:33:34.007+0000] {processor.py:183} INFO - Processing /opt/airflow/dags/processor/data_processor1111.py took 0.217 seconds
[2025-07-28T05:34:04.408+0000] {processor.py:161} INFO - Started process (PID=705) to work on /opt/airflow/dags/processor/data_processor1111.py
[2025-07-28T05:34:04.409+0000] {processor.py:830} INFO - Processing file /opt/airflow/dags/processor/data_processor1111.py for tasks to queue
[2025-07-28T05:34:04.411+0000] {logging_mixin.py:188} INFO - [2025-07-28T05:34:04.410+0000] {dagbag.py:545} INFO - Filling up the DagBag from /opt/airflow/dags/processor/data_processor1111.py
[2025-07-28T05:34:04.602+0000] {processor.py:842} WARNING - No viable dags retrieved from /opt/airflow/dags/processor/data_processor1111.py
[2025-07-28T05:34:04.610+0000] {processor.py:183} INFO - Processing /opt/airflow/dags/processor/data_processor1111.py took 0.209 seconds
[2025-07-28T05:34:35.006+0000] {processor.py:161} INFO - Started process (PID=756) to work on /opt/airflow/dags/processor/data_processor1111.py
[2025-07-28T05:34:35.007+0000] {processor.py:830} INFO - Processing file /opt/airflow/dags/processor/data_processor1111.py for tasks to queue
[2025-07-28T05:34:35.008+0000] {logging_mixin.py:188} INFO - [2025-07-28T05:34:35.008+0000] {dagbag.py:545} INFO - Filling up the DagBag from /opt/airflow/dags/processor/data_processor1111.py
[2025-07-28T05:34:35.199+0000] {processor.py:842} WARNING - No viable dags retrieved from /opt/airflow/dags/processor/data_processor1111.py
[2025-07-28T05:34:35.208+0000] {processor.py:183} INFO - Processing /opt/airflow/dags/processor/data_processor1111.py took 0.207 seconds
[2025-07-28T05:35:05.659+0000] {processor.py:161} INFO - Started process (PID=800) to work on /opt/airflow/dags/processor/data_processor1111.py
[2025-07-28T05:35:05.659+0000] {processor.py:830} INFO - Processing file /opt/airflow/dags/processor/data_processor1111.py for tasks to queue
[2025-07-28T05:35:05.661+0000] {logging_mixin.py:188} INFO - [2025-07-28T05:35:05.660+0000] {dagbag.py:545} INFO - Filling up the DagBag from /opt/airflow/dags/processor/data_processor1111.py
[2025-07-28T05:35:05.855+0000] {processor.py:842} WARNING - No viable dags retrieved from /opt/airflow/dags/processor/data_processor1111.py
[2025-07-28T05:35:05.866+0000] {processor.py:183} INFO - Processing /opt/airflow/dags/processor/data_processor1111.py took 0.215 seconds
[2025-07-28T05:35:36.263+0000] {processor.py:161} INFO - Started process (PID=851) to work on /opt/airflow/dags/processor/data_processor1111.py
[2025-07-28T05:35:36.263+0000] {processor.py:830} INFO - Processing file /opt/airflow/dags/processor/data_processor1111.py for tasks to queue
[2025-07-28T05:35:36.265+0000] {logging_mixin.py:188} INFO - [2025-07-28T05:35:36.265+0000] {dagbag.py:545} INFO - Filling up the DagBag from /opt/airflow/dags/processor/data_processor1111.py
[2025-07-28T05:35:36.463+0000] {processor.py:842} WARNING - No viable dags retrieved from /opt/airflow/dags/processor/data_processor1111.py
[2025-07-28T05:35:36.471+0000] {processor.py:183} INFO - Processing /opt/airflow/dags/processor/data_processor1111.py took 0.215 seconds
[2025-07-28T05:36:06.882+0000] {processor.py:161} INFO - Started process (PID=902) to work on /opt/airflow/dags/processor/data_processor1111.py
[2025-07-28T05:36:06.883+0000] {processor.py:830} INFO - Processing file /opt/airflow/dags/processor/data_processor1111.py for tasks to queue
[2025-07-28T05:36:06.884+0000] {logging_mixin.py:188} INFO - [2025-07-28T05:36:06.884+0000] {dagbag.py:545} INFO - Filling up the DagBag from /opt/airflow/dags/processor/data_processor1111.py
[2025-07-28T05:36:07.079+0000] {processor.py:842} WARNING - No viable dags retrieved from /opt/airflow/dags/processor/data_processor1111.py
[2025-07-28T05:36:07.086+0000] {processor.py:183} INFO - Processing /opt/airflow/dags/processor/data_processor1111.py took 0.209 seconds
[2025-07-28T05:36:37.477+0000] {processor.py:161} INFO - Started process (PID=946) to work on /opt/airflow/dags/processor/data_processor1111.py
[2025-07-28T05:36:37.478+0000] {processor.py:830} INFO - Processing file /opt/airflow/dags/processor/data_processor1111.py for tasks to queue
[2025-07-28T05:36:37.479+0000] {logging_mixin.py:188} INFO - [2025-07-28T05:36:37.479+0000] {dagbag.py:545} INFO - Filling up the DagBag from /opt/airflow/dags/processor/data_processor1111.py
[2025-07-28T05:36:37.674+0000] {processor.py:842} WARNING - No viable dags retrieved from /opt/airflow/dags/processor/data_processor1111.py
[2025-07-28T05:36:37.684+0000] {processor.py:183} INFO - Processing /opt/airflow/dags/processor/data_processor1111.py took 0.211 seconds
[2025-07-28T05:37:08.085+0000] {processor.py:161} INFO - Started process (PID=998) to work on /opt/airflow/dags/processor/data_processor1111.py
[2025-07-28T05:37:08.085+0000] {processor.py:830} INFO - Processing file /opt/airflow/dags/processor/data_processor1111.py for tasks to queue
[2025-07-28T05:37:08.087+0000] {logging_mixin.py:188} INFO - [2025-07-28T05:37:08.086+0000] {dagbag.py:545} INFO - Filling up the DagBag from /opt/airflow/dags/processor/data_processor1111.py
[2025-07-28T05:37:08.276+0000] {processor.py:842} WARNING - No viable dags retrieved from /opt/airflow/dags/processor/data_processor1111.py
[2025-07-28T05:37:08.283+0000] {processor.py:183} INFO - Processing /opt/airflow/dags/processor/data_processor1111.py took 0.205 seconds
[2025-07-28T05:37:38.702+0000] {processor.py:161} INFO - Started process (PID=1042) to work on /opt/airflow/dags/processor/data_processor1111.py
[2025-07-28T05:37:38.703+0000] {processor.py:830} INFO - Processing file /opt/airflow/dags/processor/data_processor1111.py for tasks to queue
[2025-07-28T05:37:38.704+0000] {logging_mixin.py:188} INFO - [2025-07-28T05:37:38.703+0000] {dagbag.py:545} INFO - Filling up the DagBag from /opt/airflow/dags/processor/data_processor1111.py
[2025-07-28T05:37:38.919+0000] {processor.py:842} WARNING - No viable dags retrieved from /opt/airflow/dags/processor/data_processor1111.py
[2025-07-28T05:37:38.931+0000] {processor.py:183} INFO - Processing /opt/airflow/dags/processor/data_processor1111.py took 0.234 seconds
[2025-07-28T05:38:09.343+0000] {processor.py:161} INFO - Started process (PID=1093) to work on /opt/airflow/dags/processor/data_processor1111.py
[2025-07-28T05:38:09.344+0000] {processor.py:830} INFO - Processing file /opt/airflow/dags/processor/data_processor1111.py for tasks to queue
[2025-07-28T05:38:09.345+0000] {logging_mixin.py:188} INFO - [2025-07-28T05:38:09.345+0000] {dagbag.py:545} INFO - Filling up the DagBag from /opt/airflow/dags/processor/data_processor1111.py
[2025-07-28T05:38:09.534+0000] {processor.py:842} WARNING - No viable dags retrieved from /opt/airflow/dags/processor/data_processor1111.py
[2025-07-28T05:38:09.544+0000] {processor.py:183} INFO - Processing /opt/airflow/dags/processor/data_processor1111.py took 0.206 seconds
[2025-07-28T05:38:39.860+0000] {processor.py:161} INFO - Started process (PID=1138) to work on /opt/airflow/dags/processor/data_processor1111.py
[2025-07-28T05:38:39.860+0000] {processor.py:830} INFO - Processing file /opt/airflow/dags/processor/data_processor1111.py for tasks to queue
[2025-07-28T05:38:39.861+0000] {logging_mixin.py:188} INFO - [2025-07-28T05:38:39.861+0000] {dagbag.py:545} INFO - Filling up the DagBag from /opt/airflow/dags/processor/data_processor1111.py
[2025-07-28T05:38:40.054+0000] {processor.py:842} WARNING - No viable dags retrieved from /opt/airflow/dags/processor/data_processor1111.py
[2025-07-28T05:38:40.066+0000] {processor.py:183} INFO - Processing /opt/airflow/dags/processor/data_processor1111.py took 0.210 seconds
[2025-07-28T05:39:10.367+0000] {processor.py:161} INFO - Started process (PID=1176) to work on /opt/airflow/dags/processor/data_processor1111.py
[2025-07-28T05:39:10.367+0000] {processor.py:830} INFO - Processing file /opt/airflow/dags/processor/data_processor1111.py for tasks to queue
[2025-07-28T05:39:10.368+0000] {logging_mixin.py:188} INFO - [2025-07-28T05:39:10.368+0000] {dagbag.py:545} INFO - Filling up the DagBag from /opt/airflow/dags/processor/data_processor1111.py
[2025-07-28T05:39:10.565+0000] {processor.py:842} WARNING - No viable dags retrieved from /opt/airflow/dags/processor/data_processor1111.py
[2025-07-28T05:39:10.577+0000] {processor.py:183} INFO - Processing /opt/airflow/dags/processor/data_processor1111.py took 0.216 seconds
[2025-07-28T05:39:40.907+0000] {processor.py:161} INFO - Started process (PID=1221) to work on /opt/airflow/dags/processor/data_processor1111.py
[2025-07-28T05:39:40.908+0000] {processor.py:830} INFO - Processing file /opt/airflow/dags/processor/data_processor1111.py for tasks to queue
[2025-07-28T05:39:40.909+0000] {logging_mixin.py:188} INFO - [2025-07-28T05:39:40.909+0000] {dagbag.py:545} INFO - Filling up the DagBag from /opt/airflow/dags/processor/data_processor1111.py
[2025-07-28T05:39:41.123+0000] {processor.py:842} WARNING - No viable dags retrieved from /opt/airflow/dags/processor/data_processor1111.py
[2025-07-28T05:39:41.135+0000] {processor.py:183} INFO - Processing /opt/airflow/dags/processor/data_processor1111.py took 0.236 seconds
[2025-07-28T05:40:11.473+0000] {processor.py:161} INFO - Started process (PID=1259) to work on /opt/airflow/dags/processor/data_processor1111.py
[2025-07-28T05:40:11.474+0000] {processor.py:830} INFO - Processing file /opt/airflow/dags/processor/data_processor1111.py for tasks to queue
[2025-07-28T05:40:11.475+0000] {logging_mixin.py:188} INFO - [2025-07-28T05:40:11.475+0000] {dagbag.py:545} INFO - Filling up the DagBag from /opt/airflow/dags/processor/data_processor1111.py
[2025-07-28T05:40:11.771+0000] {processor.py:842} WARNING - No viable dags retrieved from /opt/airflow/dags/processor/data_processor1111.py
[2025-07-28T05:40:11.780+0000] {processor.py:183} INFO - Processing /opt/airflow/dags/processor/data_processor1111.py took 0.314 seconds
[2025-07-28T05:40:41.961+0000] {processor.py:161} INFO - Started process (PID=1304) to work on /opt/airflow/dags/processor/data_processor1111.py
[2025-07-28T05:40:41.962+0000] {processor.py:830} INFO - Processing file /opt/airflow/dags/processor/data_processor1111.py for tasks to queue
[2025-07-28T05:40:41.962+0000] {logging_mixin.py:188} INFO - [2025-07-28T05:40:41.962+0000] {dagbag.py:545} INFO - Filling up the DagBag from /opt/airflow/dags/processor/data_processor1111.py
[2025-07-28T05:40:42.149+0000] {processor.py:842} WARNING - No viable dags retrieved from /opt/airflow/dags/processor/data_processor1111.py
[2025-07-28T05:40:42.160+0000] {processor.py:183} INFO - Processing /opt/airflow/dags/processor/data_processor1111.py took 0.206 seconds
[2025-07-28T05:41:12.514+0000] {processor.py:161} INFO - Started process (PID=1342) to work on /opt/airflow/dags/processor/data_processor1111.py
[2025-07-28T05:41:12.516+0000] {processor.py:830} INFO - Processing file /opt/airflow/dags/processor/data_processor1111.py for tasks to queue
[2025-07-28T05:41:12.517+0000] {logging_mixin.py:188} INFO - [2025-07-28T05:41:12.516+0000] {dagbag.py:545} INFO - Filling up the DagBag from /opt/airflow/dags/processor/data_processor1111.py
[2025-07-28T05:41:12.725+0000] {processor.py:842} WARNING - No viable dags retrieved from /opt/airflow/dags/processor/data_processor1111.py
[2025-07-28T05:41:12.734+0000] {processor.py:183} INFO - Processing /opt/airflow/dags/processor/data_processor1111.py took 0.229 seconds
[2025-07-28T05:41:43.068+0000] {processor.py:161} INFO - Started process (PID=1387) to work on /opt/airflow/dags/processor/data_processor1111.py
[2025-07-28T05:41:43.069+0000] {processor.py:830} INFO - Processing file /opt/airflow/dags/processor/data_processor1111.py for tasks to queue
[2025-07-28T05:41:43.070+0000] {logging_mixin.py:188} INFO - [2025-07-28T05:41:43.069+0000] {dagbag.py:545} INFO - Filling up the DagBag from /opt/airflow/dags/processor/data_processor1111.py
[2025-07-28T05:41:43.295+0000] {processor.py:842} WARNING - No viable dags retrieved from /opt/airflow/dags/processor/data_processor1111.py
[2025-07-28T05:41:43.306+0000] {processor.py:183} INFO - Processing /opt/airflow/dags/processor/data_processor1111.py took 0.245 seconds
[2025-07-28T05:42:13.636+0000] {processor.py:161} INFO - Started process (PID=1432) to work on /opt/airflow/dags/processor/data_processor1111.py
[2025-07-28T05:42:13.637+0000] {processor.py:830} INFO - Processing file /opt/airflow/dags/processor/data_processor1111.py for tasks to queue
[2025-07-28T05:42:13.637+0000] {logging_mixin.py:188} INFO - [2025-07-28T05:42:13.637+0000] {dagbag.py:545} INFO - Filling up the DagBag from /opt/airflow/dags/processor/data_processor1111.py
[2025-07-28T05:42:13.947+0000] {processor.py:842} WARNING - No viable dags retrieved from /opt/airflow/dags/processor/data_processor1111.py
[2025-07-28T05:42:13.956+0000] {processor.py:183} INFO - Processing /opt/airflow/dags/processor/data_processor1111.py took 0.323 seconds
[2025-07-28T05:42:44.226+0000] {processor.py:161} INFO - Started process (PID=1470) to work on /opt/airflow/dags/processor/data_processor1111.py
[2025-07-28T05:42:44.227+0000] {processor.py:830} INFO - Processing file /opt/airflow/dags/processor/data_processor1111.py for tasks to queue
[2025-07-28T05:42:44.228+0000] {logging_mixin.py:188} INFO - [2025-07-28T05:42:44.227+0000] {dagbag.py:545} INFO - Filling up the DagBag from /opt/airflow/dags/processor/data_processor1111.py
[2025-07-28T05:42:44.530+0000] {processor.py:842} WARNING - No viable dags retrieved from /opt/airflow/dags/processor/data_processor1111.py
[2025-07-28T05:42:44.542+0000] {processor.py:183} INFO - Processing /opt/airflow/dags/processor/data_processor1111.py took 0.324 seconds
[2025-07-28T05:43:14.950+0000] {processor.py:161} INFO - Started process (PID=1515) to work on /opt/airflow/dags/processor/data_processor1111.py
[2025-07-28T05:43:14.952+0000] {processor.py:830} INFO - Processing file /opt/airflow/dags/processor/data_processor1111.py for tasks to queue
[2025-07-28T05:43:14.953+0000] {logging_mixin.py:188} INFO - [2025-07-28T05:43:14.952+0000] {dagbag.py:545} INFO - Filling up the DagBag from /opt/airflow/dags/processor/data_processor1111.py
[2025-07-28T05:43:15.145+0000] {processor.py:842} WARNING - No viable dags retrieved from /opt/airflow/dags/processor/data_processor1111.py
[2025-07-28T05:43:15.152+0000] {processor.py:183} INFO - Processing /opt/airflow/dags/processor/data_processor1111.py took 0.209 seconds
[2025-07-28T05:43:45.497+0000] {processor.py:161} INFO - Started process (PID=1553) to work on /opt/airflow/dags/processor/data_processor1111.py
[2025-07-28T05:43:45.498+0000] {processor.py:830} INFO - Processing file /opt/airflow/dags/processor/data_processor1111.py for tasks to queue
[2025-07-28T05:43:45.499+0000] {logging_mixin.py:188} INFO - [2025-07-28T05:43:45.499+0000] {dagbag.py:545} INFO - Filling up the DagBag from /opt/airflow/dags/processor/data_processor1111.py
[2025-07-28T05:43:45.693+0000] {processor.py:842} WARNING - No viable dags retrieved from /opt/airflow/dags/processor/data_processor1111.py
[2025-07-28T05:43:45.704+0000] {processor.py:183} INFO - Processing /opt/airflow/dags/processor/data_processor1111.py took 0.214 seconds
[2025-07-28T05:44:16.026+0000] {processor.py:161} INFO - Started process (PID=1598) to work on /opt/airflow/dags/processor/data_processor1111.py
[2025-07-28T05:44:16.027+0000] {processor.py:830} INFO - Processing file /opt/airflow/dags/processor/data_processor1111.py for tasks to queue
[2025-07-28T05:44:16.028+0000] {logging_mixin.py:188} INFO - [2025-07-28T05:44:16.027+0000] {dagbag.py:545} INFO - Filling up the DagBag from /opt/airflow/dags/processor/data_processor1111.py
[2025-07-28T05:44:16.326+0000] {processor.py:842} WARNING - No viable dags retrieved from /opt/airflow/dags/processor/data_processor1111.py
[2025-07-28T05:44:16.336+0000] {processor.py:183} INFO - Processing /opt/airflow/dags/processor/data_processor1111.py took 0.315 seconds
[2025-07-28T05:44:46.733+0000] {processor.py:161} INFO - Started process (PID=1643) to work on /opt/airflow/dags/processor/data_processor1111.py
[2025-07-28T05:44:46.734+0000] {processor.py:830} INFO - Processing file /opt/airflow/dags/processor/data_processor1111.py for tasks to queue
[2025-07-28T05:44:46.734+0000] {logging_mixin.py:188} INFO - [2025-07-28T05:44:46.734+0000] {dagbag.py:545} INFO - Filling up the DagBag from /opt/airflow/dags/processor/data_processor1111.py
[2025-07-28T05:44:47.043+0000] {processor.py:842} WARNING - No viable dags retrieved from /opt/airflow/dags/processor/data_processor1111.py
[2025-07-28T05:44:47.052+0000] {processor.py:183} INFO - Processing /opt/airflow/dags/processor/data_processor1111.py took 0.324 seconds
[2025-07-28T05:45:17.436+0000] {processor.py:161} INFO - Started process (PID=1681) to work on /opt/airflow/dags/processor/data_processor1111.py
[2025-07-28T05:45:17.437+0000] {processor.py:830} INFO - Processing file /opt/airflow/dags/processor/data_processor1111.py for tasks to queue
[2025-07-28T05:45:17.438+0000] {logging_mixin.py:188} INFO - [2025-07-28T05:45:17.438+0000] {dagbag.py:545} INFO - Filling up the DagBag from /opt/airflow/dags/processor/data_processor1111.py
[2025-07-28T05:45:17.747+0000] {processor.py:842} WARNING - No viable dags retrieved from /opt/airflow/dags/processor/data_processor1111.py
[2025-07-28T05:45:17.755+0000] {processor.py:183} INFO - Processing /opt/airflow/dags/processor/data_processor1111.py took 0.324 seconds
[2025-07-28T05:45:48.150+0000] {processor.py:161} INFO - Started process (PID=1726) to work on /opt/airflow/dags/processor/data_processor1111.py
[2025-07-28T05:45:48.151+0000] {processor.py:830} INFO - Processing file /opt/airflow/dags/processor/data_processor1111.py for tasks to queue
[2025-07-28T05:45:48.152+0000] {logging_mixin.py:188} INFO - [2025-07-28T05:45:48.152+0000] {dagbag.py:545} INFO - Filling up the DagBag from /opt/airflow/dags/processor/data_processor1111.py
[2025-07-28T05:45:48.344+0000] {processor.py:842} WARNING - No viable dags retrieved from /opt/airflow/dags/processor/data_processor1111.py
[2025-07-28T05:45:48.355+0000] {processor.py:183} INFO - Processing /opt/airflow/dags/processor/data_processor1111.py took 0.212 seconds
[2025-07-28T05:46:18.750+0000] {processor.py:161} INFO - Started process (PID=1764) to work on /opt/airflow/dags/processor/data_processor1111.py
[2025-07-28T05:46:18.751+0000] {processor.py:830} INFO - Processing file /opt/airflow/dags/processor/data_processor1111.py for tasks to queue
[2025-07-28T05:46:18.751+0000] {logging_mixin.py:188} INFO - [2025-07-28T05:46:18.751+0000] {dagbag.py:545} INFO - Filling up the DagBag from /opt/airflow/dags/processor/data_processor1111.py
[2025-07-28T05:46:19.051+0000] {processor.py:842} WARNING - No viable dags retrieved from /opt/airflow/dags/processor/data_processor1111.py
[2025-07-28T05:46:19.061+0000] {processor.py:183} INFO - Processing /opt/airflow/dags/processor/data_processor1111.py took 0.317 seconds
[2025-07-28T05:46:49.287+0000] {processor.py:161} INFO - Started process (PID=1809) to work on /opt/airflow/dags/processor/data_processor1111.py
[2025-07-28T05:46:49.288+0000] {processor.py:830} INFO - Processing file /opt/airflow/dags/processor/data_processor1111.py for tasks to queue
[2025-07-28T05:46:49.289+0000] {logging_mixin.py:188} INFO - [2025-07-28T05:46:49.288+0000] {dagbag.py:545} INFO - Filling up the DagBag from /opt/airflow/dags/processor/data_processor1111.py
[2025-07-28T05:46:49.579+0000] {processor.py:842} WARNING - No viable dags retrieved from /opt/airflow/dags/processor/data_processor1111.py
[2025-07-28T05:46:49.589+0000] {processor.py:183} INFO - Processing /opt/airflow/dags/processor/data_processor1111.py took 0.311 seconds
[2025-07-28T05:47:19.758+0000] {processor.py:161} INFO - Started process (PID=1854) to work on /opt/airflow/dags/processor/data_processor1111.py
[2025-07-28T05:47:19.759+0000] {processor.py:830} INFO - Processing file /opt/airflow/dags/processor/data_processor1111.py for tasks to queue
[2025-07-28T05:47:19.760+0000] {logging_mixin.py:188} INFO - [2025-07-28T05:47:19.760+0000] {dagbag.py:545} INFO - Filling up the DagBag from /opt/airflow/dags/processor/data_processor1111.py
[2025-07-28T05:47:20.057+0000] {processor.py:842} WARNING - No viable dags retrieved from /opt/airflow/dags/processor/data_processor1111.py
[2025-07-28T05:47:20.065+0000] {processor.py:183} INFO - Processing /opt/airflow/dags/processor/data_processor1111.py took 0.312 seconds
[2025-07-28T05:47:50.290+0000] {processor.py:161} INFO - Started process (PID=1892) to work on /opt/airflow/dags/processor/data_processor1111.py
[2025-07-28T05:47:50.293+0000] {processor.py:830} INFO - Processing file /opt/airflow/dags/processor/data_processor1111.py for tasks to queue
[2025-07-28T05:47:50.294+0000] {logging_mixin.py:188} INFO - [2025-07-28T05:47:50.293+0000] {dagbag.py:545} INFO - Filling up the DagBag from /opt/airflow/dags/processor/data_processor1111.py
[2025-07-28T05:47:50.488+0000] {processor.py:842} WARNING - No viable dags retrieved from /opt/airflow/dags/processor/data_processor1111.py
[2025-07-28T05:47:50.499+0000] {processor.py:183} INFO - Processing /opt/airflow/dags/processor/data_processor1111.py took 0.215 seconds
[2025-07-28T05:48:20.897+0000] {processor.py:161} INFO - Started process (PID=1937) to work on /opt/airflow/dags/processor/data_processor1111.py
[2025-07-28T05:48:20.898+0000] {processor.py:830} INFO - Processing file /opt/airflow/dags/processor/data_processor1111.py for tasks to queue
[2025-07-28T05:48:20.899+0000] {logging_mixin.py:188} INFO - [2025-07-28T05:48:20.899+0000] {dagbag.py:545} INFO - Filling up the DagBag from /opt/airflow/dags/processor/data_processor1111.py
[2025-07-28T05:48:21.186+0000] {processor.py:842} WARNING - No viable dags retrieved from /opt/airflow/dags/processor/data_processor1111.py
[2025-07-28T05:48:21.199+0000] {processor.py:183} INFO - Processing /opt/airflow/dags/processor/data_processor1111.py took 0.309 seconds
[2025-07-28T05:48:51.430+0000] {processor.py:161} INFO - Started process (PID=1975) to work on /opt/airflow/dags/processor/data_processor1111.py
[2025-07-28T05:48:51.431+0000] {processor.py:830} INFO - Processing file /opt/airflow/dags/processor/data_processor1111.py for tasks to queue
[2025-07-28T05:48:51.432+0000] {logging_mixin.py:188} INFO - [2025-07-28T05:48:51.432+0000] {dagbag.py:545} INFO - Filling up the DagBag from /opt/airflow/dags/processor/data_processor1111.py
[2025-07-28T05:48:51.713+0000] {processor.py:842} WARNING - No viable dags retrieved from /opt/airflow/dags/processor/data_processor1111.py
[2025-07-28T05:48:51.721+0000] {processor.py:183} INFO - Processing /opt/airflow/dags/processor/data_processor1111.py took 0.296 seconds
[2025-07-28T05:49:21.981+0000] {processor.py:161} INFO - Started process (PID=2020) to work on /opt/airflow/dags/processor/data_processor1111.py
[2025-07-28T05:49:21.982+0000] {processor.py:830} INFO - Processing file /opt/airflow/dags/processor/data_processor1111.py for tasks to queue
[2025-07-28T05:49:21.982+0000] {logging_mixin.py:188} INFO - [2025-07-28T05:49:21.982+0000] {dagbag.py:545} INFO - Filling up the DagBag from /opt/airflow/dags/processor/data_processor1111.py
[2025-07-28T05:49:22.271+0000] {processor.py:842} WARNING - No viable dags retrieved from /opt/airflow/dags/processor/data_processor1111.py
[2025-07-28T05:49:22.280+0000] {processor.py:183} INFO - Processing /opt/airflow/dags/processor/data_processor1111.py took 0.305 seconds
[2025-07-28T05:49:52.499+0000] {processor.py:161} INFO - Started process (PID=2065) to work on /opt/airflow/dags/processor/data_processor1111.py
[2025-07-28T05:49:52.499+0000] {processor.py:830} INFO - Processing file /opt/airflow/dags/processor/data_processor1111.py for tasks to queue
[2025-07-28T05:49:52.500+0000] {logging_mixin.py:188} INFO - [2025-07-28T05:49:52.499+0000] {dagbag.py:545} INFO - Filling up the DagBag from /opt/airflow/dags/processor/data_processor1111.py
[2025-07-28T05:49:52.700+0000] {processor.py:842} WARNING - No viable dags retrieved from /opt/airflow/dags/processor/data_processor1111.py
[2025-07-28T05:49:52.710+0000] {processor.py:183} INFO - Processing /opt/airflow/dags/processor/data_processor1111.py took 0.216 seconds
[2025-07-28T05:50:23.078+0000] {processor.py:161} INFO - Started process (PID=2103) to work on /opt/airflow/dags/processor/data_processor1111.py
[2025-07-28T05:50:23.079+0000] {processor.py:830} INFO - Processing file /opt/airflow/dags/processor/data_processor1111.py for tasks to queue
[2025-07-28T05:50:23.080+0000] {logging_mixin.py:188} INFO - [2025-07-28T05:50:23.080+0000] {dagbag.py:545} INFO - Filling up the DagBag from /opt/airflow/dags/processor/data_processor1111.py
[2025-07-28T05:50:23.380+0000] {processor.py:842} WARNING - No viable dags retrieved from /opt/airflow/dags/processor/data_processor1111.py
[2025-07-28T05:50:23.388+0000] {processor.py:183} INFO - Processing /opt/airflow/dags/processor/data_processor1111.py took 0.317 seconds
[2025-07-28T05:50:53.793+0000] {processor.py:161} INFO - Started process (PID=2148) to work on /opt/airflow/dags/processor/data_processor1111.py
[2025-07-28T05:50:53.793+0000] {processor.py:830} INFO - Processing file /opt/airflow/dags/processor/data_processor1111.py for tasks to queue
[2025-07-28T05:50:53.794+0000] {logging_mixin.py:188} INFO - [2025-07-28T05:50:53.793+0000] {dagbag.py:545} INFO - Filling up the DagBag from /opt/airflow/dags/processor/data_processor1111.py
[2025-07-28T05:50:54.081+0000] {processor.py:842} WARNING - No viable dags retrieved from /opt/airflow/dags/processor/data_processor1111.py
[2025-07-28T05:50:54.091+0000] {processor.py:183} INFO - Processing /opt/airflow/dags/processor/data_processor1111.py took 0.304 seconds
[2025-07-28T05:51:24.310+0000] {processor.py:161} INFO - Started process (PID=2186) to work on /opt/airflow/dags/processor/data_processor1111.py
[2025-07-28T05:51:24.311+0000] {processor.py:830} INFO - Processing file /opt/airflow/dags/processor/data_processor1111.py for tasks to queue
[2025-07-28T05:51:24.312+0000] {logging_mixin.py:188} INFO - [2025-07-28T05:51:24.311+0000] {dagbag.py:545} INFO - Filling up the DagBag from /opt/airflow/dags/processor/data_processor1111.py
[2025-07-28T05:51:24.606+0000] {processor.py:842} WARNING - No viable dags retrieved from /opt/airflow/dags/processor/data_processor1111.py
[2025-07-28T05:51:24.615+0000] {processor.py:183} INFO - Processing /opt/airflow/dags/processor/data_processor1111.py took 0.312 seconds
[2025-07-28T05:51:54.811+0000] {processor.py:161} INFO - Started process (PID=2231) to work on /opt/airflow/dags/processor/data_processor1111.py
[2025-07-28T05:51:54.811+0000] {processor.py:830} INFO - Processing file /opt/airflow/dags/processor/data_processor1111.py for tasks to queue
[2025-07-28T05:51:54.812+0000] {logging_mixin.py:188} INFO - [2025-07-28T05:51:54.812+0000] {dagbag.py:545} INFO - Filling up the DagBag from /opt/airflow/dags/processor/data_processor1111.py
[2025-07-28T05:51:55.012+0000] {processor.py:842} WARNING - No viable dags retrieved from /opt/airflow/dags/processor/data_processor1111.py
[2025-07-28T05:51:55.022+0000] {processor.py:183} INFO - Processing /opt/airflow/dags/processor/data_processor1111.py took 0.215 seconds
[2025-07-28T05:52:25.421+0000] {processor.py:161} INFO - Started process (PID=2269) to work on /opt/airflow/dags/processor/data_processor1111.py
[2025-07-28T05:52:25.422+0000] {processor.py:830} INFO - Processing file /opt/airflow/dags/processor/data_processor1111.py for tasks to queue
[2025-07-28T05:52:25.422+0000] {logging_mixin.py:188} INFO - [2025-07-28T05:52:25.422+0000] {dagbag.py:545} INFO - Filling up the DagBag from /opt/airflow/dags/processor/data_processor1111.py
[2025-07-28T05:52:25.776+0000] {processor.py:842} WARNING - No viable dags retrieved from /opt/airflow/dags/processor/data_processor1111.py
[2025-07-28T05:52:25.786+0000] {processor.py:183} INFO - Processing /opt/airflow/dags/processor/data_processor1111.py took 0.370 seconds
[2025-07-28T05:52:56.221+0000] {processor.py:161} INFO - Started process (PID=2314) to work on /opt/airflow/dags/processor/data_processor1111.py
[2025-07-28T05:52:56.222+0000] {processor.py:830} INFO - Processing file /opt/airflow/dags/processor/data_processor1111.py for tasks to queue
[2025-07-28T05:52:56.223+0000] {logging_mixin.py:188} INFO - [2025-07-28T05:52:56.222+0000] {dagbag.py:545} INFO - Filling up the DagBag from /opt/airflow/dags/processor/data_processor1111.py
[2025-07-28T05:52:56.534+0000] {processor.py:842} WARNING - No viable dags retrieved from /opt/airflow/dags/processor/data_processor1111.py
[2025-07-28T05:52:56.544+0000] {processor.py:183} INFO - Processing /opt/airflow/dags/processor/data_processor1111.py took 0.334 seconds
[2025-07-28T05:53:26.709+0000] {processor.py:161} INFO - Started process (PID=2359) to work on /opt/airflow/dags/processor/data_processor1111.py
[2025-07-28T05:53:26.710+0000] {processor.py:830} INFO - Processing file /opt/airflow/dags/processor/data_processor1111.py for tasks to queue
[2025-07-28T05:53:26.710+0000] {logging_mixin.py:188} INFO - [2025-07-28T05:53:26.710+0000] {dagbag.py:545} INFO - Filling up the DagBag from /opt/airflow/dags/processor/data_processor1111.py
[2025-07-28T05:53:27.015+0000] {processor.py:842} WARNING - No viable dags retrieved from /opt/airflow/dags/processor/data_processor1111.py
[2025-07-28T05:53:27.022+0000] {processor.py:183} INFO - Processing /opt/airflow/dags/processor/data_processor1111.py took 0.318 seconds
[2025-07-28T05:53:57.375+0000] {processor.py:161} INFO - Started process (PID=2397) to work on /opt/airflow/dags/processor/data_processor1111.py
[2025-07-28T05:53:57.377+0000] {processor.py:830} INFO - Processing file /opt/airflow/dags/processor/data_processor1111.py for tasks to queue
[2025-07-28T05:53:57.379+0000] {logging_mixin.py:188} INFO - [2025-07-28T05:53:57.379+0000] {dagbag.py:545} INFO - Filling up the DagBag from /opt/airflow/dags/processor/data_processor1111.py
[2025-07-28T05:53:57.607+0000] {processor.py:842} WARNING - No viable dags retrieved from /opt/airflow/dags/processor/data_processor1111.py
[2025-07-28T05:53:57.619+0000] {processor.py:183} INFO - Processing /opt/airflow/dags/processor/data_processor1111.py took 0.262 seconds
[2025-07-28T05:54:27.958+0000] {processor.py:161} INFO - Started process (PID=2442) to work on /opt/airflow/dags/processor/data_processor1111.py
[2025-07-28T05:54:27.960+0000] {processor.py:830} INFO - Processing file /opt/airflow/dags/processor/data_processor1111.py for tasks to queue
[2025-07-28T05:54:27.961+0000] {logging_mixin.py:188} INFO - [2025-07-28T05:54:27.960+0000] {dagbag.py:545} INFO - Filling up the DagBag from /opt/airflow/dags/processor/data_processor1111.py
[2025-07-28T05:54:28.252+0000] {processor.py:842} WARNING - No viable dags retrieved from /opt/airflow/dags/processor/data_processor1111.py
[2025-07-28T05:54:28.262+0000] {processor.py:183} INFO - Processing /opt/airflow/dags/processor/data_processor1111.py took 0.310 seconds
[2025-07-28T05:54:58.493+0000] {processor.py:161} INFO - Started process (PID=2480) to work on /opt/airflow/dags/processor/data_processor1111.py
[2025-07-28T05:54:58.494+0000] {processor.py:830} INFO - Processing file /opt/airflow/dags/processor/data_processor1111.py for tasks to queue
[2025-07-28T05:54:58.495+0000] {logging_mixin.py:188} INFO - [2025-07-28T05:54:58.495+0000] {dagbag.py:545} INFO - Filling up the DagBag from /opt/airflow/dags/processor/data_processor1111.py
[2025-07-28T05:54:58.782+0000] {processor.py:842} WARNING - No viable dags retrieved from /opt/airflow/dags/processor/data_processor1111.py
[2025-07-28T05:54:58.792+0000] {processor.py:183} INFO - Processing /opt/airflow/dags/processor/data_processor1111.py took 0.306 seconds
[2025-07-28T05:55:29.059+0000] {processor.py:161} INFO - Started process (PID=2525) to work on /opt/airflow/dags/processor/data_processor1111.py
[2025-07-28T05:55:29.059+0000] {processor.py:830} INFO - Processing file /opt/airflow/dags/processor/data_processor1111.py for tasks to queue
[2025-07-28T05:55:29.060+0000] {logging_mixin.py:188} INFO - [2025-07-28T05:55:29.059+0000] {dagbag.py:545} INFO - Filling up the DagBag from /opt/airflow/dags/processor/data_processor1111.py
[2025-07-28T05:55:29.376+0000] {processor.py:842} WARNING - No viable dags retrieved from /opt/airflow/dags/processor/data_processor1111.py
[2025-07-28T05:55:29.388+0000] {processor.py:183} INFO - Processing /opt/airflow/dags/processor/data_processor1111.py took 0.333 seconds
[2025-07-28T05:55:59.606+0000] {processor.py:161} INFO - Started process (PID=2570) to work on /opt/airflow/dags/processor/data_processor1111.py
[2025-07-28T05:55:59.607+0000] {processor.py:830} INFO - Processing file /opt/airflow/dags/processor/data_processor1111.py for tasks to queue
[2025-07-28T05:55:59.607+0000] {logging_mixin.py:188} INFO - [2025-07-28T05:55:59.607+0000] {dagbag.py:545} INFO - Filling up the DagBag from /opt/airflow/dags/processor/data_processor1111.py
[2025-07-28T05:55:59.804+0000] {processor.py:842} WARNING - No viable dags retrieved from /opt/airflow/dags/processor/data_processor1111.py
[2025-07-28T05:55:59.815+0000] {processor.py:183} INFO - Processing /opt/airflow/dags/processor/data_processor1111.py took 0.214 seconds
[2025-07-28T05:56:30.129+0000] {processor.py:161} INFO - Started process (PID=2608) to work on /opt/airflow/dags/processor/data_processor1111.py
[2025-07-28T05:56:30.129+0000] {processor.py:830} INFO - Processing file /opt/airflow/dags/processor/data_processor1111.py for tasks to queue
[2025-07-28T05:56:30.130+0000] {logging_mixin.py:188} INFO - [2025-07-28T05:56:30.130+0000] {dagbag.py:545} INFO - Filling up the DagBag from /opt/airflow/dags/processor/data_processor1111.py
[2025-07-28T05:56:30.427+0000] {processor.py:842} WARNING - No viable dags retrieved from /opt/airflow/dags/processor/data_processor1111.py
[2025-07-28T05:56:30.440+0000] {processor.py:183} INFO - Processing /opt/airflow/dags/processor/data_processor1111.py took 0.316 seconds
[2025-07-28T05:57:00.884+0000] {processor.py:161} INFO - Started process (PID=2652) to work on /opt/airflow/dags/processor/data_processor1111.py
[2025-07-28T05:57:00.885+0000] {processor.py:830} INFO - Processing file /opt/airflow/dags/processor/data_processor1111.py for tasks to queue
[2025-07-28T05:57:00.886+0000] {logging_mixin.py:188} INFO - [2025-07-28T05:57:00.885+0000] {dagbag.py:545} INFO - Filling up the DagBag from /opt/airflow/dags/processor/data_processor1111.py
[2025-07-28T05:57:01.176+0000] {processor.py:842} WARNING - No viable dags retrieved from /opt/airflow/dags/processor/data_processor1111.py
[2025-07-28T05:57:01.184+0000] {processor.py:183} INFO - Processing /opt/airflow/dags/processor/data_processor1111.py took 0.306 seconds
[2025-07-28T05:57:31.625+0000] {processor.py:161} INFO - Started process (PID=2690) to work on /opt/airflow/dags/processor/data_processor1111.py
[2025-07-28T05:57:31.626+0000] {processor.py:830} INFO - Processing file /opt/airflow/dags/processor/data_processor1111.py for tasks to queue
[2025-07-28T05:57:31.627+0000] {logging_mixin.py:188} INFO - [2025-07-28T05:57:31.627+0000] {dagbag.py:545} INFO - Filling up the DagBag from /opt/airflow/dags/processor/data_processor1111.py
[2025-07-28T05:57:31.938+0000] {processor.py:842} WARNING - No viable dags retrieved from /opt/airflow/dags/processor/data_processor1111.py
[2025-07-28T05:57:31.947+0000] {processor.py:183} INFO - Processing /opt/airflow/dags/processor/data_processor1111.py took 0.328 seconds
[2025-07-28T05:58:02.122+0000] {processor.py:161} INFO - Started process (PID=2735) to work on /opt/airflow/dags/processor/data_processor1111.py
[2025-07-28T05:58:02.123+0000] {processor.py:830} INFO - Processing file /opt/airflow/dags/processor/data_processor1111.py for tasks to queue
[2025-07-28T05:58:02.123+0000] {logging_mixin.py:188} INFO - [2025-07-28T05:58:02.123+0000] {dagbag.py:545} INFO - Filling up the DagBag from /opt/airflow/dags/processor/data_processor1111.py
[2025-07-28T05:58:02.312+0000] {processor.py:842} WARNING - No viable dags retrieved from /opt/airflow/dags/processor/data_processor1111.py
[2025-07-28T05:58:02.324+0000] {processor.py:183} INFO - Processing /opt/airflow/dags/processor/data_processor1111.py took 0.207 seconds
[2025-07-28T05:58:32.717+0000] {processor.py:161} INFO - Started process (PID=2780) to work on /opt/airflow/dags/processor/data_processor1111.py
[2025-07-28T05:58:32.719+0000] {processor.py:830} INFO - Processing file /opt/airflow/dags/processor/data_processor1111.py for tasks to queue
[2025-07-28T05:58:32.719+0000] {logging_mixin.py:188} INFO - [2025-07-28T05:58:32.719+0000] {dagbag.py:545} INFO - Filling up the DagBag from /opt/airflow/dags/processor/data_processor1111.py
[2025-07-28T05:58:33.006+0000] {processor.py:842} WARNING - No viable dags retrieved from /opt/airflow/dags/processor/data_processor1111.py
[2025-07-28T05:58:33.015+0000] {processor.py:183} INFO - Processing /opt/airflow/dags/processor/data_processor1111.py took 0.302 seconds
[2025-07-28T05:59:03.416+0000] {processor.py:161} INFO - Started process (PID=2818) to work on /opt/airflow/dags/processor/data_processor1111.py
[2025-07-28T05:59:03.417+0000] {processor.py:830} INFO - Processing file /opt/airflow/dags/processor/data_processor1111.py for tasks to queue
[2025-07-28T05:59:03.417+0000] {logging_mixin.py:188} INFO - [2025-07-28T05:59:03.417+0000] {dagbag.py:545} INFO - Filling up the DagBag from /opt/airflow/dags/processor/data_processor1111.py
[2025-07-28T05:59:03.720+0000] {processor.py:842} WARNING - No viable dags retrieved from /opt/airflow/dags/processor/data_processor1111.py
[2025-07-28T05:59:03.728+0000] {processor.py:183} INFO - Processing /opt/airflow/dags/processor/data_processor1111.py took 0.316 seconds
[2025-07-28T05:59:34.013+0000] {processor.py:161} INFO - Started process (PID=2863) to work on /opt/airflow/dags/processor/data_processor1111.py
[2025-07-28T05:59:34.014+0000] {processor.py:830} INFO - Processing file /opt/airflow/dags/processor/data_processor1111.py for tasks to queue
[2025-07-28T05:59:34.015+0000] {logging_mixin.py:188} INFO - [2025-07-28T05:59:34.015+0000] {dagbag.py:545} INFO - Filling up the DagBag from /opt/airflow/dags/processor/data_processor1111.py
[2025-07-28T05:59:34.307+0000] {processor.py:842} WARNING - No viable dags retrieved from /opt/airflow/dags/processor/data_processor1111.py
[2025-07-28T05:59:34.314+0000] {processor.py:183} INFO - Processing /opt/airflow/dags/processor/data_processor1111.py took 0.309 seconds
[2025-07-28T06:00:04.535+0000] {processor.py:161} INFO - Started process (PID=2901) to work on /opt/airflow/dags/processor/data_processor1111.py
[2025-07-28T06:00:04.536+0000] {processor.py:830} INFO - Processing file /opt/airflow/dags/processor/data_processor1111.py for tasks to queue
[2025-07-28T06:00:04.536+0000] {logging_mixin.py:188} INFO - [2025-07-28T06:00:04.536+0000] {dagbag.py:545} INFO - Filling up the DagBag from /opt/airflow/dags/processor/data_processor1111.py
[2025-07-28T06:00:04.821+0000] {processor.py:842} WARNING - No viable dags retrieved from /opt/airflow/dags/processor/data_processor1111.py
[2025-07-28T06:00:04.829+0000] {processor.py:183} INFO - Processing /opt/airflow/dags/processor/data_processor1111.py took 0.300 seconds
[2025-07-28T06:00:35.367+0000] {processor.py:161} INFO - Started process (PID=2946) to work on /opt/airflow/dags/processor/data_processor1111.py
[2025-07-28T06:00:35.369+0000] {processor.py:830} INFO - Processing file /opt/airflow/dags/processor/data_processor1111.py for tasks to queue
[2025-07-28T06:00:35.369+0000] {logging_mixin.py:188} INFO - [2025-07-28T06:00:35.369+0000] {dagbag.py:545} INFO - Filling up the DagBag from /opt/airflow/dags/processor/data_processor1111.py
[2025-07-28T06:00:35.687+0000] {processor.py:842} WARNING - No viable dags retrieved from /opt/airflow/dags/processor/data_processor1111.py
[2025-07-28T06:00:35.695+0000] {processor.py:183} INFO - Processing /opt/airflow/dags/processor/data_processor1111.py took 0.337 seconds
[2025-07-28T06:01:05.782+0000] {processor.py:161} INFO - Started process (PID=2991) to work on /opt/airflow/dags/processor/data_processor1111.py
[2025-07-28T06:01:05.783+0000] {processor.py:830} INFO - Processing file /opt/airflow/dags/processor/data_processor1111.py for tasks to queue
[2025-07-28T06:01:05.784+0000] {logging_mixin.py:188} INFO - [2025-07-28T06:01:05.783+0000] {dagbag.py:545} INFO - Filling up the DagBag from /opt/airflow/dags/processor/data_processor1111.py
[2025-07-28T06:01:06.068+0000] {processor.py:842} WARNING - No viable dags retrieved from /opt/airflow/dags/processor/data_processor1111.py
[2025-07-28T06:01:06.076+0000] {processor.py:183} INFO - Processing /opt/airflow/dags/processor/data_processor1111.py took 0.299 seconds
