[2025-07-28T05:12:00.866+0000] {processor.py:161} INFO - Started process (PID=6783) to work on /opt/airflow/dags/processor/data_processor_backup2.py
[2025-07-28T05:12:00.866+0000] {processor.py:830} INFO - Processing file /opt/airflow/dags/processor/data_processor_backup2.py for tasks to queue
[2025-07-28T05:12:00.867+0000] {logging_mixin.py:188} INFO - [2025-07-28T05:12:00.867+0000] {dagbag.py:545} INFO - Filling up the DagBag from /opt/airflow/dags/processor/data_processor_backup2.py
[2025-07-28T05:12:01.141+0000] {processor.py:842} WARNING - No viable dags retrieved from /opt/airflow/dags/processor/data_processor_backup2.py
[2025-07-28T05:12:01.147+0000] {processor.py:183} INFO - Processing /opt/airflow/dags/processor/data_processor_backup2.py took 0.287 seconds
[2025-07-28T05:12:31.356+0000] {processor.py:161} INFO - Started process (PID=6827) to work on /opt/airflow/dags/processor/data_processor_backup2.py
[2025-07-28T05:12:31.357+0000] {processor.py:830} INFO - Processing file /opt/airflow/dags/processor/data_processor_backup2.py for tasks to queue
[2025-07-28T05:12:31.358+0000] {logging_mixin.py:188} INFO - [2025-07-28T05:12:31.357+0000] {dagbag.py:545} INFO - Filling up the DagBag from /opt/airflow/dags/processor/data_processor_backup2.py
[2025-07-28T05:12:31.637+0000] {processor.py:842} WARNING - No viable dags retrieved from /opt/airflow/dags/processor/data_processor_backup2.py
[2025-07-28T05:12:31.647+0000] {processor.py:183} INFO - Processing /opt/airflow/dags/processor/data_processor_backup2.py took 0.298 seconds
[2025-07-28T05:13:01.854+0000] {processor.py:161} INFO - Started process (PID=6864) to work on /opt/airflow/dags/processor/data_processor_backup2.py
[2025-07-28T05:13:01.855+0000] {processor.py:830} INFO - Processing file /opt/airflow/dags/processor/data_processor_backup2.py for tasks to queue
[2025-07-28T05:13:01.856+0000] {logging_mixin.py:188} INFO - [2025-07-28T05:13:01.856+0000] {dagbag.py:545} INFO - Filling up the DagBag from /opt/airflow/dags/processor/data_processor_backup2.py
[2025-07-28T05:13:02.179+0000] {processor.py:842} WARNING - No viable dags retrieved from /opt/airflow/dags/processor/data_processor_backup2.py
[2025-07-28T05:13:02.188+0000] {processor.py:183} INFO - Processing /opt/airflow/dags/processor/data_processor_backup2.py took 0.342 seconds
[2025-07-28T05:13:32.411+0000] {processor.py:161} INFO - Started process (PID=6908) to work on /opt/airflow/dags/processor/data_processor_backup2.py
[2025-07-28T05:13:32.412+0000] {processor.py:830} INFO - Processing file /opt/airflow/dags/processor/data_processor_backup2.py for tasks to queue
[2025-07-28T05:13:32.413+0000] {logging_mixin.py:188} INFO - [2025-07-28T05:13:32.413+0000] {dagbag.py:545} INFO - Filling up the DagBag from /opt/airflow/dags/processor/data_processor_backup2.py
[2025-07-28T05:13:32.697+0000] {processor.py:842} WARNING - No viable dags retrieved from /opt/airflow/dags/processor/data_processor_backup2.py
[2025-07-28T05:13:32.704+0000] {processor.py:183} INFO - Processing /opt/airflow/dags/processor/data_processor_backup2.py took 0.301 seconds
[2025-07-28T05:14:02.904+0000] {processor.py:161} INFO - Started process (PID=6952) to work on /opt/airflow/dags/processor/data_processor_backup2.py
[2025-07-28T05:14:02.904+0000] {processor.py:830} INFO - Processing file /opt/airflow/dags/processor/data_processor_backup2.py for tasks to queue
[2025-07-28T05:14:02.905+0000] {logging_mixin.py:188} INFO - [2025-07-28T05:14:02.904+0000] {dagbag.py:545} INFO - Filling up the DagBag from /opt/airflow/dags/processor/data_processor_backup2.py
[2025-07-28T05:14:03.237+0000] {processor.py:842} WARNING - No viable dags retrieved from /opt/airflow/dags/processor/data_processor_backup2.py
[2025-07-28T05:14:03.246+0000] {processor.py:183} INFO - Processing /opt/airflow/dags/processor/data_processor_backup2.py took 0.346 seconds
[2025-07-28T05:14:33.444+0000] {processor.py:161} INFO - Started process (PID=6989) to work on /opt/airflow/dags/processor/data_processor_backup2.py
[2025-07-28T05:14:33.445+0000] {processor.py:830} INFO - Processing file /opt/airflow/dags/processor/data_processor_backup2.py for tasks to queue
[2025-07-28T05:14:33.446+0000] {logging_mixin.py:188} INFO - [2025-07-28T05:14:33.445+0000] {dagbag.py:545} INFO - Filling up the DagBag from /opt/airflow/dags/processor/data_processor_backup2.py
[2025-07-28T05:14:33.738+0000] {processor.py:842} WARNING - No viable dags retrieved from /opt/airflow/dags/processor/data_processor_backup2.py
[2025-07-28T05:14:33.748+0000] {processor.py:183} INFO - Processing /opt/airflow/dags/processor/data_processor_backup2.py took 0.311 seconds
[2025-07-28T05:15:03.925+0000] {processor.py:161} INFO - Started process (PID=7030) to work on /opt/airflow/dags/processor/data_processor_backup2.py
[2025-07-28T05:15:03.927+0000] {processor.py:830} INFO - Processing file /opt/airflow/dags/processor/data_processor_backup2.py for tasks to queue
[2025-07-28T05:15:03.928+0000] {logging_mixin.py:188} INFO - [2025-07-28T05:15:03.928+0000] {dagbag.py:545} INFO - Filling up the DagBag from /opt/airflow/dags/processor/data_processor_backup2.py
[2025-07-28T05:15:04.198+0000] {processor.py:842} WARNING - No viable dags retrieved from /opt/airflow/dags/processor/data_processor_backup2.py
[2025-07-28T05:15:04.205+0000] {processor.py:183} INFO - Processing /opt/airflow/dags/processor/data_processor_backup2.py took 0.285 seconds
[2025-07-28T05:15:34.383+0000] {processor.py:161} INFO - Started process (PID=7061) to work on /opt/airflow/dags/processor/data_processor_backup2.py
[2025-07-28T05:15:34.386+0000] {processor.py:830} INFO - Processing file /opt/airflow/dags/processor/data_processor_backup2.py for tasks to queue
[2025-07-28T05:15:34.387+0000] {logging_mixin.py:188} INFO - [2025-07-28T05:15:34.387+0000] {dagbag.py:545} INFO - Filling up the DagBag from /opt/airflow/dags/processor/data_processor_backup2.py
[2025-07-28T05:15:34.688+0000] {processor.py:842} WARNING - No viable dags retrieved from /opt/airflow/dags/processor/data_processor_backup2.py
[2025-07-28T05:15:34.697+0000] {processor.py:183} INFO - Processing /opt/airflow/dags/processor/data_processor_backup2.py took 0.322 seconds
[2025-07-28T05:16:04.902+0000] {processor.py:161} INFO - Started process (PID=7099) to work on /opt/airflow/dags/processor/data_processor_backup2.py
[2025-07-28T05:16:04.904+0000] {processor.py:830} INFO - Processing file /opt/airflow/dags/processor/data_processor_backup2.py for tasks to queue
[2025-07-28T05:16:04.906+0000] {logging_mixin.py:188} INFO - [2025-07-28T05:16:04.905+0000] {dagbag.py:545} INFO - Filling up the DagBag from /opt/airflow/dags/processor/data_processor_backup2.py
[2025-07-28T05:16:05.197+0000] {processor.py:842} WARNING - No viable dags retrieved from /opt/airflow/dags/processor/data_processor_backup2.py
[2025-07-28T05:16:05.206+0000] {processor.py:183} INFO - Processing /opt/airflow/dags/processor/data_processor_backup2.py took 0.319 seconds
[2025-07-28T05:16:35.378+0000] {processor.py:161} INFO - Started process (PID=7137) to work on /opt/airflow/dags/processor/data_processor_backup2.py
[2025-07-28T05:16:35.380+0000] {processor.py:830} INFO - Processing file /opt/airflow/dags/processor/data_processor_backup2.py for tasks to queue
[2025-07-28T05:16:35.380+0000] {logging_mixin.py:188} INFO - [2025-07-28T05:16:35.380+0000] {dagbag.py:545} INFO - Filling up the DagBag from /opt/airflow/dags/processor/data_processor_backup2.py
[2025-07-28T05:16:35.669+0000] {processor.py:842} WARNING - No viable dags retrieved from /opt/airflow/dags/processor/data_processor_backup2.py
[2025-07-28T05:16:35.676+0000] {processor.py:183} INFO - Processing /opt/airflow/dags/processor/data_processor_backup2.py took 0.302 seconds
[2025-07-28T05:17:06.297+0000] {processor.py:161} INFO - Started process (PID=7180) to work on /opt/airflow/dags/processor/data_processor_backup2.py
[2025-07-28T05:17:06.300+0000] {processor.py:830} INFO - Processing file /opt/airflow/dags/processor/data_processor_backup2.py for tasks to queue
[2025-07-28T05:17:06.301+0000] {logging_mixin.py:188} INFO - [2025-07-28T05:17:06.301+0000] {dagbag.py:545} INFO - Filling up the DagBag from /opt/airflow/dags/processor/data_processor_backup2.py
[2025-07-28T05:17:06.596+0000] {processor.py:842} WARNING - No viable dags retrieved from /opt/airflow/dags/processor/data_processor_backup2.py
[2025-07-28T05:17:06.602+0000] {processor.py:183} INFO - Processing /opt/airflow/dags/processor/data_processor_backup2.py took 0.311 seconds
[2025-07-28T05:17:36.840+0000] {processor.py:161} INFO - Started process (PID=7230) to work on /opt/airflow/dags/processor/data_processor_backup2.py
[2025-07-28T05:17:36.842+0000] {processor.py:830} INFO - Processing file /opt/airflow/dags/processor/data_processor_backup2.py for tasks to queue
[2025-07-28T05:17:36.842+0000] {logging_mixin.py:188} INFO - [2025-07-28T05:17:36.842+0000] {dagbag.py:545} INFO - Filling up the DagBag from /opt/airflow/dags/processor/data_processor_backup2.py
[2025-07-28T05:17:37.120+0000] {processor.py:842} WARNING - No viable dags retrieved from /opt/airflow/dags/processor/data_processor_backup2.py
[2025-07-28T05:17:37.127+0000] {processor.py:183} INFO - Processing /opt/airflow/dags/processor/data_processor_backup2.py took 0.293 seconds
[2025-07-28T05:18:07.354+0000] {processor.py:161} INFO - Started process (PID=7273) to work on /opt/airflow/dags/processor/data_processor_backup2.py
[2025-07-28T05:18:07.358+0000] {processor.py:830} INFO - Processing file /opt/airflow/dags/processor/data_processor_backup2.py for tasks to queue
[2025-07-28T05:18:07.359+0000] {logging_mixin.py:188} INFO - [2025-07-28T05:18:07.358+0000] {dagbag.py:545} INFO - Filling up the DagBag from /opt/airflow/dags/processor/data_processor_backup2.py
[2025-07-28T05:18:07.651+0000] {processor.py:842} WARNING - No viable dags retrieved from /opt/airflow/dags/processor/data_processor_backup2.py
[2025-07-28T05:18:07.660+0000] {processor.py:183} INFO - Processing /opt/airflow/dags/processor/data_processor_backup2.py took 0.313 seconds
[2025-07-28T05:18:38.168+0000] {processor.py:161} INFO - Started process (PID=7324) to work on /opt/airflow/dags/processor/data_processor_backup2.py
[2025-07-28T05:18:38.170+0000] {processor.py:830} INFO - Processing file /opt/airflow/dags/processor/data_processor_backup2.py for tasks to queue
[2025-07-28T05:18:38.170+0000] {logging_mixin.py:188} INFO - [2025-07-28T05:18:38.170+0000] {dagbag.py:545} INFO - Filling up the DagBag from /opt/airflow/dags/processor/data_processor_backup2.py
[2025-07-28T05:18:38.448+0000] {processor.py:842} WARNING - No viable dags retrieved from /opt/airflow/dags/processor/data_processor_backup2.py
[2025-07-28T05:18:38.455+0000] {processor.py:183} INFO - Processing /opt/airflow/dags/processor/data_processor_backup2.py took 0.293 seconds
[2025-07-28T05:19:08.713+0000] {processor.py:161} INFO - Started process (PID=7374) to work on /opt/airflow/dags/processor/data_processor_backup2.py
[2025-07-28T05:19:08.715+0000] {processor.py:830} INFO - Processing file /opt/airflow/dags/processor/data_processor_backup2.py for tasks to queue
[2025-07-28T05:19:08.716+0000] {logging_mixin.py:188} INFO - [2025-07-28T05:19:08.715+0000] {dagbag.py:545} INFO - Filling up the DagBag from /opt/airflow/dags/processor/data_processor_backup2.py
[2025-07-28T05:19:08.994+0000] {processor.py:842} WARNING - No viable dags retrieved from /opt/airflow/dags/processor/data_processor_backup2.py
[2025-07-28T05:19:09.002+0000] {processor.py:183} INFO - Processing /opt/airflow/dags/processor/data_processor_backup2.py took 0.296 seconds
[2025-07-28T05:19:39.274+0000] {processor.py:161} INFO - Started process (PID=7417) to work on /opt/airflow/dags/processor/data_processor_backup2.py
[2025-07-28T05:19:39.275+0000] {processor.py:830} INFO - Processing file /opt/airflow/dags/processor/data_processor_backup2.py for tasks to queue
[2025-07-28T05:19:39.277+0000] {logging_mixin.py:188} INFO - [2025-07-28T05:19:39.276+0000] {dagbag.py:545} INFO - Filling up the DagBag from /opt/airflow/dags/processor/data_processor_backup2.py
[2025-07-28T05:19:39.601+0000] {processor.py:842} WARNING - No viable dags retrieved from /opt/airflow/dags/processor/data_processor_backup2.py
[2025-07-28T05:19:39.609+0000] {processor.py:183} INFO - Processing /opt/airflow/dags/processor/data_processor_backup2.py took 0.342 seconds
[2025-07-28T05:20:09.847+0000] {processor.py:161} INFO - Started process (PID=7467) to work on /opt/airflow/dags/processor/data_processor_backup2.py
[2025-07-28T05:20:09.849+0000] {processor.py:830} INFO - Processing file /opt/airflow/dags/processor/data_processor_backup2.py for tasks to queue
[2025-07-28T05:20:09.850+0000] {logging_mixin.py:188} INFO - [2025-07-28T05:20:09.850+0000] {dagbag.py:545} INFO - Filling up the DagBag from /opt/airflow/dags/processor/data_processor_backup2.py
[2025-07-28T05:20:10.191+0000] {processor.py:842} WARNING - No viable dags retrieved from /opt/airflow/dags/processor/data_processor_backup2.py
[2025-07-28T05:20:10.200+0000] {processor.py:183} INFO - Processing /opt/airflow/dags/processor/data_processor_backup2.py took 0.362 seconds
[2025-07-28T05:20:40.475+0000] {processor.py:161} INFO - Started process (PID=7510) to work on /opt/airflow/dags/processor/data_processor_backup2.py
[2025-07-28T05:20:40.479+0000] {processor.py:830} INFO - Processing file /opt/airflow/dags/processor/data_processor_backup2.py for tasks to queue
[2025-07-28T05:20:40.481+0000] {logging_mixin.py:188} INFO - [2025-07-28T05:20:40.480+0000] {dagbag.py:545} INFO - Filling up the DagBag from /opt/airflow/dags/processor/data_processor_backup2.py
[2025-07-28T05:20:40.814+0000] {processor.py:842} WARNING - No viable dags retrieved from /opt/airflow/dags/processor/data_processor_backup2.py
[2025-07-28T05:20:40.823+0000] {processor.py:183} INFO - Processing /opt/airflow/dags/processor/data_processor_backup2.py took 0.362 seconds
[2025-07-28T05:21:11.074+0000] {processor.py:161} INFO - Started process (PID=7560) to work on /opt/airflow/dags/processor/data_processor_backup2.py
[2025-07-28T05:21:11.078+0000] {processor.py:830} INFO - Processing file /opt/airflow/dags/processor/data_processor_backup2.py for tasks to queue
[2025-07-28T05:21:11.079+0000] {logging_mixin.py:188} INFO - [2025-07-28T05:21:11.078+0000] {dagbag.py:545} INFO - Filling up the DagBag from /opt/airflow/dags/processor/data_processor_backup2.py
[2025-07-28T05:21:11.373+0000] {processor.py:842} WARNING - No viable dags retrieved from /opt/airflow/dags/processor/data_processor_backup2.py
[2025-07-28T05:21:11.379+0000] {processor.py:183} INFO - Processing /opt/airflow/dags/processor/data_processor_backup2.py took 0.313 seconds
[2025-07-28T05:21:41.616+0000] {processor.py:161} INFO - Started process (PID=7610) to work on /opt/airflow/dags/processor/data_processor_backup2.py
[2025-07-28T05:21:41.620+0000] {processor.py:830} INFO - Processing file /opt/airflow/dags/processor/data_processor_backup2.py for tasks to queue
[2025-07-28T05:21:41.621+0000] {logging_mixin.py:188} INFO - [2025-07-28T05:21:41.620+0000] {dagbag.py:545} INFO - Filling up the DagBag from /opt/airflow/dags/processor/data_processor_backup2.py
[2025-07-28T05:21:41.960+0000] {processor.py:842} WARNING - No viable dags retrieved from /opt/airflow/dags/processor/data_processor_backup2.py
[2025-07-28T05:21:41.969+0000] {processor.py:183} INFO - Processing /opt/airflow/dags/processor/data_processor_backup2.py took 0.359 seconds
[2025-07-28T05:28:27.747+0000] {processor.py:161} INFO - Started process (PID=195) to work on /opt/airflow/dags/processor/data_processor_backup2.py
[2025-07-28T05:28:27.753+0000] {processor.py:830} INFO - Processing file /opt/airflow/dags/processor/data_processor_backup2.py for tasks to queue
[2025-07-28T05:28:27.754+0000] {logging_mixin.py:188} INFO - [2025-07-28T05:28:27.754+0000] {dagbag.py:545} INFO - Filling up the DagBag from /opt/airflow/dags/processor/data_processor_backup2.py
[2025-07-28T05:28:27.976+0000] {processor.py:842} WARNING - No viable dags retrieved from /opt/airflow/dags/processor/data_processor_backup2.py
[2025-07-28T05:28:27.987+0000] {processor.py:183} INFO - Processing /opt/airflow/dags/processor/data_processor_backup2.py took 0.245 seconds
[2025-07-28T05:28:58.472+0000] {processor.py:161} INFO - Started process (PID=238) to work on /opt/airflow/dags/processor/data_processor_backup2.py
[2025-07-28T05:28:58.475+0000] {processor.py:830} INFO - Processing file /opt/airflow/dags/processor/data_processor_backup2.py for tasks to queue
[2025-07-28T05:28:58.477+0000] {logging_mixin.py:188} INFO - [2025-07-28T05:28:58.477+0000] {dagbag.py:545} INFO - Filling up the DagBag from /opt/airflow/dags/processor/data_processor_backup2.py
[2025-07-28T05:28:58.673+0000] {processor.py:842} WARNING - No viable dags retrieved from /opt/airflow/dags/processor/data_processor_backup2.py
[2025-07-28T05:28:58.681+0000] {processor.py:183} INFO - Processing /opt/airflow/dags/processor/data_processor_backup2.py took 0.213 seconds
[2025-07-28T05:29:29.169+0000] {processor.py:161} INFO - Started process (PID=288) to work on /opt/airflow/dags/processor/data_processor_backup2.py
[2025-07-28T05:29:29.170+0000] {processor.py:830} INFO - Processing file /opt/airflow/dags/processor/data_processor_backup2.py for tasks to queue
[2025-07-28T05:29:29.171+0000] {logging_mixin.py:188} INFO - [2025-07-28T05:29:29.171+0000] {dagbag.py:545} INFO - Filling up the DagBag from /opt/airflow/dags/processor/data_processor_backup2.py
[2025-07-28T05:29:29.361+0000] {processor.py:842} WARNING - No viable dags retrieved from /opt/airflow/dags/processor/data_processor_backup2.py
[2025-07-28T05:29:29.372+0000] {processor.py:183} INFO - Processing /opt/airflow/dags/processor/data_processor_backup2.py took 0.207 seconds
[2025-07-28T05:29:59.895+0000] {processor.py:161} INFO - Started process (PID=331) to work on /opt/airflow/dags/processor/data_processor_backup2.py
[2025-07-28T05:29:59.897+0000] {processor.py:830} INFO - Processing file /opt/airflow/dags/processor/data_processor_backup2.py for tasks to queue
[2025-07-28T05:29:59.899+0000] {logging_mixin.py:188} INFO - [2025-07-28T05:29:59.899+0000] {dagbag.py:545} INFO - Filling up the DagBag from /opt/airflow/dags/processor/data_processor_backup2.py
[2025-07-28T05:30:00.100+0000] {processor.py:842} WARNING - No viable dags retrieved from /opt/airflow/dags/processor/data_processor_backup2.py
[2025-07-28T05:30:00.110+0000] {processor.py:183} INFO - Processing /opt/airflow/dags/processor/data_processor_backup2.py took 0.222 seconds
[2025-07-28T05:30:30.595+0000] {processor.py:161} INFO - Started process (PID=381) to work on /opt/airflow/dags/processor/data_processor_backup2.py
[2025-07-28T05:30:30.596+0000] {processor.py:830} INFO - Processing file /opt/airflow/dags/processor/data_processor_backup2.py for tasks to queue
[2025-07-28T05:30:30.598+0000] {logging_mixin.py:188} INFO - [2025-07-28T05:30:30.598+0000] {dagbag.py:545} INFO - Filling up the DagBag from /opt/airflow/dags/processor/data_processor_backup2.py
[2025-07-28T05:30:30.791+0000] {processor.py:842} WARNING - No viable dags retrieved from /opt/airflow/dags/processor/data_processor_backup2.py
[2025-07-28T05:30:30.800+0000] {processor.py:183} INFO - Processing /opt/airflow/dags/processor/data_processor_backup2.py took 0.211 seconds
[2025-07-28T05:31:01.278+0000] {processor.py:161} INFO - Started process (PID=431) to work on /opt/airflow/dags/processor/data_processor_backup2.py
[2025-07-28T05:31:01.280+0000] {processor.py:830} INFO - Processing file /opt/airflow/dags/processor/data_processor_backup2.py for tasks to queue
[2025-07-28T05:31:01.281+0000] {logging_mixin.py:188} INFO - [2025-07-28T05:31:01.280+0000] {dagbag.py:545} INFO - Filling up the DagBag from /opt/airflow/dags/processor/data_processor_backup2.py
[2025-07-28T05:31:01.473+0000] {processor.py:842} WARNING - No viable dags retrieved from /opt/airflow/dags/processor/data_processor_backup2.py
[2025-07-28T05:31:01.485+0000] {processor.py:183} INFO - Processing /opt/airflow/dags/processor/data_processor_backup2.py took 0.210 seconds
[2025-07-28T05:31:31.640+0000] {processor.py:161} INFO - Started process (PID=474) to work on /opt/airflow/dags/processor/data_processor_backup2.py
[2025-07-28T05:31:31.642+0000] {processor.py:830} INFO - Processing file /opt/airflow/dags/processor/data_processor_backup2.py for tasks to queue
[2025-07-28T05:31:31.644+0000] {logging_mixin.py:188} INFO - [2025-07-28T05:31:31.644+0000] {dagbag.py:545} INFO - Filling up the DagBag from /opt/airflow/dags/processor/data_processor_backup2.py
[2025-07-28T05:31:31.845+0000] {processor.py:842} WARNING - No viable dags retrieved from /opt/airflow/dags/processor/data_processor_backup2.py
[2025-07-28T05:31:31.857+0000] {processor.py:183} INFO - Processing /opt/airflow/dags/processor/data_processor_backup2.py took 0.222 seconds
[2025-07-28T05:32:02.343+0000] {processor.py:161} INFO - Started process (PID=524) to work on /opt/airflow/dags/processor/data_processor_backup2.py
[2025-07-28T05:32:02.346+0000] {processor.py:830} INFO - Processing file /opt/airflow/dags/processor/data_processor_backup2.py for tasks to queue
[2025-07-28T05:32:02.348+0000] {logging_mixin.py:188} INFO - [2025-07-28T05:32:02.347+0000] {dagbag.py:545} INFO - Filling up the DagBag from /opt/airflow/dags/processor/data_processor_backup2.py
[2025-07-28T05:32:02.542+0000] {processor.py:842} WARNING - No viable dags retrieved from /opt/airflow/dags/processor/data_processor_backup2.py
[2025-07-28T05:32:02.550+0000] {processor.py:183} INFO - Processing /opt/airflow/dags/processor/data_processor_backup2.py took 0.212 seconds
[2025-07-28T05:32:32.778+0000] {processor.py:161} INFO - Started process (PID=568) to work on /opt/airflow/dags/processor/data_processor_backup2.py
[2025-07-28T05:32:32.781+0000] {processor.py:830} INFO - Processing file /opt/airflow/dags/processor/data_processor_backup2.py for tasks to queue
[2025-07-28T05:32:32.782+0000] {logging_mixin.py:188} INFO - [2025-07-28T05:32:32.782+0000] {dagbag.py:545} INFO - Filling up the DagBag from /opt/airflow/dags/processor/data_processor_backup2.py
[2025-07-28T05:32:32.971+0000] {processor.py:842} WARNING - No viable dags retrieved from /opt/airflow/dags/processor/data_processor_backup2.py
[2025-07-28T05:32:32.980+0000] {processor.py:183} INFO - Processing /opt/airflow/dags/processor/data_processor_backup2.py took 0.206 seconds
[2025-07-28T05:33:03.386+0000] {processor.py:161} INFO - Started process (PID=619) to work on /opt/airflow/dags/processor/data_processor_backup2.py
[2025-07-28T05:33:03.388+0000] {processor.py:830} INFO - Processing file /opt/airflow/dags/processor/data_processor_backup2.py for tasks to queue
[2025-07-28T05:33:03.388+0000] {logging_mixin.py:188} INFO - [2025-07-28T05:33:03.388+0000] {dagbag.py:545} INFO - Filling up the DagBag from /opt/airflow/dags/processor/data_processor_backup2.py
[2025-07-28T05:33:03.575+0000] {processor.py:842} WARNING - No viable dags retrieved from /opt/airflow/dags/processor/data_processor_backup2.py
[2025-07-28T05:33:03.583+0000] {processor.py:183} INFO - Processing /opt/airflow/dags/processor/data_processor_backup2.py took 0.201 seconds
[2025-07-28T05:33:34.030+0000] {processor.py:161} INFO - Started process (PID=670) to work on /opt/airflow/dags/processor/data_processor_backup2.py
[2025-07-28T05:33:34.034+0000] {processor.py:830} INFO - Processing file /opt/airflow/dags/processor/data_processor_backup2.py for tasks to queue
[2025-07-28T05:33:34.035+0000] {logging_mixin.py:188} INFO - [2025-07-28T05:33:34.034+0000] {dagbag.py:545} INFO - Filling up the DagBag from /opt/airflow/dags/processor/data_processor_backup2.py
[2025-07-28T05:33:34.235+0000] {processor.py:842} WARNING - No viable dags retrieved from /opt/airflow/dags/processor/data_processor_backup2.py
[2025-07-28T05:33:34.247+0000] {processor.py:183} INFO - Processing /opt/airflow/dags/processor/data_processor_backup2.py took 0.221 seconds
[2025-07-28T05:34:04.631+0000] {processor.py:161} INFO - Started process (PID=714) to work on /opt/airflow/dags/processor/data_processor_backup2.py
[2025-07-28T05:34:04.633+0000] {processor.py:830} INFO - Processing file /opt/airflow/dags/processor/data_processor_backup2.py for tasks to queue
[2025-07-28T05:34:04.635+0000] {logging_mixin.py:188} INFO - [2025-07-28T05:34:04.635+0000] {dagbag.py:545} INFO - Filling up the DagBag from /opt/airflow/dags/processor/data_processor_backup2.py
[2025-07-28T05:34:04.843+0000] {processor.py:842} WARNING - No viable dags retrieved from /opt/airflow/dags/processor/data_processor_backup2.py
[2025-07-28T05:34:04.852+0000] {processor.py:183} INFO - Processing /opt/airflow/dags/processor/data_processor_backup2.py took 0.226 seconds
[2025-07-28T05:34:35.230+0000] {processor.py:161} INFO - Started process (PID=765) to work on /opt/airflow/dags/processor/data_processor_backup2.py
[2025-07-28T05:34:35.234+0000] {processor.py:830} INFO - Processing file /opt/airflow/dags/processor/data_processor_backup2.py for tasks to queue
[2025-07-28T05:34:35.236+0000] {logging_mixin.py:188} INFO - [2025-07-28T05:34:35.235+0000] {dagbag.py:545} INFO - Filling up the DagBag from /opt/airflow/dags/processor/data_processor_backup2.py
[2025-07-28T05:34:35.436+0000] {processor.py:842} WARNING - No viable dags retrieved from /opt/airflow/dags/processor/data_processor_backup2.py
[2025-07-28T05:34:35.444+0000] {processor.py:183} INFO - Processing /opt/airflow/dags/processor/data_processor_backup2.py took 0.218 seconds
[2025-07-28T05:35:05.890+0000] {processor.py:161} INFO - Started process (PID=809) to work on /opt/airflow/dags/processor/data_processor_backup2.py
[2025-07-28T05:35:05.894+0000] {processor.py:830} INFO - Processing file /opt/airflow/dags/processor/data_processor_backup2.py for tasks to queue
[2025-07-28T05:35:05.896+0000] {logging_mixin.py:188} INFO - [2025-07-28T05:35:05.896+0000] {dagbag.py:545} INFO - Filling up the DagBag from /opt/airflow/dags/processor/data_processor_backup2.py
[2025-07-28T05:35:06.090+0000] {processor.py:842} WARNING - No viable dags retrieved from /opt/airflow/dags/processor/data_processor_backup2.py
[2025-07-28T05:35:06.100+0000] {processor.py:183} INFO - Processing /opt/airflow/dags/processor/data_processor_backup2.py took 0.216 seconds
[2025-07-28T05:35:36.488+0000] {processor.py:161} INFO - Started process (PID=860) to work on /opt/airflow/dags/processor/data_processor_backup2.py
[2025-07-28T05:35:36.491+0000] {processor.py:830} INFO - Processing file /opt/airflow/dags/processor/data_processor_backup2.py for tasks to queue
[2025-07-28T05:35:36.493+0000] {logging_mixin.py:188} INFO - [2025-07-28T05:35:36.493+0000] {dagbag.py:545} INFO - Filling up the DagBag from /opt/airflow/dags/processor/data_processor_backup2.py
[2025-07-28T05:35:36.707+0000] {processor.py:842} WARNING - No viable dags retrieved from /opt/airflow/dags/processor/data_processor_backup2.py
[2025-07-28T05:35:36.719+0000] {processor.py:183} INFO - Processing /opt/airflow/dags/processor/data_processor_backup2.py took 0.235 seconds
[2025-07-28T05:36:07.106+0000] {processor.py:161} INFO - Started process (PID=911) to work on /opt/airflow/dags/processor/data_processor_backup2.py
[2025-07-28T05:36:07.110+0000] {processor.py:830} INFO - Processing file /opt/airflow/dags/processor/data_processor_backup2.py for tasks to queue
[2025-07-28T05:36:07.111+0000] {logging_mixin.py:188} INFO - [2025-07-28T05:36:07.110+0000] {dagbag.py:545} INFO - Filling up the DagBag from /opt/airflow/dags/processor/data_processor_backup2.py
[2025-07-28T05:36:07.301+0000] {processor.py:842} WARNING - No viable dags retrieved from /opt/airflow/dags/processor/data_processor_backup2.py
[2025-07-28T05:36:07.311+0000] {processor.py:183} INFO - Processing /opt/airflow/dags/processor/data_processor_backup2.py took 0.209 seconds
[2025-07-28T05:36:37.706+0000] {processor.py:161} INFO - Started process (PID=955) to work on /opt/airflow/dags/processor/data_processor_backup2.py
[2025-07-28T05:36:37.708+0000] {processor.py:830} INFO - Processing file /opt/airflow/dags/processor/data_processor_backup2.py for tasks to queue
[2025-07-28T05:36:37.710+0000] {logging_mixin.py:188} INFO - [2025-07-28T05:36:37.710+0000] {dagbag.py:545} INFO - Filling up the DagBag from /opt/airflow/dags/processor/data_processor_backup2.py
[2025-07-28T05:36:37.900+0000] {processor.py:842} WARNING - No viable dags retrieved from /opt/airflow/dags/processor/data_processor_backup2.py
[2025-07-28T05:36:37.907+0000] {processor.py:183} INFO - Processing /opt/airflow/dags/processor/data_processor_backup2.py took 0.206 seconds
[2025-07-28T05:37:08.310+0000] {processor.py:161} INFO - Started process (PID=1007) to work on /opt/airflow/dags/processor/data_processor_backup2.py
[2025-07-28T05:37:08.314+0000] {processor.py:830} INFO - Processing file /opt/airflow/dags/processor/data_processor_backup2.py for tasks to queue
[2025-07-28T05:37:08.316+0000] {logging_mixin.py:188} INFO - [2025-07-28T05:37:08.315+0000] {dagbag.py:545} INFO - Filling up the DagBag from /opt/airflow/dags/processor/data_processor_backup2.py
[2025-07-28T05:37:08.510+0000] {processor.py:842} WARNING - No viable dags retrieved from /opt/airflow/dags/processor/data_processor_backup2.py
[2025-07-28T05:37:08.521+0000] {processor.py:183} INFO - Processing /opt/airflow/dags/processor/data_processor_backup2.py took 0.218 seconds
[2025-07-28T05:37:38.960+0000] {processor.py:161} INFO - Started process (PID=1051) to work on /opt/airflow/dags/processor/data_processor_backup2.py
[2025-07-28T05:37:38.964+0000] {processor.py:830} INFO - Processing file /opt/airflow/dags/processor/data_processor_backup2.py for tasks to queue
[2025-07-28T05:37:38.965+0000] {logging_mixin.py:188} INFO - [2025-07-28T05:37:38.965+0000] {dagbag.py:545} INFO - Filling up the DagBag from /opt/airflow/dags/processor/data_processor_backup2.py
[2025-07-28T05:37:39.179+0000] {processor.py:842} WARNING - No viable dags retrieved from /opt/airflow/dags/processor/data_processor_backup2.py
[2025-07-28T05:37:39.186+0000] {processor.py:183} INFO - Processing /opt/airflow/dags/processor/data_processor_backup2.py took 0.233 seconds
