[2025-07-28T12:47:51.629+0000] {local_task_job_runner.py:120} INFO - ::group::Pre task execution logs
[2025-07-28T12:47:51.834+0000] {taskinstance.py:2076} INFO - Dependencies all met for dep_context=non-requeueable deps ti=<TaskInstance: dag_oooooo.transform_data_task scheduled__2025-06-25T00:00:00+00:00 [queued]>
[2025-07-28T12:47:51.842+0000] {taskinstance.py:2076} INFO - Dependencies all met for dep_context=requeueable deps ti=<TaskInstance: dag_oooooo.transform_data_task scheduled__2025-06-25T00:00:00+00:00 [queued]>
[2025-07-28T12:47:51.843+0000] {taskinstance.py:2306} INFO - Starting attempt 1 of 1
[2025-07-28T12:47:51.857+0000] {taskinstance.py:2330} INFO - Executing <Task(PythonOperator): transform_data_task> on 2025-06-25 00:00:00+00:00
[2025-07-28T12:47:51.869+0000] {logging_mixin.py:188} WARNING - /home/***/.local/lib/python3.12/site-packages/***/task/task_runner/standard_task_runner.py:61 DeprecationWarning: This process (pid=3857) is multi-threaded, use of fork() may lead to deadlocks in the child.
[2025-07-28T12:47:51.870+0000] {standard_task_runner.py:63} INFO - Started process 3862 to run task
[2025-07-28T12:47:51.868+0000] {standard_task_runner.py:90} INFO - Running: ['***', 'tasks', 'run', 'dag_oooooo', 'transform_data_task', 'scheduled__2025-06-25T00:00:00+00:00', '--job-id', '47', '--raw', '--subdir', 'DAGS_FOLDER/dag_generator_python.py', '--cfg-path', '/tmp/tmpr_67vjnd']
[2025-07-28T12:47:51.870+0000] {standard_task_runner.py:91} INFO - Job 47: Subtask transform_data_task
[2025-07-28T12:47:51.936+0000] {task_command.py:426} INFO - Running <TaskInstance: dag_oooooo.transform_data_task scheduled__2025-06-25T00:00:00+00:00 [running]> on host 1171f9d2ced8
[2025-07-28T12:47:52.073+0000] {taskinstance.py:2648} INFO - Exporting env vars: AIRFLOW_CTX_DAG_OWNER='***' AIRFLOW_CTX_DAG_ID='dag_oooooo' AIRFLOW_CTX_TASK_ID='transform_data_task' AIRFLOW_CTX_EXECUTION_DATE='2025-06-25T00:00:00+00:00' AIRFLOW_CTX_TRY_NUMBER='1' AIRFLOW_CTX_DAG_RUN_ID='scheduled__2025-06-25T00:00:00+00:00'
[2025-07-28T12:47:52.074+0000] {taskinstance.py:430} INFO - ::endgroup::
[2025-07-28T12:47:52.086+0000] {logging_mixin.py:188} INFO - Fetching data from Redis key: ***_data:dag_oooooo
[2025-07-28T12:47:52.105+0000] {logging_mixin.py:188} INFO - Applying algorithm 'aggregate_product_data' from module 'processor.transform.algos_1'
[2025-07-28T12:47:52.116+0000] {logging_mixin.py:188} INFO - Transformed data stored back to Redis with key: ***_data:dag_oooooo
[2025-07-28T12:47:52.130+0000] {python.py:237} INFO - Done. Returned value was: None
[2025-07-28T12:47:52.131+0000] {taskinstance.py:441} INFO - ::group::Post task execution logs
[2025-07-28T12:47:52.145+0000] {taskinstance.py:1206} INFO - Marking task as SUCCESS. dag_id=dag_oooooo, task_id=transform_data_task, run_id=scheduled__2025-06-25T00:00:00+00:00, execution_date=20250625T000000, start_date=20250728T124751, end_date=20250728T124752
[2025-07-28T12:47:52.204+0000] {local_task_job_runner.py:240} INFO - Task exited with return code 0
[2025-07-28T12:47:52.227+0000] {local_task_job_runner.py:222} INFO - ::endgroup::
